Trial 420 finished with value: 7.820658226012468 and parameters: {'objective': 'reg:squarederror', 'tree_method': 'gpu_hist', 'lambda': 0.020135367714487633, 'alpha': 0.012421267516240352, 'colsample_bytree': 0.6405155810953986, 'subsample': 0.7781643150051126, 'learning_rate': 0.013872510234029283, 'max_depth': 7, 'min_child_weight': 248, 'eval_metric': 'rmse'}. Best is trial 79 with value: 7.812327109628506.
start listen on 192.168.1.101:56671
@tracker All of 4 nodes getting started
@tracker All nodes finishes job
Trial 421 finished with value: 7.815792775522768 and parameters: {'objective': 'reg:squarederror', 'tree_method': 'gpu_hist', 'lambda': 0.015099007857791396, 'alpha': 0.011020886024915938, 'colsample_bytree': 0.6647801940989634, 'subsample': 0.797203600889524, 'learning_rate': 0.012351065341411949, 'max_depth': 15, 'min_child_weight': 144, 'eval_metric': 'rmse'}. Best is trial 79 with value: 7.812327109628506.
start listen on 192.168.1.101:40261
@tracker All of 4 nodes getting started
@tracker All nodes finishes job
Trial 422 finished with value: 8.08507557114187 and parameters: {'objective': 'reg:squarederror', 'tree_method': 'gpu_hist', 'lambda': 0.026581374379391235, 'alpha': 0.009290940896217518, 'colsample_bytree': 0.638900495359302, 'subsample': 0.7540079629989558, 'learning_rate': 0.09825991331127107, 'max_depth': 15, 'min_child_weight': 234, 'eval_metric': 'rmse'}. Best is trial 79 with value: 7.812327109628506.
start listen on 192.168.1.101:56871
@tracker All of 4 nodes getting started
@tracker All nodes finishes job
Trial 423 finished with value: 7.818340904383767 and parameters: {'objective': 'reg:squarederror', 'tree_method': 'gpu_hist', 'lambda': 0.009826899248415634, 'alpha': 0.014958304338364238, 'colsample_bytree': 0.6173372178597658, 'subsample': 0.7597346139191221, 'learning_rate': 0.013584466867342848, 'max_depth': 15, 'min_child_weight': 252, 'eval_metric': 'rmse'}. Best is trial 79 with value: 7.812327109628506.
start listen on 192.168.1.101:44677
@tracker All of 4 nodes getting started
@tracker All nodes finishes job
Trial 424 finished with value: 7.85425631215039 and parameters: {'objective': 'reg:squarederror', 'tree_method': 'gpu_hist', 'lambda': 0.014077831604719183, 'alpha': 0.02453953468496807, 'colsample_bytree': 0.5967737307934698, 'subsample': 0.795239128074643, 'learning_rate': 0.011376144657660472, 'max_depth': 3, 'min_child_weight': 243, 'eval_metric': 'rmse'}. Best is trial 79 with value: 7.812327109628506.
start listen on 192.168.1.101:48021
@tracker All of 4 nodes getting started
@tracker All nodes finishes job
Trial 425 finished with value: 7.818871272579785 and parameters: {'objective': 'reg:squarederror', 'tree_method': 'gpu_hist', 'lambda': 0.015769649105379382, 'alpha': 0.005558897438455523, 'colsample_bytree': 0.6518906540184065, 'subsample': 0.7330954155644189, 'learning_rate': 0.01419967870177529, 'max_depth': 15, 'min_child_weight': 264, 'eval_metric': 'rmse'}. Best is trial 79 with value: 7.812327109628506.
start listen on 192.168.1.101:44163
@tracker All of 4 nodes getting started
@tracker All nodes finishes job
Trial 426 finished with value: 7.838676059948401 and parameters: {'objective': 'reg:squarederror', 'tree_method': 'gpu_hist', 'lambda': 0.08054708620640501, 'alpha': 0.009088694404575994, 'colsample_bytree': 0.6910067736217277, 'subsample': 0.8317032747957104, 'learning_rate': 0.010219216259203483, 'max_depth': 5, 'min_child_weight': 250, 'eval_metric': 'rmse'}. Best is trial 79 with value: 7.812327109628506.
start listen on 192.168.1.101:37043
@tracker All of 4 nodes getting started
@tracker All nodes finishes job
Trial 427 finished with value: 7.8177790071062585 and parameters: {'objective': 'reg:squarederror', 'tree_method': 'gpu_hist', 'lambda': 0.010011173182337171, 'alpha': 0.008046480719359197, 'colsample_bytree': 0.9995354597804688, 'subsample': 0.7635957190730867, 'learning_rate': 0.01248574318520338, 'max_depth': 13, 'min_child_weight': 229, 'eval_metric': 'rmse'}. Best is trial 79 with value: 7.812327109628506.
start listen on 192.168.1.101:52553
@tracker All of 4 nodes getting started
@tracker All nodes finishes job
Trial 428 finished with value: 7.817176956823689 and parameters: {'objective': 'reg:squarederror', 'tree_method': 'gpu_hist', 'lambda': 0.011253154130057907, 'alpha': 0.011295555856786177, 'colsample_bytree': 0.6113498327790858, 'subsample': 0.8377331626092596, 'learning_rate': 0.013280336808451632, 'max_depth': 15, 'min_child_weight': 241, 'eval_metric': 'rmse'}. Best is trial 79 with value: 7.812327109628506.
start listen on 192.168.1.101:50213
@tracker All of 4 nodes getting started
@tracker All nodes finishes job
Trial 429 finished with value: 7.81903036871591 and parameters: {'objective': 'reg:squarederror', 'tree_method': 'gpu_hist', 'lambda': 0.023571025362895532, 'alpha': 0.005453432273408751, 'colsample_bytree': 0.676572306362987, 'subsample': 0.7825915619409249, 'learning_rate': 0.014315510636645467, 'max_depth': 15, 'min_child_weight': 272, 'eval_metric': 'rmse'}. Best is trial 79 with value: 7.812327109628506.
start listen on 192.168.1.101:51537
@tracker All of 4 nodes getting started
@tracker All nodes finishes job
Trial 430 finished with value: 7.819749653520808 and parameters: {'objective': 'reg:squarederror', 'tree_method': 'gpu_hist', 'lambda': 6.208996794068618, 'alpha': 0.06122535363914258, 'colsample_bytree': 0.5920494269599932, 'subsample': 0.8474354563884753, 'learning_rate': 0.01727372199366642, 'max_depth': 17, 'min_child_weight': 261, 'eval_metric': 'rmse'}. Best is trial 79 with value: 7.812327109628506.
start listen on 192.168.1.101:33771
@tracker All of 4 nodes getting started
@tracker All nodes finishes job
Trial 431 finished with value: 7.817359354723183 and parameters: {'objective': 'reg:squarederror', 'tree_method': 'gpu_hist', 'lambda': 0.018717542135999944, 'alpha': 0.00694573188441564, 'colsample_bytree': 0.5664329027283992, 'subsample': 0.8088307766642178, 'learning_rate': 0.011733203692217862, 'max_depth': 15, 'min_child_weight': 246, 'eval_metric': 'rmse'}. Best is trial 79 with value: 7.812327109628506.
start listen on 192.168.1.101:35397
@tracker All of 4 nodes getting started
@tracker All nodes finishes job
Trial 432 finished with value: 7.8195285259864065 and parameters: {'objective': 'reg:squarederror', 'tree_method': 'gpu_hist', 'lambda': 0.014187478654335818, 'alpha': 0.014259057214146968, 'colsample_bytree': 0.6358688656093582, 'subsample': 0.7445783746126268, 'learning_rate': 0.014883363266886577, 'max_depth': 20, 'min_child_weight': 236, 'eval_metric': 'rmse'}. Best is trial 79 with value: 7.812327109628506.
start listen on 192.168.1.101:55663
@tracker All of 4 nodes getting started
@tracker All nodes finishes job
Trial 433 finished with value: 7.8153357905971275 and parameters: {'objective': 'reg:squarederror', 'tree_method': 'gpu_hist', 'lambda': 0.6835563570056832, 'alpha': 0.005973130161257049, 'colsample_bytree': 0.5013293856283048, 'subsample': 0.8165874782257879, 'learning_rate': 0.01085413564710333, 'max_depth': 15, 'min_child_weight': 206, 'eval_metric': 'rmse'}. Best is trial 79 with value: 7.812327109628506.
start listen on 192.168.1.101:55183
@tracker All of 4 nodes getting started
@tracker All nodes finishes job
Trial 434 finished with value: 7.818325579119919 and parameters: {'objective': 'reg:squarederror', 'tree_method': 'gpu_hist', 'lambda': 0.012538099732729265, 'alpha': 0.008341207397035826, 'colsample_bytree': 0.6180775773056396, 'subsample': 0.7583390711267809, 'learning_rate': 0.00904642656793012, 'max_depth': 15, 'min_child_weight': 215, 'eval_metric': 'rmse'}. Best is trial 79 with value: 7.812327109628506.
start listen on 192.168.1.101:36915
@tracker All of 4 nodes getting started
@tracker All nodes finishes job
Trial 435 finished with value: 7.820369380783953 and parameters: {'objective': 'reg:squarederror', 'tree_method': 'gpu_hist', 'lambda': 0.003886318867561874, 'alpha': 0.010401510567783823, 'colsample_bytree': 0.6545670055006717, 'subsample': 0.8617401094990941, 'learning_rate': 0.07125189828755038, 'max_depth': 3, 'min_child_weight': 253, 'eval_metric': 'rmse'}. Best is trial 79 with value: 7.812327109628506.
start listen on 192.168.1.101:43643
@tracker All of 4 nodes getting started
@tracker All nodes finishes job
Trial 436 finished with value: 7.8174529523070975 and parameters: {'objective': 'reg:squarederror', 'tree_method': 'gpu_hist', 'lambda': 0.009313636376881236, 'alpha': 0.005117502758847828, 'colsample_bytree': 0.48183794106532, 'subsample': 0.8863447796728265, 'learning_rate': 0.017989367331293936, 'max_depth': 7, 'min_child_weight': 268, 'eval_metric': 'rmse'}. Best is trial 79 with value: 7.812327109628506.
start listen on 192.168.1.101:55457
@tracker All of 4 nodes getting started
@tracker All nodes finishes job
Trial 437 finished with value: 7.818279101492502 and parameters: {'objective': 'reg:squarederror', 'tree_method': 'gpu_hist', 'lambda': 0.9589900305268779, 'alpha': 0.00620576231369347, 'colsample_bytree': 0.5811236432557938, 'subsample': 0.7188777324385752, 'learning_rate': 0.012575984562753615, 'max_depth': 15, 'min_child_weight': 245, 'eval_metric': 'rmse'}. Best is trial 79 with value: 7.812327109628506.
start listen on 192.168.1.101:55589
@tracker All of 4 nodes getting started
@tracker All nodes finishes job
Trial 438 finished with value: 7.819093068965721 and parameters: {'objective': 'reg:squarederror', 'tree_method': 'gpu_hist', 'lambda': 0.004569373731442356, 'alpha': 0.01881311755993058, 'colsample_bytree': 0.601272659476235, 'subsample': 0.7926002151090052, 'learning_rate': 0.015430797024592748, 'max_depth': 15, 'min_child_weight': 223, 'eval_metric': 'rmse'}. Best is trial 79 with value: 7.812327109628506.
start listen on 192.168.1.101:39691
@tracker All of 4 nodes getting started
@tracker All nodes finishes job
Trial 439 finished with value: 7.822187743928346 and parameters: {'objective': 'reg:squarederror', 'tree_method': 'gpu_hist', 'lambda': 0.008203315260647541, 'alpha': 0.007077130692458333, 'colsample_bytree': 0.6262285679317815, 'subsample': 0.7777617478318919, 'learning_rate': 0.016938564926907318, 'max_depth': 15, 'min_child_weight': 257, 'eval_metric': 'rmse'}. Best is trial 79 with value: 7.812327109628506.
start listen on 192.168.1.101:58037
@tracker All of 4 nodes getting started
@tracker All nodes finishes job
Trial 440 finished with value: 7.83009545884092 and parameters: {'objective': 'reg:squarederror', 'tree_method': 'gpu_hist', 'lambda': 0.005674585447759673, 'alpha': 0.008587243697559322, 'colsample_bytree': 0.6690578963890899, 'subsample': 0.8957382350608974, 'learning_rate': 0.013806977036291098, 'max_depth': 5, 'min_child_weight': 239, 'eval_metric': 'rmse'}. Best is trial 79 with value: 7.812327109628506.
start listen on 192.168.1.101:36957
@tracker All of 4 nodes getting started
@tracker All nodes finishes job
Trial 441 finished with value: 7.82841782001112 and parameters: {'objective': 'reg:squarederror', 'tree_method': 'gpu_hist', 'lambda': 1.6456986867812862, 'alpha': 0.004723278360114147, 'colsample_bytree': 0.5568884009925444, 'subsample': 0.7368387018652829, 'learning_rate': 0.005465864144173297, 'max_depth': 13, 'min_child_weight': 251, 'eval_metric': 'rmse'}. Best is trial 79 with value: 7.812327109628506.
start listen on 192.168.1.101:52091
@tracker All of 4 nodes getting started
@tracker All nodes finishes job
Trial 442 finished with value: 7.814650715799343 and parameters: {'objective': 'reg:squarederror', 'tree_method': 'gpu_hist', 'lambda': 0.0035839933515466895, 'alpha': 0.01017614369360363, 'colsample_bytree': 0.6419115889816963, 'subsample': 0.8776585358327119, 'learning_rate': 0.010111289744159764, 'max_depth': 15, 'min_child_weight': 276, 'eval_metric': 'rmse'}. Best is trial 79 with value: 7.812327109628506.
start listen on 192.168.1.101:41891
@tracker All of 4 nodes getting started
@tracker All nodes finishes job
Trial 443 finished with value: 7.821860252316851 and parameters: {'objective': 'reg:squarederror', 'tree_method': 'gpu_hist', 'lambda': 0.03548205898281143, 'alpha': 0.013427780446977471, 'colsample_bytree': 0.6078438647914501, 'subsample': 0.9079691804584278, 'learning_rate': 0.018954764747574248, 'max_depth': 15, 'min_child_weight': 259, 'eval_metric': 'rmse'}. Best is trial 79 with value: 7.812327109628506.
start listen on 192.168.1.101:38055
@tracker All of 4 nodes getting started
@tracker All nodes finishes job
Trial 444 finished with value: 7.821343326972971 and parameters: {'objective': 'reg:squarederror', 'tree_method': 'gpu_hist', 'lambda': 0.012212375651778528, 'alpha': 0.006795049534849552, 'colsample_bytree': 0.6539314903400241, 'subsample': 0.8937616322641331, 'learning_rate': 0.015624631047210872, 'max_depth': 15, 'min_child_weight': 234, 'eval_metric': 'rmse'}. Best is trial 79 with value: 7.812327109628506.
start listen on 192.168.1.101:38511
@tracker All of 4 nodes getting started
@tracker All nodes finishes job
Trial 445 finished with value: 7.81552640695927 and parameters: {'objective': 'reg:squarederror', 'tree_method': 'gpu_hist', 'lambda': 0.00472161908826561, 'alpha': 0.005164314454869755, 'colsample_bytree': 0.5890242267410636, 'subsample': 0.9116887821473408, 'learning_rate': 0.012962259868910676, 'max_depth': 11, 'min_child_weight': 245, 'eval_metric': 'rmse'}. Best is trial 79 with value: 7.812327109628506.
start listen on 192.168.1.101:42915
@tracker All of 4 nodes getting started
@tracker All nodes finishes job
Trial 446 finished with value: 7.815361202545082 and parameters: {'objective': 'reg:squarederror', 'tree_method': 'gpu_hist', 'lambda': 0.0018697763733787273, 'alpha': 0.007865423904236701, 'colsample_bytree': 0.6342010509500347, 'subsample': 0.9276893414693571, 'learning_rate': 0.014356105000211904, 'max_depth': 11, 'min_child_weight': 228, 'eval_metric': 'rmse'}. Best is trial 79 with value: 7.812327109628506.
start listen on 192.168.1.101:40405
@tracker All of 4 nodes getting started
@tracker All nodes finishes job
Trial 447 finished with value: 7.816956904942543 and parameters: {'objective': 'reg:squarederror', 'tree_method': 'gpu_hist', 'lambda': 0.006465737592707742, 'alpha': 0.01216263167459669, 'colsample_bytree': 0.7022389716832906, 'subsample': 0.9028798659036096, 'learning_rate': 0.008673129483064033, 'max_depth': 15, 'min_child_weight': 264, 'eval_metric': 'rmse'}. Best is trial 79 with value: 7.812327109628506.
start listen on 192.168.1.101:37041
@tracker All of 4 nodes getting started
@tracker All nodes finishes job
Trial 448 finished with value: 7.816190000962766 and parameters: {'objective': 'reg:squarederror', 'tree_method': 'gpu_hist', 'lambda': 0.002984970760664457, 'alpha': 0.004219266787784725, 'colsample_bytree': 0.6199256647146552, 'subsample': 0.6846272360825543, 'learning_rate': 0.01182799107646267, 'max_depth': 17, 'min_child_weight': 253, 'eval_metric': 'rmse'}. Best is trial 79 with value: 7.812327109628506.
start listen on 192.168.1.101:47599
@tracker All of 4 nodes getting started
@tracker All nodes finishes job
Trial 449 finished with value: 7.819107578322681 and parameters: {'objective': 'reg:squarederror', 'tree_method': 'gpu_hist', 'lambda': 0.08896481115791448, 'alpha': 0.0056470675698014, 'colsample_bytree': 0.5747380532963137, 'subsample': 0.8716848518242606, 'learning_rate': 0.01759012067871115, 'max_depth': 11, 'min_child_weight': 240, 'eval_metric': 'rmse'}. Best is trial 79 with value: 7.812327109628506.
start listen on 192.168.1.101:38945
@tracker All of 4 nodes getting started
@tracker All nodes finishes job
Trial 450 finished with value: 7.820383471224402 and parameters: {'objective': 'reg:squarederror', 'tree_method': 'gpu_hist', 'lambda': 0.016702029430256372, 'alpha': 0.008656821228243844, 'colsample_bytree': 0.6786345231301301, 'subsample': 0.9475577625561784, 'learning_rate': 0.007398378938844396, 'max_depth': 20, 'min_child_weight': 114, 'eval_metric': 'rmse'}. Best is trial 79 with value: 7.812327109628506.
start listen on 192.168.1.101:35363
@tracker All of 4 nodes getting started
@tracker All nodes finishes job
Trial 451 finished with value: 7.819115489871585 and parameters: {'objective': 'reg:squarederror', 'tree_method': 'gpu_hist', 'lambda': 0.5908624814116136, 'alpha': 0.006220194866237489, 'colsample_bytree': 0.6043180398872666, 'subsample': 0.9267754998457357, 'learning_rate': 0.016852059071814172, 'max_depth': 7, 'min_child_weight': 247, 'eval_metric': 'rmse'}. Best is trial 79 with value: 7.812327109628506.
start listen on 192.168.1.101:49955
@tracker All of 4 nodes getting started
@tracker All nodes finishes job
Trial 452 finished with value: 7.831585521881009 and parameters: {'objective': 'reg:squarederror', 'tree_method': 'gpu_hist', 'lambda': 0.0036638151453633858, 'alpha': 0.010761016566064733, 'colsample_bytree': 0.6459106724864755, 'subsample': 0.908327483305297, 'learning_rate': 0.014861314363023955, 'max_depth': 11, 'min_child_weight': 13, 'eval_metric': 'rmse'}. Best is trial 79 with value: 7.812327109628506.
start listen on 192.168.1.101:47987
@tracker All of 4 nodes getting started
@tracker All nodes finishes job
Trial 453 finished with value: 7.814539159820646 and parameters: {'objective': 'reg:squarederror', 'tree_method': 'gpu_hist', 'lambda': 0.005209858084903304, 'alpha': 0.00720345036449009, 'colsample_bytree': 0.6621134604329127, 'subsample': 0.6657755695886365, 'learning_rate': 0.009395290093834057, 'max_depth': 15, 'min_child_weight': 257, 'eval_metric': 'rmse'}. Best is trial 79 with value: 7.812327109628506.
start listen on 192.168.1.101:39305
@tracker All of 4 nodes getting started
@tracker All nodes finishes job
Trial 454 finished with value: 7.813893533231955 and parameters: {'objective': 'reg:squarederror', 'tree_method': 'gpu_hist', 'lambda': 0.009497937719216325, 'alpha': 0.0045009086348976185, 'colsample_bytree': 0.6277176934382429, 'subsample': 0.8931409280628332, 'learning_rate': 0.010886886397308698, 'max_depth': 11, 'min_child_weight': 267, 'eval_metric': 'rmse'}. Best is trial 79 with value: 7.812327109628506.
start listen on 192.168.1.101:36433
@tracker All of 4 nodes getting started
@tracker All nodes finishes job
Trial 455 finished with value: 7.816094243921541 and parameters: {'objective': 'reg:squarederror', 'tree_method': 'gpu_hist', 'lambda': 0.010469707195786911, 'alpha': 0.005429708328878853, 'colsample_bytree': 0.6263481204724791, 'subsample': 0.8823421216239224, 'learning_rate': 0.01088524342096499, 'max_depth': 11, 'min_child_weight': 273, 'eval_metric': 'rmse'}. Best is trial 79 with value: 7.812327109628506.
start listen on 192.168.1.101:42135
@tracker All of 4 nodes getting started
@tracker All nodes finishes job
Trial 456 finished with value: 7.818224031858527 and parameters: {'objective': 'reg:squarederror', 'tree_method': 'gpu_hist', 'lambda': 0.008120558040633843, 'alpha': 0.015746948514244446, 'colsample_bytree': 0.6388155039654295, 'subsample': 0.8691717737253131, 'learning_rate': 0.00968468173455908, 'max_depth': 11, 'min_child_weight': 267, 'eval_metric': 'rmse'}. Best is trial 79 with value: 7.812327109628506.
start listen on 192.168.1.101:39003
@tracker All of 4 nodes getting started
@tracker All nodes finishes job
Trial 457 finished with value: 7.816861979001594 and parameters: {'objective': 'reg:squarederror', 'tree_method': 'gpu_hist', 'lambda': 0.009262409090737243, 'alpha': 0.00904135294387948, 'colsample_bytree': 0.6186206671111579, 'subsample': 0.8903233710793592, 'learning_rate': 0.01182780086432908, 'max_depth': 15, 'min_child_weight': 275, 'eval_metric': 'rmse'}. Best is trial 79 with value: 7.812327109628506.
start listen on 192.168.1.101:53405
@tracker All of 4 nodes getting started
@tracker All nodes finishes job
Trial 458 finished with value: 7.817787468331356 and parameters: {'objective': 'reg:squarederror', 'tree_method': 'gpu_hist', 'lambda': 0.013666053013295626, 'alpha': 0.0011721438128627626, 'colsample_bytree': 0.6515815744186904, 'subsample': 0.8985348499737464, 'learning_rate': 0.010768531242882656, 'max_depth': 11, 'min_child_weight': 267, 'eval_metric': 'rmse'}. Best is trial 79 with value: 7.812327109628506.
start listen on 192.168.1.101:51271
@tracker All of 4 nodes getting started
@tracker All nodes finishes job
Trial 459 finished with value: 7.817820240220669 and parameters: {'objective': 'reg:squarederror', 'tree_method': 'gpu_hist', 'lambda': 0.007256171673267256, 'alpha': 0.00729892336485697, 'colsample_bytree': 0.628105716686032, 'subsample': 0.8520461138237848, 'learning_rate': 0.010049146036959033, 'max_depth': 11, 'min_child_weight': 259, 'eval_metric': 'rmse'}. Best is trial 79 with value: 7.812327109628506.
start listen on 192.168.1.101:45133
@tracker All of 4 nodes getting started
@tracker All nodes finishes job
Trial 460 finished with value: 7.815175939896881 and parameters: {'objective': 'reg:squarederror', 'tree_method': 'gpu_hist', 'lambda': 0.011486011426561478, 'alpha': 0.03677670911368438, 'colsample_bytree': 0.6122425961827775, 'subsample': 0.8821055831011207, 'learning_rate': 0.012577078277765342, 'max_depth': 15, 'min_child_weight': 263, 'eval_metric': 'rmse'}. Best is trial 79 with value: 7.812327109628506.
start listen on 192.168.1.101:36521
@tracker All of 4 nodes getting started
@tracker All nodes finishes job
Trial 461 finished with value: 7.8572141730581855 and parameters: {'objective': 'reg:squarederror', 'tree_method': 'gpu_hist', 'lambda': 0.008730551630768165, 'alpha': 0.004538755980832832, 'colsample_bytree': 0.6652546305905546, 'subsample': 0.8980522130836561, 'learning_rate': 0.010793094679468231, 'max_depth': 3, 'min_child_weight': 270, 'eval_metric': 'rmse'}. Best is trial 79 with value: 7.812327109628506.
start listen on 192.168.1.101:44585
@tracker All of 4 nodes getting started
@tracker All nodes finishes job
