number,value,params_alpha,params_colsample_bytree,params_eval_metric,params_lambda,params_learning_rate,params_max_depth,params_min_child_weight,params_objective,params_subsample,params_tree_method,state
770,7.821421622489212,0.0066673731072973514,0.6303675253800644,rmse,0.056846469673781715,0.017309582927694248,11,246,reg:squarederror,0.5211726792119472,gpu_hist,COMPLETE
771,7.815712231683681,0.022446112335451518,0.6466009427064843,rmse,0.010556710141269153,0.010201271749449296,20,259,reg:squarederror,0.9223517851032028,gpu_hist,COMPLETE
772,7.815511698160226,0.003136683383296721,0.6675845035467558,rmse,0.023368893058173544,0.01382171660241311,15,272,reg:squarederror,0.947733078939493,gpu_hist,COMPLETE
773,7.815945981371506,0.011648109219236813,0.6097098618791036,rmse,0.09222231103587204,0.016017465364093743,11,250,reg:squarederror,0.6443932905554662,gpu_hist,COMPLETE
774,7.823945949739322,0.008854633664047443,0.6546092000583988,rmse,0.018108672129178077,0.011956240233900845,7,242,reg:squarederror,0.8628968320616635,gpu_hist,COMPLETE
775,7.8138979197507545,0.015857232722790545,0.6268690183234861,rmse,0.009026812471485037,0.0142385306646625,11,255,reg:squarederror,0.8784301475983923,gpu_hist,COMPLETE
776,7.82328381557538,0.018833849023416078,0.6365389028625793,rmse,0.008210259683058555,0.018326694860806153,15,263,reg:squarederror,0.8512798398743421,gpu_hist,COMPLETE
777,7.815391681791461,0.015802723361080386,0.6258213693402501,rmse,0.0064331379550974154,0.015457283824174247,11,258,reg:squarederror,0.8730218790917329,gpu_hist,COMPLETE
778,7.815319451821476,2.554172482336246,0.6381441081388857,rmse,0.008874427496968103,0.013997870770537792,11,255,reg:squarederror,0.8824603840092964,gpu_hist,COMPLETE
779,7.821187777642444,0.021005973535926994,0.6244570869866961,rmse,0.010096976840086324,0.01697102233156275,15,268,reg:squarederror,0.9300686942037258,gpu_hist,COMPLETE
780,7.817427036474688,0.015534213572685864,0.6558030686087248,rmse,0.011578314677894951,0.015655528072513386,11,261,reg:squarederror,0.8964798385257169,gpu_hist,COMPLETE
781,7.816251103795193,0.026221917562689562,0.6394723344107017,rmse,0.0069422087004574395,0.014469457658333214,15,253,reg:squarederror,0.8170219809153446,gpu_hist,COMPLETE
782,7.840233397296365,0.013256778337693493,0.6192715980052027,rmse,0.008936309277500625,0.020083625547604626,3,267,reg:squarederror,0.967683009270387,gpu_hist,COMPLETE
783,7.814195706126044,0.016826556849181645,0.6479957439890612,rmse,0.004920373838806699,0.012676681711519833,11,258,reg:squarederror,0.9125539241212095,gpu_hist,COMPLETE
784,7.817222366509013,0.020365175807981143,0.6607435111255447,rmse,0.012867761181440934,0.011100465107043668,11,273,reg:squarederror,0.9392281832672061,gpu_hist,COMPLETE
785,7.824436583755828,0.013609967929240572,0.6816595580088088,rmse,0.0074777083517785425,0.01726485642048429,15,251,reg:squarederror,0.8612074991160763,gpu_hist,COMPLETE
786,7.816512573489484,0.017516583527263617,0.6304080154242023,rmse,0.04138047952457162,0.01353809102437978,11,261,reg:squarederror,0.8753725265951608,gpu_hist,COMPLETE
787,7.817242246424163,0.011527022605310385,0.6130478372366631,rmse,0.010179189220726059,0.015183272086369328,15,250,reg:squarederror,0.8914741871304439,gpu_hist,COMPLETE
788,7.8404037881231305,0.014445504734714088,0.645438459648249,rmse,0.015646520996048022,0.009809457974698507,5,286,reg:squarederror,0.9214477315906334,gpu_hist,COMPLETE
789,7.815390639264386,0.025356189463434865,0.6277776665280966,rmse,0.01182635358617092,0.018238963398163933,11,278,reg:squarederror,0.8444866308580546,gpu_hist,COMPLETE
790,7.815996275511732,0.03171294093830642,0.6712997313143643,rmse,0.005938181316017962,0.012086733695334041,13,170,reg:squarederror,0.9078062549112652,gpu_hist,COMPLETE
791,7.824082012157106,0.01802692737837814,0.6135200277885926,rmse,0.06805247594253475,0.024112083962165333,11,264,reg:squarederror,0.930539630237809,gpu_hist,COMPLETE
792,7.815614098336026,0.7917396982036514,0.6408706829651036,rmse,0.009307913995023499,0.014320973876320512,15,254,reg:squarederror,0.8327570987684535,gpu_hist,COMPLETE
793,7.819324676541363,6.153365134436553,0.659182167955853,rmse,0.015116871923178541,0.016585564290328602,11,248,reg:squarederror,0.8986495440166837,gpu_hist,COMPLETE
794,7.811990980806116,0.13863978054299578,0.6279237148791904,rmse,0.008429855659919966,0.010908115817280942,15,270,reg:squarederror,0.8023563074882325,gpu_hist,COMPLETE
795,7.815186452502012,0.1588003641783318,0.6477493803755372,rmse,0.005326019275766971,0.010298502053667438,15,278,reg:squarederror,0.8154247911733277,gpu_hist,COMPLETE
796,7.816374634839743,0.2132056508440365,0.6036737571635974,rmse,0.0069742096203470015,0.010663515241811639,15,270,reg:squarederror,0.7661442670021481,gpu_hist,COMPLETE
797,7.83369621866103,0.14323112944384767,0.6350456919782623,rmse,0.007997487351876388,0.0038523414992755116,15,271,reg:squarederror,0.7949071733891389,gpu_hist,COMPLETE
798,7.815734526045258,0.1351146644650982,0.7029900610444607,rmse,0.011308899588841091,0.009584386009137018,15,270,reg:squarederror,0.7975392676914732,gpu_hist,COMPLETE
799,7.817817317786683,0.09608614056267262,0.6175137074034902,rmse,0.013966927360868646,0.009524323315211086,15,283,reg:squarederror,0.8241293041234921,gpu_hist,COMPLETE
800,7.814010882079293,0.002602537502320407,0.6599277058667341,rmse,0.02389290581634195,0.011053249429655394,15,264,reg:squarederror,0.7809567655351787,gpu_hist,COMPLETE
801,7.815514599146222,0.10875120916196895,0.6766267137971733,rmse,0.017793003682969388,0.011618081313073014,15,272,reg:squarederror,0.7511600766498326,gpu_hist,COMPLETE
802,7.8137493859482765,0.18706679025071477,0.6408214755645607,rmse,0.0061360698661764084,0.011016371383293356,15,284,reg:squarederror,0.7782011125710706,gpu_hist,COMPLETE
803,7.814989100329396,0.18078578837113826,0.6676855856259305,rmse,0.00633275534694442,0.010476767388888891,15,289,reg:squarederror,0.7763073283483454,gpu_hist,COMPLETE
804,7.814318773546228,0.010621787195511469,0.6481269220952122,rmse,0.005621144233919283,0.011731329858281103,15,292,reg:squarederror,0.7992715695182289,gpu_hist,COMPLETE
805,7.815451459473843,0.1259531932420358,0.6894316101856568,rmse,0.0038864631169605057,0.012268109422441406,15,287,reg:squarederror,0.7746724632374351,gpu_hist,COMPLETE
806,7.8177102677712025,0.2680982657192616,0.653778956115442,rmse,0.0061064105787819204,0.013014951861409656,15,297,reg:squarederror,0.7675899185296502,gpu_hist,COMPLETE
807,7.8172124675776145,0.16064690480113206,0.6397068204380539,rmse,0.005681584817120427,0.009298348229008017,15,286,reg:squarederror,0.7981952429511346,gpu_hist,COMPLETE
808,7.817908302037138,0.24216464316515235,0.6293720922503292,rmse,0.007172960995769884,0.010609771983050367,15,280,reg:squarederror,0.7501630887563437,gpu_hist,COMPLETE
809,7.813374093946615,0.31334021095265596,0.6621200705524007,rmse,0.11175275694314692,0.011332422603180906,15,293,reg:squarederror,0.7760990404307333,gpu_hist,COMPLETE
810,7.814929060472796,0.3436094672700558,0.6823230031607099,rmse,0.11662226791480357,0.010105190822063494,15,285,reg:squarederror,0.7866271802426629,gpu_hist,COMPLETE
811,7.8171971926816735,0.3821460662907119,0.6687449719063484,rmse,0.1293240285513301,0.009403691860508896,15,282,reg:squarederror,0.7620804794613518,gpu_hist,COMPLETE
812,7.813877651065845,0.011725096104463718,0.6689096303682627,rmse,0.09694564395492913,0.011213341652965069,15,276,reg:squarederror,0.772939193188722,gpu_hist,COMPLETE
813,7.8156296452123515,0.28942626031769286,0.6573595791686528,rmse,0.07528559423673943,0.010665554571450417,15,282,reg:squarederror,0.7843642968640406,gpu_hist,COMPLETE
814,7.8170262489556235,0.21924001744818927,0.6911231712627901,rmse,0.14623787206846064,0.011527410088611127,15,86,reg:squarederror,0.7566438623853768,gpu_hist,COMPLETE
815,7.818624856569168,0.20186137420816014,0.6588509505970646,rmse,0.10993308516077246,0.00991209046068711,15,298,reg:squarederror,0.7562514406953014,gpu_hist,COMPLETE
816,7.816040806445955,0.23832760678488155,0.6750496157040707,rmse,0.11638449313652777,0.011685808066377944,15,293,reg:squarederror,0.7644754701838001,gpu_hist,COMPLETE
817,7.816171158453472,0.00980548752910704,0.6502224223725774,rmse,0.12861478494123127,0.008806283135320002,15,293,reg:squarederror,0.740435396547344,gpu_hist,COMPLETE
818,7.818708843274693,0.1461261582996571,0.6441056023974099,rmse,0.16943816397724906,0.012312281837413135,15,283,reg:squarederror,0.789330455814698,gpu_hist,COMPLETE
819,7.815825115201608,0.19645056665106578,0.6789063421520589,rmse,0.08975861170789931,0.010986123835395533,15,291,reg:squarederror,0.8070635754527836,gpu_hist,COMPLETE
820,7.815267208007971,0.11841762521561519,0.6634660411683309,rmse,0.097160955771471,0.012565419764902816,15,275,reg:squarederror,0.7729114204814176,gpu_hist,COMPLETE
821,7.821202530278734,0.18697948743597093,0.6403965765860876,rmse,0.15979961805958906,0.019722575040380573,15,291,reg:squarederror,0.7797308025754768,gpu_hist,COMPLETE
822,7.818830843533055,0.36049479211588475,0.6547345103212838,rmse,0.0805122990477921,0.012997226788504767,15,260,reg:squarederror,0.7611641948328021,gpu_hist,COMPLETE
823,7.81531285821736,0.3149799158146306,0.7146474357705437,rmse,0.06370373783778788,0.010122000267180567,15,300,reg:squarederror,0.743084031320242,gpu_hist,COMPLETE
824,7.816915673416689,0.09347719677096983,0.7624526069100993,rmse,0.19494921133848828,0.01124671415806656,15,294,reg:squarederror,0.7569846731008723,gpu_hist,COMPLETE
825,7.823307535635345,0.25092097820031006,0.6366119517750135,rmse,0.05414174828942492,0.018708135172264672,15,283,reg:squarederror,0.7320681660098278,gpu_hist,COMPLETE
826,7.814634899752063,0.13063624389635278,0.6688469966542586,rmse,0.10681749620115195,0.009416693521469724,15,287,reg:squarederror,0.7793267764540355,gpu_hist,COMPLETE
827,7.819150592862308,0.16830799868664917,0.6995033802417063,rmse,0.08022297644363535,0.016370447332626877,15,299,reg:squarederror,0.7628325348825757,gpu_hist,COMPLETE
828,7.8153816313450335,0.4771196313416193,0.6426188414116217,rmse,0.029792309464318892,0.013122617512659245,15,299,reg:squarederror,0.8013796881778826,gpu_hist,COMPLETE
829,7.814661530357258,0.1422508896640008,0.6246259016452543,rmse,0.01679752709368762,0.011817265397414947,15,276,reg:squarederror,0.7786041907871631,gpu_hist,COMPLETE
830,8.118054094420753,0.08824353210994912,0.6523521356212061,rmse,0.01994562225464948,0.0011289401099293503,15,291,reg:squarederror,0.7475283364456518,gpu_hist,COMPLETE
831,7.820019397881563,0.15178488967930037,0.6846799119039677,rmse,0.013116486733422583,0.015153862328926253,15,191,reg:squarederror,0.7712780345312995,gpu_hist,COMPLETE
832,7.816548596985329,0.24250075007845603,0.6326014197080917,rmse,0.13783172299918822,0.013409254857146276,9,280,reg:squarederror,0.7940786718581946,gpu_hist,COMPLETE
833,7.825130691284813,0.16972060303390737,0.6634493081729309,rmse,0.010724242801059304,0.022002617441375175,15,290,reg:squarederror,0.7954554332710008,gpu_hist,COMPLETE
834,7.981782281979883,0.637779284924008,0.6230461810568784,rmse,0.043554879628520754,0.0014847798640942318,17,265,reg:squarederror,0.7834472905170852,gpu_hist,COMPLETE
835,7.8158297431730475,0.4172599908410597,0.6449406006791917,rmse,0.2082388988216781,0.010597894589156928,15,287,reg:squarederror,0.7645628441221218,gpu_hist,COMPLETE
836,7.824807682773503,0.12012290640401807,0.6335595267883454,rmse,0.08581661333907047,0.017611483995679425,20,274,reg:squarederror,0.7874896157040655,gpu_hist,COMPLETE
837,7.817377639868664,0.20456209761470887,0.6147811841220419,rmse,0.008269695210164265,0.015408220931747818,15,257,reg:squarederror,0.7461393470902221,gpu_hist,COMPLETE
838,7.831121373843126,0.07968772246242041,0.6558531846637928,rmse,0.10326627675797444,0.00878608207346119,7,246,reg:squarederror,0.9503012816297038,gpu_hist,COMPLETE
839,7.815383415987073,0.16762606805984434,0.6400831207932499,rmse,0.015059376090776405,0.012196392768110641,15,300,reg:squarederror,0.7703922405901519,gpu_hist,COMPLETE
840,7.816948817692012,0.01321552953447031,0.6767051399412695,rmse,0.012597012478206049,0.013774988148903522,15,253,reg:squarederror,0.7739975778705753,gpu_hist,COMPLETE
841,7.81360573009732,0.11686248838158897,0.6198645691707292,rmse,0.024998711228291816,0.010451274626058419,15,265,reg:squarederror,0.8064683871670628,gpu_hist,COMPLETE
842,7.814032248840396,0.15650065786913497,0.6118094246378661,rmse,0.0356481534935484,0.008380687836056734,15,270,reg:squarederror,0.8057889497058985,gpu_hist,COMPLETE
843,7.85895132908145,0.11265656186382683,0.6180161402934574,rmse,0.02187971691900382,0.009803054987257103,3,276,reg:squarederror,0.8031574564279665,gpu_hist,COMPLETE
844,7.817176238289273,0.1402668444988054,0.6044837815596874,rmse,0.02789477836471624,0.009695574854036987,15,265,reg:squarederror,0.8134699696705153,gpu_hist,COMPLETE
845,7.820543600321356,0.09703121320992311,0.6216513562943702,rmse,0.02365545767749201,0.016570052686161275,15,267,reg:squarederror,0.7961801271274792,gpu_hist,COMPLETE
846,7.818055161529826,0.10942294580019254,0.6259271116171897,rmse,0.0332954632816093,0.029988785203106404,5,278,reg:squarederror,0.7993583712402608,gpu_hist,COMPLETE
847,7.815630585330536,0.11520523021601714,0.5992372546011995,rmse,0.04653177217989848,0.010583403133691147,15,261,reg:squarederror,0.7877936431460817,gpu_hist,COMPLETE
848,7.816066988740271,0.2967435581413775,0.6095690573996383,rmse,0.024520212076622194,0.019279829214909505,9,266,reg:squarederror,0.8228173175322708,gpu_hist,COMPLETE
849,7.817968191045744,0.4743405883041543,0.6310662143993027,rmse,0.06688403144621018,0.00897881950872659,15,272,reg:squarederror,0.9379611222371338,gpu_hist,COMPLETE
850,7.81780082178265,0.11868400236010672,0.6179118697439202,rmse,0.016351816913313118,0.014604156517990423,15,260,reg:squarederror,0.8049708227733215,gpu_hist,COMPLETE
851,7.821034254091416,0.13210216779389422,0.6335851416935242,rmse,0.02443986859930356,0.017368645004128543,15,258,reg:squarederror,0.8115659325661592,gpu_hist,COMPLETE
852,7.814084550370532,0.12058951269250369,0.5997972384013366,rmse,0.0289288744843751,0.010791027130157971,13,279,reg:squarederror,0.9232908539913431,gpu_hist,COMPLETE
853,7.906856065943957,0.18785397027688042,0.6412843830487356,rmse,0.019427638921888184,0.049240605893434514,17,266,reg:squarederror,0.8179042139148086,gpu_hist,COMPLETE
854,7.819882449129319,0.07243367482556645,0.6149581516373099,rmse,0.018802069748447153,0.01579221130604149,15,272,reg:squarederror,0.9285114747199035,gpu_hist,COMPLETE
855,7.8166240018797035,0.10127706341184532,0.6288913744375535,rmse,0.11886868351556232,0.012649053877821285,15,260,reg:squarederror,0.9158809263295017,gpu_hist,COMPLETE
856,7.817349934824469,0.08222002662346449,0.6449861276836127,rmse,0.05045497118689982,0.010105611125929623,15,254,reg:squarederror,0.9570461241166773,gpu_hist,COMPLETE
857,7.824326136104012,0.5455120728990757,0.6109952684470825,rmse,0.021345664738473446,0.011486752604645118,20,108,reg:squarederror,0.9379715977335943,gpu_hist,COMPLETE
858,7.8344178631452985,0.06054816716010214,0.6249828598646338,rmse,0.09173542704020582,0.007832473717126365,7,262,reg:squarederror,0.9141181324026383,gpu_hist,COMPLETE
859,7.818386695760268,0.14703290405029135,0.5956294034196674,rmse,0.14245342900543542,0.014226321565368938,15,288,reg:squarederror,0.7915742974661978,gpu_hist,COMPLETE
860,7.864125456713368,0.3081136652032564,0.650720129528187,rmse,0.06496831634068853,0.039021417113004754,15,271,reg:squarederror,0.9257538526523743,gpu_hist,COMPLETE
861,7.842134242366983,0.07818976181462936,0.6343846738400676,rmse,0.007906870291456179,0.01787483901469827,3,256,reg:squarederror,0.9091108323514355,gpu_hist,COMPLETE
862,7.8265451316156165,0.13473860249136121,0.6067012224086293,rmse,0.2703533101295831,0.020935136623012964,15,284,reg:squarederror,0.9433166837813352,gpu_hist,COMPLETE
863,7.837250868861582,0.008141742066021997,0.6231295424401218,rmse,0.17942033248363512,0.01587532104483161,15,37,reg:squarederror,0.917222262964845,gpu_hist,COMPLETE
864,7.811945418489661,0.20533487717704557,0.6469357419978475,rmse,0.07838443563405259,0.013079326631680216,15,266,reg:squarederror,0.8070930872685357,gpu_hist,COMPLETE
865,7.815052420662671,0.22773330022363636,0.662029280166741,rmse,0.08347506011132,0.011885145233250719,15,276,reg:squarederror,0.7905225525744177,gpu_hist,COMPLETE
866,7.8324172064163555,0.17776580811453643,0.6510564404579174,rmse,0.0974750587346501,0.012882061731913082,5,268,reg:squarederror,0.8162834437181441,gpu_hist,COMPLETE
867,7.8190675594157515,0.28381510386260334,0.6471261847110735,rmse,0.07290341382091442,0.010882605264494631,15,278,reg:squarederror,0.8235960970543525,gpu_hist,COMPLETE
868,7.815210660804778,0.2156456839662411,0.6705639202340862,rmse,0.08302516970081286,0.01223980559271619,13,270,reg:squarederror,0.8057720996956356,gpu_hist,COMPLETE
869,7.8225604548535195,0.25182175349417935,0.6601484306539458,rmse,0.05763090702442957,0.009398780196646356,9,267,reg:squarederror,0.8163252821789814,gpu_hist,COMPLETE
870,7.816427590119703,0.19103153382411597,0.6394733521772007,rmse,0.07002410686388262,0.013254298295273139,15,273,reg:squarederror,0.8280931861762498,gpu_hist,COMPLETE
871,7.81588099027305,0.15750262715751853,0.6479287968688553,rmse,0.06020421485187566,0.011230943425108175,15,264,reg:squarederror,0.8037442217749123,gpu_hist,COMPLETE
872,7.817758789860967,0.2090545047893391,0.6803533884612645,rmse,0.07665545614462749,0.013636276693257269,15,278,reg:squarederror,0.7874317724326438,gpu_hist,COMPLETE
873,7.842050774366928,0.16547045424070195,0.6357552455585258,rmse,0.10759636248524797,0.0031311228850914733,17,294,reg:squarederror,0.8094875510698714,gpu_hist,COMPLETE
874,7.816366668399312,0.3051774191504617,0.6194953043798939,rmse,0.040527833868596444,0.011782574761026907,15,263,reg:squarederror,0.7877736102584498,gpu_hist,COMPLETE
875,7.816569444015178,0.2161253692934057,0.6599897100188286,rmse,0.10603664985118982,0.01061062289046351,15,146,reg:squarederror,0.8096370547081901,gpu_hist,COMPLETE
876,7.815359414091839,0.38208285007187354,0.6971794868320009,rmse,2.224718857479364,0.009849613650870505,15,261,reg:squarederror,0.8301874945794264,gpu_hist,COMPLETE
877,7.82307145395349,0.24711230692507513,0.6082397876095823,rmse,0.05157623903548268,0.012694795455556693,7,270,reg:squarederror,0.7958459889830057,gpu_hist,COMPLETE
878,7.819918565264028,0.09647294458548279,0.6414101432224883,rmse,0.0864550270405874,0.01432163126425361,20,258,reg:squarederror,0.789885614804518,gpu_hist,COMPLETE
879,7.817191441199494,0.18381968261403375,0.6533248269858917,rmse,0.12662576903126166,0.008774351813535452,15,283,reg:squarederror,0.7741735684807406,gpu_hist,COMPLETE
880,7.813883430453523,0.2691065531216329,0.6252405807274944,rmse,0.07127266082624217,0.011639895336908273,15,267,reg:squarederror,0.8052164089858185,gpu_hist,COMPLETE
881,7.849687146444728,0.15014339913264105,0.6728666043370587,rmse,0.14056161309851298,0.0132711919211239,3,273,reg:squarederror,0.8364998850220221,gpu_hist,COMPLETE
882,7.817130300910152,0.09074047271012473,0.5914893945255296,rmse,0.09270853595813057,0.010742954522102584,15,256,reg:squarederror,0.8158499323631738,gpu_hist,COMPLETE
883,7.821544618525237,0.1323334393851902,0.727730639109458,rmse,0.03581682697415801,0.014559385078481752,15,263,reg:squarederror,0.7763696236592205,gpu_hist,COMPLETE
884,7.815024740738199,0.11934726482982025,0.6361056574659923,rmse,0.11571404422715253,0.01248325488373894,15,250,reg:squarederror,0.9537068448128613,gpu_hist,COMPLETE
885,7.831066133235088,0.00915922824588558,0.6160990325754807,rmse,0.007264008590947635,0.01376258579782275,5,285,reg:squarederror,0.9371235206327565,gpu_hist,COMPLETE
886,7.818781226557176,0.1707523036006523,0.6517258863365516,rmse,0.21707313476112683,0.010157379054781078,11,279,reg:squarederror,0.8290069336604813,gpu_hist,COMPLETE
887,7.816970713138361,4.324907421199452,0.601365570918979,rmse,0.04655010579193861,0.01647206241910489,15,258,reg:squarederror,0.7820990026466134,gpu_hist,COMPLETE
888,7.830212939294704,0.35143118260274864,0.6662407207178995,rmse,0.057339930563696254,0.011629068254399012,11,1,reg:squarederror,0.9269307572994793,gpu_hist,COMPLETE
889,7.816862135764429,0.007050448226069711,0.6297092574448847,rmse,0.009537196891146018,0.015335780924049336,15,265,reg:squarederror,0.7991081111160504,gpu_hist,COMPLETE
890,7.818298136036226,0.010522268578769915,0.6417416055317744,rmse,0.32163392643848704,0.00938509782009681,11,275,reg:squarederror,0.9317046655335368,gpu_hist,COMPLETE
891,7.8167604899099095,0.008149575561941503,0.6193059880323651,rmse,0.007173291141576662,0.012681554176944531,13,248,reg:squarederror,0.9035663226834173,gpu_hist,COMPLETE
892,7.817842391605342,0.23569939499123266,0.6555881448544217,rmse,0.07472751077704697,0.013770816226078505,15,254,reg:squarederror,0.9226153187293034,gpu_hist,COMPLETE
893,7.81558915308894,0.13852964483771904,0.681412108469214,rmse,0.005286032619884906,0.01824926181517801,9,267,reg:squarederror,0.8396305187480881,gpu_hist,COMPLETE
894,7.818700269834292,0.006194331659614158,0.6083027904805748,rmse,0.06220541606763085,0.011361433634824607,11,260,reg:squarederror,0.9441598309244806,gpu_hist,COMPLETE
895,7.816130080543951,0.1963201670626344,0.6333605657914932,rmse,0.0936956872732537,0.01026363221967102,15,250,reg:squarederror,0.9016196368710411,gpu_hist,COMPLETE
896,7.815657530828397,0.011184838342785943,0.6238553347335339,rmse,0.008753232594847895,0.015030848099260061,11,272,reg:squarederror,0.8182839466781735,gpu_hist,COMPLETE
897,7.819415553922887,0.04138081670981433,0.6464056680305762,rmse,0.16109877406522988,0.017020171844834897,15,295,reg:squarederror,0.9197295691481369,gpu_hist,COMPLETE
898,7.817117386535777,0.009120579729678873,0.6645919338761422,rmse,0.11720734717737893,0.008259606451742814,17,256,reg:squarederror,0.9638602860630099,gpu_hist,COMPLETE
