Trial 923 finished with value: 7.817622891561752 and parameters: {'objective': 'reg:squarederror', 'tree_method': 'gpu_hist', 'lambda': 0.0928300251082259, 'alpha': 0.00868528108398264, 'colsample_bytree': 0.6317708766673235, 'subsample': 0.9218466711366071, 'learning_rate': 0.011569149647363441, 'max_depth': 9, 'min_child_weight': 248, 'eval_metric': 'rmse'}. Best is trial 581 with value: 7.8118814731889445.
start listen on 192.168.1.101:34655
@tracker All of 4 nodes getting started
@tracker All nodes finishes job
Trial 924 finished with value: 7.815821796164605 and parameters: {'objective': 'reg:squarederror', 'tree_method': 'gpu_hist', 'lambda': 0.0982041092534136, 'alpha': 0.011380527359500925, 'colsample_bytree': 0.6804652323147955, 'subsample': 0.9389731271661621, 'learning_rate': 0.013410447883459516, 'max_depth': 11, 'min_child_weight': 241, 'eval_metric': 'rmse'}. Best is trial 581 with value: 7.8118814731889445.
start listen on 192.168.1.101:54729
@tracker All of 4 nodes getting started
@tracker All nodes finishes job
Trial 925 finished with value: 7.819569494669006 and parameters: {'objective': 'reg:squarederror', 'tree_method': 'gpu_hist', 'lambda': 0.08130781610817829, 'alpha': 0.019320108090656065, 'colsample_bytree': 0.6049092205234344, 'subsample': 0.4861574795785114, 'learning_rate': 0.014304502086595521, 'max_depth': 15, 'min_child_weight': 250, 'eval_metric': 'rmse'}. Best is trial 581 with value: 7.8118814731889445.
start listen on 192.168.1.101:46417
@tracker All of 4 nodes getting started
@tracker All nodes finishes job
Trial 926 finished with value: 7.812455419258783 and parameters: {'objective': 'reg:squarederror', 'tree_method': 'gpu_hist', 'lambda': 0.1030055153709192, 'alpha': 0.013945001325552084, 'colsample_bytree': 0.6470798571448825, 'subsample': 0.9097399512114898, 'learning_rate': 0.015510169719921394, 'max_depth': 11, 'min_child_weight': 240, 'eval_metric': 'rmse'}. Best is trial 581 with value: 7.8118814731889445.
start listen on 192.168.1.101:35467
@tracker All of 4 nodes getting started
@tracker All nodes finishes job
Trial 927 finished with value: 7.826400216751769 and parameters: {'objective': 'reg:squarederror', 'tree_method': 'gpu_hist', 'lambda': 0.0999542578567374, 'alpha': 0.01707817239045678, 'colsample_bytree': 0.654470603686477, 'subsample': 0.9007615042225613, 'learning_rate': 0.018851096528057887, 'max_depth': 15, 'min_child_weight': 237, 'eval_metric': 'rmse'}. Best is trial 581 with value: 7.8118814731889445.
start listen on 192.168.1.101:33023
@tracker All of 4 nodes getting started
@tracker All nodes finishes job
Trial 928 finished with value: 7.81910028011514 and parameters: {'objective': 'reg:squarederror', 'tree_method': 'gpu_hist', 'lambda': 0.13454736295691386, 'alpha': 0.014183837193158124, 'colsample_bytree': 0.6814441522788746, 'subsample': 0.9102511790742752, 'learning_rate': 0.022441554910339792, 'max_depth': 11, 'min_child_weight': 237, 'eval_metric': 'rmse'}. Best is trial 581 with value: 7.8118814731889445.
start listen on 192.168.1.101:33393
@tracker All of 4 nodes getting started
@tracker All nodes finishes job
Trial 929 finished with value: 7.8236179870602705 and parameters: {'objective': 'reg:squarederror', 'tree_method': 'gpu_hist', 'lambda': 0.09326993349158151, 'alpha': 0.013073902076369616, 'colsample_bytree': 0.660581170920201, 'subsample': 0.971969632448294, 'learning_rate': 0.017712311723670607, 'max_depth': 15, 'min_child_weight': 244, 'eval_metric': 'rmse'}. Best is trial 581 with value: 7.8118814731889445.
start listen on 192.168.1.101:56013
@tracker All of 4 nodes getting started
@tracker All nodes finishes job
Trial 930 finished with value: 7.815016164948925 and parameters: {'objective': 'reg:squarederror', 'tree_method': 'gpu_hist', 'lambda': 0.1083527936931958, 'alpha': 0.01782744768061361, 'colsample_bytree': 0.6738657646361893, 'subsample': 0.8892032856391638, 'learning_rate': 0.016166129504592387, 'max_depth': 11, 'min_child_weight': 239, 'eval_metric': 'rmse'}. Best is trial 581 with value: 7.8118814731889445.
start listen on 192.168.1.101:57131
@tracker All of 4 nodes getting started
@tracker All nodes finishes job
Trial 931 finished with value: 7.818581218880184 and parameters: {'objective': 'reg:squarederror', 'tree_method': 'gpu_hist', 'lambda': 0.07487361799358609, 'alpha': 0.011618799161304311, 'colsample_bytree': 0.6469005422699668, 'subsample': 0.896726382350954, 'learning_rate': 0.01703689762309457, 'max_depth': 15, 'min_child_weight': 232, 'eval_metric': 'rmse'}. Best is trial 581 with value: 7.8118814731889445.
start listen on 192.168.1.101:60987
@tracker All of 4 nodes getting started
@tracker All nodes finishes job
Trial 932 finished with value: 7.8162562555825765 and parameters: {'objective': 'reg:squarederror', 'tree_method': 'gpu_hist', 'lambda': 0.13486102979833037, 'alpha': 0.014716684909672897, 'colsample_bytree': 0.6537494702375228, 'subsample': 0.9282659213577024, 'learning_rate': 0.011453639713896789, 'max_depth': 11, 'min_child_weight': 242, 'eval_metric': 'rmse'}. Best is trial 581 with value: 7.8118814731889445.
start listen on 192.168.1.101:54307
@tracker All of 4 nodes getting started
@tracker All nodes finishes job
Trial 933 finished with value: 7.819356566672372 and parameters: {'objective': 'reg:squarederror', 'tree_method': 'gpu_hist', 'lambda': 0.08508590484339046, 'alpha': 0.010215027132450429, 'colsample_bytree': 0.6972347303044453, 'subsample': 0.9095801307628711, 'learning_rate': 0.012744563636236803, 'max_depth': 17, 'min_child_weight': 245, 'eval_metric': 'rmse'}. Best is trial 581 with value: 7.8118814731889445.
start listen on 192.168.1.101:35229
@tracker All of 4 nodes getting started
@tracker All nodes finishes job
Trial 934 finished with value: 7.822452270752049 and parameters: {'objective': 'reg:squarederror', 'tree_method': 'gpu_hist', 'lambda': 0.07119623450271609, 'alpha': 0.021790044966029418, 'colsample_bytree': 0.6432622788233902, 'subsample': 0.884585766356836, 'learning_rate': 0.015560265526712854, 'max_depth': 20, 'min_child_weight': 234, 'eval_metric': 'rmse'}. Best is trial 581 with value: 7.8118814731889445.
start listen on 192.168.1.101:47061
@tracker All of 4 nodes getting started
@tracker All nodes finishes job
Trial 935 finished with value: 7.8173305604785375 and parameters: {'objective': 'reg:squarederror', 'tree_method': 'gpu_hist', 'lambda': 0.11388079503815786, 'alpha': 0.01312457269834634, 'colsample_bytree': 0.6675595916554974, 'subsample': 0.9563307713916794, 'learning_rate': 0.011124159165499106, 'max_depth': 15, 'min_child_weight': 248, 'eval_metric': 'rmse'}. Best is trial 581 with value: 7.8118814731889445.
start listen on 192.168.1.101:41913
@tracker All of 4 nodes getting started
@tracker All nodes finishes job
Trial 936 finished with value: 7.8175643562636505 and parameters: {'objective': 'reg:squarederror', 'tree_method': 'gpu_hist', 'lambda': 0.15506023536728744, 'alpha': 0.017305155160407506, 'colsample_bytree': 0.6350088480763587, 'subsample': 0.9219335657506763, 'learning_rate': 0.01980725858463706, 'max_depth': 11, 'min_child_weight': 241, 'eval_metric': 'rmse'}. Best is trial 581 with value: 7.8118814731889445.
start listen on 192.168.1.101:35069
@tracker All of 4 nodes getting started
@tracker All nodes finishes job
Trial 937 finished with value: 7.818339929591629 and parameters: {'objective': 'reg:squarederror', 'tree_method': 'gpu_hist', 'lambda': 0.10236776032221045, 'alpha': 0.015044339966396274, 'colsample_bytree': 0.6565654810348546, 'subsample': 0.8674921020163753, 'learning_rate': 0.014834279795196961, 'max_depth': 15, 'min_child_weight': 249, 'eval_metric': 'rmse'}. Best is trial 581 with value: 7.8118814731889445.
start listen on 192.168.1.101:35783
@tracker All of 4 nodes getting started
@tracker All nodes finishes job
Trial 938 finished with value: 7.814165607419667 and parameters: {'objective': 'reg:squarederror', 'tree_method': 'gpu_hist', 'lambda': 0.09148631980546282, 'alpha': 0.010287068981185043, 'colsample_bytree': 0.6441495566131716, 'subsample': 0.9012080039028495, 'learning_rate': 0.016909837384727046, 'max_depth': 11, 'min_child_weight': 237, 'eval_metric': 'rmse'}. Best is trial 581 with value: 7.8118814731889445.
start listen on 192.168.1.101:53049
@tracker All of 4 nodes getting started
@tracker All nodes finishes job
Trial 939 finished with value: 7.815016199520113 and parameters: {'objective': 'reg:squarederror', 'tree_method': 'gpu_hist', 'lambda': 0.06829675678719398, 'alpha': 0.013328053993560806, 'colsample_bytree': 0.6716391081939826, 'subsample': 0.9370477657910377, 'learning_rate': 0.012281545734516711, 'max_depth': 15, 'min_child_weight': 253, 'eval_metric': 'rmse'}. Best is trial 581 with value: 7.8118814731889445.
start listen on 192.168.1.101:35075
@tracker All of 4 nodes getting started
@tracker All nodes finishes job
Trial 940 finished with value: 7.8679517164573385 and parameters: {'objective': 'reg:squarederror', 'tree_method': 'gpu_hist', 'lambda': 0.12484274822317798, 'alpha': 0.008605176301166867, 'colsample_bytree': 0.6269308989734583, 'subsample': 0.9148409440863774, 'learning_rate': 0.002498832685166052, 'max_depth': 11, 'min_child_weight': 245, 'eval_metric': 'rmse'}. Best is trial 581 with value: 7.8118814731889445.
start listen on 192.168.1.101:37879
@tracker All of 4 nodes getting started
@tracker All nodes finishes job
Trial 941 finished with value: 7.8151369563576925 and parameters: {'objective': 'reg:squarederror', 'tree_method': 'gpu_hist', 'lambda': 0.1079325443732434, 'alpha': 0.0114952261363197, 'colsample_bytree': 0.6138180606447543, 'subsample': 0.8794741880428887, 'learning_rate': 0.009309551439131055, 'max_depth': 15, 'min_child_weight': 254, 'eval_metric': 'rmse'}. Best is trial 581 with value: 7.8118814731889445.
start listen on 192.168.1.101:52215
@tracker All of 4 nodes getting started
@tracker All nodes finishes job
Trial 942 finished with value: 7.8218768659826825 and parameters: {'objective': 'reg:squarederror', 'tree_method': 'gpu_hist', 'lambda': 0.17538358704210671, 'alpha': 0.023769102913875514, 'colsample_bytree': 0.6388390014991182, 'subsample': 0.8953080776771721, 'learning_rate': 0.013574554300026194, 'max_depth': 7, 'min_child_weight': 250, 'eval_metric': 'rmse'}. Best is trial 581 with value: 7.8118814731889445.
start listen on 192.168.1.101:47207
@tracker All of 4 nodes getting started
@tracker All nodes finishes job
Trial 943 finished with value: 7.8472839260064 and parameters: {'objective': 'reg:squarederror', 'tree_method': 'gpu_hist', 'lambda': 0.07745812415531446, 'alpha': 0.016708573045119166, 'colsample_bytree': 0.690267796977214, 'subsample': 0.9299970730284568, 'learning_rate': 0.015252642397371874, 'max_depth': 3, 'min_child_weight': 15, 'eval_metric': 'rmse'}. Best is trial 581 with value: 7.8118814731889445.
start listen on 192.168.1.101:35193
@tracker All of 4 nodes getting started
@tracker All nodes finishes job
Trial 944 finished with value: 7.818379618699998 and parameters: {'objective': 'reg:squarederror', 'tree_method': 'gpu_hist', 'lambda': 0.1430625634307814, 'alpha': 0.012051767679854634, 'colsample_bytree': 0.6524461108270141, 'subsample': 0.8583266871285455, 'learning_rate': 0.010876345088719312, 'max_depth': 11, 'min_child_weight': 242, 'eval_metric': 'rmse'}. Best is trial 581 with value: 7.8118814731889445.
start listen on 192.168.1.101:45915
@tracker All of 4 nodes getting started
@tracker All nodes finishes job
Trial 945 finished with value: 7.827153019270621 and parameters: {'objective': 'reg:squarederror', 'tree_method': 'gpu_hist', 'lambda': 0.09693075818232796, 'alpha': 0.02016918924750663, 'colsample_bytree': 0.6253232386198853, 'subsample': 0.9124309611876933, 'learning_rate': 0.018780425905805687, 'max_depth': 15, 'min_child_weight': 255, 'eval_metric': 'rmse'}. Best is trial 581 with value: 7.8118814731889445.
start listen on 192.168.1.101:56963
@tracker All of 4 nodes getting started
@tracker All nodes finishes job
Trial 946 finished with value: 7.815028803396208 and parameters: {'objective': 'reg:squarederror', 'tree_method': 'gpu_hist', 'lambda': 0.11975117114951417, 'alpha': 0.009336086549852733, 'colsample_bytree': 0.9038799682107632, 'subsample': 0.9247321438865097, 'learning_rate': 0.012710498610250753, 'max_depth': 11, 'min_child_weight': 236, 'eval_metric': 'rmse'}. Best is trial 581 with value: 7.8118814731889445.
start listen on 192.168.1.101:51121
@tracker All of 4 nodes getting started
@tracker All nodes finishes job
Trial 947 finished with value: 7.8194309350446005 and parameters: {'objective': 'reg:squarederror', 'tree_method': 'gpu_hist', 'lambda': 0.08492764487526293, 'alpha': 0.014168617148196155, 'colsample_bytree': 0.6653050441467122, 'subsample': 0.9038400459948709, 'learning_rate': 0.016548685322770974, 'max_depth': 15, 'min_child_weight': 246, 'eval_metric': 'rmse'}. Best is trial 581 with value: 7.8118814731889445.
start listen on 192.168.1.101:54365
@tracker All of 4 nodes getting started
@tracker All nodes finishes job
Trial 948 finished with value: 7.817154316961767 and parameters: {'objective': 'reg:squarederror', 'tree_method': 'gpu_hist', 'lambda': 0.18311657781675292, 'alpha': 0.0112663609532459, 'colsample_bytree': 0.6384758621193216, 'subsample': 0.9496143539793558, 'learning_rate': 0.014225921291194574, 'max_depth': 15, 'min_child_weight': 256, 'eval_metric': 'rmse'}. Best is trial 581 with value: 7.8118814731889445.
start listen on 192.168.1.101:56525
@tracker All of 4 nodes getting started
@tracker All nodes finishes job
Trial 949 finished with value: 7.816723358356191 and parameters: {'objective': 'reg:squarederror', 'tree_method': 'gpu_hist', 'lambda': 0.05866842217076448, 'alpha': 0.007629833179764263, 'colsample_bytree': 0.6132338538470232, 'subsample': 0.891753260146168, 'learning_rate': 0.011429986503336353, 'max_depth': 11, 'min_child_weight': 251, 'eval_metric': 'rmse'}. Best is trial 581 with value: 7.8118814731889445.
start listen on 192.168.1.101:46789
@tracker All of 4 nodes getting started
@tracker All nodes finishes job
Trial 950 finished with value: 7.839128713595058 and parameters: {'objective': 'reg:squarederror', 'tree_method': 'gpu_hist', 'lambda': 0.15148176323216778, 'alpha': 0.015893523614715573, 'colsample_bytree': 0.6580770957469608, 'subsample': 0.915328690311345, 'learning_rate': 0.009988531683777996, 'max_depth': 5, 'min_child_weight': 231, 'eval_metric': 'rmse'}. Best is trial 581 with value: 7.8118814731889445.
start listen on 192.168.1.101:51959
@tracker All of 4 nodes getting started
@tracker All nodes finishes job
Trial 951 finished with value: 7.81840365945551 and parameters: {'objective': 'reg:squarederror', 'tree_method': 'gpu_hist', 'lambda': 0.06414449343886608, 'alpha': 0.009779373957449482, 'colsample_bytree': 0.6293194794005972, 'subsample': 0.9403553770678991, 'learning_rate': 0.015359287569195646, 'max_depth': 15, 'min_child_weight': 240, 'eval_metric': 'rmse'}. Best is trial 581 with value: 7.8118814731889445.
start listen on 192.168.1.101:34967
@tracker All of 4 nodes getting started
@tracker All nodes finishes job
Trial 952 finished with value: 7.815262281131805 and parameters: {'objective': 'reg:squarederror', 'tree_method': 'gpu_hist', 'lambda': 0.08281822008952862, 'alpha': 0.012509618233661783, 'colsample_bytree': 0.6481858677435207, 'subsample': 0.8742767719660951, 'learning_rate': 0.013204403521482262, 'max_depth': 11, 'min_child_weight': 176, 'eval_metric': 'rmse'}. Best is trial 581 with value: 7.8118814731889445.
start listen on 192.168.1.101:36703
@tracker All of 4 nodes getting started
@tracker All nodes finishes job
Trial 953 finished with value: 7.81773604879943 and parameters: {'objective': 'reg:squarederror', 'tree_method': 'gpu_hist', 'lambda': 0.0917210764342422, 'alpha': 0.42176144694410017, 'colsample_bytree': 0.5942523965834394, 'subsample': 0.9050027683332992, 'learning_rate': 0.017652979427789275, 'max_depth': 13, 'min_child_weight': 227, 'eval_metric': 'rmse'}. Best is trial 581 with value: 7.8118814731889445.
start listen on 192.168.1.101:41057
@tracker All of 4 nodes getting started
@tracker All nodes finishes job
Trial 954 finished with value: 7.8143595440433415 and parameters: {'objective': 'reg:squarederror', 'tree_method': 'gpu_hist', 'lambda': 0.10205608294709542, 'alpha': 0.008339919572259755, 'colsample_bytree': 0.6783614525362003, 'subsample': 0.8855379755148178, 'learning_rate': 0.01205966413708253, 'max_depth': 15, 'min_child_weight': 246, 'eval_metric': 'rmse'}. Best is trial 581 with value: 7.8118814731889445.
start listen on 192.168.1.101:58821
@tracker All of 4 nodes getting started
@tracker All nodes finishes job
Trial 955 finished with value: 7.81582475212766 and parameters: {'objective': 'reg:squarederror', 'tree_method': 'gpu_hist', 'lambda': 1.722500462209024, 'alpha': 0.01941196247818591, 'colsample_bytree': 0.6182316386363323, 'subsample': 0.9277317313149193, 'learning_rate': 0.014123887614491619, 'max_depth': 11, 'min_child_weight': 259, 'eval_metric': 'rmse'}. Best is trial 581 with value: 7.8118814731889445.
start listen on 192.168.1.101:55753
@tracker All of 4 nodes getting started
@tracker All nodes finishes job
Trial 956 finished with value: 7.816968159303468 and parameters: {'objective': 'reg:squarederror', 'tree_method': 'gpu_hist', 'lambda': 0.1136426917189888, 'alpha': 0.014747708056620826, 'colsample_bytree': 0.6356488853500729, 'subsample': 0.9170650869003961, 'learning_rate': 0.01591772128410029, 'max_depth': 15, 'min_child_weight': 250, 'eval_metric': 'rmse'}. Best is trial 581 with value: 7.8118814731889445.
start listen on 192.168.1.101:41173
@tracker All of 4 nodes getting started
@tracker All nodes finishes job
Trial 957 finished with value: 7.816268353593497 and parameters: {'objective': 'reg:squarederror', 'tree_method': 'gpu_hist', 'lambda': 0.05800362648705016, 'alpha': 0.011103955830007155, 'colsample_bytree': 0.6647369178849659, 'subsample': 0.8585076626924112, 'learning_rate': 0.010621923999735909, 'max_depth': 11, 'min_child_weight': 257, 'eval_metric': 'rmse'}. Best is trial 581 with value: 7.8118814731889445.
start listen on 192.168.1.101:38429
@tracker All of 4 nodes getting started
@tracker All nodes finishes job
Trial 958 finished with value: 7.815525269748085 and parameters: {'objective': 'reg:squarederror', 'tree_method': 'gpu_hist', 'lambda': 0.13625441573114122, 'alpha': 0.01655196412856278, 'colsample_bytree': 0.6484858583195524, 'subsample': 0.8972209803056532, 'learning_rate': 0.0122791487084029, 'max_depth': 15, 'min_child_weight': 242, 'eval_metric': 'rmse'}. Best is trial 581 with value: 7.8118814731889445.
start listen on 192.168.1.101:49569
@tracker All of 4 nodes getting started
@tracker All nodes finishes job
Trial 959 finished with value: 7.816602713039121 and parameters: {'objective': 'reg:squarederror', 'tree_method': 'gpu_hist', 'lambda': 0.07827430405354385, 'alpha': 0.010154302405425602, 'colsample_bytree': 0.6039527443628196, 'subsample': 0.9312640579360335, 'learning_rate': 0.018278011698785887, 'max_depth': 9, 'min_child_weight': 252, 'eval_metric': 'rmse'}. Best is trial 581 with value: 7.8118814731889445.
start listen on 192.168.1.101:37379
@tracker All of 4 nodes getting started
@tracker All nodes finishes job
Trial 960 finished with value: 7.817699943681772 and parameters: {'objective': 'reg:squarederror', 'tree_method': 'gpu_hist', 'lambda': 0.16340343006184724, 'alpha': 0.007090670157016347, 'colsample_bytree': 0.6236382572366649, 'subsample': 0.9083456240395953, 'learning_rate': 0.009234704667848634, 'max_depth': 11, 'min_child_weight': 237, 'eval_metric': 'rmse'}. Best is trial 581 with value: 7.8118814731889445.
start listen on 192.168.1.101:58043
@tracker All of 4 nodes getting started
@tracker All nodes finishes job
Trial 961 finished with value: 7.816032964455568 and parameters: {'objective': 'reg:squarederror', 'tree_method': 'gpu_hist', 'lambda': 0.011139991149906396, 'alpha': 0.01270715224960724, 'colsample_bytree': 0.6403088170846223, 'subsample': 0.8847640286952435, 'learning_rate': 0.013506695870264672, 'max_depth': 15, 'min_child_weight': 246, 'eval_metric': 'rmse'}. Best is trial 581 with value: 7.8118814731889445.
start listen on 192.168.1.101:40197
@tracker All of 4 nodes getting started
@tracker All nodes finishes job
Trial 962 finished with value: 7.822591120841665 and parameters: {'objective': 'reg:squarederror', 'tree_method': 'gpu_hist', 'lambda': 0.12342186047820672, 'alpha': 1.2301490863831974, 'colsample_bytree': 0.5836488611230214, 'subsample': 0.8710888257057758, 'learning_rate': 0.015140155112637393, 'max_depth': 17, 'min_child_weight': 256, 'eval_metric': 'rmse'}. Best is trial 581 with value: 7.8118814731889445.
start listen on 192.168.1.101:43891
@tracker All of 4 nodes getting started
@tracker All nodes finishes job
Trial 963 finished with value: 7.821244118630494 and parameters: {'objective': 'reg:squarederror', 'tree_method': 'gpu_hist', 'lambda': 0.09355327810992159, 'alpha': 0.009469376137296757, 'colsample_bytree': 0.6888021197861941, 'subsample': 0.9455885195092246, 'learning_rate': 0.02031668173447137, 'max_depth': 11, 'min_child_weight': 259, 'eval_metric': 'rmse'}. Best is trial 581 with value: 7.8118814731889445.
start listen on 192.168.1.101:45869
@tracker All of 4 nodes getting started
@tracker All nodes finishes job
Trial 964 finished with value: 7.815201263192413 and parameters: {'objective': 'reg:squarederror', 'tree_method': 'gpu_hist', 'lambda': 0.06753208054501333, 'alpha': 0.013622317718907265, 'colsample_bytree': 0.6149050664400415, 'subsample': 0.9211256957960309, 'learning_rate': 0.011240154352992414, 'max_depth': 15, 'min_child_weight': 251, 'eval_metric': 'rmse'}. Best is trial 581 with value: 7.8118814731889445.
start listen on 192.168.1.101:51095
@tracker All of 4 nodes getting started
@tracker All nodes finishes job
