Trial 378 finished with value: 7.816608133903694 and parameters: {'objective': 'reg:squarederror', 'tree_method': 'gpu_hist', 'lambda': 0.003339237267473987, 'alpha': 0.009501819371508537, 'colsample_bytree': 0.6331506624795721, 'subsample': 0.8846590331490717, 'learning_rate': 0.009329827670122835, 'max_depth': 15, 'min_child_weight': 248, 'eval_metric': 'rmse'}. Best is trial 79 with value: 7.812327109628506.
start listen on 192.168.1.101:54157
@tracker All of 4 nodes getting started
@tracker All nodes finishes job
Trial 379 finished with value: 7.820299942656861 and parameters: {'objective': 'reg:squarederror', 'tree_method': 'gpu_hist', 'lambda': 0.0031787454805396616, 'alpha': 0.011549774961905374, 'colsample_bytree': 0.6187255954045421, 'subsample': 0.9029680148922038, 'learning_rate': 0.006993623468325841, 'max_depth': 15, 'min_child_weight': 257, 'eval_metric': 'rmse'}. Best is trial 79 with value: 7.812327109628506.
start listen on 192.168.1.101:46873
@tracker All of 4 nodes getting started
@tracker All nodes finishes job
Trial 380 finished with value: 7.815909154180127 and parameters: {'objective': 'reg:squarederror', 'tree_method': 'gpu_hist', 'lambda': 0.002211847570715572, 'alpha': 0.00994685872966738, 'colsample_bytree': 0.6043746361351069, 'subsample': 0.917884073253058, 'learning_rate': 0.00915344371790204, 'max_depth': 15, 'min_child_weight': 250, 'eval_metric': 'rmse'}. Best is trial 79 with value: 7.812327109628506.
start listen on 192.168.1.101:59477
@tracker All of 4 nodes getting started
@tracker All nodes finishes job
Trial 381 finished with value: 7.821643298891548 and parameters: {'objective': 'reg:squarederror', 'tree_method': 'gpu_hist', 'lambda': 0.0031561924138568277, 'alpha': 0.014079245547095567, 'colsample_bytree': 0.6401163414294626, 'subsample': 0.8914409424235535, 'learning_rate': 0.006255355381827378, 'max_depth': 15, 'min_child_weight': 243, 'eval_metric': 'rmse'}. Best is trial 79 with value: 7.812327109628506.
start listen on 192.168.1.101:42247
@tracker All of 4 nodes getting started
@tracker All nodes finishes job
Trial 382 finished with value: 7.816394789320168 and parameters: {'objective': 'reg:squarederror', 'tree_method': 'gpu_hist', 'lambda': 0.003875294042658942, 'alpha': 0.01121601986505374, 'colsample_bytree': 0.5959211975386266, 'subsample': 0.90564454327831, 'learning_rate': 0.009566450178620758, 'max_depth': 15, 'min_child_weight': 260, 'eval_metric': 'rmse'}. Best is trial 79 with value: 7.812327109628506.
start listen on 192.168.1.101:40847
@tracker All of 4 nodes getting started
@tracker All nodes finishes job
Trial 383 finished with value: 7.818355845755833 and parameters: {'objective': 'reg:squarederror', 'tree_method': 'gpu_hist', 'lambda': 0.002155922652805273, 'alpha': 0.008375681095702726, 'colsample_bytree': 0.6274365573668949, 'subsample': 0.9236592156217692, 'learning_rate': 0.008258284321709107, 'max_depth': 15, 'min_child_weight': 250, 'eval_metric': 'rmse'}. Best is trial 79 with value: 7.812327109628506.
start listen on 192.168.1.101:40287
@tracker All of 4 nodes getting started
@tracker All nodes finishes job
Trial 384 finished with value: 7.817894817434311 and parameters: {'objective': 'reg:squarederror', 'tree_method': 'gpu_hist', 'lambda': 0.0027484437241245938, 'alpha': 0.020747876601281252, 'colsample_bytree': 0.6120456632945476, 'subsample': 0.9151054012926334, 'learning_rate': 0.00795385514333223, 'max_depth': 15, 'min_child_weight': 257, 'eval_metric': 'rmse'}. Best is trial 79 with value: 7.812327109628506.
start listen on 192.168.1.101:50691
@tracker All of 4 nodes getting started
@tracker All nodes finishes job
Trial 385 finished with value: 7.816650134760192 and parameters: {'objective': 'reg:squarederror', 'tree_method': 'gpu_hist', 'lambda': 0.0035905236885808117, 'alpha': 0.007727187248314856, 'colsample_bytree': 0.5958455688788221, 'subsample': 0.8760334520743913, 'learning_rate': 0.008577060908011936, 'max_depth': 15, 'min_child_weight': 242, 'eval_metric': 'rmse'}. Best is trial 79 with value: 7.812327109628506.
start listen on 192.168.1.101:56593
@tracker All of 4 nodes getting started
@tracker All nodes finishes job
Trial 386 finished with value: 7.816908807769139 and parameters: {'objective': 'reg:squarederror', 'tree_method': 'gpu_hist', 'lambda': 0.0026356001862993324, 'alpha': 0.007648484477763807, 'colsample_bytree': 0.5817673156487286, 'subsample': 0.8927619082913398, 'learning_rate': 0.010177498414956758, 'max_depth': 15, 'min_child_weight': 85, 'eval_metric': 'rmse'}. Best is trial 79 with value: 7.812327109628506.
start listen on 192.168.1.101:49175
@tracker All of 4 nodes getting started
@tracker All nodes finishes job
Trial 387 finished with value: 7.816454416376405 and parameters: {'objective': 'reg:squarederror', 'tree_method': 'gpu_hist', 'lambda': 0.0022348973842240345, 'alpha': 0.010069118057207433, 'colsample_bytree': 0.6437834083378963, 'subsample': 0.929225272495419, 'learning_rate': 0.010185441762805643, 'max_depth': 15, 'min_child_weight': 264, 'eval_metric': 'rmse'}. Best is trial 79 with value: 7.812327109628506.
start listen on 192.168.1.101:36183
@tracker All of 4 nodes getting started
@tracker All nodes finishes job
Trial 388 finished with value: 7.815865721689551 and parameters: {'objective': 'reg:squarederror', 'tree_method': 'gpu_hist', 'lambda': 0.0042924443989602505, 'alpha': 0.00673889802841051, 'colsample_bytree': 0.6099347342239462, 'subsample': 0.9025864173618403, 'learning_rate': 0.010178485767171851, 'max_depth': 15, 'min_child_weight': 238, 'eval_metric': 'rmse'}. Best is trial 79 with value: 7.812327109628506.
start listen on 192.168.1.101:35327
@tracker All of 4 nodes getting started
@tracker All nodes finishes job
Trial 389 finished with value: 7.818114294874463 and parameters: {'objective': 'reg:squarederror', 'tree_method': 'gpu_hist', 'lambda': 0.0030742674697450093, 'alpha': 0.009905512136097337, 'colsample_bytree': 0.6276314097456145, 'subsample': 0.404640888326969, 'learning_rate': 0.010665105543632095, 'max_depth': 15, 'min_child_weight': 246, 'eval_metric': 'rmse'}. Best is trial 79 with value: 7.812327109628506.
start listen on 192.168.1.101:33275
@tracker All of 4 nodes getting started
@tracker All nodes finishes job
Trial 390 finished with value: 7.8186231515253475 and parameters: {'objective': 'reg:squarederror', 'tree_method': 'gpu_hist', 'lambda': 0.003745487182245526, 'alpha': 0.008849576959028844, 'colsample_bytree': 0.548121580467051, 'subsample': 0.9135627351418187, 'learning_rate': 0.008902465844110528, 'max_depth': 15, 'min_child_weight': 253, 'eval_metric': 'rmse'}. Best is trial 79 with value: 7.812327109628506.
start listen on 192.168.1.101:58783
@tracker All of 4 nodes getting started
@tracker All nodes finishes job
Trial 391 finished with value: 7.817325933610424 and parameters: {'objective': 'reg:squarederror', 'tree_method': 'gpu_hist', 'lambda': 0.0021377392451402384, 'alpha': 0.006630899940801015, 'colsample_bytree': 0.516884824521758, 'subsample': 0.9226900026271109, 'learning_rate': 0.009508993310021783, 'max_depth': 15, 'min_child_weight': 261, 'eval_metric': 'rmse'}. Best is trial 79 with value: 7.812327109628506.
start listen on 192.168.1.101:53127
@tracker All of 4 nodes getting started
@tracker All nodes finishes job
Trial 392 finished with value: 7.818554048910457 and parameters: {'objective': 'reg:squarederror', 'tree_method': 'gpu_hist', 'lambda': 0.0030202166108303126, 'alpha': 0.00784811378165724, 'colsample_bytree': 0.5659862577043425, 'subsample': 0.9042096295061133, 'learning_rate': 0.008660390932782574, 'max_depth': 15, 'min_child_weight': 254, 'eval_metric': 'rmse'}. Best is trial 79 with value: 7.812327109628506.
start listen on 192.168.1.101:33141
@tracker All of 4 nodes getting started
@tracker All nodes finishes job
Trial 393 finished with value: 7.817367703904213 and parameters: {'objective': 'reg:squarederror', 'tree_method': 'gpu_hist', 'lambda': 0.002501976783394518, 'alpha': 0.012540969801063126, 'colsample_bytree': 0.5860295555037593, 'subsample': 0.9312880248772893, 'learning_rate': 0.00805390031137964, 'max_depth': 15, 'min_child_weight': 236, 'eval_metric': 'rmse'}. Best is trial 79 with value: 7.812327109628506.
start listen on 192.168.1.101:41729
@tracker All of 4 nodes getting started
@tracker All nodes finishes job
Trial 394 finished with value: 7.816909539018455 and parameters: {'objective': 'reg:squarederror', 'tree_method': 'gpu_hist', 'lambda': 0.004361457310011198, 'alpha': 0.00627651814557836, 'colsample_bytree': 0.6077835365165192, 'subsample': 0.8718002882317551, 'learning_rate': 0.007712076853789869, 'max_depth': 15, 'min_child_weight': 246, 'eval_metric': 'rmse'}. Best is trial 79 with value: 7.812327109628506.
start listen on 192.168.1.101:58609
@tracker All of 4 nodes getting started
@tracker All nodes finishes job
Trial 395 finished with value: 7.813245840439629 and parameters: {'objective': 'reg:squarederror', 'tree_method': 'gpu_hist', 'lambda': 0.019316419071418026, 'alpha': 0.011126381887900732, 'colsample_bytree': 0.6316470855521564, 'subsample': 0.7649789545418173, 'learning_rate': 0.011163600309565432, 'max_depth': 15, 'min_child_weight': 266, 'eval_metric': 'rmse'}. Best is trial 79 with value: 7.812327109628506.
start listen on 192.168.1.101:34203
@tracker All of 4 nodes getting started
@tracker All nodes finishes job
Trial 396 finished with value: 7.815185213209431 and parameters: {'objective': 'reg:squarederror', 'tree_method': 'gpu_hist', 'lambda': 0.01076194052390622, 'alpha': 0.015667673984267667, 'colsample_bytree': 0.6449348606630646, 'subsample': 0.8568372501393888, 'learning_rate': 0.010999219072748017, 'max_depth': 15, 'min_child_weight': 266, 'eval_metric': 'rmse'}. Best is trial 79 with value: 7.812327109628506.
start listen on 192.168.1.101:40535
@tracker All of 4 nodes getting started
@tracker All nodes finishes job
Trial 397 finished with value: 7.816563215135637 and parameters: {'objective': 'reg:squarederror', 'tree_method': 'gpu_hist', 'lambda': 0.00576948213593607, 'alpha': 0.01260672423079213, 'colsample_bytree': 0.63032653888205, 'subsample': 0.8045667959520186, 'learning_rate': 0.011035234534697938, 'max_depth': 15, 'min_child_weight': 259, 'eval_metric': 'rmse'}. Best is trial 79 with value: 7.812327109628506.
start listen on 192.168.1.101:52757
@tracker All of 4 nodes getting started
@tracker All nodes finishes job
Trial 398 finished with value: 7.816587073535748 and parameters: {'objective': 'reg:squarederror', 'tree_method': 'gpu_hist', 'lambda': 0.028866969724960303, 'alpha': 0.018410992244987517, 'colsample_bytree': 0.647600918287639, 'subsample': 0.7712649351823634, 'learning_rate': 0.008883070465962793, 'max_depth': 15, 'min_child_weight': 251, 'eval_metric': 'rmse'}. Best is trial 79 with value: 7.812327109628506.
start listen on 192.168.1.101:53819
@tracker All of 4 nodes getting started
@tracker All nodes finishes job
Trial 399 finished with value: 7.820021449134152 and parameters: {'objective': 'reg:squarederror', 'tree_method': 'gpu_hist', 'lambda': 0.007070802070042333, 'alpha': 0.011587515987070536, 'colsample_bytree': 0.6211763000602548, 'subsample': 0.9187223736651607, 'learning_rate': 0.006749572779270616, 'max_depth': 15, 'min_child_weight': 264, 'eval_metric': 'rmse'}. Best is trial 79 with value: 7.812327109628506.
start listen on 192.168.1.101:35725
@tracker All of 4 nodes getting started
@tracker All nodes finishes job
Trial 400 finished with value: 7.817350979102103 and parameters: {'objective': 'reg:squarederror', 'tree_method': 'gpu_hist', 'lambda': 0.016515803699485278, 'alpha': 0.009306017754148537, 'colsample_bytree': 0.6332569306336099, 'subsample': 0.8243913224638859, 'learning_rate': 0.012495236873859275, 'max_depth': 15, 'min_child_weight': 240, 'eval_metric': 'rmse'}. Best is trial 79 with value: 7.812327109628506.
start listen on 192.168.1.101:37953
@tracker All of 4 nodes getting started
@tracker All nodes finishes job
Trial 401 finished with value: 7.816197427198668 and parameters: {'objective': 'reg:squarederror', 'tree_method': 'gpu_hist', 'lambda': 0.005001577700944695, 'alpha': 0.007472184048431062, 'colsample_bytree': 0.6607492410436147, 'subsample': 0.8870316495588719, 'learning_rate': 0.012056511719642591, 'max_depth': 15, 'min_child_weight': 271, 'eval_metric': 'rmse'}. Best is trial 79 with value: 7.812327109628506.
start listen on 192.168.1.101:37841
@tracker All of 4 nodes getting started
@tracker All nodes finishes job
Trial 402 finished with value: 7.8160762626666 and parameters: {'objective': 'reg:squarederror', 'tree_method': 'gpu_hist', 'lambda': 0.05381013912026325, 'alpha': 0.010023383169611858, 'colsample_bytree': 0.6211604711314601, 'subsample': 0.9345223765963543, 'learning_rate': 0.012753491401691871, 'max_depth': 15, 'min_child_weight': 258, 'eval_metric': 'rmse'}. Best is trial 79 with value: 7.812327109628506.
start listen on 192.168.1.101:52919
@tracker All of 4 nodes getting started
@tracker All nodes finishes job
Trial 403 finished with value: 7.816334134178266 and parameters: {'objective': 'reg:squarederror', 'tree_method': 'gpu_hist', 'lambda': 0.009063191532264954, 'alpha': 0.00851702836680044, 'colsample_bytree': 0.6380747022716461, 'subsample': 0.7237468669059898, 'learning_rate': 0.011465745496698218, 'max_depth': 15, 'min_child_weight': 247, 'eval_metric': 'rmse'}. Best is trial 79 with value: 7.812327109628506.
start listen on 192.168.1.101:33411
@tracker All of 4 nodes getting started
@tracker All nodes finishes job
Trial 404 finished with value: 7.819031234302558 and parameters: {'objective': 'reg:squarederror', 'tree_method': 'gpu_hist', 'lambda': 0.040023345618061444, 'alpha': 0.00585359252170399, 'colsample_bytree': 0.6083816056269968, 'subsample': 0.751072245102659, 'learning_rate': 0.009811333099832514, 'max_depth': 15, 'min_child_weight': 253, 'eval_metric': 'rmse'}. Best is trial 79 with value: 7.812327109628506.
start listen on 192.168.1.101:32985
@tracker All of 4 nodes getting started
@tracker All nodes finishes job
Trial 405 finished with value: 7.818848739755416 and parameters: {'objective': 'reg:squarederror', 'tree_method': 'gpu_hist', 'lambda': 0.11463304331158289, 'alpha': 0.006999296026262185, 'colsample_bytree': 0.5363070957148692, 'subsample': 0.7023954705433859, 'learning_rate': 0.013653625692966128, 'max_depth': 15, 'min_child_weight': 233, 'eval_metric': 'rmse'}. Best is trial 79 with value: 7.812327109628506.
start listen on 192.168.1.101:55785
@tracker All of 4 nodes getting started
@tracker All nodes finishes job
Trial 406 finished with value: 7.813984635138027 and parameters: {'objective': 'reg:squarederror', 'tree_method': 'gpu_hist', 'lambda': 0.013217990289638203, 'alpha': 0.011045237998135388, 'colsample_bytree': 0.6488374094823366, 'subsample': 0.7823079565949282, 'learning_rate': 0.01038058278921419, 'max_depth': 15, 'min_child_weight': 242, 'eval_metric': 'rmse'}. Best is trial 79 with value: 7.812327109628506.
start listen on 192.168.1.101:37701
@tracker All of 4 nodes getting started
@tracker All nodes finishes job
Trial 407 finished with value: 7.813861640012212 and parameters: {'objective': 'reg:squarederror', 'tree_method': 'gpu_hist', 'lambda': 0.013518175957451993, 'alpha': 0.015417236601235552, 'colsample_bytree': 0.6605268774174563, 'subsample': 0.7607519875713634, 'learning_rate': 0.011476694955786394, 'max_depth': 15, 'min_child_weight': 240, 'eval_metric': 'rmse'}. Best is trial 79 with value: 7.812327109628506.
start listen on 192.168.1.101:56881
@tracker All of 4 nodes getting started
@tracker All nodes finishes job
Trial 408 finished with value: 7.8168721644796735 and parameters: {'objective': 'reg:squarederror', 'tree_method': 'gpu_hist', 'lambda': 0.01274866789046917, 'alpha': 0.014878976916679295, 'colsample_bytree': 0.6569628001433413, 'subsample': 0.7613513860236526, 'learning_rate': 0.010621401917875084, 'max_depth': 15, 'min_child_weight': 240, 'eval_metric': 'rmse'}. Best is trial 79 with value: 7.812327109628506.
start listen on 192.168.1.101:45851
@tracker All of 4 nodes getting started
@tracker All nodes finishes job
Trial 409 finished with value: 7.817606514547551 and parameters: {'objective': 'reg:squarederror', 'tree_method': 'gpu_hist', 'lambda': 0.011386177463458333, 'alpha': 0.0174764923511983, 'colsample_bytree': 0.6590353417955215, 'subsample': 0.7429788037807669, 'learning_rate': 0.010970295039431031, 'max_depth': 15, 'min_child_weight': 243, 'eval_metric': 'rmse'}. Best is trial 79 with value: 7.812327109628506.
start listen on 192.168.1.101:34369
@tracker All of 4 nodes getting started
@tracker All nodes finishes job
Trial 410 finished with value: 7.8149148196758045 and parameters: {'objective': 'reg:squarederror', 'tree_method': 'gpu_hist', 'lambda': 0.021800975564396998, 'alpha': 0.0203649544075619, 'colsample_bytree': 0.6509053380632013, 'subsample': 0.7867568580565607, 'learning_rate': 0.011675845761809746, 'max_depth': 15, 'min_child_weight': 232, 'eval_metric': 'rmse'}. Best is trial 79 with value: 7.812327109628506.
start listen on 192.168.1.101:36795
@tracker All of 4 nodes getting started
@tracker All nodes finishes job
Trial 411 finished with value: 7.812382517767234 and parameters: {'objective': 'reg:squarederror', 'tree_method': 'gpu_hist', 'lambda': 0.013639851584092077, 'alpha': 0.0145351705670812, 'colsample_bytree': 0.673269655264422, 'subsample': 0.7618584651527063, 'learning_rate': 0.010342440059664972, 'max_depth': 15, 'min_child_weight': 248, 'eval_metric': 'rmse'}. Best is trial 79 with value: 7.812327109628506.
start listen on 192.168.1.101:54761
@tracker All of 4 nodes getting started
@tracker All nodes finishes job
Trial 412 finished with value: 7.819150394238071 and parameters: {'objective': 'reg:squarederror', 'tree_method': 'gpu_hist', 'lambda': 0.013319373919524114, 'alpha': 0.016762971291710865, 'colsample_bytree': 0.6732155268032892, 'subsample': 0.7589175972317754, 'learning_rate': 0.00975894775911524, 'max_depth': 15, 'min_child_weight': 245, 'eval_metric': 'rmse'}. Best is trial 79 with value: 7.812327109628506.
start listen on 192.168.1.101:55997
@tracker All of 4 nodes getting started
@tracker All nodes finishes job
Trial 413 finished with value: 7.816526721432516 and parameters: {'objective': 'reg:squarederror', 'tree_method': 'gpu_hist', 'lambda': 0.017271806537964136, 'alpha': 0.014638778764007349, 'colsample_bytree': 0.6880050826866181, 'subsample': 0.7708555542790856, 'learning_rate': 0.009556750437244988, 'max_depth': 15, 'min_child_weight': 239, 'eval_metric': 'rmse'}. Best is trial 79 with value: 7.812327109628506.
start listen on 192.168.1.101:41925
@tracker All of 4 nodes getting started
@tracker All nodes finishes job
Trial 414 finished with value: 7.816939006273055 and parameters: {'objective': 'reg:squarederror', 'tree_method': 'gpu_hist', 'lambda': 0.011386625585396602, 'alpha': 0.012844163671509574, 'colsample_bytree': 0.6664872678060526, 'subsample': 0.7837859108993346, 'learning_rate': 0.010094195529464127, 'max_depth': 15, 'min_child_weight': 246, 'eval_metric': 'rmse'}. Best is trial 79 with value: 7.812327109628506.
start listen on 192.168.1.101:48961
@tracker All of 4 nodes getting started
@tracker All nodes finishes job
Trial 415 finished with value: 7.814442745103764 and parameters: {'objective': 'reg:squarederror', 'tree_method': 'gpu_hist', 'lambda': 0.017925625411897298, 'alpha': 0.028260896968383666, 'colsample_bytree': 0.6798754093656066, 'subsample': 0.7682785591555108, 'learning_rate': 0.010693399542237116, 'max_depth': 15, 'min_child_weight': 232, 'eval_metric': 'rmse'}. Best is trial 79 with value: 7.812327109628506.
start listen on 192.168.1.101:45879
@tracker All of 4 nodes getting started
@tracker All nodes finishes job
Trial 416 finished with value: 7.8170413496936755 and parameters: {'objective': 'reg:squarederror', 'tree_method': 'gpu_hist', 'lambda': 0.02026080062003377, 'alpha': 0.013395536863314798, 'colsample_bytree': 0.6515929514832347, 'subsample': 0.7318090169133783, 'learning_rate': 0.011669407054419394, 'max_depth': 15, 'min_child_weight': 249, 'eval_metric': 'rmse'}. Best is trial 79 with value: 7.812327109628506.
start listen on 192.168.1.101:53203
@tracker All of 4 nodes getting started
@tracker All nodes finishes job
Trial 417 finished with value: 7.8166658065935115 and parameters: {'objective': 'reg:squarederror', 'tree_method': 'gpu_hist', 'lambda': 0.014359576770555113, 'alpha': 0.01133960142719816, 'colsample_bytree': 0.6784527367647922, 'subsample': 0.771464748347788, 'learning_rate': 0.012916087685725048, 'max_depth': 17, 'min_child_weight': 237, 'eval_metric': 'rmse'}. Best is trial 79 with value: 7.812327109628506.
start listen on 192.168.1.101:36193
@tracker All of 4 nodes getting started
@tracker All nodes finishes job
Trial 418 finished with value: 7.816489499245926 and parameters: {'objective': 'reg:squarederror', 'tree_method': 'gpu_hist', 'lambda': 0.01318634659465004, 'alpha': 0.02034921717279814, 'colsample_bytree': 0.6458887862240008, 'subsample': 0.7456017392043275, 'learning_rate': 0.01066691644244353, 'max_depth': 15, 'min_child_weight': 241, 'eval_metric': 'rmse'}. Best is trial 79 with value: 7.812327109628506.
start listen on 192.168.1.101:41117
@tracker All of 4 nodes getting started
@tracker All nodes finishes job
Trial 419 finished with value: 7.816095735687193 and parameters: {'objective': 'reg:squarederror', 'tree_method': 'gpu_hist', 'lambda': 0.016624649603350763, 'alpha': 0.016459786952788824, 'colsample_bytree': 0.661948039926186, 'subsample': 0.8195243622951294, 'learning_rate': 0.009232290675280795, 'max_depth': 20, 'min_child_weight': 226, 'eval_metric': 'rmse'}. Best is trial 79 with value: 7.812327109628506.
start listen on 192.168.1.101:45669
@tracker All of 4 nodes getting started
@tracker All nodes finishes job
