Trial 630 finished with value: 7.815621876866428 and parameters: {'objective': 'reg:squarederror', 'tree_method': 'gpu_hist', 'lambda': 0.007042460525007923, 'alpha': 0.019240507917346054, 'colsample_bytree': 0.6565675319491725, 'subsample': 0.7103356162967512, 'learning_rate': 0.012196199014044427, 'max_depth': 13, 'min_child_weight': 279, 'eval_metric': 'rmse'}. Best is trial 581 with value: 7.8118814731889445.
start listen on 192.168.1.101:54431
@tracker All of 4 nodes getting started
@tracker All nodes finishes job
Trial 631 finished with value: 7.817125547049251 and parameters: {'objective': 'reg:squarederror', 'tree_method': 'gpu_hist', 'lambda': 0.009711939049179219, 'alpha': 0.018278745266920072, 'colsample_bytree': 0.9105652955954229, 'subsample': 0.8788521761005751, 'learning_rate': 0.014145542993868221, 'max_depth': 11, 'min_child_weight': 234, 'eval_metric': 'rmse'}. Best is trial 581 with value: 7.8118814731889445.
start listen on 192.168.1.101:50153
@tracker All of 4 nodes getting started
@tracker All nodes finishes job
Trial 632 finished with value: 7.814375382958064 and parameters: {'objective': 'reg:squarederror', 'tree_method': 'gpu_hist', 'lambda': 0.013644565198540511, 'alpha': 0.003897664459707642, 'colsample_bytree': 0.6218244181626068, 'subsample': 0.8917907426481324, 'learning_rate': 0.016630181590243223, 'max_depth': 11, 'min_child_weight': 271, 'eval_metric': 'rmse'}. Best is trial 581 with value: 7.8118814731889445.
start listen on 192.168.1.101:35667
@tracker All of 4 nodes getting started
@tracker All nodes finishes job
Trial 633 finished with value: 7.815267085255933 and parameters: {'objective': 'reg:squarederror', 'tree_method': 'gpu_hist', 'lambda': 0.0980067300670258, 'alpha': 0.029511212163732477, 'colsample_bytree': 0.6371306467009193, 'subsample': 0.9002080713929425, 'learning_rate': 0.012418784028290362, 'max_depth': 15, 'min_child_weight': 253, 'eval_metric': 'rmse'}. Best is trial 581 with value: 7.8118814731889445.
start listen on 192.168.1.101:52533
@tracker All of 4 nodes getting started
@tracker All nodes finishes job
Trial 634 finished with value: 7.819165620652461 and parameters: {'objective': 'reg:squarederror', 'tree_method': 'gpu_hist', 'lambda': 0.006227366954682965, 'alpha': 0.0151319523527379, 'colsample_bytree': 0.6050016292037735, 'subsample': 0.9179542047175062, 'learning_rate': 0.023231443306471495, 'max_depth': 11, 'min_child_weight': 244, 'eval_metric': 'rmse'}. Best is trial 581 with value: 7.8118814731889445.
start listen on 192.168.1.101:48341
@tracker All of 4 nodes getting started
@tracker All nodes finishes job
Trial 635 finished with value: 7.820038519565634 and parameters: {'objective': 'reg:squarederror', 'tree_method': 'gpu_hist', 'lambda': 0.019673876371615558, 'alpha': 0.012702887487804392, 'colsample_bytree': 0.7001151487477109, 'subsample': 0.8682452099065912, 'learning_rate': 0.010851893395794773, 'max_depth': 9, 'min_child_weight': 262, 'eval_metric': 'rmse'}. Best is trial 581 with value: 7.8118814731889445.
start listen on 192.168.1.101:49097
@tracker All of 4 nodes getting started
@tracker All nodes finishes job
Trial 636 finished with value: 7.8155480596126345 and parameters: {'objective': 'reg:squarederror', 'tree_method': 'gpu_hist', 'lambda': 0.008074281230504136, 'alpha': 0.006371825764442119, 'colsample_bytree': 0.628703795770204, 'subsample': 0.8510878949145728, 'learning_rate': 0.015008392626030154, 'max_depth': 15, 'min_child_weight': 239, 'eval_metric': 'rmse'}. Best is trial 581 with value: 7.8118814731889445.
start listen on 192.168.1.101:58051
@tracker All of 4 nodes getting started
@tracker All nodes finishes job
Trial 637 finished with value: 7.816950674813462 and parameters: {'objective': 'reg:squarederror', 'tree_method': 'gpu_hist', 'lambda': 0.028049729622637427, 'alpha': 0.005029656434534851, 'colsample_bytree': 0.6503843972571348, 'subsample': 0.9325612129037621, 'learning_rate': 0.01307146676357728, 'max_depth': 11, 'min_child_weight': 223, 'eval_metric': 'rmse'}. Best is trial 581 with value: 7.8118814731889445.
start listen on 192.168.1.101:44891
@tracker All of 4 nodes getting started
@tracker All nodes finishes job
Trial 638 finished with value: 7.822957148015787 and parameters: {'objective': 'reg:squarederror', 'tree_method': 'gpu_hist', 'lambda': 9.792538969139548, 'alpha': 0.003302731600027791, 'colsample_bytree': 0.5924013331127949, 'subsample': 0.9064021600176367, 'learning_rate': 0.017425635518627327, 'max_depth': 17, 'min_child_weight': 248, 'eval_metric': 'rmse'}. Best is trial 581 with value: 7.8118814731889445.
start listen on 192.168.1.101:58061
@tracker All of 4 nodes getting started
@tracker All nodes finishes job
Trial 639 finished with value: 7.8166152758153835 and parameters: {'objective': 'reg:squarederror', 'tree_method': 'gpu_hist', 'lambda': 0.012890600998811948, 'alpha': 0.19936815174020245, 'colsample_bytree': 0.6155589795284099, 'subsample': 0.8848856748040632, 'learning_rate': 0.014932096521612752, 'max_depth': 15, 'min_child_weight': 267, 'eval_metric': 'rmse'}. Best is trial 581 with value: 7.8118814731889445.
start listen on 192.168.1.101:59143
@tracker All of 4 nodes getting started
@tracker All nodes finishes job
Trial 640 finished with value: 7.816344031434523 and parameters: {'objective': 'reg:squarederror', 'tree_method': 'gpu_hist', 'lambda': 1.1017400165621865, 'alpha': 0.01651589174243212, 'colsample_bytree': 0.6648377363337058, 'subsample': 0.896677381464843, 'learning_rate': 0.011201945101035634, 'max_depth': 11, 'min_child_weight': 255, 'eval_metric': 'rmse'}. Best is trial 581 with value: 7.8118814731889445.
start listen on 192.168.1.101:50313
@tracker All of 4 nodes getting started
@tracker All nodes finishes job
Trial 641 finished with value: 7.819709323333962 and parameters: {'objective': 'reg:squarederror', 'tree_method': 'gpu_hist', 'lambda': 2.852133607279119, 'alpha': 0.00738704620957486, 'colsample_bytree': 0.6440279954595793, 'subsample': 0.9118333032657099, 'learning_rate': 0.019693670341586905, 'max_depth': 11, 'min_child_weight': 275, 'eval_metric': 'rmse'}. Best is trial 581 with value: 7.8118814731889445.
start listen on 192.168.1.101:41415
@tracker All of 4 nodes getting started
@tracker All nodes finishes job
Trial 642 finished with value: 7.816877030011056 and parameters: {'objective': 'reg:squarederror', 'tree_method': 'gpu_hist', 'lambda': 0.15103661697605805, 'alpha': 0.011509802458972162, 'colsample_bytree': 0.6847750152538133, 'subsample': 0.9243923091552985, 'learning_rate': 0.013805837664928673, 'max_depth': 15, 'min_child_weight': 249, 'eval_metric': 'rmse'}. Best is trial 581 with value: 7.8118814731889445.
start listen on 192.168.1.101:60879
@tracker All of 4 nodes getting started
@tracker All nodes finishes job
Trial 643 finished with value: 7.818742697185498 and parameters: {'objective': 'reg:squarederror', 'tree_method': 'gpu_hist', 'lambda': 0.010989652249758161, 'alpha': 1.5820592532805768, 'colsample_bytree': 0.6301440359000087, 'subsample': 0.9384551242784472, 'learning_rate': 0.016469330379793767, 'max_depth': 20, 'min_child_weight': 262, 'eval_metric': 'rmse'}. Best is trial 581 with value: 7.8118814731889445.
start listen on 192.168.1.101:52723
@tracker All of 4 nodes getting started
@tracker All nodes finishes job
Trial 644 finished with value: 7.817088822384702 and parameters: {'objective': 'reg:squarederror', 'tree_method': 'gpu_hist', 'lambda': 0.015725733536954774, 'alpha': 0.03540122409522158, 'colsample_bytree': 0.5684806077533814, 'subsample': 0.8777705209662533, 'learning_rate': 0.011868893214888614, 'max_depth': 11, 'min_child_weight': 244, 'eval_metric': 'rmse'}. Best is trial 581 with value: 7.8118814731889445.
start listen on 192.168.1.101:48801
@tracker All of 4 nodes getting started
@tracker All nodes finishes job
Trial 645 finished with value: 7.8218768848800595 and parameters: {'objective': 'reg:squarederror', 'tree_method': 'gpu_hist', 'lambda': 0.1223318302823072, 'alpha': 0.004434583809814029, 'colsample_bytree': 0.6127402005597964, 'subsample': 0.9189971954454309, 'learning_rate': 0.012779347281986346, 'max_depth': 7, 'min_child_weight': 232, 'eval_metric': 'rmse'}. Best is trial 581 with value: 7.8118814731889445.
start listen on 192.168.1.101:37371
@tracker All of 4 nodes getting started
@tracker All nodes finishes job
Trial 646 finished with value: 7.815513070552362 and parameters: {'objective': 'reg:squarederror', 'tree_method': 'gpu_hist', 'lambda': 0.00963075023552003, 'alpha': 0.008273333633200961, 'colsample_bytree': 0.583260462976469, 'subsample': 0.8947686232895383, 'learning_rate': 0.014910147380668122, 'max_depth': 15, 'min_child_weight': 255, 'eval_metric': 'rmse'}. Best is trial 581 with value: 7.8118814731889445.
start listen on 192.168.1.101:43319
@tracker All of 4 nodes getting started
@tracker All nodes finishes job
Trial 647 finished with value: 7.816578584348939 and parameters: {'objective': 'reg:squarederror', 'tree_method': 'gpu_hist', 'lambda': 0.0010081252105640457, 'alpha': 0.013311261805506569, 'colsample_bytree': 0.6611875293276381, 'subsample': 0.9511429279256611, 'learning_rate': 0.010485230719047176, 'max_depth': 11, 'min_child_weight': 237, 'eval_metric': 'rmse'}. Best is trial 581 with value: 7.8118814731889445.
start listen on 192.168.1.101:43795
@tracker All of 4 nodes getting started
@tracker All nodes finishes job
Trial 648 finished with value: 7.818904849293251 and parameters: {'objective': 'reg:squarederror', 'tree_method': 'gpu_hist', 'lambda': 0.06950086611941668, 'alpha': 0.005899175442157308, 'colsample_bytree': 0.600479317751156, 'subsample': 0.8671693134421833, 'learning_rate': 0.018165372245598242, 'max_depth': 11, 'min_child_weight': 267, 'eval_metric': 'rmse'}. Best is trial 581 with value: 7.8118814731889445.
start listen on 192.168.1.101:33579
@tracker All of 4 nodes getting started
@tracker All nodes finishes job
Trial 649 finished with value: 7.820487253564967 and parameters: {'objective': 'reg:squarederror', 'tree_method': 'gpu_hist', 'lambda': 0.007401749859484024, 'alpha': 0.010764884641377483, 'colsample_bytree': 0.6463826950850297, 'subsample': 0.9023333151233465, 'learning_rate': 0.01599557391828357, 'max_depth': 15, 'min_child_weight': 259, 'eval_metric': 'rmse'}. Best is trial 581 with value: 7.8118814731889445.
start listen on 192.168.1.101:42175
@tracker All of 4 nodes getting started
@tracker All nodes finishes job
Trial 650 finished with value: 7.814631449108046 and parameters: {'objective': 'reg:squarederror', 'tree_method': 'gpu_hist', 'lambda': 0.02233393144850824, 'alpha': 0.024239261636737845, 'colsample_bytree': 0.6259660710988136, 'subsample': 0.8882980275979246, 'learning_rate': 0.014043185845731969, 'max_depth': 11, 'min_child_weight': 250, 'eval_metric': 'rmse'}. Best is trial 581 with value: 7.8118814731889445.
start listen on 192.168.1.101:59355
@tracker All of 4 nodes getting started
@tracker All nodes finishes job
Trial 651 finished with value: 7.853189695141563 and parameters: {'objective': 'reg:squarederror', 'tree_method': 'gpu_hist', 'lambda': 0.01265925350267853, 'alpha': 0.015781577509668868, 'colsample_bytree': 0.615909298787284, 'subsample': 0.9172529894755469, 'learning_rate': 0.012174517059883184, 'max_depth': 3, 'min_child_weight': 100, 'eval_metric': 'rmse'}. Best is trial 581 with value: 7.8118814731889445.
start listen on 192.168.1.101:32775
@tracker All of 4 nodes getting started
@tracker All nodes finishes job
Trial 652 finished with value: 7.814667831737085 and parameters: {'objective': 'reg:squarederror', 'tree_method': 'gpu_hist', 'lambda': 0.017037762024567284, 'alpha': 0.009488513437625978, 'colsample_bytree': 0.6394569872366666, 'subsample': 0.6536505399159359, 'learning_rate': 0.010841045229676381, 'max_depth': 15, 'min_child_weight': 243, 'eval_metric': 'rmse'}. Best is trial 581 with value: 7.8118814731889445.
start listen on 192.168.1.101:41503
@tracker All of 4 nodes getting started
@tracker All nodes finishes job
Trial 653 finished with value: 7.8146949079812 and parameters: {'objective': 'reg:squarederror', 'tree_method': 'gpu_hist', 'lambda': 0.006017421938936899, 'alpha': 0.008047873138413696, 'colsample_bytree': 0.6791804769682236, 'subsample': 0.8485259954178712, 'learning_rate': 0.013329970417410441, 'max_depth': 11, 'min_child_weight': 253, 'eval_metric': 'rmse'}. Best is trial 581 with value: 7.8118814731889445.
start listen on 192.168.1.101:50877
@tracker All of 4 nodes getting started
@tracker All nodes finishes job
Trial 654 finished with value: 7.81543366013315 and parameters: {'objective': 'reg:squarederror', 'tree_method': 'gpu_hist', 'lambda': 0.1893445168344926, 'alpha': 0.1693372106417556, 'colsample_bytree': 0.6660411713554427, 'subsample': 0.9068942253146907, 'learning_rate': 0.01706721544111974, 'max_depth': 11, 'min_child_weight': 263, 'eval_metric': 'rmse'}. Best is trial 581 with value: 7.8118814731889445.
start listen on 192.168.1.101:33739
@tracker All of 4 nodes getting started
@tracker All nodes finishes job
Trial 655 finished with value: 7.821909712889739 and parameters: {'objective': 'reg:squarederror', 'tree_method': 'gpu_hist', 'lambda': 0.10871449561437241, 'alpha': 0.020217759270054668, 'colsample_bytree': 0.5997717139621329, 'subsample': 0.9318693162612286, 'learning_rate': 0.015366950312101932, 'max_depth': 15, 'min_child_weight': 272, 'eval_metric': 'rmse'}. Best is trial 581 with value: 7.8118814731889445.
start listen on 192.168.1.101:47335
@tracker All of 4 nodes getting started
@tracker All nodes finishes job
Trial 656 finished with value: 7.816002935879166 and parameters: {'objective': 'reg:squarederror', 'tree_method': 'gpu_hist', 'lambda': 0.010043480233574499, 'alpha': 0.013078059059323497, 'colsample_bytree': 0.6332068279587362, 'subsample': 0.8800736046907252, 'learning_rate': 0.014097488785923639, 'max_depth': 11, 'min_child_weight': 283, 'eval_metric': 'rmse'}. Best is trial 581 with value: 7.8118814731889445.
start listen on 192.168.1.101:37917
@tracker All of 4 nodes getting started
@tracker All nodes finishes job
Trial 657 finished with value: 7.816175454563955 and parameters: {'objective': 'reg:squarederror', 'tree_method': 'gpu_hist', 'lambda': 0.014262732484114138, 'alpha': 0.0040652608733453095, 'colsample_bytree': 0.6511649647315559, 'subsample': 0.8604034888082623, 'learning_rate': 0.011884719493153785, 'max_depth': 15, 'min_child_weight': 238, 'eval_metric': 'rmse'}. Best is trial 581 with value: 7.8118814731889445.
start listen on 192.168.1.101:40851
@tracker All of 4 nodes getting started
@tracker All nodes finishes job
Trial 658 finished with value: 7.819740938198868 and parameters: {'objective': 'reg:squarederror', 'tree_method': 'gpu_hist', 'lambda': 0.008374557352810947, 'alpha': 0.005474271755487905, 'colsample_bytree': 0.6173120375037655, 'subsample': 0.9258521921205226, 'learning_rate': 0.019331609495732892, 'max_depth': 11, 'min_child_weight': 258, 'eval_metric': 'rmse'}. Best is trial 581 with value: 7.8118814731889445.
start listen on 192.168.1.101:50187
@tracker All of 4 nodes getting started
@tracker All nodes finishes job
Trial 659 finished with value: 7.832488293978835 and parameters: {'objective': 'reg:squarederror', 'tree_method': 'gpu_hist', 'lambda': 0.03641630045870025, 'alpha': 0.0025236061375653756, 'colsample_bytree': 0.8125378018184121, 'subsample': 0.9441192173101273, 'learning_rate': 0.012871793398927125, 'max_depth': 5, 'min_child_weight': 230, 'eval_metric': 'rmse'}. Best is trial 581 with value: 7.8118814731889445.
start listen on 192.168.1.101:44879
@tracker All of 4 nodes getting started
@tracker All nodes finishes job
Trial 660 finished with value: 7.816695703240368 and parameters: {'objective': 'reg:squarederror', 'tree_method': 'gpu_hist', 'lambda': 0.055781480338896766, 'alpha': 0.010723069264807287, 'colsample_bytree': 0.6310771398716063, 'subsample': 0.8929818956465805, 'learning_rate': 0.010344385350376496, 'max_depth': 11, 'min_child_weight': 249, 'eval_metric': 'rmse'}. Best is trial 581 with value: 7.8118814731889445.
start listen on 192.168.1.101:47315
@tracker All of 4 nodes getting started
@tracker All nodes finishes job
Trial 661 finished with value: 7.817599133966702 and parameters: {'objective': 'reg:squarederror', 'tree_method': 'gpu_hist', 'lambda': 0.001249282058381264, 'alpha': 0.006830385900188531, 'colsample_bytree': 0.5836470831983074, 'subsample': 0.9662580207303633, 'learning_rate': 0.01604100790872881, 'max_depth': 15, 'min_child_weight': 245, 'eval_metric': 'rmse'}. Best is trial 581 with value: 7.8118814731889445.
start listen on 192.168.1.101:45379
@tracker All of 4 nodes getting started
@tracker All nodes finishes job
Trial 662 finished with value: 7.81494933697637 and parameters: {'objective': 'reg:squarederror', 'tree_method': 'gpu_hist', 'lambda': 0.011115874071703339, 'alpha': 0.01430619698132133, 'colsample_bytree': 0.6546784824986741, 'subsample': 0.9108034854391182, 'learning_rate': 0.014793568031967462, 'max_depth': 11, 'min_child_weight': 269, 'eval_metric': 'rmse'}. Best is trial 581 with value: 7.8118814731889445.
start listen on 192.168.1.101:34627
@tracker All of 4 nodes getting started
@tracker All nodes finishes job
Trial 663 finished with value: 7.815499898621561 and parameters: {'objective': 'reg:squarederror', 'tree_method': 'gpu_hist', 'lambda': 0.016242264533253968, 'alpha': 0.0174773650278848, 'colsample_bytree': 0.6097447378575978, 'subsample': 0.8740763059422919, 'learning_rate': 0.017684681408159167, 'max_depth': 9, 'min_child_weight': 254, 'eval_metric': 'rmse'}. Best is trial 581 with value: 7.8118814731889445.
start listen on 192.168.1.101:49321
@tracker All of 4 nodes getting started
@tracker All nodes finishes job
Trial 664 finished with value: 7.8157350779473616 and parameters: {'objective': 'reg:squarederror', 'tree_method': 'gpu_hist', 'lambda': 0.0789960456672471, 'alpha': 0.008893373657319932, 'colsample_bytree': 0.6705938524339105, 'subsample': 0.9187927215880739, 'learning_rate': 0.011295437613775133, 'max_depth': 13, 'min_child_weight': 261, 'eval_metric': 'rmse'}. Best is trial 581 with value: 7.8118814731889445.
start listen on 192.168.1.101:56929
@tracker All of 4 nodes getting started
@tracker All nodes finishes job
Trial 665 finished with value: 7.91610771204991 and parameters: {'objective': 'reg:squarederror', 'tree_method': 'gpu_hist', 'lambda': 0.012553979502135394, 'alpha': 0.08995910569947331, 'colsample_bytree': 0.5973947885742563, 'subsample': 0.9025253739054696, 'learning_rate': 0.057610367547510345, 'max_depth': 15, 'min_child_weight': 242, 'eval_metric': 'rmse'}. Best is trial 581 with value: 7.8118814731889445.
start listen on 192.168.1.101:41037
@tracker All of 4 nodes getting started
@tracker All nodes finishes job
Trial 666 finished with value: 7.814178924336683 and parameters: {'objective': 'reg:squarederror', 'tree_method': 'gpu_hist', 'lambda': 0.0016887895668557713, 'alpha': 0.005010315354163295, 'colsample_bytree': 0.6450287493889247, 'subsample': 0.9347457217841251, 'learning_rate': 0.013065982059424542, 'max_depth': 11, 'min_child_weight': 277, 'eval_metric': 'rmse'}. Best is trial 581 with value: 7.8118814731889445.
start listen on 192.168.1.101:42695
@tracker All of 4 nodes getting started
@tracker All nodes finishes job
Trial 667 finished with value: 7.818341240731309 and parameters: {'objective': 'reg:squarederror', 'tree_method': 'gpu_hist', 'lambda': 0.6232001759481981, 'alpha': 0.011456122643778049, 'colsample_bytree': 0.6235261610042774, 'subsample': 0.8431312638788014, 'learning_rate': 0.014485811672113847, 'max_depth': 15, 'min_child_weight': 289, 'eval_metric': 'rmse'}. Best is trial 581 with value: 7.8118814731889445.
start listen on 192.168.1.101:35519
@tracker All of 4 nodes getting started
@tracker All nodes finishes job
Trial 668 finished with value: 7.836380454226351 and parameters: {'objective': 'reg:squarederror', 'tree_method': 'gpu_hist', 'lambda': 0.40772638345251183, 'alpha': 0.006978056291706021, 'colsample_bytree': 0.6355746982583176, 'subsample': 0.8912428481509996, 'learning_rate': 0.033729582553928654, 'max_depth': 11, 'min_child_weight': 265, 'eval_metric': 'rmse'}. Best is trial 581 with value: 7.8118814731889445.
start listen on 192.168.1.101:47079
@tracker All of 4 nodes getting started
@tracker All nodes finishes job
Trial 669 finished with value: 7.821254131796815 and parameters: {'objective': 'reg:squarederror', 'tree_method': 'gpu_hist', 'lambda': 0.0035255667521724788, 'alpha': 0.014954252861970831, 'colsample_bytree': 0.6892542520699708, 'subsample': 0.874860839394839, 'learning_rate': 0.016974068645342177, 'max_depth': 11, 'min_child_weight': 28, 'eval_metric': 'rmse'}. Best is trial 581 with value: 7.8118814731889445.
start listen on 192.168.1.101:41439
@tracker All of 4 nodes getting started
@tracker All nodes finishes job
Trial 670 finished with value: 7.81785617257934 and parameters: {'objective': 'reg:squarederror', 'tree_method': 'gpu_hist', 'lambda': 0.006885670950699605, 'alpha': 0.003463831309881497, 'colsample_bytree': 0.6555695821388654, 'subsample': 0.9126104330272358, 'learning_rate': 0.010265343239922908, 'max_depth': 17, 'min_child_weight': 154, 'eval_metric': 'rmse'}. Best is trial 581 with value: 7.8118814731889445.
start listen on 192.168.1.101:32885
@tracker All of 4 nodes getting started
@tracker All nodes finishes job
Trial 671 finished with value: 7.836104331569374 and parameters: {'objective': 'reg:squarederror', 'tree_method': 'gpu_hist', 'lambda': 0.018792068592542014, 'alpha': 0.008900024607640963, 'colsample_bytree': 0.6110040187982415, 'subsample': 0.8583912064519313, 'learning_rate': 0.027219314689675627, 'max_depth': 15, 'min_child_weight': 249, 'eval_metric': 'rmse'}. Best is trial 581 with value: 7.8118814731889445.
start listen on 192.168.1.101:44523
@tracker All of 4 nodes getting started
@tracker All nodes finishes job
