number,value,params_alpha,params_colsample_bytree,params_eval_metric,params_lambda,params_learning_rate,params_max_depth,params_min_child_weight,params_objective,params_subsample,params_tree_method,state
384,7.817894817434311,0.020747876601281252,0.6120456632945476,rmse,0.0027484437241245938,0.00795385514333223,15,257,reg:squarederror,0.9151054012926334,gpu_hist,COMPLETE
385,7.816650134760192,0.007727187248314856,0.5958455688788221,rmse,0.0035905236885808117,0.008577060908011936,15,242,reg:squarederror,0.8760334520743913,gpu_hist,COMPLETE
386,7.816908807769139,0.007648484477763807,0.5817673156487286,rmse,0.0026356001862993324,0.010177498414956758,15,85,reg:squarederror,0.8927619082913398,gpu_hist,COMPLETE
387,7.816454416376405,0.010069118057207433,0.6437834083378963,rmse,0.0022348973842240345,0.010185441762805643,15,264,reg:squarederror,0.929225272495419,gpu_hist,COMPLETE
388,7.815865721689551,0.00673889802841051,0.6099347342239462,rmse,0.0042924443989602505,0.010178485767171851,15,238,reg:squarederror,0.9025864173618403,gpu_hist,COMPLETE
389,7.818114294874463,0.009905512136097337,0.6276314097456145,rmse,0.0030742674697450093,0.010665105543632095,15,246,reg:squarederror,0.404640888326969,gpu_hist,COMPLETE
390,7.8186231515253475,0.008849576959028844,0.548121580467051,rmse,0.003745487182245526,0.008902465844110528,15,253,reg:squarederror,0.9135627351418187,gpu_hist,COMPLETE
391,7.817325933610424,0.006630899940801015,0.516884824521758,rmse,0.0021377392451402384,0.009508993310021783,15,261,reg:squarederror,0.9226900026271109,gpu_hist,COMPLETE
392,7.818554048910457,0.00784811378165724,0.5659862577043425,rmse,0.0030202166108303126,0.008660390932782574,15,254,reg:squarederror,0.9042096295061133,gpu_hist,COMPLETE
393,7.817367703904213,0.012540969801063126,0.5860295555037593,rmse,0.002501976783394518,0.00805390031137964,15,236,reg:squarederror,0.9312880248772893,gpu_hist,COMPLETE
394,7.816909539018455,0.00627651814557836,0.6077835365165192,rmse,0.004361457310011198,0.007712076853789869,15,246,reg:squarederror,0.8718002882317551,gpu_hist,COMPLETE
395,7.813245840439629,0.011126381887900732,0.6316470855521564,rmse,0.019316419071418026,0.011163600309565432,15,266,reg:squarederror,0.7649789545418173,gpu_hist,COMPLETE
396,7.815185213209431,0.015667673984267667,0.6449348606630646,rmse,0.01076194052390622,0.010999219072748017,15,266,reg:squarederror,0.8568372501393888,gpu_hist,COMPLETE
397,7.816563215135637,0.01260672423079213,0.63032653888205,rmse,0.00576948213593607,0.011035234534697938,15,259,reg:squarederror,0.8045667959520186,gpu_hist,COMPLETE
398,7.816587073535748,0.018410992244987517,0.647600918287639,rmse,0.028866969724960303,0.008883070465962793,15,251,reg:squarederror,0.7712649351823634,gpu_hist,COMPLETE
399,7.820021449134152,0.011587515987070536,0.6211763000602548,rmse,0.007070802070042333,0.006749572779270616,15,264,reg:squarederror,0.9187223736651607,gpu_hist,COMPLETE
400,7.817350979102103,0.009306017754148537,0.6332569306336099,rmse,0.016515803699485278,0.012495236873859275,15,240,reg:squarederror,0.8243913224638859,gpu_hist,COMPLETE
401,7.816197427198668,0.007472184048431062,0.6607492410436147,rmse,0.005001577700944695,0.012056511719642591,15,271,reg:squarederror,0.8870316495588719,gpu_hist,COMPLETE
402,7.8160762626666,0.010023383169611858,0.6211604711314601,rmse,0.05381013912026325,0.012753491401691871,15,258,reg:squarederror,0.9345223765963543,gpu_hist,COMPLETE
403,7.816334134178266,0.00851702836680044,0.6380747022716461,rmse,0.009063191532264954,0.011465745496698218,15,247,reg:squarederror,0.7237468669059898,gpu_hist,COMPLETE
404,7.819031234302558,0.00585359252170399,0.6083816056269968,rmse,0.040023345618061444,0.009811333099832514,15,253,reg:squarederror,0.751072245102659,gpu_hist,COMPLETE
405,7.818848739755416,0.006999296026262185,0.5363070957148692,rmse,0.11463304331158289,0.013653625692966128,15,233,reg:squarederror,0.7023954705433859,gpu_hist,COMPLETE
406,7.813984635138027,0.011045237998135388,0.6488374094823366,rmse,0.013217990289638203,0.01038058278921419,15,242,reg:squarederror,0.7823079565949282,gpu_hist,COMPLETE
407,7.813861640012212,0.015417236601235552,0.6605268774174563,rmse,0.013518175957451993,0.011476694955786394,15,240,reg:squarederror,0.7607519875713634,gpu_hist,COMPLETE
408,7.8168721644796735,0.014878976916679295,0.6569628001433413,rmse,0.01274866789046917,0.010621401917875084,15,240,reg:squarederror,0.7613513860236526,gpu_hist,COMPLETE
409,7.817606514547551,0.0174764923511983,0.6590353417955215,rmse,0.011386177463458333,0.010970295039431031,15,243,reg:squarederror,0.7429788037807669,gpu_hist,COMPLETE
410,7.8149148196758045,0.0203649544075619,0.6509053380632013,rmse,0.021800975564396998,0.011675845761809746,15,232,reg:squarederror,0.7867568580565607,gpu_hist,COMPLETE
411,7.812382517767234,0.0145351705670812,0.673269655264422,rmse,0.013639851584092077,0.010342440059664972,15,248,reg:squarederror,0.7618584651527063,gpu_hist,COMPLETE
412,7.819150394238071,0.016762971291710865,0.6732155268032892,rmse,0.013319373919524114,0.00975894775911524,15,245,reg:squarederror,0.7589175972317754,gpu_hist,COMPLETE
413,7.816526721432516,0.014638778764007349,0.6880050826866181,rmse,0.017271806537964136,0.009556750437244988,15,239,reg:squarederror,0.7708555542790856,gpu_hist,COMPLETE
414,7.816939006273055,0.012844163671509574,0.6664872678060526,rmse,0.011386625585396602,0.010094195529464127,15,246,reg:squarederror,0.7837859108993346,gpu_hist,COMPLETE
415,7.814442745103764,0.028260896968383666,0.6798754093656066,rmse,0.017925625411897298,0.010693399542237116,15,232,reg:squarederror,0.7682785591555108,gpu_hist,COMPLETE
416,7.8170413496936755,0.013395536863314798,0.6515929514832347,rmse,0.02026080062003377,0.011669407054419394,15,249,reg:squarederror,0.7318090169133783,gpu_hist,COMPLETE
417,7.8166658065935115,0.01133960142719816,0.6784527367647922,rmse,0.014359576770555113,0.012916087685725048,17,237,reg:squarederror,0.771464748347788,gpu_hist,COMPLETE
418,7.816489499245926,0.02034921717279814,0.6458887862240008,rmse,0.01318634659465004,0.01066691644244353,15,241,reg:squarederror,0.7456017392043275,gpu_hist,COMPLETE
419,7.816095735687193,0.016459786952788824,0.661948039926186,rmse,0.016624649603350763,0.009232290675280795,20,226,reg:squarederror,0.8195243622951294,gpu_hist,COMPLETE
420,7.820658226012468,0.012421267516240352,0.6405155810953986,rmse,0.020135367714487633,0.013872510234029283,7,248,reg:squarederror,0.7781643150051126,gpu_hist,COMPLETE
421,7.815792775522768,0.011020886024915938,0.6647801940989634,rmse,0.015099007857791396,0.012351065341411949,15,144,reg:squarederror,0.797203600889524,gpu_hist,COMPLETE
422,8.08507557114187,0.009290940896217518,0.638900495359302,rmse,0.026581374379391235,0.09825991331127107,15,234,reg:squarederror,0.7540079629989558,gpu_hist,COMPLETE
423,7.818340904383767,0.014958304338364238,0.6173372178597658,rmse,0.009826899248415634,0.013584466867342848,15,252,reg:squarederror,0.7597346139191221,gpu_hist,COMPLETE
424,7.85425631215039,0.02453953468496807,0.5967737307934698,rmse,0.014077831604719183,0.011376144657660472,3,243,reg:squarederror,0.795239128074643,gpu_hist,COMPLETE
425,7.818871272579785,0.005558897438455523,0.6518906540184065,rmse,0.015769649105379382,0.01419967870177529,15,264,reg:squarederror,0.7330954155644189,gpu_hist,COMPLETE
426,7.838676059948401,0.009088694404575994,0.6910067736217277,rmse,0.08054708620640501,0.010219216259203483,5,250,reg:squarederror,0.8317032747957104,gpu_hist,COMPLETE
427,7.8177790071062585,0.008046480719359197,0.9995354597804688,rmse,0.010011173182337171,0.01248574318520338,13,229,reg:squarederror,0.7635957190730867,gpu_hist,COMPLETE
428,7.817176956823689,0.011295555856786177,0.6113498327790858,rmse,0.011253154130057907,0.013280336808451632,15,241,reg:squarederror,0.8377331626092596,gpu_hist,COMPLETE
429,7.81903036871591,0.005453432273408751,0.676572306362987,rmse,0.023571025362895532,0.014315510636645467,15,272,reg:squarederror,0.7825915619409249,gpu_hist,COMPLETE
430,7.819749653520808,0.06122535363914258,0.5920494269599932,rmse,6.208996794068618,0.01727372199366642,17,261,reg:squarederror,0.8474354563884753,gpu_hist,COMPLETE
431,7.817359354723183,0.00694573188441564,0.5664329027283992,rmse,0.018717542135999944,0.011733203692217862,15,246,reg:squarederror,0.8088307766642178,gpu_hist,COMPLETE
432,7.8195285259864065,0.014259057214146968,0.6358688656093582,rmse,0.014187478654335818,0.014883363266886577,20,236,reg:squarederror,0.7445783746126268,gpu_hist,COMPLETE
433,7.8153357905971275,0.005973130161257049,0.5013293856283048,rmse,0.6835563570056832,0.01085413564710333,15,206,reg:squarederror,0.8165874782257879,gpu_hist,COMPLETE
434,7.818325579119919,0.008341207397035826,0.6180775773056396,rmse,0.012538099732729265,0.00904642656793012,15,215,reg:squarederror,0.7583390711267809,gpu_hist,COMPLETE
435,7.820369380783953,0.010401510567783823,0.6545670055006717,rmse,0.003886318867561874,0.07125189828755038,3,253,reg:squarederror,0.8617401094990941,gpu_hist,COMPLETE
436,7.8174529523070975,0.005117502758847828,0.48183794106532,rmse,0.009313636376881236,0.017989367331293936,7,268,reg:squarederror,0.8863447796728265,gpu_hist,COMPLETE
437,7.818279101492502,0.00620576231369347,0.5811236432557938,rmse,0.9589900305268779,0.012575984562753615,15,245,reg:squarederror,0.7188777324385752,gpu_hist,COMPLETE
438,7.819093068965721,0.01881311755993058,0.601272659476235,rmse,0.004569373731442356,0.015430797024592748,15,223,reg:squarederror,0.7926002151090052,gpu_hist,COMPLETE
439,7.822187743928346,0.007077130692458333,0.6262285679317815,rmse,0.008203315260647541,0.016938564926907318,15,257,reg:squarederror,0.7777617478318919,gpu_hist,COMPLETE
440,7.83009545884092,0.008587243697559322,0.6690578963890899,rmse,0.005674585447759673,0.013806977036291098,5,239,reg:squarederror,0.8957382350608974,gpu_hist,COMPLETE
441,7.82841782001112,0.004723278360114147,0.5568884009925444,rmse,1.6456986867812862,0.005465864144173297,13,251,reg:squarederror,0.7368387018652829,gpu_hist,COMPLETE
442,7.814650715799343,0.01017614369360363,0.6419115889816963,rmse,0.0035839933515466895,0.010111289744159764,15,276,reg:squarederror,0.8776585358327119,gpu_hist,COMPLETE
443,7.821860252316851,0.013427780446977471,0.6078438647914501,rmse,0.03548205898281143,0.018954764747574248,15,259,reg:squarederror,0.9079691804584278,gpu_hist,COMPLETE
444,7.821343326972971,0.006795049534849552,0.6539314903400241,rmse,0.012212375651778528,0.015624631047210872,15,234,reg:squarederror,0.8937616322641331,gpu_hist,COMPLETE
445,7.81552640695927,0.005164314454869755,0.5890242267410636,rmse,0.00472161908826561,0.012962259868910676,11,245,reg:squarederror,0.9116887821473408,gpu_hist,COMPLETE
446,7.815361202545082,0.007865423904236701,0.6342010509500347,rmse,0.0018697763733787273,0.014356105000211904,11,228,reg:squarederror,0.9276893414693571,gpu_hist,COMPLETE
447,7.816956904942543,0.01216263167459669,0.7022389716832906,rmse,0.006465737592707742,0.008673129483064033,15,264,reg:squarederror,0.9028798659036096,gpu_hist,COMPLETE
448,7.816190000962766,0.004219266787784725,0.6199256647146552,rmse,0.002984970760664457,0.01182799107646267,17,253,reg:squarederror,0.6846272360825543,gpu_hist,COMPLETE
449,7.819107578322681,0.0056470675698014,0.5747380532963137,rmse,0.08896481115791448,0.01759012067871115,11,240,reg:squarederror,0.8716848518242606,gpu_hist,COMPLETE
450,7.820383471224402,0.008656821228243844,0.6786345231301301,rmse,0.016702029430256372,0.007398378938844396,20,114,reg:squarederror,0.9475577625561784,gpu_hist,COMPLETE
451,7.819115489871585,0.006220194866237489,0.6043180398872666,rmse,0.5908624814116136,0.016852059071814172,7,247,reg:squarederror,0.9267754998457357,gpu_hist,COMPLETE
452,7.831585521881009,0.010761016566064733,0.6459106724864755,rmse,0.0036638151453633858,0.014861314363023955,11,13,reg:squarederror,0.908327483305297,gpu_hist,COMPLETE
453,7.814539159820646,0.00720345036449009,0.6621134604329127,rmse,0.005209858084903304,0.009395290093834057,15,257,reg:squarederror,0.6657755695886365,gpu_hist,COMPLETE
454,7.813893533231955,0.0045009086348976185,0.6277176934382429,rmse,0.009497937719216325,0.010886886397308698,11,267,reg:squarederror,0.8931409280628332,gpu_hist,COMPLETE
455,7.816094243921541,0.005429708328878853,0.6263481204724791,rmse,0.010469707195786911,0.01088524342096499,11,273,reg:squarederror,0.8823421216239224,gpu_hist,COMPLETE
456,7.818224031858527,0.015746948514244446,0.6388155039654295,rmse,0.008120558040633843,0.00968468173455908,11,267,reg:squarederror,0.8691717737253131,gpu_hist,COMPLETE
457,7.816861979001594,0.00904135294387948,0.6186206671111579,rmse,0.009262409090737243,0.01182780086432908,15,275,reg:squarederror,0.8903233710793592,gpu_hist,COMPLETE
458,7.817787468331356,0.0011721438128627626,0.6515815744186904,rmse,0.013666053013295626,0.010768531242882656,11,267,reg:squarederror,0.8985348499737464,gpu_hist,COMPLETE
459,7.817820240220669,0.00729892336485697,0.628105716686032,rmse,0.007256171673267256,0.010049146036959033,11,259,reg:squarederror,0.8520461138237848,gpu_hist,COMPLETE
460,7.815175939896881,0.03677670911368438,0.6122425961827775,rmse,0.011486011426561478,0.012577078277765342,15,263,reg:squarederror,0.8821055831011207,gpu_hist,COMPLETE
461,7.8572141730581855,0.004538755980832832,0.6652546305905546,rmse,0.008730551630768165,0.010793094679468231,3,270,reg:squarederror,0.8980522130836561,gpu_hist,COMPLETE
462,7.820214540037493,0.006218458739428657,0.63992389646151,rmse,0.017783446819347574,0.008677184767560162,11,251,reg:squarederror,0.7580669896618567,gpu_hist,COMPLETE
463,7.818645612523497,0.011139953825019932,0.6831381908975283,rmse,0.010725820713371031,0.013275056809013551,11,180,reg:squarederror,0.9092284690950556,gpu_hist,COMPLETE
464,7.835879357858971,0.09924597293197673,0.6028189429542279,rmse,0.006324860165208702,0.011106069699509526,5,262,reg:squarederror,0.769860868348176,gpu_hist,COMPLETE
465,7.815711033093232,0.004914148082516144,0.6309128716489975,rmse,0.003976023346824482,0.012113618514038613,15,255,reg:squarederror,0.8939410923687197,gpu_hist,COMPLETE
466,7.815130764471814,0.009116717320993463,0.6471241657454033,rmse,1.196115589134846,0.013635090688536326,11,279,reg:squarederror,0.9146694785868101,gpu_hist,COMPLETE
467,7.823453377756818,0.006586077266364287,0.466040803837966,rmse,0.8333971173631883,0.020373649132123747,11,249,reg:squarederror,0.4339533685593493,gpu_hist,COMPLETE
468,7.817800704238266,0.017038732610740452,0.6174186118505857,rmse,0.0017201848844887574,0.015759978851073483,13,257,reg:squarederror,0.8626356839074835,gpu_hist,COMPLETE
469,7.8168093308311315,0.013549346847466826,0.5940451294102189,rmse,0.002406196049591629,0.00981973002396869,15,267,reg:squarederror,0.7512378636713922,gpu_hist,COMPLETE
470,7.821766880435235,0.0010063672751142178,0.6575253222308581,rmse,0.022563679090809027,0.008131857412001186,11,244,reg:squarederror,0.8787589984836884,gpu_hist,COMPLETE
471,7.8161473814612785,0.008049837036687735,0.6278372162397878,rmse,0.003280098532276724,0.01894382629813621,11,254,reg:squarederror,0.9209704572621726,gpu_hist,COMPLETE
472,7.818056978786665,0.004262411401871806,0.6100791818284393,rmse,0.04773585924014893,0.013931478872323983,15,261,reg:squarederror,0.8380404191913395,gpu_hist,COMPLETE
473,7.816806428075916,0.02217933811114621,0.672720055872834,rmse,0.00747549016925274,0.01175297472377576,11,251,reg:squarederror,0.8118177096542066,gpu_hist,COMPLETE
474,7.935792119998609,0.005576206038322177,0.6376089481880325,rmse,0.0056797881799993,0.0017325243611433928,11,272,reg:squarederror,0.9011701617290875,gpu_hist,COMPLETE
475,7.817952983310026,0.001332722958978207,0.586697698403512,rmse,0.012157200920441407,0.01712613579231697,15,240,reg:squarederror,0.9339646710133334,gpu_hist,COMPLETE
476,7.827667417964071,0.01099852984402532,0.6913311644428987,rmse,0.004734433607939293,0.014862541821902385,17,160,reg:squarederror,0.7883213166476525,gpu_hist,COMPLETE
477,7.81466119924463,0.0072979148967870725,0.652500347405828,rmse,0.014707367685837545,0.013106333852476504,11,247,reg:squarederror,0.9122691121635791,gpu_hist,COMPLETE
478,7.812963270882464,0.009377644113572498,0.6176101511056797,rmse,0.009623381011883236,0.016136554883129355,11,262,reg:squarederror,0.8868705567011811,gpu_hist,COMPLETE
479,7.814056395821166,0.013295889150679675,0.6189559902428322,rmse,0.012800159244641457,0.009135579575736448,15,262,reg:squarederror,0.8700021602414738,gpu_hist,COMPLETE
480,7.819682709910953,0.018560387240925166,0.6168021409409702,rmse,0.010079084418569065,0.008855148211260794,11,269,reg:squarederror,0.8800357999155518,gpu_hist,COMPLETE
481,7.81885328984925,0.014615556732835383,0.6060840289761774,rmse,0.009953159184574378,0.008806764998643371,20,264,reg:squarederror,0.8655193794637308,gpu_hist,COMPLETE
482,7.820394053525751,0.011992291781879525,0.6204569094426096,rmse,0.013010618870647394,0.009118763298723579,11,278,reg:squarederror,0.8669951614979831,gpu_hist,COMPLETE
483,7.827445101778447,1.0343680130588304,0.6400565396156488,rmse,0.015396869791395271,0.010223682041709505,7,274,reg:squarederror,0.8575207317734467,gpu_hist,COMPLETE
484,7.814889158173987,0.012842485912976409,0.5994683993215623,rmse,0.008627163400362016,0.011458870727129745,15,265,reg:squarederror,0.85036441244174,gpu_hist,COMPLETE
485,7.817670137308557,0.010034266047402903,0.6295216583045974,rmse,0.012045454790336602,0.009908539089180693,11,260,reg:squarederror,0.8793339917361449,gpu_hist,COMPLETE
486,7.82385332442386,0.013491942237358738,0.6620514113135592,rmse,0.014294130043592071,0.007552417250654348,11,189,reg:squarederror,0.8884534704430721,gpu_hist,COMPLETE
487,7.816997646813996,0.010047894364307508,0.6446174936081162,rmse,0.010091583939627528,0.007985778742155442,15,270,reg:squarederror,0.8894512481194163,gpu_hist,COMPLETE
488,7.8174782815963555,0.01767048605529877,0.6137456700031793,rmse,0.018513339115257953,0.009554388331993654,11,284,reg:squarederror,0.8667911171998219,gpu_hist,COMPLETE
489,7.816413660487426,0.01202190098136429,0.6297914839636649,rmse,0.008538421573675127,0.010849221001191107,11,261,reg:squarederror,0.5331649168564704,gpu_hist,COMPLETE
490,7.839657920821891,0.008998527312073328,0.5934762956560439,rmse,0.012420323118064793,0.018260917206986856,3,264,reg:squarederror,0.707545993483879,gpu_hist,COMPLETE
491,7.821555493014123,0.016242824031374396,0.6512177162305866,rmse,0.007224620650039639,0.01725198525981836,15,256,reg:squarederror,0.8774522119062244,gpu_hist,COMPLETE
492,7.8227390598629665,0.0012377431774942041,0.6091627645916988,rmse,0.016533836416888895,0.00844873570285501,11,269,reg:squarederror,0.8936465566966288,gpu_hist,COMPLETE
493,7.815540220213973,0.22169832086716543,0.6703485011279594,rmse,0.011272962643122275,0.016001009892864817,11,256,reg:squarederror,0.8713804788813359,gpu_hist,COMPLETE
494,7.874428953943266,0.014130230043582302,0.6204962247040091,rmse,0.019929559315292982,0.042425147865192955,15,261,reg:squarederror,0.9021034522393533,gpu_hist,COMPLETE
495,8.095418715640069,0.01111622213977076,0.6366670684094932,rmse,0.009116554149570936,0.0011833172149573446,11,277,reg:squarederror,0.8829450567616076,gpu_hist,COMPLETE
496,7.81513871855923,0.0016011233280405733,0.601164892712919,rmse,0.013022688428256109,0.012409846767211826,11,250,reg:squarederror,0.8907682406905271,gpu_hist,COMPLETE
497,7.816561896963375,0.008672132748211683,0.6530711795534652,rmse,0.026146450976059388,0.009426163130238923,15,264,reg:squarederror,0.8334006940949799,gpu_hist,COMPLETE
498,7.82241028956791,0.003638579324530461,0.6810151385397457,rmse,0.007536469048473269,0.02176324996620606,11,257,reg:squarederror,0.8576864388915331,gpu_hist,COMPLETE
499,7.819019970777749,0.4077338147250589,0.6212140354256698,rmse,2.076982686983617,0.014954811193193146,13,268,reg:squarederror,0.8434369677626523,gpu_hist,COMPLETE
500,7.823413779882792,0.02039770227963716,0.640660484438388,rmse,0.01490510885268942,0.019176525465317878,5,249,reg:squarederror,0.7803261342289106,gpu_hist,COMPLETE
501,7.819644372294496,0.010411923510163379,0.5848337099228079,rmse,0.010533574635239228,0.010525234746502268,11,99,reg:squarederror,0.9010968398017113,gpu_hist,COMPLETE
502,7.816515555398198,0.001175908361667991,0.6028543530050877,rmse,0.5238460896762893,0.011348045155241964,15,255,reg:squarederror,0.9060002510931582,gpu_hist,COMPLETE
503,7.815643490014434,0.0014077024871526234,0.6639532728834056,rmse,0.0014287524506855765,0.015868455798274905,11,274,reg:squarederror,0.7406622214509221,gpu_hist,COMPLETE
504,7.818877055907466,0.005048565911351201,0.5197090047812654,rmse,0.0010010822064053391,0.012704907761986439,11,246,reg:squarederror,0.7661998179568863,gpu_hist,COMPLETE
505,7.81775333222244,0.00825298479216362,0.8772378727633319,rmse,0.06835766259840446,0.0073102500758275134,15,261,reg:squarederror,0.8838797292440616,gpu_hist,COMPLETE
506,7.813288237887764,0.014371216936903372,0.6296115493443654,rmse,0.00933245506086699,0.01696774899382979,11,236,reg:squarederror,0.8945217010333546,gpu_hist,COMPLETE
507,7.817385442603203,0.024119604321377514,0.6358823549137447,rmse,0.008252422032458863,0.01681281688979759,11,238,reg:squarederror,0.8736189163949309,gpu_hist,COMPLETE
508,7.818225510883505,0.015844075471561022,0.6449674163754111,rmse,0.009937847996719222,0.013901340501645725,17,235,reg:squarederror,0.8964144752332,gpu_hist,COMPLETE
509,7.815697982138275,0.01892473536694057,0.6264284314459625,rmse,0.00840580900963194,0.014853780913062244,11,243,reg:squarederror,0.9118405765253937,gpu_hist,COMPLETE
510,7.822452430454753,0.013273541739426797,0.6536455281552257,rmse,0.01210466094699003,0.018888534470899096,15,252,reg:squarederror,0.9209231396099234,gpu_hist,COMPLETE
511,7.8185108529948435,0.013672125337046283,0.6983840544442503,rmse,0.0062247000507048575,0.010543372316089882,11,244,reg:squarederror,0.9016091020317287,gpu_hist,COMPLETE
