number,value,params_alpha,params_colsample_bytree,params_eval_metric,params_lambda,params_learning_rate,params_max_depth,params_min_child_weight,params_objective,params_subsample,params_tree_method,state
899,7.81675517511613,0.10852750156076109,0.6081433187583111,rmse,0.027870512657128896,0.01325095498026811,11,245,reg:squarederror,0.7685005218251878,gpu_hist,COMPLETE
900,7.8167122052614575,0.012766508854035803,0.5945356638119191,rmse,0.006519010472080485,0.011823516173648121,15,262,reg:squarederror,0.7841810620227251,gpu_hist,COMPLETE
901,7.838052077060762,0.007591789202146693,0.6901540544243148,rmse,0.004748651715093306,0.004247535062775972,11,252,reg:squarederror,0.9348008718942644,gpu_hist,COMPLETE
902,7.819362020205438,0.010368926767732316,0.9317113218812335,rmse,0.017618332828129062,0.014515164989001956,15,282,reg:squarederror,0.9130395245926907,gpu_hist,COMPLETE
903,7.826205693655065,0.14547777345955482,0.63759103400884,rmse,0.010225712752800912,0.019238491007391653,20,268,reg:squarederror,0.8911765439952262,gpu_hist,COMPLETE
904,7.8155145822588725,0.005629848565360395,0.6220876463175089,rmse,0.2725865560093605,0.012460472937409981,11,119,reg:squarederror,0.8464477163908924,gpu_hist,COMPLETE
905,7.8209237402734875,0.27010080205749026,0.6533698096428671,rmse,0.008103006286682764,0.01643268492495423,15,245,reg:squarederror,0.9021245238600195,gpu_hist,COMPLETE
906,7.828585105957382,0.2047487792218086,0.6702206298394855,rmse,0.0743470371180797,0.00986849698745086,7,289,reg:squarederror,0.8091833512761456,gpu_hist,COMPLETE
907,7.812440626859463,0.012433702137914289,0.6356222713805374,rmse,0.14938632868243135,0.010568553504521076,15,261,reg:squarederror,0.9163253834316469,gpu_hist,COMPLETE
908,7.821688203590296,0.012045662375890989,0.6137971526737397,rmse,0.1546888236931194,0.008503844862581877,11,256,reg:squarederror,0.9201316554505427,gpu_hist,COMPLETE
909,7.814772244399868,0.014095652816171346,0.37864315773175045,rmse,0.1274296244113938,0.014767939268953116,15,261,reg:squarederror,0.9326615150746009,gpu_hist,COMPLETE
910,7.817293170866562,0.010005840559379035,0.628060946905201,rmse,0.1655312690502569,0.010529600024457365,11,252,reg:squarederror,0.9094775918071802,gpu_hist,COMPLETE
911,7.862648398046542,0.011988805395808905,0.593373216900383,rmse,0.18222961189117742,0.008994308832957631,3,261,reg:squarederror,0.9500908939970686,gpu_hist,COMPLETE
912,7.814910657668346,0.01397182500221243,0.6089746565720077,rmse,0.1436013737944552,0.01587972970535762,15,248,reg:squarederror,0.919918528984727,gpu_hist,COMPLETE
913,7.815215770191506,0.0087081187039582,0.6321971168213028,rmse,0.11169390920068968,0.013483376058851082,11,256,reg:squarederror,0.8998788089818902,gpu_hist,COMPLETE
914,7.8200449511135774,0.010401015333612805,0.6490078077790807,rmse,0.20887855684943815,0.017745185654722058,15,264,reg:squarederror,0.9290647926557765,gpu_hist,COMPLETE
915,7.813976962550466,0.012453407281644275,0.6200946727214413,rmse,0.1468069533628198,0.012522102972439355,11,244,reg:squarederror,0.9135815325255797,gpu_hist,COMPLETE
916,7.815334440666142,0.007254961691507131,0.6604884561214006,rmse,0.12598363047139127,0.010026452332929802,15,253,reg:squarederror,0.8880728052526367,gpu_hist,COMPLETE
917,7.8311960951135395,0.015632064184717343,0.6375754291581004,rmse,0.21447094370549497,0.014616584100332092,5,259,reg:squarederror,0.9429651642591999,gpu_hist,COMPLETE
918,7.816016528933072,0.009217042858210114,0.5984626002747875,rmse,0.1275335280395349,0.02041306513343314,11,266,reg:squarederror,0.9067603119974947,gpu_hist,COMPLETE
919,7.813535734174092,0.0116594506372569,0.6221325505014662,rmse,0.08905284413546251,0.011266451579892547,15,248,reg:squarederror,0.9254506564769356,gpu_hist,COMPLETE
920,7.816968770963567,0.012025455327718804,0.7096665826675967,rmse,0.08671587831576175,0.012280679092159245,11,250,reg:squarederror,0.9351677968052526,gpu_hist,COMPLETE
921,7.815230032602958,0.014608046550283941,0.6446632006931216,rmse,0.10902864164775275,0.013664056591222508,13,245,reg:squarederror,0.9476981290717115,gpu_hist,COMPLETE
922,7.820612461074567,0.010289623111411393,0.6655167231222336,rmse,0.1087472767228526,0.01619114405880617,15,243,reg:squarederror,0.9252689935651528,gpu_hist,COMPLETE
923,7.817622891561752,0.00868528108398264,0.6317708766673235,rmse,0.0928300251082259,0.011569149647363441,9,248,reg:squarederror,0.9218466711366071,gpu_hist,COMPLETE
924,7.815821796164605,0.011380527359500925,0.6804652323147955,rmse,0.0982041092534136,0.013410447883459516,11,241,reg:squarederror,0.9389731271661621,gpu_hist,COMPLETE
925,7.819569494669006,0.019320108090656065,0.6049092205234344,rmse,0.08130781610817829,0.014304502086595521,15,250,reg:squarederror,0.4861574795785114,gpu_hist,COMPLETE
926,7.812455419258783,0.013945001325552084,0.6470798571448825,rmse,0.1030055153709192,0.015510169719921394,11,240,reg:squarederror,0.9097399512114898,gpu_hist,COMPLETE
927,7.826400216751769,0.01707817239045678,0.654470603686477,rmse,0.0999542578567374,0.018851096528057887,15,237,reg:squarederror,0.9007615042225613,gpu_hist,COMPLETE
928,7.81910028011514,0.014183837193158124,0.6814441522788746,rmse,0.13454736295691386,0.022441554910339792,11,237,reg:squarederror,0.9102511790742752,gpu_hist,COMPLETE
929,7.8236179870602705,0.013073902076369616,0.660581170920201,rmse,0.09326993349158151,0.017712311723670607,15,244,reg:squarederror,0.971969632448294,gpu_hist,COMPLETE
930,7.815016164948925,0.01782744768061361,0.6738657646361893,rmse,0.1083527936931958,0.016166129504592387,11,239,reg:squarederror,0.8892032856391638,gpu_hist,COMPLETE
931,7.818581218880184,0.011618799161304311,0.6469005422699668,rmse,0.07487361799358609,0.01703689762309457,15,232,reg:squarederror,0.896726382350954,gpu_hist,COMPLETE
932,7.8162562555825765,0.014716684909672897,0.6537494702375228,rmse,0.13486102979833037,0.011453639713896789,11,242,reg:squarederror,0.9282659213577024,gpu_hist,COMPLETE
933,7.819356566672372,0.010215027132450429,0.6972347303044453,rmse,0.08508590484339046,0.012744563636236803,17,245,reg:squarederror,0.9095801307628711,gpu_hist,COMPLETE
934,7.822452270752049,0.021790044966029418,0.6432622788233902,rmse,0.07119623450271609,0.015560265526712854,20,234,reg:squarederror,0.884585766356836,gpu_hist,COMPLETE
935,7.8173305604785375,0.01312457269834634,0.6675595916554974,rmse,0.11388079503815786,0.011124159165499106,15,248,reg:squarederror,0.9563307713916794,gpu_hist,COMPLETE
936,7.8175643562636505,0.017305155160407506,0.6350088480763587,rmse,0.15506023536728744,0.01980725858463706,11,241,reg:squarederror,0.9219335657506763,gpu_hist,COMPLETE
937,7.818339929591629,0.015044339966396274,0.6565654810348546,rmse,0.10236776032221045,0.014834279795196961,15,249,reg:squarederror,0.8674921020163753,gpu_hist,COMPLETE
938,7.814165607419667,0.010287068981185043,0.6441495566131716,rmse,0.09148631980546282,0.016909837384727046,11,237,reg:squarederror,0.9012080039028495,gpu_hist,COMPLETE
939,7.815016199520113,0.013328053993560806,0.6716391081939826,rmse,0.06829675678719398,0.012281545734516711,15,253,reg:squarederror,0.9370477657910377,gpu_hist,COMPLETE
940,7.8679517164573385,0.008605176301166867,0.6269308989734583,rmse,0.12484274822317798,0.002498832685166052,11,245,reg:squarederror,0.9148409440863774,gpu_hist,COMPLETE
941,7.8151369563576925,0.0114952261363197,0.6138180606447543,rmse,0.1079325443732434,0.009309551439131055,15,254,reg:squarederror,0.8794741880428887,gpu_hist,COMPLETE
942,7.8218768659826825,0.023769102913875514,0.6388390014991182,rmse,0.17538358704210671,0.013574554300026194,7,250,reg:squarederror,0.8953080776771721,gpu_hist,COMPLETE
943,7.8472839260064,0.016708573045119166,0.690267796977214,rmse,0.07745812415531446,0.015252642397371874,3,15,reg:squarederror,0.9299970730284568,gpu_hist,COMPLETE
944,7.818379618699998,0.012051767679854634,0.6524461108270141,rmse,0.1430625634307814,0.010876345088719312,11,242,reg:squarederror,0.8583266871285455,gpu_hist,COMPLETE
945,7.827153019270621,0.02016918924750663,0.6253232386198853,rmse,0.09693075818232796,0.018780425905805687,15,255,reg:squarederror,0.9124309611876933,gpu_hist,COMPLETE
946,7.815028803396208,0.009336086549852733,0.9038799682107632,rmse,0.11975117114951417,0.012710498610250753,11,236,reg:squarederror,0.9247321438865097,gpu_hist,COMPLETE
947,7.8194309350446005,0.014168617148196155,0.6653050441467122,rmse,0.08492764487526293,0.016548685322770974,15,246,reg:squarederror,0.9038400459948709,gpu_hist,COMPLETE
948,7.817154316961767,0.0112663609532459,0.6384758621193216,rmse,0.18311657781675292,0.014225921291194574,15,256,reg:squarederror,0.9496143539793558,gpu_hist,COMPLETE
949,7.816723358356191,0.007629833179764263,0.6132338538470232,rmse,0.05866842217076448,0.011429986503336353,11,251,reg:squarederror,0.891753260146168,gpu_hist,COMPLETE
950,7.839128713595058,0.015893523614715573,0.6580770957469608,rmse,0.15148176323216778,0.009988531683777996,5,231,reg:squarederror,0.915328690311345,gpu_hist,COMPLETE
951,7.81840365945551,0.009779373957449482,0.6293194794005972,rmse,0.06414449343886608,0.015359287569195646,15,240,reg:squarederror,0.9403553770678991,gpu_hist,COMPLETE
952,7.815262281131805,0.012509618233661783,0.6481858677435207,rmse,0.08281822008952862,0.013204403521482262,11,176,reg:squarederror,0.8742767719660951,gpu_hist,COMPLETE
953,7.81773604879943,0.42176144694410017,0.5942523965834394,rmse,0.0917210764342422,0.017652979427789275,13,227,reg:squarederror,0.9050027683332992,gpu_hist,COMPLETE
954,7.8143595440433415,0.008339919572259755,0.6783614525362003,rmse,0.10205608294709542,0.01205966413708253,15,246,reg:squarederror,0.8855379755148178,gpu_hist,COMPLETE
955,7.81582475212766,0.01941196247818591,0.6182316386363323,rmse,1.722500462209024,0.014123887614491619,11,259,reg:squarederror,0.9277317313149193,gpu_hist,COMPLETE
956,7.816968159303468,0.014747708056620826,0.6356488853500729,rmse,0.1136426917189888,0.01591772128410029,15,250,reg:squarederror,0.9170650869003961,gpu_hist,COMPLETE
957,7.816268353593497,0.011103955830007155,0.6647369178849659,rmse,0.05800362648705016,0.010621923999735909,11,257,reg:squarederror,0.8585076626924112,gpu_hist,COMPLETE
958,7.815525269748085,0.01655196412856278,0.6484858583195524,rmse,0.13625441573114122,0.0122791487084029,15,242,reg:squarederror,0.8972209803056532,gpu_hist,COMPLETE
959,7.816602713039121,0.010154302405425602,0.6039527443628196,rmse,0.07827430405354385,0.018278011698785887,9,252,reg:squarederror,0.9312640579360335,gpu_hist,COMPLETE
960,7.817699943681772,0.007090670157016347,0.6236382572366649,rmse,0.16340343006184724,0.009234704667848634,11,237,reg:squarederror,0.9083456240395953,gpu_hist,COMPLETE
961,7.816032964455568,0.01270715224960724,0.6403088170846223,rmse,0.011139991149906396,0.013506695870264672,15,246,reg:squarederror,0.8847640286952435,gpu_hist,COMPLETE
962,7.822591120841665,1.2301490863831974,0.5836488611230214,rmse,0.12342186047820672,0.015140155112637393,17,256,reg:squarederror,0.8710888257057758,gpu_hist,COMPLETE
963,7.821244118630494,0.009469376137296757,0.6888021197861941,rmse,0.09355327810992159,0.02031668173447137,11,259,reg:squarederror,0.9455885195092246,gpu_hist,COMPLETE
964,7.815201263192413,0.013622317718907265,0.6149050664400415,rmse,0.06753208054501333,0.011240154352992414,15,251,reg:squarederror,0.9211256957960309,gpu_hist,COMPLETE
965,7.819528020198947,0.020910532178398594,0.6578318639307318,rmse,0.05098838592235453,0.016922405242674438,11,240,reg:squarederror,0.43426606017752795,gpu_hist,COMPLETE
966,7.826960397457167,0.016278246923681745,0.6311037538664388,rmse,0.1240021242157739,0.01283501343038987,15,77,reg:squarederror,0.9037269453373133,gpu_hist,COMPLETE
967,7.8162186518959755,0.007984407141646941,0.6760227700645421,rmse,0.010965454562679857,0.009638438123388443,20,231,reg:squarederror,0.9356105830901974,gpu_hist,COMPLETE
968,7.816134530875456,0.012366813446513455,0.6053628001646609,rmse,0.08280062670676507,0.014481985257320926,11,245,reg:squarederror,0.9149827163878367,gpu_hist,COMPLETE
969,7.813133587746794,0.5864892894855914,0.6471669396663965,rmse,5.438432938904086,0.010733181065753182,15,260,reg:squarederror,0.8963934515243102,gpu_hist,COMPLETE
970,7.831766914820299,0.49438168483662476,0.705508843475659,rmse,0.009345946191175142,0.008649997039122557,7,260,reg:squarederror,0.8779530787035922,gpu_hist,COMPLETE
971,7.822383010802462,0.72538650379665,0.663866159626619,rmse,0.19534523389670078,0.0077391119118973796,11,265,reg:squarederror,0.8687774122155619,gpu_hist,COMPLETE
972,7.815068043137597,0.4946544818536508,0.6509376245471855,rmse,0.10270384638820838,0.009926722170604927,15,262,reg:squarederror,0.8915624038711372,gpu_hist,COMPLETE
973,7.814284489723933,1.0034139982405683,0.6736080887251205,rmse,0.06886667884132336,0.010274067825243786,15,253,reg:squarederror,0.885523780255563,gpu_hist,COMPLETE
974,7.819424722278531,1.5880033460988154,0.6487509512020349,rmse,4.2439072123978505,0.009341057658523458,11,259,reg:squarederror,0.8520511979486575,gpu_hist,COMPLETE
975,7.817650635192485,2.1135778769795386,0.6617487250299868,rmse,0.012149406498231406,0.010609277431661027,15,248,reg:squarederror,0.900130778171841,gpu_hist,COMPLETE
976,7.816661205705563,0.006289756094225555,0.6845908217927736,rmse,0.14010922323965508,0.011417262266284187,11,270,reg:squarederror,0.8783565338333973,gpu_hist,COMPLETE
977,7.860621537876253,0.5229768109890817,0.6424942348798135,rmse,0.10728318477578103,0.009573323980586987,3,220,reg:squarederror,0.8937314343014098,gpu_hist,COMPLETE
978,7.816870939716608,1.2706276792778564,0.6257825964531029,rmse,0.15920767187545,0.008369341433449836,15,236,reg:squarederror,0.8894920061058939,gpu_hist,COMPLETE
979,7.909070521555044,0.37158042661731405,0.8244705031933361,rmse,0.013730694010332521,0.06240108431730555,11,255,reg:squarederror,0.8685051239007737,gpu_hist,COMPLETE
980,7.815204869497731,0.00684736855244778,0.6712899780115718,rmse,0.009399612717908958,0.010884860775982929,15,242,reg:squarederror,0.8595267417664382,gpu_hist,COMPLETE
981,7.819187524563599,0.008837920892381175,0.6411149699614567,rmse,2.6589927584117863,0.01036472079684805,11,262,reg:squarederror,0.9030787652731607,gpu_hist,COMPLETE
982,7.8136910875754895,0.007854902853179987,0.8542331039070264,rmse,0.07101546816919653,0.011663896290145014,15,251,reg:squarederror,0.8782528569097932,gpu_hist,COMPLETE
983,8.024427070150525,0.010285978361694854,0.6205751208128943,rmse,5.94895161330853,0.0014227283256877789,5,245,reg:squarederror,0.8931726788229744,gpu_hist,COMPLETE
984,7.813601134371672,0.008991613306135644,0.6555033543422816,rmse,0.002103178845973936,0.017563770039293287,11,258,reg:squarederror,0.9074386979572231,gpu_hist,COMPLETE
985,7.816143862451826,1.2317495141529087,0.6342620125581815,rmse,0.011616795758480396,0.009064860572906746,13,270,reg:squarederror,0.9085406488782487,gpu_hist,COMPLETE
986,7.815721188510569,0.006603962244066248,0.5897546112868378,rmse,0.09012382577684672,0.01156729327530469,15,234,reg:squarederror,0.8478375722136058,gpu_hist,COMPLETE
987,7.813966933703833,0.44507265854847977,0.6110804022049929,rmse,0.13065929597203396,0.015835921763690655,11,265,reg:squarederror,0.8818596042727791,gpu_hist,COMPLETE
988,7.821115384524001,0.011119631313166277,0.6543236754592893,rmse,0.11041681932542897,0.01018525767401949,9,249,reg:squarederror,0.8971163955037013,gpu_hist,COMPLETE
989,7.821693758481894,0.03291928465953892,0.6294775857214635,rmse,0.009984468945201712,0.01953020084539764,15,254,reg:squarederror,0.9215435814819972,gpu_hist,COMPLETE
990,7.81622443454,0.6123610977669309,0.6437602005527905,rmse,0.05865263426721353,0.012302717595890139,11,241,reg:squarederror,0.8651630234189763,gpu_hist,COMPLETE
991,7.815160404879013,0.006010197846980603,0.6691559173456327,rmse,0.015107922544420211,0.01116058382884802,15,229,reg:squarederror,0.9138646430838808,gpu_hist,COMPLETE
992,7.823252211241671,0.5633986285861918,0.6012513715001816,rmse,0.08427159956085843,0.024649870029783534,11,261,reg:squarederror,0.8881858651830354,gpu_hist,COMPLETE
993,7.831400561183166,0.007629564601876255,0.6880813113558754,rmse,0.008494088619755294,0.021247483129798145,15,204,reg:squarederror,0.9057246271086671,gpu_hist,COMPLETE
994,7.8209083914374276,0.011765860989193888,0.615525396290618,rmse,0.18429081310618795,0.016343386448610376,17,274,reg:squarederror,0.9268733410498808,gpu_hist,COMPLETE
995,7.814698032517021,0.8735914497485825,0.6314849248425319,rmse,0.012345119339370525,0.01382168889285607,11,248,reg:squarederror,0.8979731697108743,gpu_hist,COMPLETE
996,7.8220893300599625,0.7526273324503987,0.6496317162638965,rmse,0.14739149888877506,0.017883787782250818,15,256,reg:squarederror,0.8723166848429035,gpu_hist,COMPLETE
997,7.816590264303515,0.8687546567035614,0.6184790781681472,rmse,0.10091930293220258,0.012380588910144942,11,265,reg:squarederror,0.9616452304930169,gpu_hist,COMPLETE
998,7.815619203252767,0.009587269770523106,0.6589728102896287,rmse,0.04774199076592383,0.009407991333382886,20,238,reg:squarederror,0.8397347910094511,gpu_hist,COMPLETE
999,7.815281830339698,0.013950589346651164,0.6350139957583062,rmse,0.0076546203784728,0.015293704720831833,15,245,reg:squarederror,0.9346877498998535,gpu_hist,COMPLETE
