Trial 965 finished with value: 7.819528020198947 and parameters: {'objective': 'reg:squarederror', 'tree_method': 'gpu_hist', 'lambda': 0.05098838592235453, 'alpha': 0.020910532178398594, 'colsample_bytree': 0.6578318639307318, 'subsample': 0.43426606017752795, 'learning_rate': 0.016922405242674438, 'max_depth': 11, 'min_child_weight': 240, 'eval_metric': 'rmse'}. Best is trial 581 with value: 7.8118814731889445.
start listen on 192.168.1.101:53381
@tracker All of 4 nodes getting started
@tracker All nodes finishes job
Trial 966 finished with value: 7.826960397457167 and parameters: {'objective': 'reg:squarederror', 'tree_method': 'gpu_hist', 'lambda': 0.1240021242157739, 'alpha': 0.016278246923681745, 'colsample_bytree': 0.6311037538664388, 'subsample': 0.9037269453373133, 'learning_rate': 0.01283501343038987, 'max_depth': 15, 'min_child_weight': 77, 'eval_metric': 'rmse'}. Best is trial 581 with value: 7.8118814731889445.
start listen on 192.168.1.101:49307
@tracker All of 4 nodes getting started
@tracker All nodes finishes job
Trial 967 finished with value: 7.8162186518959755 and parameters: {'objective': 'reg:squarederror', 'tree_method': 'gpu_hist', 'lambda': 0.010965454562679857, 'alpha': 0.007984407141646941, 'colsample_bytree': 0.6760227700645421, 'subsample': 0.9356105830901974, 'learning_rate': 0.009638438123388443, 'max_depth': 20, 'min_child_weight': 231, 'eval_metric': 'rmse'}. Best is trial 581 with value: 7.8118814731889445.
start listen on 192.168.1.101:50819
@tracker All of 4 nodes getting started
@tracker All nodes finishes job
Trial 968 finished with value: 7.816134530875456 and parameters: {'objective': 'reg:squarederror', 'tree_method': 'gpu_hist', 'lambda': 0.08280062670676507, 'alpha': 0.012366813446513455, 'colsample_bytree': 0.6053628001646609, 'subsample': 0.9149827163878367, 'learning_rate': 0.014481985257320926, 'max_depth': 11, 'min_child_weight': 245, 'eval_metric': 'rmse'}. Best is trial 581 with value: 7.8118814731889445.
start listen on 192.168.1.101:59095
@tracker All of 4 nodes getting started
@tracker All nodes finishes job
Trial 969 finished with value: 7.813133587746794 and parameters: {'objective': 'reg:squarederror', 'tree_method': 'gpu_hist', 'lambda': 5.438432938904086, 'alpha': 0.5864892894855914, 'colsample_bytree': 0.6471669396663965, 'subsample': 0.8963934515243102, 'learning_rate': 0.010733181065753182, 'max_depth': 15, 'min_child_weight': 260, 'eval_metric': 'rmse'}. Best is trial 581 with value: 7.8118814731889445.
start listen on 192.168.1.101:54939
@tracker All of 4 nodes getting started
@tracker All nodes finishes job
Trial 970 finished with value: 7.831766914820299 and parameters: {'objective': 'reg:squarederror', 'tree_method': 'gpu_hist', 'lambda': 0.009345946191175142, 'alpha': 0.49438168483662476, 'colsample_bytree': 0.705508843475659, 'subsample': 0.8779530787035922, 'learning_rate': 0.008649997039122557, 'max_depth': 7, 'min_child_weight': 260, 'eval_metric': 'rmse'}. Best is trial 581 with value: 7.8118814731889445.
start listen on 192.168.1.101:45431
@tracker All of 4 nodes getting started
@tracker All nodes finishes job
Trial 971 finished with value: 7.822383010802462 and parameters: {'objective': 'reg:squarederror', 'tree_method': 'gpu_hist', 'lambda': 0.19534523389670078, 'alpha': 0.72538650379665, 'colsample_bytree': 0.663866159626619, 'subsample': 0.8687774122155619, 'learning_rate': 0.0077391119118973796, 'max_depth': 11, 'min_child_weight': 265, 'eval_metric': 'rmse'}. Best is trial 581 with value: 7.8118814731889445.
start listen on 192.168.1.101:50215
@tracker All of 4 nodes getting started
@tracker All nodes finishes job
Trial 972 finished with value: 7.815068043137597 and parameters: {'objective': 'reg:squarederror', 'tree_method': 'gpu_hist', 'lambda': 0.10270384638820838, 'alpha': 0.4946544818536508, 'colsample_bytree': 0.6509376245471855, 'subsample': 0.8915624038711372, 'learning_rate': 0.009926722170604927, 'max_depth': 15, 'min_child_weight': 262, 'eval_metric': 'rmse'}. Best is trial 581 with value: 7.8118814731889445.
start listen on 192.168.1.101:48745
@tracker All of 4 nodes getting started
@tracker All nodes finishes job
Trial 973 finished with value: 7.814284489723933 and parameters: {'objective': 'reg:squarederror', 'tree_method': 'gpu_hist', 'lambda': 0.06886667884132336, 'alpha': 1.0034139982405683, 'colsample_bytree': 0.6736080887251205, 'subsample': 0.885523780255563, 'learning_rate': 0.010274067825243786, 'max_depth': 15, 'min_child_weight': 253, 'eval_metric': 'rmse'}. Best is trial 581 with value: 7.8118814731889445.
start listen on 192.168.1.101:43585
@tracker All of 4 nodes getting started
@tracker All nodes finishes job
Trial 974 finished with value: 7.819424722278531 and parameters: {'objective': 'reg:squarederror', 'tree_method': 'gpu_hist', 'lambda': 4.2439072123978505, 'alpha': 1.5880033460988154, 'colsample_bytree': 0.6487509512020349, 'subsample': 0.8520511979486575, 'learning_rate': 0.009341057658523458, 'max_depth': 11, 'min_child_weight': 259, 'eval_metric': 'rmse'}. Best is trial 581 with value: 7.8118814731889445.
start listen on 192.168.1.101:43155
@tracker All of 4 nodes getting started
@tracker All nodes finishes job
Trial 975 finished with value: 7.817650635192485 and parameters: {'objective': 'reg:squarederror', 'tree_method': 'gpu_hist', 'lambda': 0.012149406498231406, 'alpha': 2.1135778769795386, 'colsample_bytree': 0.6617487250299868, 'subsample': 0.900130778171841, 'learning_rate': 0.010609277431661027, 'max_depth': 15, 'min_child_weight': 248, 'eval_metric': 'rmse'}. Best is trial 581 with value: 7.8118814731889445.
start listen on 192.168.1.101:46181
@tracker All of 4 nodes getting started
@tracker All nodes finishes job
Trial 976 finished with value: 7.816661205705563 and parameters: {'objective': 'reg:squarederror', 'tree_method': 'gpu_hist', 'lambda': 0.14010922323965508, 'alpha': 0.006289756094225555, 'colsample_bytree': 0.6845908217927736, 'subsample': 0.8783565338333973, 'learning_rate': 0.011417262266284187, 'max_depth': 11, 'min_child_weight': 270, 'eval_metric': 'rmse'}. Best is trial 581 with value: 7.8118814731889445.
start listen on 192.168.1.101:58843
@tracker All of 4 nodes getting started
@tracker All nodes finishes job
Trial 977 finished with value: 7.860621537876253 and parameters: {'objective': 'reg:squarederror', 'tree_method': 'gpu_hist', 'lambda': 0.10728318477578103, 'alpha': 0.5229768109890817, 'colsample_bytree': 0.6424942348798135, 'subsample': 0.8937314343014098, 'learning_rate': 0.009573323980586987, 'max_depth': 3, 'min_child_weight': 220, 'eval_metric': 'rmse'}. Best is trial 581 with value: 7.8118814731889445.
start listen on 192.168.1.101:57947
@tracker All of 4 nodes getting started
@tracker All nodes finishes job
Trial 978 finished with value: 7.816870939716608 and parameters: {'objective': 'reg:squarederror', 'tree_method': 'gpu_hist', 'lambda': 0.15920767187545, 'alpha': 1.2706276792778564, 'colsample_bytree': 0.6257825964531029, 'subsample': 0.8894920061058939, 'learning_rate': 0.008369341433449836, 'max_depth': 15, 'min_child_weight': 236, 'eval_metric': 'rmse'}. Best is trial 581 with value: 7.8118814731889445.
start listen on 192.168.1.101:40773
@tracker All of 4 nodes getting started
@tracker All nodes finishes job
Trial 979 finished with value: 7.909070521555044 and parameters: {'objective': 'reg:squarederror', 'tree_method': 'gpu_hist', 'lambda': 0.013730694010332521, 'alpha': 0.37158042661731405, 'colsample_bytree': 0.8244705031933361, 'subsample': 0.8685051239007737, 'learning_rate': 0.06240108431730555, 'max_depth': 11, 'min_child_weight': 255, 'eval_metric': 'rmse'}. Best is trial 581 with value: 7.8118814731889445.
start listen on 192.168.1.101:60401
@tracker All of 4 nodes getting started
@tracker All nodes finishes job
Trial 980 finished with value: 7.815204869497731 and parameters: {'objective': 'reg:squarederror', 'tree_method': 'gpu_hist', 'lambda': 0.009399612717908958, 'alpha': 0.00684736855244778, 'colsample_bytree': 0.6712899780115718, 'subsample': 0.8595267417664382, 'learning_rate': 0.010884860775982929, 'max_depth': 15, 'min_child_weight': 242, 'eval_metric': 'rmse'}. Best is trial 581 with value: 7.8118814731889445.
start listen on 192.168.1.101:39491
@tracker All of 4 nodes getting started
@tracker All nodes finishes job
Trial 981 finished with value: 7.819187524563599 and parameters: {'objective': 'reg:squarederror', 'tree_method': 'gpu_hist', 'lambda': 2.6589927584117863, 'alpha': 0.008837920892381175, 'colsample_bytree': 0.6411149699614567, 'subsample': 0.9030787652731607, 'learning_rate': 0.01036472079684805, 'max_depth': 11, 'min_child_weight': 262, 'eval_metric': 'rmse'}. Best is trial 581 with value: 7.8118814731889445.
start listen on 192.168.1.101:58635
@tracker All of 4 nodes getting started
@tracker All nodes finishes job
Trial 982 finished with value: 7.8136910875754895 and parameters: {'objective': 'reg:squarederror', 'tree_method': 'gpu_hist', 'lambda': 0.07101546816919653, 'alpha': 0.007854902853179987, 'colsample_bytree': 0.8542331039070264, 'subsample': 0.8782528569097932, 'learning_rate': 0.011663896290145014, 'max_depth': 15, 'min_child_weight': 251, 'eval_metric': 'rmse'}. Best is trial 581 with value: 7.8118814731889445.
start listen on 192.168.1.101:58651
@tracker All of 4 nodes getting started
@tracker All nodes finishes job
Trial 983 finished with value: 8.024427070150525 and parameters: {'objective': 'reg:squarederror', 'tree_method': 'gpu_hist', 'lambda': 5.94895161330853, 'alpha': 0.010285978361694854, 'colsample_bytree': 0.6205751208128943, 'subsample': 0.8931726788229744, 'learning_rate': 0.0014227283256877789, 'max_depth': 5, 'min_child_weight': 245, 'eval_metric': 'rmse'}. Best is trial 581 with value: 7.8118814731889445.
start listen on 192.168.1.101:45233
@tracker All of 4 nodes getting started
@tracker All nodes finishes job
Trial 984 finished with value: 7.813601134371672 and parameters: {'objective': 'reg:squarederror', 'tree_method': 'gpu_hist', 'lambda': 0.002103178845973936, 'alpha': 0.008991613306135644, 'colsample_bytree': 0.6555033543422816, 'subsample': 0.9074386979572231, 'learning_rate': 0.017563770039293287, 'max_depth': 11, 'min_child_weight': 258, 'eval_metric': 'rmse'}. Best is trial 581 with value: 7.8118814731889445.
start listen on 192.168.1.101:52477
@tracker All of 4 nodes getting started
@tracker All nodes finishes job
Trial 985 finished with value: 7.816143862451826 and parameters: {'objective': 'reg:squarederror', 'tree_method': 'gpu_hist', 'lambda': 0.011616795758480396, 'alpha': 1.2317495141529087, 'colsample_bytree': 0.6342620125581815, 'subsample': 0.9085406488782487, 'learning_rate': 0.009064860572906746, 'max_depth': 13, 'min_child_weight': 270, 'eval_metric': 'rmse'}. Best is trial 581 with value: 7.8118814731889445.
start listen on 192.168.1.101:50699
@tracker All of 4 nodes getting started
@tracker All nodes finishes job
Trial 986 finished with value: 7.815721188510569 and parameters: {'objective': 'reg:squarederror', 'tree_method': 'gpu_hist', 'lambda': 0.09012382577684672, 'alpha': 0.006603962244066248, 'colsample_bytree': 0.5897546112868378, 'subsample': 0.8478375722136058, 'learning_rate': 0.01156729327530469, 'max_depth': 15, 'min_child_weight': 234, 'eval_metric': 'rmse'}. Best is trial 581 with value: 7.8118814731889445.
start listen on 192.168.1.101:52345
@tracker All of 4 nodes getting started
@tracker All nodes finishes job
Trial 987 finished with value: 7.813966933703833 and parameters: {'objective': 'reg:squarederror', 'tree_method': 'gpu_hist', 'lambda': 0.13065929597203396, 'alpha': 0.44507265854847977, 'colsample_bytree': 0.6110804022049929, 'subsample': 0.8818596042727791, 'learning_rate': 0.015835921763690655, 'max_depth': 11, 'min_child_weight': 265, 'eval_metric': 'rmse'}. Best is trial 581 with value: 7.8118814731889445.
start listen on 192.168.1.101:44623
@tracker All of 4 nodes getting started
@tracker All nodes finishes job
Trial 988 finished with value: 7.821115384524001 and parameters: {'objective': 'reg:squarederror', 'tree_method': 'gpu_hist', 'lambda': 0.11041681932542897, 'alpha': 0.011119631313166277, 'colsample_bytree': 0.6543236754592893, 'subsample': 0.8971163955037013, 'learning_rate': 0.01018525767401949, 'max_depth': 9, 'min_child_weight': 249, 'eval_metric': 'rmse'}. Best is trial 581 with value: 7.8118814731889445.
start listen on 192.168.1.101:45437
@tracker All of 4 nodes getting started
@tracker All nodes finishes job
Trial 989 finished with value: 7.821693758481894 and parameters: {'objective': 'reg:squarederror', 'tree_method': 'gpu_hist', 'lambda': 0.009984468945201712, 'alpha': 0.03291928465953892, 'colsample_bytree': 0.6294775857214635, 'subsample': 0.9215435814819972, 'learning_rate': 0.01953020084539764, 'max_depth': 15, 'min_child_weight': 254, 'eval_metric': 'rmse'}. Best is trial 581 with value: 7.8118814731889445.
start listen on 192.168.1.101:55357
@tracker All of 4 nodes getting started
@tracker All nodes finishes job
Trial 990 finished with value: 7.81622443454 and parameters: {'objective': 'reg:squarederror', 'tree_method': 'gpu_hist', 'lambda': 0.05865263426721353, 'alpha': 0.6123610977669309, 'colsample_bytree': 0.6437602005527905, 'subsample': 0.8651630234189763, 'learning_rate': 0.012302717595890139, 'max_depth': 11, 'min_child_weight': 241, 'eval_metric': 'rmse'}. Best is trial 581 with value: 7.8118814731889445.
start listen on 192.168.1.101:48489
@tracker All of 4 nodes getting started
@tracker All nodes finishes job
Trial 991 finished with value: 7.815160404879013 and parameters: {'objective': 'reg:squarederror', 'tree_method': 'gpu_hist', 'lambda': 0.015107922544420211, 'alpha': 0.006010197846980603, 'colsample_bytree': 0.6691559173456327, 'subsample': 0.9138646430838808, 'learning_rate': 0.01116058382884802, 'max_depth': 15, 'min_child_weight': 229, 'eval_metric': 'rmse'}. Best is trial 581 with value: 7.8118814731889445.
start listen on 192.168.1.101:38697
@tracker All of 4 nodes getting started
@tracker All nodes finishes job
Trial 992 finished with value: 7.823252211241671 and parameters: {'objective': 'reg:squarederror', 'tree_method': 'gpu_hist', 'lambda': 0.08427159956085843, 'alpha': 0.5633986285861918, 'colsample_bytree': 0.6012513715001816, 'subsample': 0.8881858651830354, 'learning_rate': 0.024649870029783534, 'max_depth': 11, 'min_child_weight': 261, 'eval_metric': 'rmse'}. Best is trial 581 with value: 7.8118814731889445.
start listen on 192.168.1.101:41661
@tracker All of 4 nodes getting started
@tracker All nodes finishes job
Trial 993 finished with value: 7.831400561183166 and parameters: {'objective': 'reg:squarederror', 'tree_method': 'gpu_hist', 'lambda': 0.008494088619755294, 'alpha': 0.007629564601876255, 'colsample_bytree': 0.6880813113558754, 'subsample': 0.9057246271086671, 'learning_rate': 0.021247483129798145, 'max_depth': 15, 'min_child_weight': 204, 'eval_metric': 'rmse'}. Best is trial 581 with value: 7.8118814731889445.
start listen on 192.168.1.101:50701
@tracker All of 4 nodes getting started
@tracker All nodes finishes job
Trial 994 finished with value: 7.8209083914374276 and parameters: {'objective': 'reg:squarederror', 'tree_method': 'gpu_hist', 'lambda': 0.18429081310618795, 'alpha': 0.011765860989193888, 'colsample_bytree': 0.615525396290618, 'subsample': 0.9268733410498808, 'learning_rate': 0.016343386448610376, 'max_depth': 17, 'min_child_weight': 274, 'eval_metric': 'rmse'}. Best is trial 581 with value: 7.8118814731889445.
start listen on 192.168.1.101:43115
@tracker All of 4 nodes getting started
@tracker All nodes finishes job
Trial 995 finished with value: 7.814698032517021 and parameters: {'objective': 'reg:squarederror', 'tree_method': 'gpu_hist', 'lambda': 0.012345119339370525, 'alpha': 0.8735914497485825, 'colsample_bytree': 0.6314849248425319, 'subsample': 0.8979731697108743, 'learning_rate': 0.01382168889285607, 'max_depth': 11, 'min_child_weight': 248, 'eval_metric': 'rmse'}. Best is trial 581 with value: 7.8118814731889445.
start listen on 192.168.1.101:32945
@tracker All of 4 nodes getting started
@tracker All nodes finishes job
Trial 996 finished with value: 7.8220893300599625 and parameters: {'objective': 'reg:squarederror', 'tree_method': 'gpu_hist', 'lambda': 0.14739149888877506, 'alpha': 0.7526273324503987, 'colsample_bytree': 0.6496317162638965, 'subsample': 0.8723166848429035, 'learning_rate': 0.017883787782250818, 'max_depth': 15, 'min_child_weight': 256, 'eval_metric': 'rmse'}. Best is trial 581 with value: 7.8118814731889445.
start listen on 192.168.1.101:50241
@tracker All of 4 nodes getting started
@tracker All nodes finishes job
Trial 997 finished with value: 7.816590264303515 and parameters: {'objective': 'reg:squarederror', 'tree_method': 'gpu_hist', 'lambda': 0.10091930293220258, 'alpha': 0.8687546567035614, 'colsample_bytree': 0.6184790781681472, 'subsample': 0.9616452304930169, 'learning_rate': 0.012380588910144942, 'max_depth': 11, 'min_child_weight': 265, 'eval_metric': 'rmse'}. Best is trial 581 with value: 7.8118814731889445.
start listen on 192.168.1.101:54911
@tracker All of 4 nodes getting started
@tracker All nodes finishes job
Trial 998 finished with value: 7.815619203252767 and parameters: {'objective': 'reg:squarederror', 'tree_method': 'gpu_hist', 'lambda': 0.04774199076592383, 'alpha': 0.009587269770523106, 'colsample_bytree': 0.6589728102896287, 'subsample': 0.8397347910094511, 'learning_rate': 0.009407991333382886, 'max_depth': 20, 'min_child_weight': 238, 'eval_metric': 'rmse'}. Best is trial 581 with value: 7.8118814731889445.
start listen on 192.168.1.101:59145
@tracker All of 4 nodes getting started
@tracker All nodes finishes job
Trial 999 finished with value: 7.815281830339698 and parameters: {'objective': 'reg:squarederror', 'tree_method': 'gpu_hist', 'lambda': 0.0076546203784728, 'alpha': 0.013950589346651164, 'colsample_bytree': 0.6350139957583062, 'subsample': 0.9346877498998535, 'learning_rate': 0.015293704720831833, 'max_depth': 15, 'min_child_weight': 245, 'eval_metric': 'rmse'}. Best is trial 581 with value: 7.8118814731889445.
