Trial 126 finished with value: 7.817282463031103 and parameters: {'objective': 'reg:squarederror', 'tree_method': 'gpu_hist', 'lambda': 0.0013961026559493174, 'alpha': 0.0026704897529174943, 'colsample_bytree': 0.6360375209407991, 'subsample': 0.9233996858953488, 'learning_rate': 0.011033272760106098, 'max_depth': 11, 'min_child_weight': 240, 'eval_metric': 'rmse'}. Best is trial 79 with value: 7.812327109628506.
start listen on 192.168.1.101:57459
@tracker All of 4 nodes getting started
@tracker All nodes finishes job
Trial 127 finished with value: 7.814427253651525 and parameters: {'objective': 'reg:squarederror', 'tree_method': 'gpu_hist', 'lambda': 0.0010426020940534418, 'alpha': 0.0010647046130083417, 'colsample_bytree': 0.5974078489261416, 'subsample': 0.90562759953347, 'learning_rate': 0.020182700867958637, 'max_depth': 9, 'min_child_weight': 283, 'eval_metric': 'rmse'}. Best is trial 79 with value: 7.812327109628506.
start listen on 192.168.1.101:47071
@tracker All of 4 nodes getting started
@tracker All nodes finishes job
Trial 128 finished with value: 7.8152422653980285 and parameters: {'objective': 'reg:squarederror', 'tree_method': 'gpu_hist', 'lambda': 0.0010057973882975813, 'alpha': 0.001159942162974282, 'colsample_bytree': 0.7013682617496355, 'subsample': 0.901187879426611, 'learning_rate': 0.023180674013354302, 'max_depth': 9, 'min_child_weight': 284, 'eval_metric': 'rmse'}. Best is trial 79 with value: 7.812327109628506.
start listen on 192.168.1.101:55247
@tracker All of 4 nodes getting started
@tracker All nodes finishes job
Trial 129 finished with value: 7.818845887046088 and parameters: {'objective': 'reg:squarederror', 'tree_method': 'gpu_hist', 'lambda': 0.002084306577039133, 'alpha': 0.001023686414098072, 'colsample_bytree': 0.677198330721055, 'subsample': 0.9046567257843539, 'learning_rate': 0.026592389601250287, 'max_depth': 9, 'min_child_weight': 285, 'eval_metric': 'rmse'}. Best is trial 79 with value: 7.812327109628506.
start listen on 192.168.1.101:49865
@tracker All of 4 nodes getting started
@tracker All nodes finishes job
Trial 130 finished with value: 7.817699146624629 and parameters: {'objective': 'reg:squarederror', 'tree_method': 'gpu_hist', 'lambda': 0.0010610316690025628, 'alpha': 0.00126581551789578, 'colsample_bytree': 0.7339482542362769, 'subsample': 0.8929438561662829, 'learning_rate': 0.024303782859265117, 'max_depth': 9, 'min_child_weight': 296, 'eval_metric': 'rmse'}. Best is trial 79 with value: 7.812327109628506.
start listen on 192.168.1.101:53455
@tracker All of 4 nodes getting started
@tracker All nodes finishes job
Trial 131 finished with value: 7.816148406559252 and parameters: {'objective': 'reg:squarederror', 'tree_method': 'gpu_hist', 'lambda': 0.001185809986517245, 'alpha': 0.0014211587398802216, 'colsample_bytree': 0.7073997061384822, 'subsample': 0.9102563050971123, 'learning_rate': 0.020032216885217315, 'max_depth': 9, 'min_child_weight': 281, 'eval_metric': 'rmse'}. Best is trial 79 with value: 7.812327109628506.
start listen on 192.168.1.101:55087
@tracker All of 4 nodes getting started
@tracker All nodes finishes job
Trial 132 finished with value: 7.816082154578305 and parameters: {'objective': 'reg:squarederror', 'tree_method': 'gpu_hist', 'lambda': 0.0015173514959315152, 'alpha': 0.001969145178530826, 'colsample_bytree': 0.6281211804868351, 'subsample': 0.8723893222822278, 'learning_rate': 0.016235657957026653, 'max_depth': 9, 'min_child_weight': 272, 'eval_metric': 'rmse'}. Best is trial 79 with value: 7.812327109628506.
start listen on 192.168.1.101:48541
@tracker All of 4 nodes getting started
@tracker All nodes finishes job
Trial 133 finished with value: 7.819830908405008 and parameters: {'objective': 'reg:squarederror', 'tree_method': 'gpu_hist', 'lambda': 0.0010022004582495147, 'alpha': 0.0010119768059533801, 'colsample_bytree': 0.5996789765433888, 'subsample': 0.9310144150514181, 'learning_rate': 0.02241386852695017, 'max_depth': 9, 'min_child_weight': 292, 'eval_metric': 'rmse'}. Best is trial 79 with value: 7.812327109628506.
start listen on 192.168.1.101:36549
@tracker All of 4 nodes getting started
@tracker All nodes finishes job
Trial 134 finished with value: 7.817197810353478 and parameters: {'objective': 'reg:squarederror', 'tree_method': 'gpu_hist', 'lambda': 0.027039530691489417, 'alpha': 0.0016005596404877421, 'colsample_bytree': 0.6639951438340466, 'subsample': 0.8960875198838987, 'learning_rate': 0.014544705015619394, 'max_depth': 9, 'min_child_weight': 266, 'eval_metric': 'rmse'}. Best is trial 79 with value: 7.812327109628506.
start listen on 192.168.1.101:48801
@tracker All of 4 nodes getting started
@tracker All nodes finishes job
Trial 135 finished with value: 7.8155655427512505 and parameters: {'objective': 'reg:squarederror', 'tree_method': 'gpu_hist', 'lambda': 0.00137358447996104, 'alpha': 0.0012942021228028412, 'colsample_bytree': 0.5423484131643446, 'subsample': 0.9481662348313404, 'learning_rate': 0.02076371870155771, 'max_depth': 9, 'min_child_weight': 287, 'eval_metric': 'rmse'}. Best is trial 79 with value: 7.812327109628506.
start listen on 192.168.1.101:47919
@tracker All of 4 nodes getting started
@tracker All nodes finishes job
Trial 136 finished with value: 7.814918186978511 and parameters: {'objective': 'reg:squarederror', 'tree_method': 'gpu_hist', 'lambda': 0.0017513987903458746, 'alpha': 0.002373764736497058, 'colsample_bytree': 0.731256303488274, 'subsample': 0.9190184003925624, 'learning_rate': 0.017164706530101388, 'max_depth': 11, 'min_child_weight': 254, 'eval_metric': 'rmse'}. Best is trial 79 with value: 7.812327109628506.
start listen on 192.168.1.101:41897
@tracker All of 4 nodes getting started
@tracker All nodes finishes job
Trial 137 finished with value: 7.825445703863645 and parameters: {'objective': 'reg:squarederror', 'tree_method': 'gpu_hist', 'lambda': 0.0017456962850997933, 'alpha': 0.0023660346924897755, 'colsample_bytree': 0.7935652673084572, 'subsample': 0.8762250820912441, 'learning_rate': 0.017879406620396998, 'max_depth': 5, 'min_child_weight': 256, 'eval_metric': 'rmse'}. Best is trial 79 with value: 7.812327109628506.
start listen on 192.168.1.101:56761
@tracker All of 4 nodes getting started
@tracker All nodes finishes job
Trial 138 finished with value: 7.833592028441792 and parameters: {'objective': 'reg:squarederror', 'tree_method': 'gpu_hist', 'lambda': 0.0022813942031763364, 'alpha': 0.0018184206871547605, 'colsample_bytree': 0.7282286389744714, 'subsample': 0.9147366284584973, 'learning_rate': 0.029647106130413117, 'max_depth': 11, 'min_child_weight': 278, 'eval_metric': 'rmse'}. Best is trial 79 with value: 7.812327109628506.
start listen on 192.168.1.101:58309
@tracker All of 4 nodes getting started
@tracker All nodes finishes job
Trial 139 finished with value: 7.816841701389672 and parameters: {'objective': 'reg:squarederror', 'tree_method': 'gpu_hist', 'lambda': 0.5297299421136262, 'alpha': 0.0014785131349053867, 'colsample_bytree': 0.7408361631241823, 'subsample': 0.9611056442716288, 'learning_rate': 0.013627262616653245, 'max_depth': 13, 'min_child_weight': 262, 'eval_metric': 'rmse'}. Best is trial 79 with value: 7.812327109628506.
start listen on 192.168.1.101:38333
@tracker All of 4 nodes getting started
@tracker All nodes finishes job
Trial 140 finished with value: 7.847012091044506 and parameters: {'objective': 'reg:squarederror', 'tree_method': 'gpu_hist', 'lambda': 0.0016555314653469118, 'alpha': 0.001172686948072922, 'colsample_bytree': 0.7622258445301792, 'subsample': 0.8647169948140043, 'learning_rate': 0.03810739583282272, 'max_depth': 11, 'min_child_weight': 268, 'eval_metric': 'rmse'}. Best is trial 79 with value: 7.812327109628506.
start listen on 192.168.1.101:57793
@tracker All of 4 nodes getting started
@tracker All nodes finishes job
Trial 141 finished with value: 7.814609956725924 and parameters: {'objective': 'reg:squarederror', 'tree_method': 'gpu_hist', 'lambda': 0.0012001734321405032, 'alpha': 0.0027461601066243956, 'colsample_bytree': 0.7088538317180613, 'subsample': 0.9281734304378512, 'learning_rate': 0.015519463856575917, 'max_depth': 11, 'min_child_weight': 250, 'eval_metric': 'rmse'}. Best is trial 79 with value: 7.812327109628506.
start listen on 192.168.1.101:38101
@tracker All of 4 nodes getting started
@tracker All nodes finishes job
Trial 142 finished with value: 7.81718638752749 and parameters: {'objective': 'reg:squarederror', 'tree_method': 'gpu_hist', 'lambda': 0.0013327366244411244, 'alpha': 0.0027298037224475925, 'colsample_bytree': 0.7160140742471446, 'subsample': 0.8903304599003486, 'learning_rate': 0.017442217220507664, 'max_depth': 11, 'min_child_weight': 252, 'eval_metric': 'rmse'}. Best is trial 79 with value: 7.812327109628506.
start listen on 192.168.1.101:55267
@tracker All of 4 nodes getting started
@tracker All nodes finishes job
Trial 143 finished with value: 7.818099460689228 and parameters: {'objective': 'reg:squarederror', 'tree_method': 'gpu_hist', 'lambda': 2.2747159006017954, 'alpha': 0.0020534706945054986, 'colsample_bytree': 0.6986262479206763, 'subsample': 0.9414826477998545, 'learning_rate': 0.019537370910928324, 'max_depth': 11, 'min_child_weight': 274, 'eval_metric': 'rmse'}. Best is trial 79 with value: 7.812327109628506.
start listen on 192.168.1.101:54955
@tracker All of 4 nodes getting started
@tracker All nodes finishes job
Trial 144 finished with value: 7.816120348489665 and parameters: {'objective': 'reg:squarederror', 'tree_method': 'gpu_hist', 'lambda': 0.0011834395260151617, 'alpha': 0.0010038970695516517, 'colsample_bytree': 0.5077199659301203, 'subsample': 0.9080599997334318, 'learning_rate': 0.012326929020892908, 'max_depth': 11, 'min_child_weight': 259, 'eval_metric': 'rmse'}. Best is trial 79 with value: 7.812327109628506.
start listen on 192.168.1.101:53561
@tracker All of 4 nodes getting started
@tracker All nodes finishes job
Trial 145 finished with value: 7.81665746123926 and parameters: {'objective': 'reg:squarederror', 'tree_method': 'gpu_hist', 'lambda': 0.001929790316794699, 'alpha': 0.0016112724681801199, 'colsample_bytree': 0.7684611293274981, 'subsample': 0.9014368764495736, 'learning_rate': 0.014311778806799222, 'max_depth': 11, 'min_child_weight': 247, 'eval_metric': 'rmse'}. Best is trial 79 with value: 7.812327109628506.
start listen on 192.168.1.101:35371
@tracker All of 4 nodes getting started
@tracker All nodes finishes job
Trial 146 finished with value: 7.815801169855955 and parameters: {'objective': 'reg:squarederror', 'tree_method': 'gpu_hist', 'lambda': 0.09860106282115497, 'alpha': 0.0028690297580234764, 'colsample_bytree': 0.7485660312080994, 'subsample': 0.920028534899429, 'learning_rate': 0.015955196416810733, 'max_depth': 15, 'min_child_weight': 284, 'eval_metric': 'rmse'}. Best is trial 79 with value: 7.812327109628506.
start listen on 192.168.1.101:60389
@tracker All of 4 nodes getting started
@tracker All nodes finishes job
Trial 147 finished with value: 7.820825901615882 and parameters: {'objective': 'reg:squarederror', 'tree_method': 'gpu_hist', 'lambda': 0.0010135390728786544, 'alpha': 0.0021781864074128044, 'colsample_bytree': 0.5895482555710423, 'subsample': 0.9365638612638982, 'learning_rate': 0.017514202117566, 'max_depth': 17, 'min_child_weight': 300, 'eval_metric': 'rmse'}. Best is trial 79 with value: 7.812327109628506.
start listen on 192.168.1.101:45795
@tracker All of 4 nodes getting started
@tracker All nodes finishes job
Trial 148 finished with value: 7.820818615888213 and parameters: {'objective': 'reg:squarederror', 'tree_method': 'gpu_hist', 'lambda': 0.14421405234263943, 'alpha': 0.0013462371583291132, 'colsample_bytree': 0.691273739218458, 'subsample': 0.8812325922572053, 'learning_rate': 0.023500427486182664, 'max_depth': 11, 'min_child_weight': 292, 'eval_metric': 'rmse'}. Best is trial 79 with value: 7.812327109628506.
start listen on 192.168.1.101:58341
@tracker All of 4 nodes getting started
@tracker All nodes finishes job
Trial 149 finished with value: 7.814919629293208 and parameters: {'objective': 'reg:squarederror', 'tree_method': 'gpu_hist', 'lambda': 0.00152561029941273, 'alpha': 0.0034584841799258485, 'colsample_bytree': 0.5711523923078453, 'subsample': 0.8895698482785793, 'learning_rate': 0.011807419429104312, 'max_depth': 11, 'min_child_weight': 270, 'eval_metric': 'rmse'}. Best is trial 79 with value: 7.812327109628506.
start listen on 192.168.1.101:54315
@tracker All of 4 nodes getting started
@tracker All nodes finishes job
Trial 150 finished with value: 7.81843825489892 and parameters: {'objective': 'reg:squarederror', 'tree_method': 'gpu_hist', 'lambda': 0.002414209535940545, 'alpha': 0.0036030508940142715, 'colsample_bytree': 0.5641528248662034, 'subsample': 0.9240465144947456, 'learning_rate': 0.011859991224254966, 'max_depth': 9, 'min_child_weight': 264, 'eval_metric': 'rmse'}. Best is trial 79 with value: 7.812327109628506.
start listen on 192.168.1.101:59621
@tracker All of 4 nodes getting started
@tracker All nodes finishes job
Trial 151 finished with value: 7.8155195452537605 and parameters: {'objective': 'reg:squarederror', 'tree_method': 'gpu_hist', 'lambda': 0.0014578512317371213, 'alpha': 0.002464879828578074, 'colsample_bytree': 0.5788454936971643, 'subsample': 0.8889204877747654, 'learning_rate': 0.013381116973330047, 'max_depth': 11, 'min_child_weight': 279, 'eval_metric': 'rmse'}. Best is trial 79 with value: 7.812327109628506.
start listen on 192.168.1.101:37961
@tracker All of 4 nodes getting started
@tracker All nodes finishes job
Trial 152 finished with value: 7.816146454598773 and parameters: {'objective': 'reg:squarederror', 'tree_method': 'gpu_hist', 'lambda': 0.0016539318830861285, 'alpha': 0.001789725838318614, 'colsample_bytree': 0.6159220968348854, 'subsample': 0.9023479106011306, 'learning_rate': 0.014984054380196208, 'max_depth': 11, 'min_child_weight': 253, 'eval_metric': 'rmse'}. Best is trial 79 with value: 7.812327109628506.
start listen on 192.168.1.101:44487
@tracker All of 4 nodes getting started
@tracker All nodes finishes job
Trial 153 finished with value: 7.817347611032393 and parameters: {'objective': 'reg:squarederror', 'tree_method': 'gpu_hist', 'lambda': 0.0010079627635169524, 'alpha': 0.0031582539956042316, 'colsample_bytree': 0.5519175398154249, 'subsample': 0.869902742669346, 'learning_rate': 0.01924099857552447, 'max_depth': 11, 'min_child_weight': 272, 'eval_metric': 'rmse'}. Best is trial 79 with value: 7.812327109628506.
start listen on 192.168.1.101:33789
@tracker All of 4 nodes getting started
@tracker All nodes finishes job
Trial 154 finished with value: 7.818165365156037 and parameters: {'objective': 'reg:squarederror', 'tree_method': 'gpu_hist', 'lambda': 0.0012674914284353427, 'alpha': 0.0020199737633775383, 'colsample_bytree': 0.6002102042159412, 'subsample': 0.9146633153281183, 'learning_rate': 0.00992781692789517, 'max_depth': 11, 'min_child_weight': 259, 'eval_metric': 'rmse'}. Best is trial 79 with value: 7.812327109628506.
start listen on 192.168.1.101:57637
@tracker All of 4 nodes getting started
@tracker All nodes finishes job
Trial 155 finished with value: 8.061089017991875 and parameters: {'objective': 'reg:squarederror', 'tree_method': 'gpu_hist', 'lambda': 0.0020115315942071093, 'alpha': 0.0011989501146088197, 'colsample_bytree': 0.6495734601139588, 'subsample': 0.8534023064752576, 'learning_rate': 0.0012612455488167332, 'max_depth': 11, 'min_child_weight': 242, 'eval_metric': 'rmse'}. Best is trial 79 with value: 7.812327109628506.
start listen on 192.168.1.101:52075
@tracker All of 4 nodes getting started
@tracker All nodes finishes job
Trial 156 finished with value: 7.817571883056374 and parameters: {'objective': 'reg:squarederror', 'tree_method': 'gpu_hist', 'lambda': 0.0014942961022722868, 'alpha': 0.0045257486910452545, 'colsample_bytree': 0.5741634644952636, 'subsample': 0.8863553237703254, 'learning_rate': 0.01614127731372643, 'max_depth': 11, 'min_child_weight': 268, 'eval_metric': 'rmse'}. Best is trial 79 with value: 7.812327109628506.
start listen on 192.168.1.101:41679
@tracker All of 4 nodes getting started
@tracker All nodes finishes job
Trial 157 finished with value: 7.816154082475951 and parameters: {'objective': 'reg:squarederror', 'tree_method': 'gpu_hist', 'lambda': 4.394004711734381, 'alpha': 0.0014998238624882843, 'colsample_bytree': 0.7087226494388095, 'subsample': 0.8997984963531017, 'learning_rate': 0.012516130802858587, 'max_depth': 11, 'min_child_weight': 287, 'eval_metric': 'rmse'}. Best is trial 79 with value: 7.812327109628506.
start listen on 192.168.1.101:42331
@tracker All of 4 nodes getting started
@tracker All nodes finishes job
Trial 158 finished with value: 7.8216999947019135 and parameters: {'objective': 'reg:squarederror', 'tree_method': 'gpu_hist', 'lambda': 0.2827656130265168, 'alpha': 0.0024742009054305593, 'colsample_bytree': 0.618881950510131, 'subsample': 0.9298291900666278, 'learning_rate': 0.014351123209654057, 'max_depth': 7, 'min_child_weight': 30, 'eval_metric': 'rmse'}. Best is trial 79 with value: 7.812327109628506.
start listen on 192.168.1.101:42901
@tracker All of 4 nodes getting started
@tracker All nodes finishes job
Trial 159 finished with value: 7.817503907171772 and parameters: {'objective': 'reg:squarederror', 'tree_method': 'gpu_hist', 'lambda': 0.0018250882186981664, 'alpha': 0.0017426301299261976, 'colsample_bytree': 0.6737435929954525, 'subsample': 0.9435106980528218, 'learning_rate': 0.020850982576778955, 'max_depth': 11, 'min_child_weight': 248, 'eval_metric': 'rmse'}. Best is trial 79 with value: 7.812327109628506.
start listen on 192.168.1.101:55437
@tracker All of 4 nodes getting started
@tracker All nodes finishes job
Trial 160 finished with value: 7.815209618487946 and parameters: {'objective': 'reg:squarederror', 'tree_method': 'gpu_hist', 'lambda': 0.3987499972959597, 'alpha': 0.003781775391221221, 'colsample_bytree': 0.5305244840872841, 'subsample': 0.9162563190766256, 'learning_rate': 0.017189227216413618, 'max_depth': 11, 'min_child_weight': 282, 'eval_metric': 'rmse'}. Best is trial 79 with value: 7.812327109628506.
start listen on 192.168.1.101:57569
@tracker All of 4 nodes getting started
@tracker All nodes finishes job
Trial 161 finished with value: 7.817380570828756 and parameters: {'objective': 'reg:squarederror', 'tree_method': 'gpu_hist', 'lambda': 0.6882926146438695, 'alpha': 0.003371687066816005, 'colsample_bytree': 0.5371191020201884, 'subsample': 0.9141931069358612, 'learning_rate': 0.016870362113674008, 'max_depth': 11, 'min_child_weight': 279, 'eval_metric': 'rmse'}. Best is trial 79 with value: 7.812327109628506.
start listen on 192.168.1.101:41063
@tracker All of 4 nodes getting started
@tracker All nodes finishes job
Trial 162 finished with value: 7.815766857364351 and parameters: {'objective': 'reg:squarederror', 'tree_method': 'gpu_hist', 'lambda': 0.3777279253867302, 'alpha': 0.004041631560794621, 'colsample_bytree': 0.5891618531611815, 'subsample': 0.8925984384528007, 'learning_rate': 0.01344174403608938, 'max_depth': 11, 'min_child_weight': 293, 'eval_metric': 'rmse'}. Best is trial 79 with value: 7.812327109628506.
start listen on 192.168.1.101:57879
@tracker All of 4 nodes getting started
@tracker All nodes finishes job
Trial 163 finished with value: 7.815183484786471 and parameters: {'objective': 'reg:squarederror', 'tree_method': 'gpu_hist', 'lambda': 0.1916640345092051, 'alpha': 0.0012127019322372503, 'colsample_bytree': 0.5297459446601637, 'subsample': 0.9218946767845206, 'learning_rate': 0.018168595506698065, 'max_depth': 11, 'min_child_weight': 283, 'eval_metric': 'rmse'}. Best is trial 79 with value: 7.812327109628506.
start listen on 192.168.1.101:43245
@tracker All of 4 nodes getting started
@tracker All nodes finishes job
Trial 164 finished with value: 7.818338708907985 and parameters: {'objective': 'reg:squarederror', 'tree_method': 'gpu_hist', 'lambda': 0.15369522760771293, 'alpha': 0.0011742217320275161, 'colsample_bytree': 0.4821689608851084, 'subsample': 0.9627631504150813, 'learning_rate': 0.018442120959496447, 'max_depth': 11, 'min_child_weight': 270, 'eval_metric': 'rmse'}. Best is trial 79 with value: 7.812327109628506.
start listen on 192.168.1.101:44695
@tracker All of 4 nodes getting started
@tracker All nodes finishes job
Trial 165 finished with value: 7.825077564226906 and parameters: {'objective': 'reg:squarederror', 'tree_method': 'gpu_hist', 'lambda': 0.20929433146263285, 'alpha': 0.0013611443317067262, 'colsample_bytree': 0.5311667906850235, 'subsample': 0.9260276164527712, 'learning_rate': 0.021787620219594933, 'max_depth': 11, 'min_child_weight': 146, 'eval_metric': 'rmse'}. Best is trial 79 with value: 7.812327109628506.
start listen on 192.168.1.101:54693
@tracker All of 4 nodes getting started
@tracker All nodes finishes job
Trial 166 finished with value: 7.841349872967818 and parameters: {'objective': 'reg:squarederror', 'tree_method': 'gpu_hist', 'lambda': 0.46242026694779526, 'alpha': 0.0022742013508958692, 'colsample_bytree': 0.5232476673361242, 'subsample': 0.5023222054699448, 'learning_rate': 0.01577626656496169, 'max_depth': 3, 'min_child_weight': 263, 'eval_metric': 'rmse'}. Best is trial 79 with value: 7.812327109628506.
start listen on 192.168.1.101:48743
@tracker All of 4 nodes getting started
@tracker All nodes finishes job
Trial 167 finished with value: 7.81745451504355 and parameters: {'objective': 'reg:squarederror', 'tree_method': 'gpu_hist', 'lambda': 0.26413227747241136, 'alpha': 0.0010097948992167126, 'colsample_bytree': 0.5056975236215976, 'subsample': 0.9852269973873149, 'learning_rate': 0.018184687381922658, 'max_depth': 11, 'min_child_weight': 255, 'eval_metric': 'rmse'}. Best is trial 79 with value: 7.812327109628506.
start listen on 192.168.1.101:47535
@tracker All of 4 nodes getting started
@tracker All nodes finishes job
