Trial 672 finished with value: 7.814864323618118 and parameters: {'objective': 'reg:squarederror', 'tree_method': 'gpu_hist', 'lambda': 0.04593347712895583, 'alpha': 0.006023852303790499, 'colsample_bytree': 0.5693559195718219, 'subsample': 0.9228558992685105, 'learning_rate': 0.0206629375937281, 'max_depth': 11, 'min_child_weight': 236, 'eval_metric': 'rmse'}. Best is trial 581 with value: 7.8118814731889445.
start listen on 192.168.1.101:41337
@tracker All of 4 nodes getting started
@tracker All nodes finishes job
Trial 673 finished with value: 7.818728381431831 and parameters: {'objective': 'reg:squarederror', 'tree_method': 'gpu_hist', 'lambda': 4.829503706745157, 'alpha': 0.011956105532282374, 'colsample_bytree': 0.674229834434438, 'subsample': 0.9019206196921292, 'learning_rate': 0.015775383047806936, 'max_depth': 15, 'min_child_weight': 257, 'eval_metric': 'rmse'}. Best is trial 581 with value: 7.8118814731889445.
start listen on 192.168.1.101:35401
@tracker All of 4 nodes getting started
@tracker All nodes finishes job
Trial 674 finished with value: 7.817359284063491 and parameters: {'objective': 'reg:squarederror', 'tree_method': 'gpu_hist', 'lambda': 0.005516936559793799, 'alpha': 0.019664015529403157, 'colsample_bytree': 0.621296785186624, 'subsample': 0.6967247819943936, 'learning_rate': 0.011845070297518153, 'max_depth': 11, 'min_child_weight': 243, 'eval_metric': 'rmse'}. Best is trial 581 with value: 7.8118814731889445.
start listen on 192.168.1.101:52947
@tracker All of 4 nodes getting started
@tracker All nodes finishes job
Trial 675 finished with value: 7.815600888407201 and parameters: {'objective': 'reg:squarederror', 'tree_method': 'gpu_hist', 'lambda': 0.30667916628688846, 'alpha': 0.007524651891311488, 'colsample_bytree': 0.5882717288115268, 'subsample': 0.8865557508996561, 'learning_rate': 0.013523851229443077, 'max_depth': 20, 'min_child_weight': 252, 'eval_metric': 'rmse'}. Best is trial 581 with value: 7.8118814731889445.
start listen on 192.168.1.101:35647
@tracker All of 4 nodes getting started
@tracker All nodes finishes job
Trial 676 finished with value: 7.81475423766981 and parameters: {'objective': 'reg:squarederror', 'tree_method': 'gpu_hist', 'lambda': 0.00900476404658039, 'alpha': 0.004359101626979581, 'colsample_bytree': 0.6385567205629892, 'subsample': 0.6746244345050775, 'learning_rate': 0.012272736430830067, 'max_depth': 11, 'min_child_weight': 263, 'eval_metric': 'rmse'}. Best is trial 581 with value: 7.8118814731889445.
start listen on 192.168.1.101:35965
@tracker All of 4 nodes getting started
@tracker All nodes finishes job
Trial 677 finished with value: 7.819237692453267 and parameters: {'objective': 'reg:squarederror', 'tree_method': 'gpu_hist', 'lambda': 1.3367117938575397, 'alpha': 0.01276478394660063, 'colsample_bytree': 0.6002561220432381, 'subsample': 0.9409328758028468, 'learning_rate': 0.018612501072047438, 'max_depth': 15, 'min_child_weight': 271, 'eval_metric': 'rmse'}. Best is trial 581 with value: 7.8118814731889445.
start listen on 192.168.1.101:44097
@tracker All of 4 nodes getting started
@tracker All nodes finishes job
Trial 678 finished with value: 7.822625980155228 and parameters: {'objective': 'reg:squarederror', 'tree_method': 'gpu_hist', 'lambda': 0.0011877585553291185, 'alpha': 0.009771130278421476, 'colsample_bytree': 0.6536011302386551, 'subsample': 0.9274893698271099, 'learning_rate': 0.014495433614419883, 'max_depth': 7, 'min_child_weight': 231, 'eval_metric': 'rmse'}. Best is trial 581 with value: 7.8118814731889445.
start listen on 192.168.1.101:45799
@tracker All of 4 nodes getting started
@tracker All nodes finishes job
Trial 679 finished with value: 7.8166821776744655 and parameters: {'objective': 'reg:squarederror', 'tree_method': 'gpu_hist', 'lambda': 0.09578596575365553, 'alpha': 0.015453761500369726, 'colsample_bytree': 0.6284348202640836, 'subsample': 0.8299139967227858, 'learning_rate': 0.011107269166530494, 'max_depth': 11, 'min_child_weight': 249, 'eval_metric': 'rmse'}. Best is trial 581 with value: 7.8118814731889445.
start listen on 192.168.1.101:48101
@tracker All of 4 nodes getting started
@tracker All nodes finishes job
Trial 680 finished with value: 7.818007069129663 and parameters: {'objective': 'reg:squarederror', 'tree_method': 'gpu_hist', 'lambda': 0.028069741978817248, 'alpha': 0.023437542402944902, 'colsample_bytree': 0.6102798572962683, 'subsample': 0.5637763992158701, 'learning_rate': 0.009854566926767575, 'max_depth': 15, 'min_child_weight': 221, 'eval_metric': 'rmse'}. Best is trial 581 with value: 7.8118814731889445.
start listen on 192.168.1.101:59653
@tracker All of 4 nodes getting started
@tracker All nodes finishes job
Trial 681 finished with value: 7.816105728310628 and parameters: {'objective': 'reg:squarederror', 'tree_method': 'gpu_hist', 'lambda': 0.24684336134590282, 'alpha': 0.513620190093482, 'colsample_bytree': 0.644435982092379, 'subsample': 0.9069370357343394, 'learning_rate': 0.01592883155897059, 'max_depth': 11, 'min_child_weight': 240, 'eval_metric': 'rmse'}. Best is trial 581 with value: 7.8118814731889445.
start listen on 192.168.1.101:55501
@tracker All of 4 nodes getting started
@tracker All nodes finishes job
Trial 682 finished with value: 7.833346371918226 and parameters: {'objective': 'reg:squarederror', 'tree_method': 'gpu_hist', 'lambda': 0.1700400584585429, 'alpha': 0.005956537746214425, 'colsample_bytree': 0.6633279280674605, 'subsample': 0.9555410526873388, 'learning_rate': 0.022175424161701148, 'max_depth': 11, 'min_child_weight': 54, 'eval_metric': 'rmse'}. Best is trial 581 with value: 7.8118814731889445.
start listen on 192.168.1.101:46947
@tracker All of 4 nodes getting started
@tracker All nodes finishes job
Trial 683 finished with value: 7.819645623397264 and parameters: {'objective': 'reg:squarederror', 'tree_method': 'gpu_hist', 'lambda': 0.010867948290152935, 'alpha': 0.11520271449728961, 'colsample_bytree': 0.7002827077572846, 'subsample': 0.8673190884509625, 'learning_rate': 0.013112878198593166, 'max_depth': 15, 'min_child_weight': 255, 'eval_metric': 'rmse'}. Best is trial 581 with value: 7.8118814731889445.
start listen on 192.168.1.101:58351
@tracker All of 4 nodes getting started
@tracker All nodes finishes job
Trial 684 finished with value: 7.843362400792701 and parameters: {'objective': 'reg:squarederror', 'tree_method': 'gpu_hist', 'lambda': 0.1400847679790616, 'alpha': 0.007785797869835362, 'colsample_bytree': 0.5783818385661185, 'subsample': 0.8900972681968937, 'learning_rate': 0.01738668856303182, 'max_depth': 3, 'min_child_weight': 259, 'eval_metric': 'rmse'}. Best is trial 581 with value: 7.8118814731889445.
start listen on 192.168.1.101:47837
@tracker All of 4 nodes getting started
@tracker All nodes finishes job
Trial 685 finished with value: 7.813584744790645 and parameters: {'objective': 'reg:squarederror', 'tree_method': 'gpu_hist', 'lambda': 0.4600094027801172, 'alpha': 0.0047714693346856815, 'colsample_bytree': 0.6253180149460339, 'subsample': 0.91724621460915, 'learning_rate': 0.014617526774009385, 'max_depth': 11, 'min_child_weight': 267, 'eval_metric': 'rmse'}. Best is trial 581 with value: 7.8118814731889445.
start listen on 192.168.1.101:34839
@tracker All of 4 nodes getting started
@tracker All nodes finishes job
Trial 686 finished with value: 7.816752959500787 and parameters: {'objective': 'reg:squarederror', 'tree_method': 'gpu_hist', 'lambda': 0.3837543901556421, 'alpha': 0.0031428326869608865, 'colsample_bytree': 0.6154274435974165, 'subsample': 0.9182696525431941, 'learning_rate': 0.012397145669125791, 'max_depth': 11, 'min_child_weight': 280, 'eval_metric': 'rmse'}. Best is trial 581 with value: 7.8118814731889445.
start listen on 192.168.1.101:56761
@tracker All of 4 nodes getting started
@tracker All nodes finishes job
Trial 687 finished with value: 7.814943167908907 and parameters: {'objective': 'reg:squarederror', 'tree_method': 'gpu_hist', 'lambda': 0.42182595764645237, 'alpha': 0.003491564034391923, 'colsample_bytree': 0.5952560036638931, 'subsample': 0.9320381964269739, 'learning_rate': 0.014223510420201684, 'max_depth': 15, 'min_child_weight': 274, 'eval_metric': 'rmse'}. Best is trial 581 with value: 7.8118814731889445.
start listen on 192.168.1.101:37215
@tracker All of 4 nodes getting started
@tracker All nodes finishes job
Trial 688 finished with value: 7.815677800020141 and parameters: {'objective': 'reg:squarederror', 'tree_method': 'gpu_hist', 'lambda': 0.8963421437252143, 'alpha': 0.0041754639229711005, 'colsample_bytree': 0.6237167665790425, 'subsample': 0.8996163592002696, 'learning_rate': 0.011649705797723686, 'max_depth': 11, 'min_child_weight': 269, 'eval_metric': 'rmse'}. Best is trial 581 with value: 7.8118814731889445.
start listen on 192.168.1.101:39277
@tracker All of 4 nodes getting started
@tracker All nodes finishes job
Trial 689 finished with value: 7.816513917309952 and parameters: {'objective': 'reg:squarederror', 'tree_method': 'gpu_hist', 'lambda': 0.32158398643348374, 'alpha': 0.0022120312403110798, 'colsample_bytree': 0.6000965838980599, 'subsample': 0.8814121589367593, 'learning_rate': 0.013313442676052814, 'max_depth': 15, 'min_child_weight': 226, 'eval_metric': 'rmse'}. Best is trial 581 with value: 7.8118814731889445.
start listen on 192.168.1.101:60227
@tracker All of 4 nodes getting started
@tracker All nodes finishes job
Trial 690 finished with value: 7.817230940576618 and parameters: {'objective': 'reg:squarederror', 'tree_method': 'gpu_hist', 'lambda': 0.4977952315434789, 'alpha': 0.004736721176224528, 'colsample_bytree': 0.6291396992165796, 'subsample': 0.9088810040249409, 'learning_rate': 0.010526988838568684, 'max_depth': 11, 'min_child_weight': 265, 'eval_metric': 'rmse'}. Best is trial 581 with value: 7.8118814731889445.
start listen on 192.168.1.101:55777
@tracker All of 4 nodes getting started
@tracker All nodes finishes job
Trial 691 finished with value: 7.81401175438202 and parameters: {'objective': 'reg:squarederror', 'tree_method': 'gpu_hist', 'lambda': 0.2538955571492459, 'alpha': 0.016016890557344194, 'colsample_bytree': 0.6126932544809642, 'subsample': 0.8518678255269113, 'learning_rate': 0.015371290781837407, 'max_depth': 11, 'min_child_weight': 244, 'eval_metric': 'rmse'}. Best is trial 581 with value: 7.8118814731889445.
start listen on 192.168.1.101:60373
@tracker All of 4 nodes getting started
@tracker All nodes finishes job
Trial 692 finished with value: 7.830111043708495 and parameters: {'objective': 'reg:squarederror', 'tree_method': 'gpu_hist', 'lambda': 0.278914420087747, 'alpha': 0.012940825288270227, 'colsample_bytree': 0.6365095879237319, 'subsample': 0.9441853842180389, 'learning_rate': 0.01428622068650016, 'max_depth': 5, 'min_child_weight': 236, 'eval_metric': 'rmse'}. Best is trial 581 with value: 7.8118814731889445.
start listen on 192.168.1.101:45889
@tracker All of 4 nodes getting started
@tracker All nodes finishes job
Trial 693 finished with value: 7.818804836094003 and parameters: {'objective': 'reg:squarederror', 'tree_method': 'gpu_hist', 'lambda': 0.49753345792382975, 'alpha': 0.0027766432553163302, 'colsample_bytree': 0.6224231576095851, 'subsample': 0.8719514691959537, 'learning_rate': 0.012582770793563538, 'max_depth': 15, 'min_child_weight': 276, 'eval_metric': 'rmse'}. Best is trial 581 with value: 7.8118814731889445.
start listen on 192.168.1.101:42679
@tracker All of 4 nodes getting started
@tracker All nodes finishes job
Trial 694 finished with value: 7.816316237074767 and parameters: {'objective': 'reg:squarederror', 'tree_method': 'gpu_hist', 'lambda': 0.24463005214435074, 'alpha': 0.01065957209065756, 'colsample_bytree': 0.5861938972711532, 'subsample': 0.8913013051655653, 'learning_rate': 0.011019894485989135, 'max_depth': 11, 'min_child_weight': 248, 'eval_metric': 'rmse'}. Best is trial 581 with value: 7.8118814731889445.
start listen on 192.168.1.101:36117
@tracker All of 4 nodes getting started
@tracker All nodes finishes job
Trial 695 finished with value: 7.817406246052521 and parameters: {'objective': 'reg:squarederror', 'tree_method': 'gpu_hist', 'lambda': 0.4787231848680075, 'alpha': 0.01738162369943279, 'colsample_bytree': 0.613012897986398, 'subsample': 0.9220893490943142, 'learning_rate': 0.016873047296207772, 'max_depth': 9, 'min_child_weight': 254, 'eval_metric': 'rmse'}. Best is trial 581 with value: 7.8118814731889445.
start listen on 192.168.1.101:59229
@tracker All of 4 nodes getting started
@tracker All nodes finishes job
Trial 696 finished with value: 7.81854493111731 and parameters: {'objective': 'reg:squarederror', 'tree_method': 'gpu_hist', 'lambda': 0.372455885492545, 'alpha': 0.005070964525810665, 'colsample_bytree': 0.6361712223997558, 'subsample': 0.7219197904367399, 'learning_rate': 0.009350981709984286, 'max_depth': 13, 'min_child_weight': 260, 'eval_metric': 'rmse'}. Best is trial 581 with value: 7.8118814731889445.
start listen on 192.168.1.101:46755
@tracker All of 4 nodes getting started
@tracker All nodes finishes job
Trial 697 finished with value: 7.818429021742845 and parameters: {'objective': 'reg:squarederror', 'tree_method': 'gpu_hist', 'lambda': 0.3378119139962042, 'alpha': 0.003740035578426575, 'colsample_bytree': 0.6028924535471105, 'subsample': 0.9013797089722975, 'learning_rate': 0.013528373806932722, 'max_depth': 15, 'min_child_weight': 268, 'eval_metric': 'rmse'}. Best is trial 581 with value: 7.8118814731889445.
start listen on 192.168.1.101:35217
@tracker All of 4 nodes getting started
@tracker All nodes finishes job
Trial 698 finished with value: 7.8158240235909116 and parameters: {'objective': 'reg:squarederror', 'tree_method': 'gpu_hist', 'lambda': 0.014720997309157848, 'alpha': 0.018950522900874855, 'colsample_bytree': 0.6242191278218692, 'subsample': 0.9314081750175005, 'learning_rate': 0.014868849247469824, 'max_depth': 11, 'min_child_weight': 283, 'eval_metric': 'rmse'}. Best is trial 581 with value: 7.8118814731889445.
start listen on 192.168.1.101:41119
@tracker All of 4 nodes getting started
@tracker All nodes finishes job
Trial 699 finished with value: 7.816923064690964 and parameters: {'objective': 'reg:squarederror', 'tree_method': 'gpu_hist', 'lambda': 0.7572131521453607, 'alpha': 0.013824190666166067, 'colsample_bytree': 0.5554061597060906, 'subsample': 0.8179614960269178, 'learning_rate': 0.011883809986468525, 'max_depth': 11, 'min_child_weight': 241, 'eval_metric': 'rmse'}. Best is trial 581 with value: 7.8118814731889445.
start listen on 192.168.1.101:38783
@tracker All of 4 nodes getting started
@tracker All nodes finishes job
Trial 700 finished with value: 7.820730845026496 and parameters: {'objective': 'reg:squarederror', 'tree_method': 'gpu_hist', 'lambda': 0.31666373891169314, 'alpha': 0.009291031287887727, 'colsample_bytree': 0.6442840719121646, 'subsample': 0.9133569950572608, 'learning_rate': 0.01833728874072795, 'max_depth': 15, 'min_child_weight': 250, 'eval_metric': 'rmse'}. Best is trial 581 with value: 7.8118814731889445.
start listen on 192.168.1.101:42469
@tracker All of 4 nodes getting started
@tracker All nodes finishes job
Trial 701 finished with value: 7.816649752293541 and parameters: {'objective': 'reg:squarederror', 'tree_method': 'gpu_hist', 'lambda': 0.5650453152085726, 'alpha': 0.0106226703299828, 'colsample_bytree': 0.5948648426710202, 'subsample': 0.8632019697558315, 'learning_rate': 0.015785625456531213, 'max_depth': 11, 'min_child_weight': 234, 'eval_metric': 'rmse'}. Best is trial 581 with value: 7.8118814731889445.
start listen on 192.168.1.101:38933
@tracker All of 4 nodes getting started
@tracker All nodes finishes job
Trial 702 finished with value: 7.814623591407259 and parameters: {'objective': 'reg:squarederror', 'tree_method': 'gpu_hist', 'lambda': 0.18483069655952858, 'alpha': 0.004438171914397332, 'colsample_bytree': 0.8576140610573099, 'subsample': 0.8863288192834291, 'learning_rate': 0.009952631924976283, 'max_depth': 15, 'min_child_weight': 246, 'eval_metric': 'rmse'}. Best is trial 581 with value: 7.8118814731889445.
start listen on 192.168.1.101:54171
@tracker All of 4 nodes getting started
@tracker All nodes finishes job
Trial 703 finished with value: 7.817703978846193 and parameters: {'objective': 'reg:squarederror', 'tree_method': 'gpu_hist', 'lambda': 0.007821481511099463, 'alpha': 0.012278794827586304, 'colsample_bytree': 0.6100058921382948, 'subsample': 0.9032182551593908, 'learning_rate': 0.013566391109582902, 'max_depth': 17, 'min_child_weight': 265, 'eval_metric': 'rmse'}. Best is trial 581 with value: 7.8118814731889445.
start listen on 192.168.1.101:53687
@tracker All of 4 nodes getting started
@tracker All nodes finishes job
Trial 704 finished with value: 7.815321845403328 and parameters: {'objective': 'reg:squarederror', 'tree_method': 'gpu_hist', 'lambda': 0.21438136866314642, 'alpha': 0.021893345557824115, 'colsample_bytree': 0.6281846849218838, 'subsample': 0.9176643725580783, 'learning_rate': 0.011198844318807447, 'max_depth': 11, 'min_child_weight': 255, 'eval_metric': 'rmse'}. Best is trial 581 with value: 7.8118814731889445.
start listen on 192.168.1.101:36731
@tracker All of 4 nodes getting started
@tracker All nodes finishes job
Trial 705 finished with value: 7.815090534863924 and parameters: {'objective': 'reg:squarederror', 'tree_method': 'gpu_hist', 'lambda': 0.021429271102227962, 'alpha': 0.006672144565821343, 'colsample_bytree': 0.577043245457058, 'subsample': 0.8350312933341321, 'learning_rate': 0.012344705018733897, 'max_depth': 11, 'min_child_weight': 271, 'eval_metric': 'rmse'}. Best is trial 581 with value: 7.8118814731889445.
start listen on 192.168.1.101:42301
@tracker All of 4 nodes getting started
@tracker All nodes finishes job
Trial 706 finished with value: 7.821444574871095 and parameters: {'objective': 'reg:squarederror', 'tree_method': 'gpu_hist', 'lambda': 0.011452477456693862, 'alpha': 0.005421267073344544, 'colsample_bytree': 0.6458849571213902, 'subsample': 0.877082144993426, 'learning_rate': 0.01665618459592037, 'max_depth': 15, 'min_child_weight': 259, 'eval_metric': 'rmse'}. Best is trial 581 with value: 7.8118814731889445.
start listen on 192.168.1.101:39771
@tracker All of 4 nodes getting started
@tracker All nodes finishes job
Trial 707 finished with value: 7.818550468605617 and parameters: {'objective': 'reg:squarederror', 'tree_method': 'gpu_hist', 'lambda': 7.225868704943295, 'alpha': 0.014686789760308426, 'colsample_bytree': 0.6339162625250324, 'subsample': 0.9444050865994027, 'learning_rate': 0.01443043303771891, 'max_depth': 20, 'min_child_weight': 240, 'eval_metric': 'rmse'}. Best is trial 581 with value: 7.8118814731889445.
start listen on 192.168.1.101:56251
@tracker All of 4 nodes getting started
@tracker All nodes finishes job
Trial 708 finished with value: 7.818512656657811 and parameters: {'objective': 'reg:squarederror', 'tree_method': 'gpu_hist', 'lambda': 3.358687438180307, 'alpha': 0.008563934491222011, 'colsample_bytree': 0.6066697306507228, 'subsample': 0.8994214614439052, 'learning_rate': 0.01940196915441584, 'max_depth': 11, 'min_child_weight': 200, 'eval_metric': 'rmse'}. Best is trial 581 with value: 7.8118814731889445.
start listen on 192.168.1.101:51397
@tracker All of 4 nodes getting started
@tracker All nodes finishes job
Trial 709 finished with value: 7.816707933627688 and parameters: {'objective': 'reg:squarederror', 'tree_method': 'gpu_hist', 'lambda': 0.003028421167903382, 'alpha': 0.011691992943850345, 'colsample_bytree': 0.6191446363982495, 'subsample': 0.9793248337054001, 'learning_rate': 0.013173853406989483, 'max_depth': 15, 'min_child_weight': 247, 'eval_metric': 'rmse'}. Best is trial 581 with value: 7.8118814731889445.
start listen on 192.168.1.101:46533
@tracker All of 4 nodes getting started
@tracker All nodes finishes job
Trial 710 finished with value: 7.817334960056166 and parameters: {'objective': 'reg:squarederror', 'tree_method': 'gpu_hist', 'lambda': 0.004252913294637081, 'alpha': 0.13737811634213543, 'colsample_bytree': 0.6514682244576419, 'subsample': 0.9274616765747127, 'learning_rate': 0.015350161397988052, 'max_depth': 11, 'min_child_weight': 276, 'eval_metric': 'rmse'}. Best is trial 581 with value: 7.8118814731889445.
start listen on 192.168.1.101:43645
@tracker All of 4 nodes getting started
@tracker All nodes finishes job
Trial 711 finished with value: 7.826904638963993 and parameters: {'objective': 'reg:squarederror', 'tree_method': 'gpu_hist', 'lambda': 0.00976194872426732, 'alpha': 0.01728387256592388, 'colsample_bytree': 0.5930429811173678, 'subsample': 0.9128660642005977, 'learning_rate': 0.010322322585935387, 'max_depth': 7, 'min_child_weight': 253, 'eval_metric': 'rmse'}. Best is trial 581 with value: 7.8118814731889445.
start listen on 192.168.1.101:50775
@tracker All of 4 nodes getting started
@tracker All nodes finishes job
Trial 712 finished with value: 7.8174361345824535 and parameters: {'objective': 'reg:squarederror', 'tree_method': 'gpu_hist', 'lambda': 0.013734762626606885, 'alpha': 0.007689544877445916, 'colsample_bytree': 0.6365779608869522, 'subsample': 0.8477197365792019, 'learning_rate': 0.011718747795312687, 'max_depth': 15, 'min_child_weight': 264, 'eval_metric': 'rmse'}. Best is trial 581 with value: 7.8118814731889445.
start listen on 192.168.1.101:45723
@tracker All of 4 nodes getting started
@tracker All nodes finishes job
Trial 713 finished with value: 7.818038698464824 and parameters: {'objective': 'reg:squarederror', 'tree_method': 'gpu_hist', 'lambda': 0.06470039060425035, 'alpha': 0.003669960625631111, 'colsample_bytree': 0.6203568649901616, 'subsample': 0.8904844755732347, 'learning_rate': 0.008880898902357269, 'max_depth': 11, 'min_child_weight': 230, 'eval_metric': 'rmse'}. Best is trial 581 with value: 7.8118814731889445.
start listen on 192.168.1.101:45383
@tracker All of 4 nodes getting started
@tracker All nodes finishes job
