number,value,params_alpha,params_colsample_bytree,params_eval_metric,params_lambda,params_learning_rate,params_max_depth,params_min_child_weight,params_objective,params_subsample,params_tree_method,state
0,8.182310049798359,0.007859049442261538,0.9554986860221695,rmse,0.3305768971096908,0.08921268994575038,9,3,reg:squarederror,0.517709935028232,gpu_hist,COMPLETE
1,7.817262825836979,0.25846513285605965,0.43027025811253616,rmse,0.0018273925372924622,0.03430148042719526,7,240,reg:squarederror,0.9920142169273097,gpu_hist,COMPLETE
2,7.874637579232947,3.077903868691549,0.4873477968101976,rmse,0.02393380737997883,0.04650198654747897,9,21,reg:squarederror,0.8689846021405283,gpu_hist,COMPLETE
3,7.911336543443409,0.0018926701758290472,0.3193593512424591,rmse,0.2927976879961259,0.0019343598335683537,17,270,reg:squarederror,0.44031857187650447,gpu_hist,COMPLETE
4,7.837864643579707,1.8689411884680052,0.9445737361837299,rmse,0.017546423179203775,0.003105771433655427,20,131,reg:squarederror,0.49929987527624586,gpu_hist,COMPLETE
5,7.836734897909237,0.8024651942463225,0.36690592833743935,rmse,7.437515524306948,0.03026176633382036,13,293,reg:squarederror,0.7800734564428524,gpu_hist,COMPLETE
6,7.819908417064815,5.426544209757735,0.3919912709480603,rmse,0.0062554901413005275,0.009608342675480667,13,255,reg:squarederror,0.5631838652760321,gpu_hist,COMPLETE
7,7.828601634931311,0.3081921615416564,0.3864711464561372,rmse,0.012473338096659424,0.007691828374364237,9,286,reg:squarederror,0.40141129715859875,gpu_hist,COMPLETE
8,7.815344834655038,0.03215546249086053,0.5968637339496166,rmse,0.003160839181299158,0.010015269516220915,20,238,reg:squarederror,0.7255102412253946,gpu_hist,COMPLETE
9,7.9684509125440375,0.006375683375949591,0.30791795430762603,rmse,5.57695893223872,0.07304568164240678,11,207,reg:squarederror,0.5427645569976102,gpu_hist,COMPLETE
10,7.87700410897757,0.047393441450561784,0.6921933266236808,rmse,0.0011486881481098828,0.004691876425323556,3,149,reg:squarederror,0.6367398541557883,gpu_hist,COMPLETE
11,7.818517720399625,0.08587128979921997,0.5901693089484255,rmse,0.001427828726461327,0.021617428214250282,7,206,reg:squarederror,0.9894613782621808,gpu_hist,COMPLETE
12,7.8236981395267495,0.027670510792889517,0.7160819497654674,rmse,0.003631499928416432,0.01874416907241703,15,202,reg:squarederror,0.9939598498224942,gpu_hist,COMPLETE
13,8.200124229574893,0.2706995456716599,0.5457343844135553,rmse,0.08035905635833789,0.0010113922060336897,7,91,reg:squarederror,0.7626434447110391,gpu_hist,COMPLETE
14,7.823676879897157,0.24461154739115196,0.4749182933863722,rmse,0.003183514700731568,0.019315303195261375,5,243,reg:squarederror,0.8837163960477157,gpu_hist,COMPLETE
15,7.820338341997693,0.015513876853485641,0.8104993904333044,rmse,0.06583705432875722,0.012151588204269812,20,233,reg:squarederror,0.8726026450548607,gpu_hist,COMPLETE
16,7.929986181101261,0.10366015831404297,0.6331230436047846,rmse,0.001025751157097235,0.04488519840567267,20,180,reg:squarederror,0.6913333766257339,gpu_hist,COMPLETE
17,7.8454306767046225,0.6475388380612555,0.7809822997079134,rmse,0.0058771552207930134,0.005067843277989524,7,94,reg:squarederror,0.7939243658141976,gpu_hist,COMPLETE
18,7.894492255718958,0.002977544690569728,0.5195040647932003,rmse,0.9490624900571192,0.03756634382951875,17,180,reg:squarederror,0.6525447585311939,gpu_hist,COMPLETE
19,7.817072502096273,0.09573264911078629,0.4460664907832427,rmse,0.0023996297152001104,0.012069641419851845,15,228,reg:squarederror,0.9136125096196099,gpu_hist,COMPLETE
20,7.820949578485332,0.0251550026228688,0.5927144919805643,rmse,0.03524416911801715,0.01364755530754696,15,120,reg:squarederror,0.9194857413238311,gpu_hist,COMPLETE
21,7.825624690576888,0.09983141669925531,0.4488599162253635,rmse,0.00290859547309663,0.0058710619164266875,15,227,reg:squarederror,0.943375990244468,gpu_hist,COMPLETE
22,7.822212113258457,0.04992930007028872,0.4027328849855259,rmse,0.012497722753877965,0.02362878648412113,11,261,reg:squarederror,0.8306054872857292,gpu_hist,COMPLETE
23,7.8493460919234765,0.7058678860261092,0.5658736039548109,rmse,0.002213511033090234,0.014486699399037475,3,172,reg:squarederror,0.9478286993511827,gpu_hist,COMPLETE
24,7.816849412015094,0.2027752897218389,0.47256543845239624,rmse,0.005250799629322426,0.008544899881210695,20,299,reg:squarederror,0.7292174415608292,gpu_hist,COMPLETE
25,7.817821999451693,0.012466922480245819,0.6529738183311622,rmse,0.006067696085278367,0.008174751483149877,20,288,reg:squarederror,0.734596880944303,gpu_hist,COMPLETE
26,7.846787983892197,0.10554090919880066,0.5091076796893086,rmse,0.0078007058800591824,0.002972864607465647,20,271,reg:squarederror,0.6038104842616556,gpu_hist,COMPLETE
27,7.8514137957150965,0.03936500964538995,0.6253882743094441,rmse,0.18641230069116516,0.0064466075388700875,5,298,reg:squarederror,0.7036688255650738,gpu_hist,COMPLETE
28,7.834386532987679,1.4423344043102857,0.7537059126820727,rmse,0.03695619091696476,0.0036917933072659614,15,221,reg:squarederror,0.8387121926976847,gpu_hist,COMPLETE
29,7.8784510859959305,0.009822354437368539,0.8411823741142345,rmse,0.7139605025532137,0.0021242381633735964,20,258,reg:squarederror,0.7213548683063666,gpu_hist,COMPLETE
30,7.870037751504464,0.15198085272577805,0.45176421225965957,rmse,0.00381897865248503,0.011029082950939802,20,6,reg:squarederror,0.8118227044213838,gpu_hist,COMPLETE
31,7.887309290015953,0.3685932384016621,0.4373815094645538,rmse,0.0018423587856584228,0.09216207848959318,7,240,reg:squarederror,0.9184712072673181,gpu_hist,COMPLETE
32,7.872115262899341,0.06576418492847498,0.3440397823393023,rmse,0.0018821091260255627,0.06466237219878916,9,194,reg:squarederror,0.9712180565069027,gpu_hist,COMPLETE
33,7.819096361046117,0.1567323838662874,0.5047868488974873,rmse,0.01000714022065556,0.029391658553094783,7,276,reg:squarederror,0.8988108996592679,gpu_hist,COMPLETE
34,7.823213232614242,0.49819085561292736,0.4195910369142901,rmse,0.0044673774259625905,0.016635927484114237,17,248,reg:squarederror,0.7530717325323435,gpu_hist,COMPLETE
35,7.821956599379503,1.2464688826723729,0.5321478328736122,rmse,0.02277603401581794,0.009800746181442686,15,50,reg:squarederror,0.8529848416222889,gpu_hist,COMPLETE
36,7.8220695419442645,3.3260565535761253,0.47768856818811556,rmse,0.0010112075183031587,0.007486945838605545,13,218,reg:squarederror,0.6712689629409221,gpu_hist,COMPLETE
37,7.867168009124449,0.19898732315178722,0.3673284383316521,rmse,0.002401794703843928,0.031596471935256845,20,276,reg:squarederror,0.47558959340144874,gpu_hist,COMPLETE
38,7.849802287595768,0.0243638373131973,0.3367180310012666,rmse,0.018967809333676106,0.0039122333624969615,9,300,reg:squarederror,0.6127273296815527,gpu_hist,COMPLETE
39,7.898232375718637,0.0037542036459241603,0.5729077766624437,rmse,0.009946968578097343,0.054822155681295594,11,160,reg:squarederror,0.8018556579412128,gpu_hist,COMPLETE
40,7.834616418264474,0.44520648152700903,0.9228333317397558,rmse,0.0015613228437929476,0.024897248089416367,3,193,reg:squarederror,0.9584648278683343,gpu_hist,COMPLETE
41,7.817650006287323,0.012772492224699705,0.6553690090608715,rmse,0.005179419022895005,0.008679428958020416,20,283,reg:squarederror,0.7355871607334558,gpu_hist,COMPLETE
42,7.816839255038094,0.004504166370436488,0.6870621163107774,rmse,0.00379267459322507,0.0093811578432879,20,258,reg:squarederror,0.7692372839078442,gpu_hist,COMPLETE
43,7.824152182065107,0.001836532232506663,0.6813114239360061,rmse,0.0024185523103956545,0.015524348072151752,20,266,reg:squarederror,0.7746748692069592,gpu_hist,COMPLETE
44,7.81860372341488,0.00743673307376186,0.7195252484208202,rmse,0.0037385059035123574,0.01135403052242175,20,250,reg:squarederror,0.6827845345113028,gpu_hist,COMPLETE
45,7.822205584259854,0.002788463589732667,0.6068752480626607,rmse,0.013784109712168797,0.006648652591007711,13,219,reg:squarederror,0.5883480530424795,gpu_hist,COMPLETE
46,7.856928863190902,0.001149835301810432,0.47638479241440174,rmse,2.6606127189899293,0.00544747456734289,5,241,reg:squarederror,0.6479685455782402,gpu_hist,COMPLETE
47,7.830380594425224,8.158351890876476,0.5555515017889865,rmse,0.007885604437750288,0.009795321935214475,7,259,reg:squarederror,0.9990706431206304,gpu_hist,COMPLETE
48,7.818955083501256,0.07162925241091435,0.3841651115465261,rmse,0.0015989731663181423,0.012300691780085998,20,228,reg:squarederror,0.9158457022308966,gpu_hist,COMPLETE
49,7.828616694013178,0.15333731454629962,0.41800892225862885,rmse,0.037503606705100126,0.020207300683828477,15,208,reg:squarederror,0.710558372329622,gpu_hist,COMPLETE
50,7.856853739976258,0.03389854415378573,0.8791241771823137,rmse,0.0032664346846183767,0.0024619823314412227,17,138,reg:squarederror,0.5412669551438793,gpu_hist,COMPLETE
51,7.817363010267313,0.018432934533895808,0.6583337719908137,rmse,0.004886929730548158,0.008070498389772097,20,282,reg:squarederror,0.7634379142229606,gpu_hist,COMPLETE
52,7.826948944337549,0.02082023066549405,0.6835169820824243,rmse,0.004708575560616541,0.0045027670077744525,20,283,reg:squarederror,0.7475176130801764,gpu_hist,COMPLETE
53,7.8172366971024445,0.0039866410806054815,0.7158705017326248,rmse,0.006736433565204659,0.007249644152330363,20,271,reg:squarederror,0.7789838499346797,gpu_hist,COMPLETE
54,8.172317912644806,0.25334174146397925,0.7443288573569525,rmse,0.0012084901424479477,0.0010278775279510559,20,238,reg:squarederror,0.8138062457174509,gpu_hist,COMPLETE
55,7.836159741311577,0.00482892478567296,0.7776284004377964,rmse,0.007244506649666377,0.007036961230407295,7,266,reg:squarederror,0.7832037295951663,gpu_hist,COMPLETE
56,7.815564811157634,0.005389224730774237,0.6136043756487365,rmse,0.0026854653255461254,0.013001575156394097,11,249,reg:squarederror,0.859036150185358,gpu_hist,COMPLETE
57,7.816425798417835,0.004872002803491982,0.7156712338064386,rmse,0.0024412509638270545,0.01717340013383131,11,253,reg:squarederror,0.8650100783403266,gpu_hist,COMPLETE
58,7.816768873856667,0.005552584945254265,0.6157592806245608,rmse,0.002538665062829073,0.013332773756373963,11,254,reg:squarederror,0.8815272754851435,gpu_hist,COMPLETE
59,7.815943754472069,0.0062896702066607335,0.5937564886049796,rmse,0.002911538009135341,0.017170663389027837,11,255,reg:squarederror,0.884321567946327,gpu_hist,COMPLETE
60,7.817264945448086,0.0059788781619651635,0.623737688738858,rmse,0.002815895621772614,0.01847548376196603,11,254,reg:squarederror,0.8642936031787339,gpu_hist,COMPLETE
61,7.815915043069646,0.002175591618921786,0.5953330684584662,rmse,0.0015993276507092983,0.013937150777239315,11,292,reg:squarederror,0.8802645735732614,gpu_hist,COMPLETE
62,7.816066787088765,0.0019412133868882287,0.5887480499443518,rmse,0.0013712830313441385,0.013580197167728748,11,249,reg:squarederror,0.8892554927014494,gpu_hist,COMPLETE
63,7.814511497089078,0.0015630323481015554,0.6096284957362282,rmse,0.0014639184361279753,0.013675604337962055,11,247,reg:squarederror,0.8923734920147032,gpu_hist,COMPLETE
64,7.814182587473727,0.00109188164308989,0.5949808296473622,rmse,0.0014321799349650665,0.01697351462993492,11,211,reg:squarederror,0.8949150783370992,gpu_hist,COMPLETE
65,7.826649568068282,0.0012062859020328578,0.5807021538211379,rmse,0.0013009813755657414,0.026007764644540018,11,210,reg:squarederror,0.9312240282048369,gpu_hist,COMPLETE
66,7.814785579693919,0.0019310345808884323,0.5408757732683592,rmse,0.0010014008808703538,0.014828174886776522,11,231,reg:squarederror,0.8903539273972156,gpu_hist,COMPLETE
67,7.8214602847484445,0.0016807860758897694,0.5444757993477158,rmse,0.0018611303331142574,0.02129294457873139,11,234,reg:squarederror,0.8409011418866367,gpu_hist,COMPLETE
68,7.816848560310027,0.002645838383917893,0.6031470611555771,rmse,0.0011473338577282042,0.015369998980575452,11,199,reg:squarederror,0.9693999486624072,gpu_hist,COMPLETE
69,7.847164992088759,0.0013953662223186907,0.6471120226223529,rmse,0.001718641228767683,0.03799182681429717,11,214,reg:squarederror,0.8988725185856272,gpu_hist,COMPLETE
70,7.818498176903415,0.0022162886961452936,0.5374254950794151,rmse,0.0019714568838681283,0.02243013909990658,11,229,reg:squarederror,0.9364651942061508,gpu_hist,COMPLETE
71,7.816180498331474,0.0010410532772504606,0.5882176727173004,rmse,0.0013592089621229971,0.012764668570869926,11,245,reg:squarederror,0.8992968420155787,gpu_hist,COMPLETE
72,7.816077376178808,0.0015689298927425875,0.5601821729948085,rmse,0.0010211713342372704,0.010633746033258881,11,235,reg:squarederror,0.8224766492058603,gpu_hist,COMPLETE
73,7.818137627745259,0.0024898679573903005,0.6394560584237592,rmse,0.001490305639499204,0.01499040816013342,11,185,reg:squarederror,0.8524850816110634,gpu_hist,COMPLETE
74,7.817559151972884,0.0032974993318083175,0.5174332158860995,rmse,0.003083989485418876,0.0178201273415431,11,223,reg:squarederror,0.8892003088452658,gpu_hist,COMPLETE
75,7.814885537268377,0.0020757048092825553,0.5986077516563894,rmse,0.15937026957663694,0.01332590081676213,11,291,reg:squarederror,0.8461977436221416,gpu_hist,COMPLETE
76,7.816693888757632,0.008956823403510271,0.4945674775392116,rmse,0.14868245128439386,0.019316119398518485,11,287,reg:squarederror,0.8525452324800109,gpu_hist,COMPLETE
77,7.829587023863314,0.0013298822116843928,0.6091693022588823,rmse,0.4011701847574023,0.02806676532605267,11,291,reg:squarederror,0.8291149179649717,gpu_hist,COMPLETE
78,7.817774884991178,0.0033330807524009284,0.5707161879146838,rmse,0.09660704061870559,0.010876654592748282,11,277,reg:squarederror,0.8700501689817145,gpu_hist,COMPLETE
79,7.812327109628506,0.0021327259324920938,0.668268560363246,rmse,0.24510106396140574,0.01621588388550919,11,269,reg:squarederror,0.9134832854547762,gpu_hist,COMPLETE
80,7.8498278172017555,0.001937135816617676,0.6375866629231128,rmse,0.24614376056470313,0.013862549081629394,3,266,reg:squarederror,0.9531644799680677,gpu_hist,COMPLETE
81,7.814159138388799,0.0010006378522211502,0.5299191168702536,rmse,0.4546444605695009,0.016697778513618488,11,273,reg:squarederror,0.9271837556499833,gpu_hist,COMPLETE
82,7.816849947095925,0.0010486528460105363,0.6681564556901924,rmse,0.49451535409545755,0.01172499344212031,11,273,reg:squarederror,0.9252361699533536,gpu_hist,COMPLETE
83,7.816393304967088,0.002186097318086447,0.5497509096425394,rmse,0.18054477098762,0.016036084916395504,9,291,reg:squarederror,0.9101985221391491,gpu_hist,COMPLETE
84,7.82022780538126,0.0015214037120870934,0.6216261306567412,rmse,1.611852024923711,0.008914175033390294,11,295,reg:squarederror,0.940585065206639,gpu_hist,COMPLETE
85,7.824015382878611,0.0028407209953909955,0.5166403326274094,rmse,0.5768985469560933,0.02404649958491805,11,263,reg:squarederror,0.9704462601201067,gpu_hist,COMPLETE
86,7.823092761094234,0.0014619348114437302,0.5353174879973097,rmse,0.34441899077139004,0.020777892600592342,13,281,reg:squarederror,0.9066541774105691,gpu_hist,COMPLETE
87,7.839328226565018,0.0010348820653248187,0.6634201682728491,rmse,0.12618963547824463,0.009989022840555672,5,245,reg:squarederror,0.8438033124227237,gpu_hist,COMPLETE
88,7.821957269153489,0.0021588786534369035,0.5704474259315708,rmse,0.2633155228806564,0.014974762159157945,11,71,reg:squarederror,0.7970072944610312,gpu_hist,COMPLETE
89,7.817008132858081,0.0033407155569009227,0.6982322742877325,rmse,0.05602114038702284,0.012359247225803399,17,275,reg:squarederror,0.9214520229121995,gpu_hist,COMPLETE
90,7.8166790436369995,0.0017534792164626439,0.6032808271607192,rmse,0.22319678206752447,0.018735049006055073,11,264,reg:squarederror,0.8754390781922772,gpu_hist,COMPLETE
91,7.813912647971417,0.007506317724974159,0.5860111925536922,rmse,0.8789147249664443,0.013309542250675,11,238,reg:squarederror,0.8865691084040411,gpu_hist,COMPLETE
92,7.817306236405164,0.0132819288222289,0.624688474039916,rmse,1.0938877557290896,0.01376842971880646,11,241,reg:squarederror,0.9806817746031041,gpu_hist,COMPLETE
93,7.818909872769523,0.007967782506198829,0.4977382091382028,rmse,0.8025740439404545,0.011550198744762135,11,230,reg:squarederror,0.8979362439680761,gpu_hist,COMPLETE
94,7.817777525220828,0.0024416033348275516,0.5564906084389957,rmse,0.34314949589162785,0.016855549390426598,11,223,reg:squarederror,0.8639676641043796,gpu_hist,COMPLETE
95,7.819454468572341,0.00428946242095362,0.5755202253026089,rmse,1.4013100400227305,0.0105435181294935,11,270,reg:squarederror,0.9595303622314375,gpu_hist,COMPLETE
96,7.8525533664636615,0.0012465448698486359,0.5295983842977416,rmse,2.715301959956745,0.012794660524205071,3,120,reg:squarederror,0.9338222768842668,gpu_hist,COMPLETE
97,7.813087487079623,0.00995481241252105,0.6363611971345365,rmse,0.05688089767179523,0.014649213643118972,11,248,reg:squarederror,0.9098897888613648,gpu_hist,COMPLETE
98,7.818646398984552,0.010602993635878513,0.6421317852778229,rmse,0.48394907175018437,0.009000539869464502,11,249,reg:squarederror,0.9094263491622039,gpu_hist,COMPLETE
99,7.816943123949838,0.017449309180631607,0.6704600680909373,rmse,0.06276081252831747,0.01633211706077321,9,215,reg:squarederror,0.9488115368074491,gpu_hist,COMPLETE
100,7.821576735011636,0.006894310360572048,0.6137840337524509,rmse,0.6739807226148897,0.022338885628045833,5,234,reg:squarederror,0.8119981798418663,gpu_hist,COMPLETE
101,7.816632032440725,0.003780894739517099,0.5981650355873565,rmse,0.1294152284749328,0.014773918164141068,11,259,reg:squarederror,0.8745920531146824,gpu_hist,COMPLETE
102,7.816987341410834,0.005340836355877292,0.6296246622796521,rmse,0.0021019188075781267,0.013827866602685973,11,300,reg:squarederror,0.8865382989050187,gpu_hist,COMPLETE
103,7.8228157419096505,0.05087230546735699,0.5839141594283568,rmse,0.07843423487669518,0.020271360409609217,11,239,reg:squarederror,0.8482507556487712,gpu_hist,COMPLETE
104,7.817340733468257,0.0019261027025010127,0.5626656038385739,rmse,0.214930496260258,0.011864642526213935,11,279,reg:squarederror,0.9202958396909985,gpu_hist,COMPLETE
105,7.842483697549435,0.002896271889539893,0.5927910458886406,rmse,0.307648202955098,0.02628680449230908,13,287,reg:squarederror,0.40878269118208244,gpu_hist,COMPLETE
106,7.817351073472155,0.0013105353484930832,0.694661159720805,rmse,0.0015748806139297786,0.010095770234228623,11,249,reg:squarederror,0.8938118899446326,gpu_hist,COMPLETE
107,7.819205769816398,0.0016308097708168958,0.6532013630253002,rmse,0.0010117042626654937,0.01845192343484929,11,268,reg:squarederror,0.8601500172502167,gpu_hist,COMPLETE
108,7.822496358598049,0.034698190966791546,0.5244865815498606,rmse,0.1744976566924651,0.016127222132608466,17,258,reg:squarederror,0.8307227558340168,gpu_hist,COMPLETE
109,7.8198641912658005,0.0023136912405476886,0.4626734455225329,rmse,0.004180269021457838,0.014459790258078618,15,202,reg:squarederror,0.9046374395007615,gpu_hist,COMPLETE
110,7.81650315070805,0.010633449320499908,0.5459763854259866,rmse,0.04658723201311007,0.012816939733744039,11,168,reg:squarederror,0.8798176705873793,gpu_hist,COMPLETE
111,7.818262656677276,0.007957140939219148,0.9833710287883326,rmse,9.11333275152259,0.017478232920931275,11,244,reg:squarederror,0.8852099976798522,gpu_hist,COMPLETE
112,7.814681117250176,0.004210220178866712,0.5948740264193108,rmse,0.0028734274176201928,0.015801934135513944,11,255,reg:squarederror,0.9161332343963114,gpu_hist,COMPLETE
113,7.816111745727564,0.0041643135946521775,0.6111035697025523,rmse,0.002173715095449036,0.01125701161947195,11,224,reg:squarederror,0.9352111115385634,gpu_hist,COMPLETE
114,7.821892616564816,0.0031307564408893872,0.5812336461941437,rmse,0.003404555634831547,0.008122041643522033,11,261,reg:squarederror,0.9144701213538344,gpu_hist,COMPLETE
115,7.815318491342962,0.005908386240166387,0.6329124359736696,rmse,0.0012240560102913084,0.01555007992365702,11,236,reg:squarederror,0.9280198975580958,gpu_hist,COMPLETE
116,7.818545481817343,0.006410581099858428,0.6378105101641215,rmse,0.0027422836299506033,0.019385614519772294,11,236,reg:squarederror,0.9232041839590175,gpu_hist,COMPLETE
117,7.816575894667357,0.0036591688962342044,0.6786946286867275,rmse,0.0012045098443851786,0.015506418801226897,11,253,reg:squarederror,0.9491314453148453,gpu_hist,COMPLETE
118,7.822073102441423,0.013495424886313091,0.624261701550283,rmse,0.3942347204766021,0.03320713062563021,7,212,reg:squarederror,0.9590508956096888,gpu_hist,COMPLETE
119,7.817114992363827,0.004814986479756917,0.6561556548021356,rmse,0.001848738323308631,0.012790722446056505,11,228,reg:squarederror,0.9786045902613743,gpu_hist,COMPLETE
120,7.837189054036632,0.009202492679635325,0.5631321033395447,rmse,0.9309060177788858,0.022176854055176404,3,245,reg:squarederror,0.9309741398076924,gpu_hist,COMPLETE
121,7.8153147393384055,0.0018005634792231562,0.6018563327915397,rmse,0.0014514990841786833,0.01399902375289434,11,292,reg:squarederror,0.8985997239139818,gpu_hist,COMPLETE
122,7.8162551457989204,0.0012040613370167166,0.6091596678755509,rmse,0.0013652906086067498,0.01679526006898232,11,275,reg:squarederror,0.8988618144831667,gpu_hist,COMPLETE
123,7.814104821272641,0.0015729917552885306,0.6345723413720106,rmse,0.0011839231971206233,0.015487324596027311,11,239,reg:squarederror,0.9165267664512169,gpu_hist,COMPLETE
124,7.81642574660987,0.0015557368854373136,0.6457536308754065,rmse,0.0011847558783455853,0.014975488548560454,11,219,reg:squarederror,0.9134141219368472,gpu_hist,COMPLETE
125,7.818817995847998,0.0017930326122924322,0.5785659977191338,rmse,0.0017202683126199925,0.01825555741455682,11,232,reg:squarederror,0.9413506407482823,gpu_hist,COMPLETE
126,7.817282463031103,0.0026704897529174943,0.6360375209407991,rmse,0.0013961026559493174,0.011033272760106098,11,240,reg:squarederror,0.9233996858953488,gpu_hist,COMPLETE
127,7.814427253651525,0.0010647046130083417,0.5974078489261416,rmse,0.0010426020940534418,0.020182700867958637,9,283,reg:squarederror,0.90562759953347,gpu_hist,COMPLETE
