Trial 881 finished with value: 7.849687146444728 and parameters: {'objective': 'reg:squarederror', 'tree_method': 'gpu_hist', 'lambda': 0.14056161309851298, 'alpha': 0.15014339913264105, 'colsample_bytree': 0.6728666043370587, 'subsample': 0.8364998850220221, 'learning_rate': 0.0132711919211239, 'max_depth': 3, 'min_child_weight': 273, 'eval_metric': 'rmse'}. Best is trial 581 with value: 7.8118814731889445.
start listen on 192.168.1.101:43947
@tracker All of 4 nodes getting started
@tracker All nodes finishes job
Trial 882 finished with value: 7.817130300910152 and parameters: {'objective': 'reg:squarederror', 'tree_method': 'gpu_hist', 'lambda': 0.09270853595813057, 'alpha': 0.09074047271012473, 'colsample_bytree': 0.5914893945255296, 'subsample': 0.8158499323631738, 'learning_rate': 0.010742954522102584, 'max_depth': 15, 'min_child_weight': 256, 'eval_metric': 'rmse'}. Best is trial 581 with value: 7.8118814731889445.
start listen on 192.168.1.101:44549
@tracker All of 4 nodes getting started
@tracker All nodes finishes job
Trial 883 finished with value: 7.821544618525237 and parameters: {'objective': 'reg:squarederror', 'tree_method': 'gpu_hist', 'lambda': 0.03581682697415801, 'alpha': 0.1323334393851902, 'colsample_bytree': 0.727730639109458, 'subsample': 0.7763696236592205, 'learning_rate': 0.014559385078481752, 'max_depth': 15, 'min_child_weight': 263, 'eval_metric': 'rmse'}. Best is trial 581 with value: 7.8118814731889445.
start listen on 192.168.1.101:54015
@tracker All of 4 nodes getting started
@tracker All nodes finishes job
Trial 884 finished with value: 7.815024740738199 and parameters: {'objective': 'reg:squarederror', 'tree_method': 'gpu_hist', 'lambda': 0.11571404422715253, 'alpha': 0.11934726482982025, 'colsample_bytree': 0.6361056574659923, 'subsample': 0.9537068448128613, 'learning_rate': 0.01248325488373894, 'max_depth': 15, 'min_child_weight': 250, 'eval_metric': 'rmse'}. Best is trial 581 with value: 7.8118814731889445.
start listen on 192.168.1.101:54729
@tracker All of 4 nodes getting started
@tracker All nodes finishes job
Trial 885 finished with value: 7.831066133235088 and parameters: {'objective': 'reg:squarederror', 'tree_method': 'gpu_hist', 'lambda': 0.007264008590947635, 'alpha': 0.00915922824588558, 'colsample_bytree': 0.6160990325754807, 'subsample': 0.9371235206327565, 'learning_rate': 0.01376258579782275, 'max_depth': 5, 'min_child_weight': 285, 'eval_metric': 'rmse'}. Best is trial 581 with value: 7.8118814731889445.
start listen on 192.168.1.101:47287
@tracker All of 4 nodes getting started
@tracker All nodes finishes job
Trial 886 finished with value: 7.818781226557176 and parameters: {'objective': 'reg:squarederror', 'tree_method': 'gpu_hist', 'lambda': 0.21707313476112683, 'alpha': 0.1707523036006523, 'colsample_bytree': 0.6517258863365516, 'subsample': 0.8290069336604813, 'learning_rate': 0.010157379054781078, 'max_depth': 11, 'min_child_weight': 279, 'eval_metric': 'rmse'}. Best is trial 581 with value: 7.8118814731889445.
start listen on 192.168.1.101:56209
@tracker All of 4 nodes getting started
@tracker All nodes finishes job
Trial 887 finished with value: 7.816970713138361 and parameters: {'objective': 'reg:squarederror', 'tree_method': 'gpu_hist', 'lambda': 0.04655010579193861, 'alpha': 4.324907421199452, 'colsample_bytree': 0.601365570918979, 'subsample': 0.7820990026466134, 'learning_rate': 0.01647206241910489, 'max_depth': 15, 'min_child_weight': 258, 'eval_metric': 'rmse'}. Best is trial 581 with value: 7.8118814731889445.
start listen on 192.168.1.101:46537
@tracker All of 4 nodes getting started
@tracker All nodes finishes job
Trial 888 finished with value: 7.830212939294704 and parameters: {'objective': 'reg:squarederror', 'tree_method': 'gpu_hist', 'lambda': 0.057339930563696254, 'alpha': 0.35143118260274864, 'colsample_bytree': 0.6662407207178995, 'subsample': 0.9269307572994793, 'learning_rate': 0.011629068254399012, 'max_depth': 11, 'min_child_weight': 1, 'eval_metric': 'rmse'}. Best is trial 581 with value: 7.8118814731889445.
start listen on 192.168.1.101:52857
@tracker All of 4 nodes getting started
@tracker All nodes finishes job
Trial 889 finished with value: 7.816862135764429 and parameters: {'objective': 'reg:squarederror', 'tree_method': 'gpu_hist', 'lambda': 0.009537196891146018, 'alpha': 0.007050448226069711, 'colsample_bytree': 0.6297092574448847, 'subsample': 0.7991081111160504, 'learning_rate': 0.015335780924049336, 'max_depth': 15, 'min_child_weight': 265, 'eval_metric': 'rmse'}. Best is trial 581 with value: 7.8118814731889445.
start listen on 192.168.1.101:37545
@tracker All of 4 nodes getting started
@tracker All nodes finishes job
Trial 890 finished with value: 7.818298136036226 and parameters: {'objective': 'reg:squarederror', 'tree_method': 'gpu_hist', 'lambda': 0.32163392643848704, 'alpha': 0.010522268578769915, 'colsample_bytree': 0.6417416055317744, 'subsample': 0.9317046655335368, 'learning_rate': 0.00938509782009681, 'max_depth': 11, 'min_child_weight': 275, 'eval_metric': 'rmse'}. Best is trial 581 with value: 7.8118814731889445.
start listen on 192.168.1.101:35405
@tracker All of 4 nodes getting started
@tracker All nodes finishes job
Trial 891 finished with value: 7.8167604899099095 and parameters: {'objective': 'reg:squarederror', 'tree_method': 'gpu_hist', 'lambda': 0.007173291141576662, 'alpha': 0.008149575561941503, 'colsample_bytree': 0.6193059880323651, 'subsample': 0.9035663226834173, 'learning_rate': 0.012681554176944531, 'max_depth': 13, 'min_child_weight': 248, 'eval_metric': 'rmse'}. Best is trial 581 with value: 7.8118814731889445.
start listen on 192.168.1.101:44409
@tracker All of 4 nodes getting started
@tracker All nodes finishes job
Trial 892 finished with value: 7.817842391605342 and parameters: {'objective': 'reg:squarederror', 'tree_method': 'gpu_hist', 'lambda': 0.07472751077704697, 'alpha': 0.23569939499123266, 'colsample_bytree': 0.6555881448544217, 'subsample': 0.9226153187293034, 'learning_rate': 0.013770816226078505, 'max_depth': 15, 'min_child_weight': 254, 'eval_metric': 'rmse'}. Best is trial 581 with value: 7.8118814731889445.
start listen on 192.168.1.101:48611
@tracker All of 4 nodes getting started
@tracker All nodes finishes job
Trial 893 finished with value: 7.81558915308894 and parameters: {'objective': 'reg:squarederror', 'tree_method': 'gpu_hist', 'lambda': 0.005286032619884906, 'alpha': 0.13852964483771904, 'colsample_bytree': 0.681412108469214, 'subsample': 0.8396305187480881, 'learning_rate': 0.01824926181517801, 'max_depth': 9, 'min_child_weight': 267, 'eval_metric': 'rmse'}. Best is trial 581 with value: 7.8118814731889445.
start listen on 192.168.1.101:37271
@tracker All of 4 nodes getting started
@tracker All nodes finishes job
Trial 894 finished with value: 7.818700269834292 and parameters: {'objective': 'reg:squarederror', 'tree_method': 'gpu_hist', 'lambda': 0.06220541606763085, 'alpha': 0.006194331659614158, 'colsample_bytree': 0.6083027904805748, 'subsample': 0.9441598309244806, 'learning_rate': 0.011361433634824607, 'max_depth': 11, 'min_child_weight': 260, 'eval_metric': 'rmse'}. Best is trial 581 with value: 7.8118814731889445.
start listen on 192.168.1.101:51971
@tracker All of 4 nodes getting started
@tracker All nodes finishes job
Trial 895 finished with value: 7.816130080543951 and parameters: {'objective': 'reg:squarederror', 'tree_method': 'gpu_hist', 'lambda': 0.0936956872732537, 'alpha': 0.1963201670626344, 'colsample_bytree': 0.6333605657914932, 'subsample': 0.9016196368710411, 'learning_rate': 0.01026363221967102, 'max_depth': 15, 'min_child_weight': 250, 'eval_metric': 'rmse'}. Best is trial 581 with value: 7.8118814731889445.
start listen on 192.168.1.101:52039
@tracker All of 4 nodes getting started
@tracker All nodes finishes job
Trial 896 finished with value: 7.815657530828397 and parameters: {'objective': 'reg:squarederror', 'tree_method': 'gpu_hist', 'lambda': 0.008753232594847895, 'alpha': 0.011184838342785943, 'colsample_bytree': 0.6238553347335339, 'subsample': 0.8182839466781735, 'learning_rate': 0.015030848099260061, 'max_depth': 11, 'min_child_weight': 272, 'eval_metric': 'rmse'}. Best is trial 581 with value: 7.8118814731889445.
start listen on 192.168.1.101:40585
@tracker All of 4 nodes getting started
@tracker All nodes finishes job
Trial 897 finished with value: 7.819415553922887 and parameters: {'objective': 'reg:squarederror', 'tree_method': 'gpu_hist', 'lambda': 0.16109877406522988, 'alpha': 0.04138081670981433, 'colsample_bytree': 0.6464056680305762, 'subsample': 0.9197295691481369, 'learning_rate': 0.017020171844834897, 'max_depth': 15, 'min_child_weight': 295, 'eval_metric': 'rmse'}. Best is trial 581 with value: 7.8118814731889445.
start listen on 192.168.1.101:49153
@tracker All of 4 nodes getting started
@tracker All nodes finishes job
Trial 898 finished with value: 7.817117386535777 and parameters: {'objective': 'reg:squarederror', 'tree_method': 'gpu_hist', 'lambda': 0.11720734717737893, 'alpha': 0.009120579729678873, 'colsample_bytree': 0.6645919338761422, 'subsample': 0.9638602860630099, 'learning_rate': 0.008259606451742814, 'max_depth': 17, 'min_child_weight': 256, 'eval_metric': 'rmse'}. Best is trial 581 with value: 7.8118814731889445.
start listen on 192.168.1.101:40393
@tracker All of 4 nodes getting started
@tracker All nodes finishes job
Trial 899 finished with value: 7.81675517511613 and parameters: {'objective': 'reg:squarederror', 'tree_method': 'gpu_hist', 'lambda': 0.027870512657128896, 'alpha': 0.10852750156076109, 'colsample_bytree': 0.6081433187583111, 'subsample': 0.7685005218251878, 'learning_rate': 0.01325095498026811, 'max_depth': 11, 'min_child_weight': 245, 'eval_metric': 'rmse'}. Best is trial 581 with value: 7.8118814731889445.
start listen on 192.168.1.101:54747
@tracker All of 4 nodes getting started
@tracker All nodes finishes job
Trial 900 finished with value: 7.8167122052614575 and parameters: {'objective': 'reg:squarederror', 'tree_method': 'gpu_hist', 'lambda': 0.006519010472080485, 'alpha': 0.012766508854035803, 'colsample_bytree': 0.5945356638119191, 'subsample': 0.7841810620227251, 'learning_rate': 0.011823516173648121, 'max_depth': 15, 'min_child_weight': 262, 'eval_metric': 'rmse'}. Best is trial 581 with value: 7.8118814731889445.
start listen on 192.168.1.101:59707
@tracker All of 4 nodes getting started
@tracker All nodes finishes job
Trial 901 finished with value: 7.838052077060762 and parameters: {'objective': 'reg:squarederror', 'tree_method': 'gpu_hist', 'lambda': 0.004748651715093306, 'alpha': 0.007591789202146693, 'colsample_bytree': 0.6901540544243148, 'subsample': 0.9348008718942644, 'learning_rate': 0.004247535062775972, 'max_depth': 11, 'min_child_weight': 252, 'eval_metric': 'rmse'}. Best is trial 581 with value: 7.8118814731889445.
start listen on 192.168.1.101:54585
@tracker All of 4 nodes getting started
@tracker All nodes finishes job
Trial 902 finished with value: 7.819362020205438 and parameters: {'objective': 'reg:squarederror', 'tree_method': 'gpu_hist', 'lambda': 0.017618332828129062, 'alpha': 0.010368926767732316, 'colsample_bytree': 0.9317113218812335, 'subsample': 0.9130395245926907, 'learning_rate': 0.014515164989001956, 'max_depth': 15, 'min_child_weight': 282, 'eval_metric': 'rmse'}. Best is trial 581 with value: 7.8118814731889445.
start listen on 192.168.1.101:51497
@tracker All of 4 nodes getting started
@tracker All nodes finishes job
Trial 903 finished with value: 7.826205693655065 and parameters: {'objective': 'reg:squarederror', 'tree_method': 'gpu_hist', 'lambda': 0.010225712752800912, 'alpha': 0.14547777345955482, 'colsample_bytree': 0.63759103400884, 'subsample': 0.8911765439952262, 'learning_rate': 0.019238491007391653, 'max_depth': 20, 'min_child_weight': 268, 'eval_metric': 'rmse'}. Best is trial 581 with value: 7.8118814731889445.
start listen on 192.168.1.101:60923
@tracker All of 4 nodes getting started
@tracker All nodes finishes job
Trial 904 finished with value: 7.8155145822588725 and parameters: {'objective': 'reg:squarederror', 'tree_method': 'gpu_hist', 'lambda': 0.2725865560093605, 'alpha': 0.005629848565360395, 'colsample_bytree': 0.6220876463175089, 'subsample': 0.8464477163908924, 'learning_rate': 0.012460472937409981, 'max_depth': 11, 'min_child_weight': 119, 'eval_metric': 'rmse'}. Best is trial 581 with value: 7.8118814731889445.
start listen on 192.168.1.101:47215
@tracker All of 4 nodes getting started
@tracker All nodes finishes job
Trial 905 finished with value: 7.8209237402734875 and parameters: {'objective': 'reg:squarederror', 'tree_method': 'gpu_hist', 'lambda': 0.008103006286682764, 'alpha': 0.27010080205749026, 'colsample_bytree': 0.6533698096428671, 'subsample': 0.9021245238600195, 'learning_rate': 0.01643268492495423, 'max_depth': 15, 'min_child_weight': 245, 'eval_metric': 'rmse'}. Best is trial 581 with value: 7.8118814731889445.
start listen on 192.168.1.101:43145
@tracker All of 4 nodes getting started
@tracker All nodes finishes job
Trial 906 finished with value: 7.828585105957382 and parameters: {'objective': 'reg:squarederror', 'tree_method': 'gpu_hist', 'lambda': 0.0743470371180797, 'alpha': 0.2047487792218086, 'colsample_bytree': 0.6702206298394855, 'subsample': 0.8091833512761456, 'learning_rate': 0.00986849698745086, 'max_depth': 7, 'min_child_weight': 289, 'eval_metric': 'rmse'}. Best is trial 581 with value: 7.8118814731889445.
start listen on 192.168.1.101:47483
@tracker All of 4 nodes getting started
@tracker All nodes finishes job
Trial 907 finished with value: 7.812440626859463 and parameters: {'objective': 'reg:squarederror', 'tree_method': 'gpu_hist', 'lambda': 0.14938632868243135, 'alpha': 0.012433702137914289, 'colsample_bytree': 0.6356222713805374, 'subsample': 0.9163253834316469, 'learning_rate': 0.010568553504521076, 'max_depth': 15, 'min_child_weight': 261, 'eval_metric': 'rmse'}. Best is trial 581 with value: 7.8118814731889445.
start listen on 192.168.1.101:43107
@tracker All of 4 nodes getting started
@tracker All nodes finishes job
Trial 908 finished with value: 7.821688203590296 and parameters: {'objective': 'reg:squarederror', 'tree_method': 'gpu_hist', 'lambda': 0.1546888236931194, 'alpha': 0.012045662375890989, 'colsample_bytree': 0.6137971526737397, 'subsample': 0.9201316554505427, 'learning_rate': 0.008503844862581877, 'max_depth': 11, 'min_child_weight': 256, 'eval_metric': 'rmse'}. Best is trial 581 with value: 7.8118814731889445.
start listen on 192.168.1.101:45919
@tracker All of 4 nodes getting started
@tracker All nodes finishes job
Trial 909 finished with value: 7.814772244399868 and parameters: {'objective': 'reg:squarederror', 'tree_method': 'gpu_hist', 'lambda': 0.1274296244113938, 'alpha': 0.014095652816171346, 'colsample_bytree': 0.37864315773175045, 'subsample': 0.9326615150746009, 'learning_rate': 0.014767939268953116, 'max_depth': 15, 'min_child_weight': 261, 'eval_metric': 'rmse'}. Best is trial 581 with value: 7.8118814731889445.
start listen on 192.168.1.101:43371
@tracker All of 4 nodes getting started
@tracker All nodes finishes job
Trial 910 finished with value: 7.817293170866562 and parameters: {'objective': 'reg:squarederror', 'tree_method': 'gpu_hist', 'lambda': 0.1655312690502569, 'alpha': 0.010005840559379035, 'colsample_bytree': 0.628060946905201, 'subsample': 0.9094775918071802, 'learning_rate': 0.010529600024457365, 'max_depth': 11, 'min_child_weight': 252, 'eval_metric': 'rmse'}. Best is trial 581 with value: 7.8118814731889445.
start listen on 192.168.1.101:50579
@tracker All of 4 nodes getting started
@tracker All nodes finishes job
Trial 911 finished with value: 7.862648398046542 and parameters: {'objective': 'reg:squarederror', 'tree_method': 'gpu_hist', 'lambda': 0.18222961189117742, 'alpha': 0.011988805395808905, 'colsample_bytree': 0.593373216900383, 'subsample': 0.9500908939970686, 'learning_rate': 0.008994308832957631, 'max_depth': 3, 'min_child_weight': 261, 'eval_metric': 'rmse'}. Best is trial 581 with value: 7.8118814731889445.
start listen on 192.168.1.101:37367
@tracker All of 4 nodes getting started
@tracker All nodes finishes job
Trial 912 finished with value: 7.814910657668346 and parameters: {'objective': 'reg:squarederror', 'tree_method': 'gpu_hist', 'lambda': 0.1436013737944552, 'alpha': 0.01397182500221243, 'colsample_bytree': 0.6089746565720077, 'subsample': 0.919918528984727, 'learning_rate': 0.01587972970535762, 'max_depth': 15, 'min_child_weight': 248, 'eval_metric': 'rmse'}. Best is trial 581 with value: 7.8118814731889445.
start listen on 192.168.1.101:41917
@tracker All of 4 nodes getting started
@tracker All nodes finishes job
Trial 913 finished with value: 7.815215770191506 and parameters: {'objective': 'reg:squarederror', 'tree_method': 'gpu_hist', 'lambda': 0.11169390920068968, 'alpha': 0.0087081187039582, 'colsample_bytree': 0.6321971168213028, 'subsample': 0.8998788089818902, 'learning_rate': 0.013483376058851082, 'max_depth': 11, 'min_child_weight': 256, 'eval_metric': 'rmse'}. Best is trial 581 with value: 7.8118814731889445.
start listen on 192.168.1.101:59463
@tracker All of 4 nodes getting started
@tracker All nodes finishes job
Trial 914 finished with value: 7.8200449511135774 and parameters: {'objective': 'reg:squarederror', 'tree_method': 'gpu_hist', 'lambda': 0.20887855684943815, 'alpha': 0.010401015333612805, 'colsample_bytree': 0.6490078077790807, 'subsample': 0.9290647926557765, 'learning_rate': 0.017745185654722058, 'max_depth': 15, 'min_child_weight': 264, 'eval_metric': 'rmse'}. Best is trial 581 with value: 7.8118814731889445.
start listen on 192.168.1.101:49011
@tracker All of 4 nodes getting started
@tracker All nodes finishes job
Trial 915 finished with value: 7.813976962550466 and parameters: {'objective': 'reg:squarederror', 'tree_method': 'gpu_hist', 'lambda': 0.1468069533628198, 'alpha': 0.012453407281644275, 'colsample_bytree': 0.6200946727214413, 'subsample': 0.9135815325255797, 'learning_rate': 0.012522102972439355, 'max_depth': 11, 'min_child_weight': 244, 'eval_metric': 'rmse'}. Best is trial 581 with value: 7.8118814731889445.
start listen on 192.168.1.101:41929
@tracker All of 4 nodes getting started
@tracker All nodes finishes job
Trial 916 finished with value: 7.815334440666142 and parameters: {'objective': 'reg:squarederror', 'tree_method': 'gpu_hist', 'lambda': 0.12598363047139127, 'alpha': 0.007254961691507131, 'colsample_bytree': 0.6604884561214006, 'subsample': 0.8880728052526367, 'learning_rate': 0.010026452332929802, 'max_depth': 15, 'min_child_weight': 253, 'eval_metric': 'rmse'}. Best is trial 581 with value: 7.8118814731889445.
start listen on 192.168.1.101:42723
@tracker All of 4 nodes getting started
@tracker All nodes finishes job
Trial 917 finished with value: 7.8311960951135395 and parameters: {'objective': 'reg:squarederror', 'tree_method': 'gpu_hist', 'lambda': 0.21447094370549497, 'alpha': 0.015632064184717343, 'colsample_bytree': 0.6375754291581004, 'subsample': 0.9429651642591999, 'learning_rate': 0.014616584100332092, 'max_depth': 5, 'min_child_weight': 259, 'eval_metric': 'rmse'}. Best is trial 581 with value: 7.8118814731889445.
start listen on 192.168.1.101:54165
@tracker All of 4 nodes getting started
@tracker All nodes finishes job
Trial 918 finished with value: 7.816016528933072 and parameters: {'objective': 'reg:squarederror', 'tree_method': 'gpu_hist', 'lambda': 0.1275335280395349, 'alpha': 0.009217042858210114, 'colsample_bytree': 0.5984626002747875, 'subsample': 0.9067603119974947, 'learning_rate': 0.02041306513343314, 'max_depth': 11, 'min_child_weight': 266, 'eval_metric': 'rmse'}. Best is trial 581 with value: 7.8118814731889445.
start listen on 192.168.1.101:41309
@tracker All of 4 nodes getting started
@tracker All nodes finishes job
Trial 919 finished with value: 7.813535734174092 and parameters: {'objective': 'reg:squarederror', 'tree_method': 'gpu_hist', 'lambda': 0.08905284413546251, 'alpha': 0.0116594506372569, 'colsample_bytree': 0.6221325505014662, 'subsample': 0.9254506564769356, 'learning_rate': 0.011266451579892547, 'max_depth': 15, 'min_child_weight': 248, 'eval_metric': 'rmse'}. Best is trial 581 with value: 7.8118814731889445.
start listen on 192.168.1.101:54417
@tracker All of 4 nodes getting started
@tracker All nodes finishes job
Trial 920 finished with value: 7.816968770963567 and parameters: {'objective': 'reg:squarederror', 'tree_method': 'gpu_hist', 'lambda': 0.08671587831576175, 'alpha': 0.012025455327718804, 'colsample_bytree': 0.7096665826675967, 'subsample': 0.9351677968052526, 'learning_rate': 0.012280679092159245, 'max_depth': 11, 'min_child_weight': 250, 'eval_metric': 'rmse'}. Best is trial 581 with value: 7.8118814731889445.
start listen on 192.168.1.101:49287
@tracker All of 4 nodes getting started
@tracker All nodes finishes job
Trial 921 finished with value: 7.815230032602958 and parameters: {'objective': 'reg:squarederror', 'tree_method': 'gpu_hist', 'lambda': 0.10902864164775275, 'alpha': 0.014608046550283941, 'colsample_bytree': 0.6446632006931216, 'subsample': 0.9476981290717115, 'learning_rate': 0.013664056591222508, 'max_depth': 13, 'min_child_weight': 245, 'eval_metric': 'rmse'}. Best is trial 581 with value: 7.8118814731889445.
start listen on 192.168.1.101:33665
@tracker All of 4 nodes getting started
@tracker All nodes finishes job
Trial 922 finished with value: 7.820612461074567 and parameters: {'objective': 'reg:squarederror', 'tree_method': 'gpu_hist', 'lambda': 0.1087472767228526, 'alpha': 0.010289623111411393, 'colsample_bytree': 0.6655167231222336, 'subsample': 0.9252689935651528, 'learning_rate': 0.01619114405880617, 'max_depth': 15, 'min_child_weight': 243, 'eval_metric': 'rmse'}. Best is trial 581 with value: 7.8118814731889445.
start listen on 192.168.1.101:47119
@tracker All of 4 nodes getting started
@tracker All nodes finishes job
