Trial 210 finished with value: 7.817785993023568 and parameters: {'objective': 'reg:squarederror', 'tree_method': 'gpu_hist', 'lambda': 0.01145959261662018, 'alpha': 0.0044267940911346575, 'colsample_bytree': 0.6687782840766873, 'subsample': 0.8709353658080794, 'learning_rate': 0.013315036916461265, 'max_depth': 11, 'min_child_weight': 249, 'eval_metric': 'rmse'}. Best is trial 79 with value: 7.812327109628506.
start listen on 192.168.1.101:38553
@tracker All of 4 nodes getting started
@tracker All nodes finishes job
Trial 211 finished with value: 7.817004836888878 and parameters: {'objective': 'reg:squarederror', 'tree_method': 'gpu_hist', 'lambda': 0.5100866606618643, 'alpha': 0.003835269815988216, 'colsample_bytree': 0.6017106368526886, 'subsample': 0.9103371093403517, 'learning_rate': 0.016766122743871802, 'max_depth': 11, 'min_child_weight': 255, 'eval_metric': 'rmse'}. Best is trial 79 with value: 7.812327109628506.
start listen on 192.168.1.101:44491
@tracker All of 4 nodes getting started
@tracker All nodes finishes job
Trial 212 finished with value: 7.8170288810697075 and parameters: {'objective': 'reg:squarederror', 'tree_method': 'gpu_hist', 'lambda': 0.0047933185238863635, 'alpha': 0.010979644529578914, 'colsample_bytree': 0.6415175342654208, 'subsample': 0.8917341592075205, 'learning_rate': 0.0193641487996268, 'max_depth': 11, 'min_child_weight': 235, 'eval_metric': 'rmse'}. Best is trial 79 with value: 7.812327109628506.
start listen on 192.168.1.101:43737
@tracker All of 4 nodes getting started
@tracker All nodes finishes job
Trial 213 finished with value: 7.813554146699528 and parameters: {'objective': 'reg:squarederror', 'tree_method': 'gpu_hist', 'lambda': 0.00543886694644942, 'alpha': 0.004989176806625671, 'colsample_bytree': 0.6557205379266369, 'subsample': 0.9321263568762074, 'learning_rate': 0.015213208063940368, 'max_depth': 11, 'min_child_weight': 250, 'eval_metric': 'rmse'}. Best is trial 79 with value: 7.812327109628506.
start listen on 192.168.1.101:43059
@tracker All of 4 nodes getting started
@tracker All nodes finishes job
Trial 214 finished with value: 7.816399830454447 and parameters: {'objective': 'reg:squarederror', 'tree_method': 'gpu_hist', 'lambda': 0.005492203376395309, 'alpha': 0.0050907956416257165, 'colsample_bytree': 0.6566135887574478, 'subsample': 0.9326644714739613, 'learning_rate': 0.014959938515609934, 'max_depth': 11, 'min_child_weight': 259, 'eval_metric': 'rmse'}. Best is trial 79 with value: 7.812327109628506.
start listen on 192.168.1.101:35997
@tracker All of 4 nodes getting started
@tracker All nodes finishes job
Trial 215 finished with value: 7.81499124351522 and parameters: {'objective': 'reg:squarederror', 'tree_method': 'gpu_hist', 'lambda': 0.007317617087993631, 'alpha': 0.007984899018744843, 'colsample_bytree': 0.6220662692913626, 'subsample': 0.9455069758431416, 'learning_rate': 0.01436222141938926, 'max_depth': 11, 'min_child_weight': 246, 'eval_metric': 'rmse'}. Best is trial 79 with value: 7.812327109628506.
start listen on 192.168.1.101:48043
@tracker All of 4 nodes getting started
@tracker All nodes finishes job
Trial 216 finished with value: 7.816532892033348 and parameters: {'objective': 'reg:squarederror', 'tree_method': 'gpu_hist', 'lambda': 0.004094179449391477, 'alpha': 0.006036298260791357, 'colsample_bytree': 0.651041543813234, 'subsample': 0.903459432535149, 'learning_rate': 0.015797071448048042, 'max_depth': 11, 'min_child_weight': 241, 'eval_metric': 'rmse'}. Best is trial 79 with value: 7.812327109628506.
start listen on 192.168.1.101:46183
@tracker All of 4 nodes getting started
@tracker All nodes finishes job
Trial 217 finished with value: 7.817300179981619 and parameters: {'objective': 'reg:squarederror', 'tree_method': 'gpu_hist', 'lambda': 0.005713433914598778, 'alpha': 0.00460045736080776, 'colsample_bytree': 0.6109548280067036, 'subsample': 0.8834530624113556, 'learning_rate': 0.012998479036817926, 'max_depth': 11, 'min_child_weight': 230, 'eval_metric': 'rmse'}. Best is trial 79 with value: 7.812327109628506.
start listen on 192.168.1.101:34923
@tracker All of 4 nodes getting started
@tracker All nodes finishes job
Trial 218 finished with value: 7.818788891928288 and parameters: {'objective': 'reg:squarederror', 'tree_method': 'gpu_hist', 'lambda': 0.009636092474371085, 'alpha': 0.004001992980959358, 'colsample_bytree': 0.6336187535419706, 'subsample': 0.9322499010905702, 'learning_rate': 0.01846287454151456, 'max_depth': 11, 'min_child_weight': 249, 'eval_metric': 'rmse'}. Best is trial 79 with value: 7.812327109628506.
start listen on 192.168.1.101:60979
@tracker All of 4 nodes getting started
@tracker All nodes finishes job
Trial 219 finished with value: 7.827844139549715 and parameters: {'objective': 'reg:squarederror', 'tree_method': 'gpu_hist', 'lambda': 0.003185298584626251, 'alpha': 0.9265688338518981, 'colsample_bytree': 0.6634636864745808, 'subsample': 0.9159962678892372, 'learning_rate': 0.01570960300566759, 'max_depth': 5, 'min_child_weight': 263, 'eval_metric': 'rmse'}. Best is trial 79 with value: 7.812327109628506.
start listen on 192.168.1.101:34613
@tracker All of 4 nodes getting started
@tracker All nodes finishes job
Trial 220 finished with value: 7.814868172543661 and parameters: {'objective': 'reg:squarederror', 'tree_method': 'gpu_hist', 'lambda': 0.006176838198754037, 'alpha': 0.0014919186945658652, 'colsample_bytree': 0.5880785731123549, 'subsample': 0.8398786223691914, 'learning_rate': 0.014331772916104666, 'max_depth': 11, 'min_child_weight': 223, 'eval_metric': 'rmse'}. Best is trial 79 with value: 7.812327109628506.
start listen on 192.168.1.101:41447
@tracker All of 4 nodes getting started
@tracker All nodes finishes job
Trial 221 finished with value: 7.813863667673395 and parameters: {'objective': 'reg:squarederror', 'tree_method': 'gpu_hist', 'lambda': 0.004621241159011198, 'alpha': 0.0013794663939979154, 'colsample_bytree': 0.5949852380610658, 'subsample': 0.83364395437207, 'learning_rate': 0.013868844475730151, 'max_depth': 11, 'min_child_weight': 224, 'eval_metric': 'rmse'}. Best is trial 79 with value: 7.812327109628506.
start listen on 192.168.1.101:58211
@tracker All of 4 nodes getting started
@tracker All nodes finishes job
Trial 222 finished with value: 7.816541979530337 and parameters: {'objective': 'reg:squarederror', 'tree_method': 'gpu_hist', 'lambda': 0.006355892821274875, 'alpha': 0.0015429993422349465, 'colsample_bytree': 0.5949776199663183, 'subsample': 0.8972710313979807, 'learning_rate': 0.014497323818395295, 'max_depth': 11, 'min_child_weight': 221, 'eval_metric': 'rmse'}. Best is trial 79 with value: 7.812327109628506.
start listen on 192.168.1.101:59081
@tracker All of 4 nodes getting started
@tracker All nodes finishes job
Trial 223 finished with value: 7.816663185661327 and parameters: {'objective': 'reg:squarederror', 'tree_method': 'gpu_hist', 'lambda': 0.004200990338753715, 'alpha': 0.0014224877071868723, 'colsample_bytree': 0.5899000539336645, 'subsample': 0.9205898094616797, 'learning_rate': 0.016960968124022098, 'max_depth': 11, 'min_child_weight': 225, 'eval_metric': 'rmse'}. Best is trial 79 with value: 7.812327109628506.
start listen on 192.168.1.101:33917
@tracker All of 4 nodes getting started
@tracker All nodes finishes job
Trial 224 finished with value: 7.81536701979862 and parameters: {'objective': 'reg:squarederror', 'tree_method': 'gpu_hist', 'lambda': 0.006520699366620487, 'alpha': 0.0018169333946587759, 'colsample_bytree': 0.6088357999909205, 'subsample': 0.8449257217246386, 'learning_rate': 0.013002919598545734, 'max_depth': 11, 'min_child_weight': 214, 'eval_metric': 'rmse'}. Best is trial 79 with value: 7.812327109628506.
start listen on 192.168.1.101:60907
@tracker All of 4 nodes getting started
@tracker All nodes finishes job
Trial 225 finished with value: 7.817619970797986 and parameters: {'objective': 'reg:squarederror', 'tree_method': 'gpu_hist', 'lambda': 0.0051951930002062646, 'alpha': 0.0010534103800164314, 'colsample_bytree': 0.5578777140794109, 'subsample': 0.82619389693413, 'learning_rate': 0.015624900166579652, 'max_depth': 11, 'min_child_weight': 233, 'eval_metric': 'rmse'}. Best is trial 79 with value: 7.812327109628506.
start listen on 192.168.1.101:43221
@tracker All of 4 nodes getting started
@tracker All nodes finishes job
Trial 226 finished with value: 7.816806333219104 and parameters: {'objective': 'reg:squarederror', 'tree_method': 'gpu_hist', 'lambda': 0.008935636887864239, 'alpha': 0.0013832085595003672, 'colsample_bytree': 0.6849145561597915, 'subsample': 0.9081110458238609, 'learning_rate': 0.01396002219598926, 'max_depth': 11, 'min_child_weight': 209, 'eval_metric': 'rmse'}. Best is trial 79 with value: 7.812327109628506.
start listen on 192.168.1.101:58677
@tracker All of 4 nodes getting started
@tracker All nodes finishes job
Trial 227 finished with value: 7.817671607702773 and parameters: {'objective': 'reg:squarederror', 'tree_method': 'gpu_hist', 'lambda': 0.0035583566283488932, 'alpha': 0.0028614920075488316, 'colsample_bytree': 0.6259162300355653, 'subsample': 0.8781372828523352, 'learning_rate': 0.018176699590412994, 'max_depth': 13, 'min_child_weight': 223, 'eval_metric': 'rmse'}. Best is trial 79 with value: 7.812327109628506.
start listen on 192.168.1.101:47041
@tracker All of 4 nodes getting started
@tracker All nodes finishes job
Trial 228 finished with value: 7.814402732826219 and parameters: {'objective': 'reg:squarederror', 'tree_method': 'gpu_hist', 'lambda': 0.007337287389444525, 'alpha': 0.006294222659211836, 'colsample_bytree': 0.5757832839038719, 'subsample': 0.9380623792382071, 'learning_rate': 0.015986316568897523, 'max_depth': 11, 'min_child_weight': 237, 'eval_metric': 'rmse'}. Best is trial 79 with value: 7.812327109628506.
start listen on 192.168.1.101:39739
@tracker All of 4 nodes getting started
@tracker All nodes finishes job
Trial 229 finished with value: 7.819298364183968 and parameters: {'objective': 'reg:squarederror', 'tree_method': 'gpu_hist', 'lambda': 0.3551592243624927, 'alpha': 0.006526678136017846, 'colsample_bytree': 0.5625193386669338, 'subsample': 0.9502062845577075, 'learning_rate': 0.020543765843251356, 'max_depth': 11, 'min_child_weight': 238, 'eval_metric': 'rmse'}. Best is trial 79 with value: 7.812327109628506.
start listen on 192.168.1.101:36977
@tracker All of 4 nodes getting started
@tracker All nodes finishes job
Trial 230 finished with value: 7.816535883370859 and parameters: {'objective': 'reg:squarederror', 'tree_method': 'gpu_hist', 'lambda': 0.2842036746699417, 'alpha': 0.005137715780613931, 'colsample_bytree': 0.546214273159373, 'subsample': 0.9372960274717413, 'learning_rate': 0.01679027810922824, 'max_depth': 11, 'min_child_weight': 246, 'eval_metric': 'rmse'}. Best is trial 79 with value: 7.812327109628506.
start listen on 192.168.1.101:36643
@tracker All of 4 nodes getting started
@tracker All nodes finishes job
Trial 231 finished with value: 7.81560213308503 and parameters: {'objective': 'reg:squarederror', 'tree_method': 'gpu_hist', 'lambda': 0.006755409912239373, 'alpha': 0.008177319380762596, 'colsample_bytree': 0.5856826176493304, 'subsample': 0.9272314201632404, 'learning_rate': 0.014923465856716214, 'max_depth': 11, 'min_child_weight': 230, 'eval_metric': 'rmse'}. Best is trial 79 with value: 7.812327109628506.
start listen on 192.168.1.101:38155
@tracker All of 4 nodes getting started
@tracker All nodes finishes job
Trial 232 finished with value: 7.814122233521827 and parameters: {'objective': 'reg:squarederror', 'tree_method': 'gpu_hist', 'lambda': 0.004771231380075124, 'alpha': 0.005787180812420242, 'colsample_bytree': 0.5746756796123493, 'subsample': 0.915769259983287, 'learning_rate': 0.016162745278600767, 'max_depth': 11, 'min_child_weight': 237, 'eval_metric': 'rmse'}. Best is trial 79 with value: 7.812327109628506.
start listen on 192.168.1.101:57707
@tracker All of 4 nodes getting started
@tracker All nodes finishes job
Trial 233 finished with value: 7.814231749678351 and parameters: {'objective': 'reg:squarederror', 'tree_method': 'gpu_hist', 'lambda': 0.005054892728057384, 'alpha': 0.0069021689979511585, 'colsample_bytree': 0.5749217433455248, 'subsample': 0.9158113102167805, 'learning_rate': 0.016441964176076664, 'max_depth': 11, 'min_child_weight': 241, 'eval_metric': 'rmse'}. Best is trial 79 with value: 7.812327109628506.
start listen on 192.168.1.101:60285
@tracker All of 4 nodes getting started
@tracker All nodes finishes job
Trial 234 finished with value: 7.816776780501399 and parameters: {'objective': 'reg:squarederror', 'tree_method': 'gpu_hist', 'lambda': 0.007805513574830865, 'alpha': 0.007234918658076046, 'colsample_bytree': 0.5690379183288241, 'subsample': 0.9065810188450406, 'learning_rate': 0.01612044686127747, 'max_depth': 11, 'min_child_weight': 237, 'eval_metric': 'rmse'}. Best is trial 79 with value: 7.812327109628506.
start listen on 192.168.1.101:46403
@tracker All of 4 nodes getting started
@tracker All nodes finishes job
Trial 235 finished with value: 7.816543396041879 and parameters: {'objective': 'reg:squarederror', 'tree_method': 'gpu_hist', 'lambda': 0.005589396143073894, 'alpha': 0.005800787103922074, 'colsample_bytree': 0.6042413693431898, 'subsample': 0.8942136311649491, 'learning_rate': 0.012477270825817769, 'max_depth': 11, 'min_child_weight': 239, 'eval_metric': 'rmse'}. Best is trial 79 with value: 7.812327109628506.
start listen on 192.168.1.101:50077
@tracker All of 4 nodes getting started
@tracker All nodes finishes job
Trial 236 finished with value: 7.818250482161731 and parameters: {'objective': 'reg:squarederror', 'tree_method': 'gpu_hist', 'lambda': 0.004420602174134504, 'alpha': 0.010110441959974837, 'colsample_bytree': 0.5746894851639035, 'subsample': 0.9346335746156345, 'learning_rate': 0.01575004353532099, 'max_depth': 11, 'min_child_weight': 233, 'eval_metric': 'rmse'}. Best is trial 79 with value: 7.812327109628506.
start listen on 192.168.1.101:48245
@tracker All of 4 nodes getting started
@tracker All nodes finishes job
Trial 237 finished with value: 7.819220969515483 and parameters: {'objective': 'reg:squarederror', 'tree_method': 'gpu_hist', 'lambda': 0.005232363959024775, 'alpha': 0.005579817720956562, 'colsample_bytree': 0.6414900348901464, 'subsample': 0.9160957158708727, 'learning_rate': 0.019094219408251897, 'max_depth': 15, 'min_child_weight': 242, 'eval_metric': 'rmse'}. Best is trial 79 with value: 7.812327109628506.
start listen on 192.168.1.101:44753
@tracker All of 4 nodes getting started
@tracker All nodes finishes job
Trial 238 finished with value: 7.816916858313543 and parameters: {'objective': 'reg:squarederror', 'tree_method': 'gpu_hist', 'lambda': 0.011457719497005903, 'alpha': 0.008658398464741368, 'colsample_bytree': 0.6160200058412029, 'subsample': 0.5614438635755565, 'learning_rate': 0.01385475357671521, 'max_depth': 11, 'min_child_weight': 253, 'eval_metric': 'rmse'}. Best is trial 79 with value: 7.812327109628506.
start listen on 192.168.1.101:41323
@tracker All of 4 nodes getting started
@tracker All nodes finishes job
Trial 239 finished with value: 7.8152766148187895 and parameters: {'objective': 'reg:squarederror', 'tree_method': 'gpu_hist', 'lambda': 0.0035548487935120644, 'alpha': 0.006454618244926654, 'colsample_bytree': 0.5487200061623498, 'subsample': 0.9516059333726892, 'learning_rate': 0.017175682260715048, 'max_depth': 11, 'min_child_weight': 230, 'eval_metric': 'rmse'}. Best is trial 79 with value: 7.812327109628506.
start listen on 192.168.1.101:46699
@tracker All of 4 nodes getting started
@tracker All nodes finishes job
Trial 240 finished with value: 7.823321351520196 and parameters: {'objective': 'reg:squarederror', 'tree_method': 'gpu_hist', 'lambda': 0.004276575760436002, 'alpha': 0.004554499901406588, 'colsample_bytree': 0.6019089840474869, 'subsample': 0.9018589199716155, 'learning_rate': 0.015228361276441602, 'max_depth': 17, 'min_child_weight': 243, 'eval_metric': 'rmse'}. Best is trial 79 with value: 7.812327109628506.
start listen on 192.168.1.101:48141
@tracker All of 4 nodes getting started
@tracker All nodes finishes job
Trial 241 finished with value: 7.815473559077973 and parameters: {'objective': 'reg:squarederror', 'tree_method': 'gpu_hist', 'lambda': 0.0077099301093273885, 'alpha': 0.004022879360305111, 'colsample_bytree': 0.5804546725239266, 'subsample': 0.9239916408824106, 'learning_rate': 0.01788768302595886, 'max_depth': 11, 'min_child_weight': 249, 'eval_metric': 'rmse'}. Best is trial 79 with value: 7.812327109628506.
start listen on 192.168.1.101:35367
@tracker All of 4 nodes getting started
@tracker All nodes finishes job
Trial 242 finished with value: 7.814092289600696 and parameters: {'objective': 'reg:squarederror', 'tree_method': 'gpu_hist', 'lambda': 0.0050355837019909555, 'alpha': 0.005535834874805892, 'colsample_bytree': 0.5937645440517435, 'subsample': 0.9159817391060475, 'learning_rate': 0.016626605586464574, 'max_depth': 11, 'min_child_weight': 252, 'eval_metric': 'rmse'}. Best is trial 79 with value: 7.812327109628506.
start listen on 192.168.1.101:34675
@tracker All of 4 nodes getting started
@tracker All nodes finishes job
Trial 243 finished with value: 7.81845546496892 and parameters: {'objective': 'reg:squarederror', 'tree_method': 'gpu_hist', 'lambda': 0.0057334532810600644, 'alpha': 0.007295965662965994, 'colsample_bytree': 0.5954917235784272, 'subsample': 0.9118264152745623, 'learning_rate': 0.016436175722492827, 'max_depth': 11, 'min_child_weight': 258, 'eval_metric': 'rmse'}. Best is trial 79 with value: 7.812327109628506.
start listen on 192.168.1.101:44789
@tracker All of 4 nodes getting started
@tracker All nodes finishes job
Trial 244 finished with value: 7.815326473309907 and parameters: {'objective': 'reg:squarederror', 'tree_method': 'gpu_hist', 'lambda': 0.004921481541758572, 'alpha': 0.005187369772404651, 'colsample_bytree': 0.6294488741657612, 'subsample': 0.8891972560147324, 'learning_rate': 0.014371253012603991, 'max_depth': 11, 'min_child_weight': 249, 'eval_metric': 'rmse'}. Best is trial 79 with value: 7.812327109628506.
start listen on 192.168.1.101:36725
@tracker All of 4 nodes getting started
@tracker All nodes finishes job
Trial 245 finished with value: 7.815353173739745 and parameters: {'objective': 'reg:squarederror', 'tree_method': 'gpu_hist', 'lambda': 0.003108984311983839, 'alpha': 0.00594435440178842, 'colsample_bytree': 0.565118422771047, 'subsample': 0.9386918207110232, 'learning_rate': 0.012936888425177545, 'max_depth': 11, 'min_child_weight': 236, 'eval_metric': 'rmse'}. Best is trial 79 with value: 7.812327109628506.
start listen on 192.168.1.101:33849
@tracker All of 4 nodes getting started
@tracker All nodes finishes job
Trial 246 finished with value: 7.818578789103392 and parameters: {'objective': 'reg:squarederror', 'tree_method': 'gpu_hist', 'lambda': 0.004050019129269113, 'alpha': 0.004499545285629739, 'colsample_bytree': 0.617772844187944, 'subsample': 0.9261360581316922, 'learning_rate': 0.015673042718532437, 'max_depth': 11, 'min_child_weight': 256, 'eval_metric': 'rmse'}. Best is trial 79 with value: 7.812327109628506.
start listen on 192.168.1.101:33335
@tracker All of 4 nodes getting started
@tracker All nodes finishes job
Trial 247 finished with value: 7.815403298320608 and parameters: {'objective': 'reg:squarederror', 'tree_method': 'gpu_hist', 'lambda': 0.006811335351797558, 'alpha': 0.003705370660953947, 'colsample_bytree': 0.5972192125753448, 'subsample': 0.9104518231557898, 'learning_rate': 0.01824931789764005, 'max_depth': 11, 'min_child_weight': 264, 'eval_metric': 'rmse'}. Best is trial 79 with value: 7.812327109628506.
start listen on 192.168.1.101:57903
@tracker All of 4 nodes getting started
@tracker All nodes finishes job
Trial 248 finished with value: 7.819951347048201 and parameters: {'objective': 'reg:squarederror', 'tree_method': 'gpu_hist', 'lambda': 1.6860943178579562, 'alpha': 0.005115646899640983, 'colsample_bytree': 0.6467873353724352, 'subsample': 0.8995493030402038, 'learning_rate': 0.01381803324081148, 'max_depth': 7, 'min_child_weight': 242, 'eval_metric': 'rmse'}. Best is trial 79 with value: 7.812327109628506.
start listen on 192.168.1.101:42733
@tracker All of 4 nodes getting started
@tracker All nodes finishes job
Trial 249 finished with value: 7.814628365974014 and parameters: {'objective': 'reg:squarederror', 'tree_method': 'gpu_hist', 'lambda': 0.005471091034005075, 'alpha': 5.131833495767222, 'colsample_bytree': 0.5796225680110039, 'subsample': 0.9195226778234742, 'learning_rate': 0.016465898048082732, 'max_depth': 11, 'min_child_weight': 253, 'eval_metric': 'rmse'}. Best is trial 79 with value: 7.812327109628506.
start listen on 192.168.1.101:35251
@tracker All of 4 nodes getting started
@tracker All nodes finishes job
Trial 250 finished with value: 7.834584237610315 and parameters: {'objective': 'reg:squarederror', 'tree_method': 'gpu_hist', 'lambda': 0.0048088315284357044, 'alpha': 0.007209648193355818, 'colsample_bytree': 0.6151523316108627, 'subsample': 0.9291667521998961, 'learning_rate': 0.020507502316356455, 'max_depth': 20, 'min_child_weight': 253, 'eval_metric': 'rmse'}. Best is trial 79 with value: 7.812327109628506.
start listen on 192.168.1.101:58841
@tracker All of 4 nodes getting started
@tracker All nodes finishes job
Trial 251 finished with value: 7.81792293303646 and parameters: {'objective': 'reg:squarederror', 'tree_method': 'gpu_hist', 'lambda': 0.003707099004535525, 'alpha': 0.00912883602543462, 'colsample_bytree': 0.581066960375464, 'subsample': 0.9396735284756205, 'learning_rate': 0.017062332165577385, 'max_depth': 11, 'min_child_weight': 251, 'eval_metric': 'rmse'}. Best is trial 79 with value: 7.812327109628506.
start listen on 192.168.1.101:42325
@tracker All of 4 nodes getting started
@tracker All nodes finishes job
