number,value,params_alpha,params_colsample_bytree,params_eval_metric,params_lambda,params_learning_rate,params_max_depth,params_min_child_weight,params_objective,params_subsample,params_tree_method,state
128,7.8152422653980285,0.001159942162974282,0.7013682617496355,rmse,0.0010057973882975813,0.023180674013354302,9,284,reg:squarederror,0.901187879426611,gpu_hist,COMPLETE
129,7.818845887046088,0.001023686414098072,0.677198330721055,rmse,0.002084306577039133,0.026592389601250287,9,285,reg:squarederror,0.9046567257843539,gpu_hist,COMPLETE
130,7.817699146624629,0.00126581551789578,0.7339482542362769,rmse,0.0010610316690025628,0.024303782859265117,9,296,reg:squarederror,0.8929438561662829,gpu_hist,COMPLETE
131,7.816148406559252,0.0014211587398802216,0.7073997061384822,rmse,0.001185809986517245,0.020032216885217315,9,281,reg:squarederror,0.9102563050971123,gpu_hist,COMPLETE
132,7.816082154578305,0.001969145178530826,0.6281211804868351,rmse,0.0015173514959315152,0.016235657957026653,9,272,reg:squarederror,0.8723893222822278,gpu_hist,COMPLETE
133,7.819830908405008,0.0010119768059533801,0.5996789765433888,rmse,0.0010022004582495147,0.02241386852695017,9,292,reg:squarederror,0.9310144150514181,gpu_hist,COMPLETE
134,7.817197810353478,0.0016005596404877421,0.6639951438340466,rmse,0.027039530691489417,0.014544705015619394,9,266,reg:squarederror,0.8960875198838987,gpu_hist,COMPLETE
135,7.8155655427512505,0.0012942021228028412,0.5423484131643446,rmse,0.00137358447996104,0.02076371870155771,9,287,reg:squarederror,0.9481662348313404,gpu_hist,COMPLETE
136,7.814918186978511,0.002373764736497058,0.731256303488274,rmse,0.0017513987903458746,0.017164706530101388,11,254,reg:squarederror,0.9190184003925624,gpu_hist,COMPLETE
137,7.825445703863645,0.0023660346924897755,0.7935652673084572,rmse,0.0017456962850997933,0.017879406620396998,5,256,reg:squarederror,0.8762250820912441,gpu_hist,COMPLETE
138,7.833592028441792,0.0018184206871547605,0.7282286389744714,rmse,0.0022813942031763364,0.029647106130413117,11,278,reg:squarederror,0.9147366284584973,gpu_hist,COMPLETE
139,7.816841701389672,0.0014785131349053867,0.7408361631241823,rmse,0.5297299421136262,0.013627262616653245,13,262,reg:squarederror,0.9611056442716288,gpu_hist,COMPLETE
140,7.847012091044506,0.001172686948072922,0.7622258445301792,rmse,0.0016555314653469118,0.03810739583282272,11,268,reg:squarederror,0.8647169948140043,gpu_hist,COMPLETE
141,7.814609956725924,0.0027461601066243956,0.7088538317180613,rmse,0.0012001734321405032,0.015519463856575917,11,250,reg:squarederror,0.9281734304378512,gpu_hist,COMPLETE
142,7.81718638752749,0.0027298037224475925,0.7160140742471446,rmse,0.0013327366244411244,0.017442217220507664,11,252,reg:squarederror,0.8903304599003486,gpu_hist,COMPLETE
143,7.818099460689228,0.0020534706945054986,0.6986262479206763,rmse,2.2747159006017954,0.019537370910928324,11,274,reg:squarederror,0.9414826477998545,gpu_hist,COMPLETE
144,7.816120348489665,0.0010038970695516517,0.5077199659301203,rmse,0.0011834395260151617,0.012326929020892908,11,259,reg:squarederror,0.9080599997334318,gpu_hist,COMPLETE
145,7.81665746123926,0.0016112724681801199,0.7684611293274981,rmse,0.001929790316794699,0.014311778806799222,11,247,reg:squarederror,0.9014368764495736,gpu_hist,COMPLETE
146,7.815801169855955,0.0028690297580234764,0.7485660312080994,rmse,0.09860106282115497,0.015955196416810733,15,284,reg:squarederror,0.920028534899429,gpu_hist,COMPLETE
147,7.820825901615882,0.0021781864074128044,0.5895482555710423,rmse,0.0010135390728786544,0.017514202117566,17,300,reg:squarederror,0.9365638612638982,gpu_hist,COMPLETE
148,7.820818615888213,0.0013462371583291132,0.691273739218458,rmse,0.14421405234263943,0.023500427486182664,11,292,reg:squarederror,0.8812325922572053,gpu_hist,COMPLETE
149,7.814919629293208,0.0034584841799258485,0.5711523923078453,rmse,0.00152561029941273,0.011807419429104312,11,270,reg:squarederror,0.8895698482785793,gpu_hist,COMPLETE
150,7.81843825489892,0.0036030508940142715,0.5641528248662034,rmse,0.002414209535940545,0.011859991224254966,9,264,reg:squarederror,0.9240465144947456,gpu_hist,COMPLETE
151,7.8155195452537605,0.002464879828578074,0.5788454936971643,rmse,0.0014578512317371213,0.013381116973330047,11,279,reg:squarederror,0.8889204877747654,gpu_hist,COMPLETE
152,7.816146454598773,0.001789725838318614,0.6159220968348854,rmse,0.0016539318830861285,0.014984054380196208,11,253,reg:squarederror,0.9023479106011306,gpu_hist,COMPLETE
153,7.817347611032393,0.0031582539956042316,0.5519175398154249,rmse,0.0010079627635169524,0.01924099857552447,11,272,reg:squarederror,0.869902742669346,gpu_hist,COMPLETE
154,7.818165365156037,0.0020199737633775383,0.6002102042159412,rmse,0.0012674914284353427,0.00992781692789517,11,259,reg:squarederror,0.9146633153281183,gpu_hist,COMPLETE
155,8.061089017991875,0.0011989501146088197,0.6495734601139588,rmse,0.0020115315942071093,0.0012612455488167332,11,242,reg:squarederror,0.8534023064752576,gpu_hist,COMPLETE
156,7.817571883056374,0.0045257486910452545,0.5741634644952636,rmse,0.0014942961022722868,0.01614127731372643,11,268,reg:squarederror,0.8863553237703254,gpu_hist,COMPLETE
157,7.816154082475951,0.0014998238624882843,0.7087226494388095,rmse,4.394004711734381,0.012516130802858587,11,287,reg:squarederror,0.8997984963531017,gpu_hist,COMPLETE
158,7.8216999947019135,0.0024742009054305593,0.618881950510131,rmse,0.2827656130265168,0.014351123209654057,7,30,reg:squarederror,0.9298291900666278,gpu_hist,COMPLETE
159,7.817503907171772,0.0017426301299261976,0.6737435929954525,rmse,0.0018250882186981664,0.020850982576778955,11,248,reg:squarederror,0.9435106980528218,gpu_hist,COMPLETE
160,7.815209618487946,0.003781775391221221,0.5305244840872841,rmse,0.3987499972959597,0.017189227216413618,11,282,reg:squarederror,0.9162563190766256,gpu_hist,COMPLETE
161,7.817380570828756,0.003371687066816005,0.5371191020201884,rmse,0.6882926146438695,0.016870362113674008,11,279,reg:squarederror,0.9141931069358612,gpu_hist,COMPLETE
162,7.815766857364351,0.004041631560794621,0.5891618531611815,rmse,0.3777279253867302,0.01344174403608938,11,293,reg:squarederror,0.8925984384528007,gpu_hist,COMPLETE
163,7.815183484786471,0.0012127019322372503,0.5297459446601637,rmse,0.1916640345092051,0.018168595506698065,11,283,reg:squarederror,0.9218946767845206,gpu_hist,COMPLETE
164,7.818338708907985,0.0011742217320275161,0.4821689608851084,rmse,0.15369522760771293,0.018442120959496447,11,270,reg:squarederror,0.9627631504150813,gpu_hist,COMPLETE
165,7.825077564226906,0.0013611443317067262,0.5311667906850235,rmse,0.20929433146263285,0.021787620219594933,11,146,reg:squarederror,0.9260276164527712,gpu_hist,COMPLETE
166,7.841349872967818,0.0022742013508958692,0.5232476673361242,rmse,0.46242026694779526,0.01577626656496169,3,263,reg:squarederror,0.5023222054699448,gpu_hist,COMPLETE
167,7.81745451504355,0.0010097948992167126,0.5056975236215976,rmse,0.26413227747241136,0.018184687381922658,11,255,reg:squarederror,0.9852269973873149,gpu_hist,COMPLETE
168,7.8197150335177765,0.0028909847689440964,0.5522985816808063,rmse,0.11209741407341152,0.024786732215414574,11,284,reg:squarederror,0.9509652954371909,gpu_hist,COMPLETE
169,7.816449713498478,0.00138342785528434,0.562127500853746,rmse,0.1879930998805177,0.019915569687554195,9,240,reg:squarederror,0.9113950861182549,gpu_hist,COMPLETE
170,7.836748981973575,0.004797107418127307,0.545288710670854,rmse,0.5736994901527476,0.010935751652691238,5,274,reg:squarederror,0.8759923078893458,gpu_hist,COMPLETE
171,7.816569108754588,0.0019320409916790127,0.6001525343030845,rmse,0.01613035308917295,0.015130053340627739,11,291,reg:squarederror,0.9044315827226564,gpu_hist,COMPLETE
172,7.815592742420423,0.0016042282176963727,0.5180071109199945,rmse,0.0011931672493837753,0.016863376887724327,11,283,reg:squarederror,0.9198046138528149,gpu_hist,COMPLETE
173,7.81627155558068,0.0011977946237789459,0.7266841742205,rmse,1.1193332568194687,0.013870056742907692,11,296,reg:squarederror,0.938283870243197,gpu_hist,COMPLETE
174,7.814829114619391,0.001819685777521964,0.5725068251722066,rmse,0.33168034793273704,0.01319969030527076,11,278,reg:squarederror,0.893521096841334,gpu_hist,COMPLETE
175,7.818222566935316,0.0023867965058712902,0.49155981697660045,rmse,0.43019651385581387,0.011796224386106984,11,279,reg:squarederror,0.8852963221482123,gpu_hist,COMPLETE
176,7.815348137044458,2.309196985047872,0.5623674858420309,rmse,0.2738714830851579,0.012723361794328238,11,267,reg:squarederror,0.9073659961258814,gpu_hist,COMPLETE
177,7.814343148071434,0.0036993856915724247,0.573978376473254,rmse,0.2239151534102527,0.015522860343314508,11,233,reg:squarederror,0.9274470308261622,gpu_hist,COMPLETE
178,7.816274973106099,0.003592889313614794,0.5751289127829053,rmse,0.22141885338957454,0.015432127508982773,11,228,reg:squarederror,0.9315320708440806,gpu_hist,COMPLETE
179,7.814843177179118,0.0028592485272000514,0.5848610196332622,rmse,0.36901878428478985,0.017633448824383335,11,246,reg:squarederror,0.9215094127783771,gpu_hist,COMPLETE
180,7.8166849179078675,0.0032387858043903934,0.5873951088376339,rmse,0.15630863240525186,0.01309256741165412,11,233,reg:squarederror,0.9443619380699818,gpu_hist,COMPLETE
181,7.814768159723022,0.003940005135265851,0.5729237418804981,rmse,0.3333253249485552,0.01749408645025281,11,243,reg:squarederror,0.9243904094764905,gpu_hist,COMPLETE
182,7.816394770348663,0.002627678383942593,0.5730929444250553,rmse,0.251898907681894,0.01898189467532233,11,244,reg:squarederror,0.9263926287086025,gpu_hist,COMPLETE
183,7.813299240328955,0.005472235545880826,0.6100522620204473,rmse,0.3155098347445358,0.016029539278736613,11,250,reg:squarederror,0.920052449008058,gpu_hist,COMPLETE
184,7.814610738665578,0.00540548073196057,0.6082364351958411,rmse,0.3243046212475304,0.01490607159039582,11,250,reg:squarederror,0.8937861464271789,gpu_hist,COMPLETE
185,7.815498459459827,0.00639498768089081,0.6058310470138132,rmse,0.29363779099688914,0.015915965902408336,11,237,reg:squarederror,0.953247622989607,gpu_hist,COMPLETE
186,7.817014028307661,0.005841482630703894,0.6196821654840605,rmse,0.316701589336723,0.014553551207854284,13,250,reg:squarederror,0.9360490837651134,gpu_hist,COMPLETE
187,7.816455521988372,0.007289218672600815,0.5912852017086486,rmse,0.35931612136319824,0.016621232424216165,11,245,reg:squarederror,0.9077173341344317,gpu_hist,COMPLETE
188,7.8150113426758825,0.004525939731210263,0.6318309316975512,rmse,0.32629915805332455,0.014134054125682461,11,252,reg:squarederror,0.8655936590579031,gpu_hist,COMPLETE
189,7.81953286862298,0.008631966348107938,0.6088699163645043,rmse,0.2343957181332979,0.015458518651351423,15,240,reg:squarederror,0.971863164768295,gpu_hist,COMPLETE
190,7.8274739388237915,0.004493292133465451,0.5858970604644158,rmse,0.5273886434569316,0.02008168824541659,17,232,reg:squarederror,0.8957277185228614,gpu_hist,COMPLETE
191,7.8156967807958315,0.003130796109363031,0.5725977748716076,rmse,0.4372202665350375,0.012292813677033545,11,256,reg:squarederror,0.8821095963600253,gpu_hist,COMPLETE
192,7.8160950777183755,0.0052301279326761,0.5966885812913176,rmse,0.6370064312461367,0.014708503265587442,11,246,reg:squarederror,0.8936934745047141,gpu_hist,COMPLETE
193,7.814432845202513,0.004073347430087335,0.6249172458614437,rmse,0.33603834443669633,0.011563767303216179,11,227,reg:squarederror,0.9166188503568752,gpu_hist,COMPLETE
194,7.957412401518702,0.005697844508015166,0.645222794364962,rmse,0.3540222750512448,0.08364236246587771,11,223,reg:squarederror,0.9174033545803102,gpu_hist,COMPLETE
195,7.815692464185168,0.004003100701088004,0.6207979809229285,rmse,0.29764440903172257,0.016394270051389832,11,236,reg:squarederror,0.9296612968601715,gpu_hist,COMPLETE
196,7.8163308254794845,0.0021345967484324682,0.6148603066472897,rmse,0.24615045338005875,0.01360822585421783,11,217,reg:squarederror,0.9086154802376322,gpu_hist,COMPLETE
197,7.818185783208889,0.006933332487825376,0.6298213917251114,rmse,0.8271667774859134,0.017823904584426578,11,226,reg:squarederror,0.940028925042534,gpu_hist,COMPLETE
198,7.817047221325948,0.0050549076428600395,0.604089973498572,rmse,0.44065514676953754,0.010504735136932862,11,243,reg:squarederror,0.9253570449926876,gpu_hist,COMPLETE
199,7.821706656381231,0.004210917886870021,0.587909536903289,rmse,0.33831882082093273,0.01296423938592811,7,230,reg:squarederror,0.9100952475679106,gpu_hist,COMPLETE
200,7.818221581357451,0.002667505337366652,0.6559293808039625,rmse,0.18970246898103252,0.015286237609233495,11,251,reg:squarederror,0.9000928940319749,gpu_hist,COMPLETE
201,7.816638782718415,0.003163740443810237,0.5563934502125532,rmse,0.2979816487852786,0.011814636507973496,11,259,reg:squarederror,0.8839134646405538,gpu_hist,COMPLETE
202,7.816962178777165,0.003413956673550409,0.5745286528785758,rmse,0.23056458415348438,0.011531847031003226,11,238,reg:squarederror,0.9165580661864065,gpu_hist,COMPLETE
203,7.818115180698006,0.0026039235934223783,0.6127765834010611,rmse,0.397120452167467,0.009404833813399778,11,247,reg:squarederror,0.8943131001965584,gpu_hist,COMPLETE
204,7.8191200358148585,0.0020948164364708974,0.582312056048931,rmse,0.0012657042888441642,0.013867056684308541,11,120,reg:squarederror,0.9219007785702833,gpu_hist,COMPLETE
205,7.812946659176227,0.0038702641332526784,0.633837997008472,rmse,0.009813286733281924,0.015881956520906647,11,257,reg:squarederror,0.874683888439435,gpu_hist,COMPLETE
206,7.818118263292527,0.0054564965146952325,0.635116723924154,rmse,0.02708844227879614,0.017710969680683624,11,255,reg:squarederror,0.8750768303547083,gpu_hist,COMPLETE
207,7.81738166841886,0.001705609053185894,0.6243242665601203,rmse,0.1251838702293443,0.01632524859669151,11,241,reg:squarederror,0.8607753924851469,gpu_hist,COMPLETE
208,7.814723781994916,0.00449747663528613,0.6465888618726768,rmse,0.005870125201091634,0.014885372349331454,11,260,reg:squarederror,0.9046475525556287,gpu_hist,COMPLETE
209,7.847694317186312,0.006836368359242534,0.6432921141574928,rmse,0.00853429555614257,0.014853450683471013,3,262,reg:squarederror,0.9032253362358265,gpu_hist,COMPLETE
210,7.817785993023568,0.0044267940911346575,0.6687782840766873,rmse,0.01145959261662018,0.013315036916461265,11,249,reg:squarederror,0.8709353658080794,gpu_hist,COMPLETE
211,7.817004836888878,0.003835269815988216,0.6017106368526886,rmse,0.5100866606618643,0.016766122743871802,11,255,reg:squarederror,0.9103371093403517,gpu_hist,COMPLETE
212,7.8170288810697075,0.010979644529578914,0.6415175342654208,rmse,0.0047933185238863635,0.0193641487996268,11,235,reg:squarederror,0.8917341592075205,gpu_hist,COMPLETE
213,7.813554146699528,0.004989176806625671,0.6557205379266369,rmse,0.00543886694644942,0.015213208063940368,11,250,reg:squarederror,0.9321263568762074,gpu_hist,COMPLETE
214,7.816399830454447,0.0050907956416257165,0.6566135887574478,rmse,0.005492203376395309,0.014959938515609934,11,259,reg:squarederror,0.9326644714739613,gpu_hist,COMPLETE
215,7.81499124351522,0.007984899018744843,0.6220662692913626,rmse,0.007317617087993631,0.01436222141938926,11,246,reg:squarederror,0.9455069758431416,gpu_hist,COMPLETE
216,7.816532892033348,0.006036298260791357,0.651041543813234,rmse,0.004094179449391477,0.015797071448048042,11,241,reg:squarederror,0.903459432535149,gpu_hist,COMPLETE
217,7.817300179981619,0.00460045736080776,0.6109548280067036,rmse,0.005713433914598778,0.012998479036817926,11,230,reg:squarederror,0.8834530624113556,gpu_hist,COMPLETE
218,7.818788891928288,0.004001992980959358,0.6336187535419706,rmse,0.009636092474371085,0.01846287454151456,11,249,reg:squarederror,0.9322499010905702,gpu_hist,COMPLETE
219,7.827844139549715,0.9265688338518981,0.6634636864745808,rmse,0.003185298584626251,0.01570960300566759,5,263,reg:squarederror,0.9159962678892372,gpu_hist,COMPLETE
220,7.814868172543661,0.0014919186945658652,0.5880785731123549,rmse,0.006176838198754037,0.014331772916104666,11,223,reg:squarederror,0.8398786223691914,gpu_hist,COMPLETE
221,7.813863667673395,0.0013794663939979154,0.5949852380610658,rmse,0.004621241159011198,0.013868844475730151,11,224,reg:squarederror,0.83364395437207,gpu_hist,COMPLETE
222,7.816541979530337,0.0015429993422349465,0.5949776199663183,rmse,0.006355892821274875,0.014497323818395295,11,221,reg:squarederror,0.8972710313979807,gpu_hist,COMPLETE
223,7.816663185661327,0.0014224877071868723,0.5899000539336645,rmse,0.004200990338753715,0.016960968124022098,11,225,reg:squarederror,0.9205898094616797,gpu_hist,COMPLETE
224,7.81536701979862,0.0018169333946587759,0.6088357999909205,rmse,0.006520699366620487,0.013002919598545734,11,214,reg:squarederror,0.8449257217246386,gpu_hist,COMPLETE
225,7.817619970797986,0.0010534103800164314,0.5578777140794109,rmse,0.0051951930002062646,0.015624900166579652,11,233,reg:squarederror,0.82619389693413,gpu_hist,COMPLETE
226,7.816806333219104,0.0013832085595003672,0.6849145561597915,rmse,0.008935636887864239,0.01396002219598926,11,209,reg:squarederror,0.9081110458238609,gpu_hist,COMPLETE
227,7.817671607702773,0.0028614920075488316,0.6259162300355653,rmse,0.0035583566283488932,0.018176699590412994,13,223,reg:squarederror,0.8781372828523352,gpu_hist,COMPLETE
228,7.814402732826219,0.006294222659211836,0.5757832839038719,rmse,0.007337287389444525,0.015986316568897523,11,237,reg:squarederror,0.9380623792382071,gpu_hist,COMPLETE
229,7.819298364183968,0.006526678136017846,0.5625193386669338,rmse,0.3551592243624927,0.020543765843251356,11,238,reg:squarederror,0.9502062845577075,gpu_hist,COMPLETE
230,7.816535883370859,0.005137715780613931,0.546214273159373,rmse,0.2842036746699417,0.01679027810922824,11,246,reg:squarederror,0.9372960274717413,gpu_hist,COMPLETE
231,7.81560213308503,0.008177319380762596,0.5856826176493304,rmse,0.006755409912239373,0.014923465856716214,11,230,reg:squarederror,0.9272314201632404,gpu_hist,COMPLETE
232,7.814122233521827,0.005787180812420242,0.5746756796123493,rmse,0.004771231380075124,0.016162745278600767,11,237,reg:squarederror,0.915769259983287,gpu_hist,COMPLETE
233,7.814231749678351,0.0069021689979511585,0.5749217433455248,rmse,0.005054892728057384,0.016441964176076664,11,241,reg:squarederror,0.9158113102167805,gpu_hist,COMPLETE
234,7.816776780501399,0.007234918658076046,0.5690379183288241,rmse,0.007805513574830865,0.01612044686127747,11,237,reg:squarederror,0.9065810188450406,gpu_hist,COMPLETE
235,7.816543396041879,0.005800787103922074,0.6042413693431898,rmse,0.005589396143073894,0.012477270825817769,11,239,reg:squarederror,0.8942136311649491,gpu_hist,COMPLETE
236,7.818250482161731,0.010110441959974837,0.5746894851639035,rmse,0.004420602174134504,0.01575004353532099,11,233,reg:squarederror,0.9346335746156345,gpu_hist,COMPLETE
237,7.819220969515483,0.005579817720956562,0.6414900348901464,rmse,0.005232363959024775,0.019094219408251897,15,242,reg:squarederror,0.9160957158708727,gpu_hist,COMPLETE
238,7.816916858313543,0.008658398464741368,0.6160200058412029,rmse,0.011457719497005903,0.01385475357671521,11,253,reg:squarederror,0.5614438635755565,gpu_hist,COMPLETE
239,7.8152766148187895,0.006454618244926654,0.5487200061623498,rmse,0.0035548487935120644,0.017175682260715048,11,230,reg:squarederror,0.9516059333726892,gpu_hist,COMPLETE
240,7.823321351520196,0.004554499901406588,0.6019089840474869,rmse,0.004276575760436002,0.015228361276441602,17,243,reg:squarederror,0.9018589199716155,gpu_hist,COMPLETE
241,7.815473559077973,0.004022879360305111,0.5804546725239266,rmse,0.0077099301093273885,0.01788768302595886,11,249,reg:squarederror,0.9239916408824106,gpu_hist,COMPLETE
242,7.814092289600696,0.005535834874805892,0.5937645440517435,rmse,0.0050355837019909555,0.016626605586464574,11,252,reg:squarederror,0.9159817391060475,gpu_hist,COMPLETE
243,7.81845546496892,0.007295965662965994,0.5954917235784272,rmse,0.0057334532810600644,0.016436175722492827,11,258,reg:squarederror,0.9118264152745623,gpu_hist,COMPLETE
244,7.815326473309907,0.005187369772404651,0.6294488741657612,rmse,0.004921481541758572,0.014371253012603991,11,249,reg:squarederror,0.8891972560147324,gpu_hist,COMPLETE
245,7.815353173739745,0.00594435440178842,0.565118422771047,rmse,0.003108984311983839,0.012936888425177545,11,236,reg:squarederror,0.9386918207110232,gpu_hist,COMPLETE
246,7.818578789103392,0.004499545285629739,0.617772844187944,rmse,0.004050019129269113,0.015673042718532437,11,256,reg:squarederror,0.9261360581316922,gpu_hist,COMPLETE
247,7.815403298320608,0.003705370660953947,0.5972192125753448,rmse,0.006811335351797558,0.01824931789764005,11,264,reg:squarederror,0.9104518231557898,gpu_hist,COMPLETE
248,7.819951347048201,0.005115646899640983,0.6467873353724352,rmse,1.6860943178579562,0.01381803324081148,7,242,reg:squarederror,0.8995493030402038,gpu_hist,COMPLETE
249,7.814628365974014,5.131833495767222,0.5796225680110039,rmse,0.005471091034005075,0.016465898048082732,11,253,reg:squarederror,0.9195226778234742,gpu_hist,COMPLETE
250,7.834584237610315,0.007209648193355818,0.6151523316108627,rmse,0.0048088315284357044,0.020507502316356455,20,253,reg:squarederror,0.9291667521998961,gpu_hist,COMPLETE
251,7.81792293303646,0.00912883602543462,0.581066960375464,rmse,0.003707099004535525,0.017062332165577385,11,251,reg:squarederror,0.9396735284756205,gpu_hist,COMPLETE
252,7.817275570620329,4.632747906054439,0.6016968833187536,rmse,0.00813657681785761,0.01918952965706657,11,243,reg:squarederror,0.9170168976951595,gpu_hist,COMPLETE
253,7.8139846049640305,0.006002631729618477,0.6618576758805058,rmse,0.0011518002472272807,0.015538276771223361,11,261,reg:squarederror,0.9160004302462872,gpu_hist,COMPLETE
254,7.814447022383033,0.007023501811711015,0.6676326445984503,rmse,0.0027140373996065057,0.016314585478156243,11,259,reg:squarederror,0.9236112142768305,gpu_hist,COMPLETE
255,7.8471346179137464,0.006504501804286103,0.6724890574926476,rmse,0.005829033940620294,0.015686004630868167,3,265,reg:squarederror,0.9635365989618797,gpu_hist,COMPLETE
