Trial 546 finished with value: 7.823228444818424 and parameters: {'objective': 'reg:squarederror', 'tree_method': 'gpu_hist', 'lambda': 0.09524384515917989, 'alpha': 0.014742637621242307, 'colsample_bytree': 0.6634343838710652, 'subsample': 0.8799957265582193, 'learning_rate': 0.009149812226310484, 'max_depth': 9, 'min_child_weight': 267, 'eval_metric': 'rmse'}. Best is trial 524 with value: 7.811963492561859.
start listen on 192.168.1.101:38053
@tracker All of 4 nodes getting started
@tracker All nodes finishes job
Trial 547 finished with value: 7.814937231525361 and parameters: {'objective': 'reg:squarederror', 'tree_method': 'gpu_hist', 'lambda': 0.09980883378540358, 'alpha': 3.4164707301490167, 'colsample_bytree': 0.6881698434033243, 'subsample': 0.8871857573140599, 'learning_rate': 0.01148826434815704, 'max_depth': 15, 'min_child_weight': 256, 'eval_metric': 'rmse'}. Best is trial 524 with value: 7.811963492561859.
start listen on 192.168.1.101:35589
@tracker All of 4 nodes getting started
@tracker All nodes finishes job
Trial 548 finished with value: 7.838011231596796 and parameters: {'objective': 'reg:squarederror', 'tree_method': 'gpu_hist', 'lambda': 0.12067109270092839, 'alpha': 0.012433097429624588, 'colsample_bytree': 0.635275949982839, 'subsample': 0.8614882173337792, 'learning_rate': 0.010481800683344988, 'max_depth': 5, 'min_child_weight': 248, 'eval_metric': 'rmse'}. Best is trial 524 with value: 7.811963492561859.
start listen on 192.168.1.101:37265
@tracker All of 4 nodes getting started
@tracker All nodes finishes job
Trial 549 finished with value: 7.817120032965941 and parameters: {'objective': 'reg:squarederror', 'tree_method': 'gpu_hist', 'lambda': 0.16143893068504278, 'alpha': 0.016161145622098774, 'colsample_bytree': 0.6147574347382961, 'subsample': 0.9000379867231607, 'learning_rate': 0.012981605935110187, 'max_depth': 15, 'min_child_weight': 259, 'eval_metric': 'rmse'}. Best is trial 524 with value: 7.811963492561859.
start listen on 192.168.1.101:47789
@tracker All of 4 nodes getting started
@tracker All nodes finishes job
Trial 550 finished with value: 7.817762091989666 and parameters: {'objective': 'reg:squarederror', 'tree_method': 'gpu_hist', 'lambda': 0.05078743483596261, 'alpha': 0.010155818041362666, 'colsample_bytree': 0.6289359949252277, 'subsample': 0.763661476401117, 'learning_rate': 0.00838481208408, 'max_depth': 15, 'min_child_weight': 270, 'eval_metric': 'rmse'}. Best is trial 524 with value: 7.811963492561859.
start listen on 192.168.1.101:53777
@tracker All of 4 nodes getting started
@tracker All nodes finishes job
Trial 551 finished with value: 7.817827330478067 and parameters: {'objective': 'reg:squarederror', 'tree_method': 'gpu_hist', 'lambda': 0.07362384344130292, 'alpha': 0.01393039543860896, 'colsample_bytree': 0.5979078413429496, 'subsample': 0.8379917849160046, 'learning_rate': 0.013614122392486628, 'max_depth': 17, 'min_child_weight': 278, 'eval_metric': 'rmse'}. Best is trial 524 with value: 7.811963492561859.
start listen on 192.168.1.101:53673
@tracker All of 4 nodes getting started
@tracker All nodes finishes job
Trial 552 finished with value: 7.821517043535829 and parameters: {'objective': 'reg:squarederror', 'tree_method': 'gpu_hist', 'lambda': 0.012077259974441895, 'alpha': 0.011544927821861856, 'colsample_bytree': 0.6500945048400436, 'subsample': 0.8741187684714822, 'learning_rate': 0.015576513197094296, 'max_depth': 20, 'min_child_weight': 252, 'eval_metric': 'rmse'}. Best is trial 524 with value: 7.811963492561859.
start listen on 192.168.1.101:38591
@tracker All of 4 nodes getting started
@tracker All nodes finishes job
Trial 553 finished with value: 7.8160593853513625 and parameters: {'objective': 'reg:squarederror', 'tree_method': 'gpu_hist', 'lambda': 0.017315894956658244, 'alpha': 0.08337920911778206, 'colsample_bytree': 0.6717491373484176, 'subsample': 0.697903247013434, 'learning_rate': 0.012210120228766793, 'max_depth': 15, 'min_child_weight': 245, 'eval_metric': 'rmse'}. Best is trial 524 with value: 7.811963492561859.
start listen on 192.168.1.101:59021
@tracker All of 4 nodes getting started
@tracker All nodes finishes job
Trial 554 finished with value: 7.835667864701967 and parameters: {'objective': 'reg:squarederror', 'tree_method': 'gpu_hist', 'lambda': 2.9860233774412626, 'alpha': 0.009519197829346085, 'colsample_bytree': 0.6223871436231636, 'subsample': 0.8973373604723134, 'learning_rate': 0.007541787019981845, 'max_depth': 7, 'min_child_weight': 262, 'eval_metric': 'rmse'}. Best is trial 524 with value: 7.811963492561859.
start listen on 192.168.1.101:47535
@tracker All of 4 nodes getting started
@tracker All nodes finishes job
Trial 555 finished with value: 7.825532465258693 and parameters: {'objective': 'reg:squarederror', 'tree_method': 'gpu_hist', 'lambda': 0.009747146587846697, 'alpha': 0.019436044206113254, 'colsample_bytree': 0.6395386232078041, 'subsample': 0.7420295516123534, 'learning_rate': 0.011016880973450932, 'max_depth': 15, 'min_child_weight': 52, 'eval_metric': 'rmse'}. Best is trial 524 with value: 7.811963492561859.
start listen on 192.168.1.101:49687
@tracker All of 4 nodes getting started
@tracker All nodes finishes job
Trial 556 finished with value: 7.820532465786747 and parameters: {'objective': 'reg:squarederror', 'tree_method': 'gpu_hist', 'lambda': 0.013678603672533584, 'alpha': 0.01358525676456963, 'colsample_bytree': 0.6092143967029036, 'subsample': 0.8822761851293068, 'learning_rate': 0.006819035460411053, 'max_depth': 15, 'min_child_weight': 253, 'eval_metric': 'rmse'}. Best is trial 524 with value: 7.811963492561859.
start listen on 192.168.1.101:57621
@tracker All of 4 nodes getting started
@tracker All nodes finishes job
Trial 557 finished with value: 7.8503455980320584 and parameters: {'objective': 'reg:squarederror', 'tree_method': 'gpu_hist', 'lambda': 0.19795723647043958, 'alpha': 0.024833131940279803, 'colsample_bytree': 0.690535528262723, 'subsample': 0.9398753777668576, 'learning_rate': 0.013761038097896942, 'max_depth': 3, 'min_child_weight': 268, 'eval_metric': 'rmse'}. Best is trial 524 with value: 7.811963492561859.
start listen on 192.168.1.101:43961
@tracker All of 4 nodes getting started
@tracker All nodes finishes job
Trial 558 finished with value: 7.817324893642061 and parameters: {'objective': 'reg:squarederror', 'tree_method': 'gpu_hist', 'lambda': 0.02281755181638624, 'alpha': 0.009590476475283055, 'colsample_bytree': 0.5911782058140217, 'subsample': 0.9110907835285006, 'learning_rate': 0.016163659718696117, 'max_depth': 15, 'min_child_weight': 257, 'eval_metric': 'rmse'}. Best is trial 524 with value: 7.811963492561859.
start listen on 192.168.1.101:32783
@tracker All of 4 nodes getting started
@tracker All nodes finishes job
Trial 559 finished with value: 7.817341445901808 and parameters: {'objective': 'reg:squarederror', 'tree_method': 'gpu_hist', 'lambda': 0.059535364854738225, 'alpha': 0.01682807406715025, 'colsample_bytree': 0.6575733213557291, 'subsample': 0.6721391639640271, 'learning_rate': 0.010018121956650231, 'max_depth': 11, 'min_child_weight': 243, 'eval_metric': 'rmse'}. Best is trial 524 with value: 7.811963492561859.
start listen on 192.168.1.101:55791
@tracker All of 4 nodes getting started
@tracker All nodes finishes job
Trial 560 finished with value: 7.817430429624229 and parameters: {'objective': 'reg:squarederror', 'tree_method': 'gpu_hist', 'lambda': 0.009555482984284323, 'alpha': 0.007544708271198062, 'colsample_bytree': 0.6251986812006782, 'subsample': 0.8168156734473491, 'learning_rate': 0.009186927116206858, 'max_depth': 15, 'min_child_weight': 250, 'eval_metric': 'rmse'}. Best is trial 524 with value: 7.811963492561859.
start listen on 192.168.1.101:40965
@tracker All of 4 nodes getting started
@tracker All nodes finishes job
Trial 561 finished with value: 7.813522270124821 and parameters: {'objective': 'reg:squarederror', 'tree_method': 'gpu_hist', 'lambda': 0.01790019583836116, 'alpha': 0.011932901548728152, 'colsample_bytree': 0.6434752673641535, 'subsample': 0.85296953967082, 'learning_rate': 0.01282687888340844, 'max_depth': 11, 'min_child_weight': 264, 'eval_metric': 'rmse'}. Best is trial 524 with value: 7.811963492561859.
start listen on 192.168.1.101:52087
@tracker All of 4 nodes getting started
@tracker All nodes finishes job
Trial 562 finished with value: 7.834184792678896 and parameters: {'objective': 'reg:squarederror', 'tree_method': 'gpu_hist', 'lambda': 0.019243778644437222, 'alpha': 0.011970607604145317, 'colsample_bytree': 0.6502188283347083, 'subsample': 0.8423433934453873, 'learning_rate': 0.012191994558966301, 'max_depth': 5, 'min_child_weight': 270, 'eval_metric': 'rmse'}. Best is trial 524 with value: 7.811963492561859.
start listen on 192.168.1.101:49821
@tracker All of 4 nodes getting started
@tracker All nodes finishes job
Trial 563 finished with value: 7.817918538902317 and parameters: {'objective': 'reg:squarederror', 'tree_method': 'gpu_hist', 'lambda': 0.01565576939190156, 'alpha': 0.015350298659493658, 'colsample_bytree': 0.6652213356018659, 'subsample': 0.8739930940507533, 'learning_rate': 0.0129595796682906, 'max_depth': 11, 'min_child_weight': 277, 'eval_metric': 'rmse'}. Best is trial 524 with value: 7.811963492561859.
start listen on 192.168.1.101:39293
@tracker All of 4 nodes getting started
@tracker All nodes finishes job
Trial 564 finished with value: 7.816519673139432 and parameters: {'objective': 'reg:squarederror', 'tree_method': 'gpu_hist', 'lambda': 0.029141475933227978, 'alpha': 0.009465635807854802, 'colsample_bytree': 0.6388057378631358, 'subsample': 0.8521504861730639, 'learning_rate': 0.01083709060749179, 'max_depth': 15, 'min_child_weight': 265, 'eval_metric': 'rmse'}. Best is trial 524 with value: 7.811963492561859.
start listen on 192.168.1.101:38385
@tracker All of 4 nodes getting started
@tracker All nodes finishes job
Trial 565 finished with value: 7.814567453743655 and parameters: {'objective': 'reg:squarederror', 'tree_method': 'gpu_hist', 'lambda': 0.022953489915807427, 'alpha': 0.011992361792629379, 'colsample_bytree': 0.6716350285438271, 'subsample': 0.8598263083701484, 'learning_rate': 0.012376560379864048, 'max_depth': 11, 'min_child_weight': 274, 'eval_metric': 'rmse'}. Best is trial 524 with value: 7.811963492561859.
start listen on 192.168.1.101:36935
@tracker All of 4 nodes getting started
@tracker All nodes finishes job
Trial 566 finished with value: 7.817094368797694 and parameters: {'objective': 'reg:squarederror', 'tree_method': 'gpu_hist', 'lambda': 0.015046292989496597, 'alpha': 0.013959720303632872, 'colsample_bytree': 0.6454266717720946, 'subsample': 0.6160645477814565, 'learning_rate': 0.014270998255222617, 'max_depth': 13, 'min_child_weight': 266, 'eval_metric': 'rmse'}. Best is trial 524 with value: 7.811963492561859.
start listen on 192.168.1.101:48633
@tracker All of 4 nodes getting started
@tracker All nodes finishes job
Trial 567 finished with value: 7.816456810110439 and parameters: {'objective': 'reg:squarederror', 'tree_method': 'gpu_hist', 'lambda': 0.01757100214029146, 'alpha': 9.117002906262645, 'colsample_bytree': 0.6338165431229038, 'subsample': 0.8505519276262576, 'learning_rate': 0.011345594465493939, 'max_depth': 11, 'min_child_weight': 282, 'eval_metric': 'rmse'}. Best is trial 524 with value: 7.811963492561859.
start listen on 192.168.1.101:36061
@tracker All of 4 nodes getting started
@tracker All nodes finishes job
Trial 568 finished with value: 7.818080824871018 and parameters: {'objective': 'reg:squarederror', 'tree_method': 'gpu_hist', 'lambda': 0.011902819679560868, 'alpha': 0.01141576626557562, 'colsample_bytree': 0.6832466793564325, 'subsample': 0.8646728944999037, 'learning_rate': 0.013273422466718764, 'max_depth': 9, 'min_child_weight': 260, 'eval_metric': 'rmse'}. Best is trial 524 with value: 7.811963492561859.
start listen on 192.168.1.101:48793
@tracker All of 4 nodes getting started
@tracker All nodes finishes job
Trial 569 finished with value: 7.815615366003807 and parameters: {'objective': 'reg:squarederror', 'tree_method': 'gpu_hist', 'lambda': 0.0371708867566644, 'alpha': 0.015736371104423684, 'colsample_bytree': 0.6563614620705565, 'subsample': 0.8457300534823788, 'learning_rate': 0.009506117147209116, 'max_depth': 15, 'min_child_weight': 264, 'eval_metric': 'rmse'}. Best is trial 524 with value: 7.811963492561859.
start listen on 192.168.1.101:52927
@tracker All of 4 nodes getting started
@tracker All nodes finishes job
Trial 570 finished with value: 7.81453597089483 and parameters: {'objective': 'reg:squarederror', 'tree_method': 'gpu_hist', 'lambda': 0.1318221778091637, 'alpha': 0.011243076900042375, 'colsample_bytree': 0.6232579174861502, 'subsample': 0.7849230465756495, 'learning_rate': 0.011741358585712186, 'max_depth': 11, 'min_child_weight': 258, 'eval_metric': 'rmse'}. Best is trial 524 with value: 7.811963492561859.
start listen on 192.168.1.101:49393
@tracker All of 4 nodes getting started
@tracker All nodes finishes job
Trial 571 finished with value: 7.814995271787357 and parameters: {'objective': 'reg:squarederror', 'tree_method': 'gpu_hist', 'lambda': 0.01777380792115364, 'alpha': 0.008760595005328308, 'colsample_bytree': 0.6436099774443567, 'subsample': 0.8369253091651657, 'learning_rate': 0.01036558225584111, 'max_depth': 15, 'min_child_weight': 272, 'eval_metric': 'rmse'}. Best is trial 524 with value: 7.811963492561859.
start listen on 192.168.1.101:45625
@tracker All of 4 nodes getting started
@tracker All nodes finishes job
Trial 572 finished with value: 7.81525424750061 and parameters: {'objective': 'reg:squarederror', 'tree_method': 'gpu_hist', 'lambda': 0.10377104104924532, 'alpha': 0.02137646658342553, 'colsample_bytree': 0.6604540698258917, 'subsample': 0.8233340031723875, 'learning_rate': 0.01444481794855154, 'max_depth': 11, 'min_child_weight': 244, 'eval_metric': 'rmse'}. Best is trial 524 with value: 7.811963492561859.
start listen on 192.168.1.101:42487
@tracker All of 4 nodes getting started
@tracker All nodes finishes job
Trial 573 finished with value: 7.8162493381466565 and parameters: {'objective': 'reg:squarederror', 'tree_method': 'gpu_hist', 'lambda': 0.013016905119419693, 'alpha': 0.017939586377669473, 'colsample_bytree': 0.6319556645978476, 'subsample': 0.8866986844941245, 'learning_rate': 0.013573794030201375, 'max_depth': 11, 'min_child_weight': 263, 'eval_metric': 'rmse'}. Best is trial 524 with value: 7.811963492561859.
start listen on 192.168.1.101:36683
@tracker All of 4 nodes getting started
@tracker All nodes finishes job
Trial 574 finished with value: 7.818372997637025 and parameters: {'objective': 'reg:squarederror', 'tree_method': 'gpu_hist', 'lambda': 0.023935617407049675, 'alpha': 0.012601591103141112, 'colsample_bytree': 0.6108019098386026, 'subsample': 0.83722692329685, 'learning_rate': 0.008505496865713193, 'max_depth': 15, 'min_child_weight': 256, 'eval_metric': 'rmse'}. Best is trial 524 with value: 7.811963492561859.
start listen on 192.168.1.101:51175
@tracker All of 4 nodes getting started
@tracker All nodes finishes job
Trial 575 finished with value: 7.816967028467662 and parameters: {'objective': 'reg:squarederror', 'tree_method': 'gpu_hist', 'lambda': 0.01106540816465868, 'alpha': 0.01020692959474554, 'colsample_bytree': 0.7005203626159877, 'subsample': 0.8612608340968264, 'learning_rate': 0.010621325967373137, 'max_depth': 11, 'min_child_weight': 249, 'eval_metric': 'rmse'}. Best is trial 524 with value: 7.811963492561859.
start listen on 192.168.1.101:58925
@tracker All of 4 nodes getting started
@tracker All nodes finishes job
Trial 576 finished with value: 7.818452979151198 and parameters: {'objective': 'reg:squarederror', 'tree_method': 'gpu_hist', 'lambda': 0.0691833241719011, 'alpha': 0.007696151270652464, 'colsample_bytree': 0.673273985195639, 'subsample': 0.7730001623793475, 'learning_rate': 0.012500727695261723, 'max_depth': 15, 'min_child_weight': 240, 'eval_metric': 'rmse'}. Best is trial 524 with value: 7.811963492561859.
start listen on 192.168.1.101:57921
@tracker All of 4 nodes getting started
@tracker All nodes finishes job
Trial 577 finished with value: 7.818234481711838 and parameters: {'objective': 'reg:squarederror', 'tree_method': 'gpu_hist', 'lambda': 0.020269442316930873, 'alpha': 0.013428149036809134, 'colsample_bytree': 0.647949190198063, 'subsample': 0.8718712982157308, 'learning_rate': 0.015078819667977333, 'max_depth': 17, 'min_child_weight': 271, 'eval_metric': 'rmse'}. Best is trial 524 with value: 7.811963492561859.
start listen on 192.168.1.101:32787
@tracker All of 4 nodes getting started
@tracker All nodes finishes job
Trial 578 finished with value: 7.818061860253661 and parameters: {'objective': 'reg:squarederror', 'tree_method': 'gpu_hist', 'lambda': 0.01623601924189918, 'alpha': 0.009862991872736895, 'colsample_bytree': 0.6209000728554516, 'subsample': 0.8114387472623225, 'learning_rate': 0.009394541513999509, 'max_depth': 11, 'min_child_weight': 261, 'eval_metric': 'rmse'}. Best is trial 524 with value: 7.811963492561859.
start listen on 192.168.1.101:55601
@tracker All of 4 nodes getting started
@tracker All nodes finishes job
Trial 579 finished with value: 7.815545244186609 and parameters: {'objective': 'reg:squarederror', 'tree_method': 'gpu_hist', 'lambda': 0.008613200652355778, 'alpha': 0.008746125251954388, 'colsample_bytree': 0.6323624985189723, 'subsample': 0.893074673935426, 'learning_rate': 0.0118120307828567, 'max_depth': 11, 'min_child_weight': 254, 'eval_metric': 'rmse'}. Best is trial 524 with value: 7.811963492561859.
start listen on 192.168.1.101:49211
@tracker All of 4 nodes getting started
@tracker All nodes finishes job
Trial 580 finished with value: 7.819741029017678 and parameters: {'objective': 'reg:squarederror', 'tree_method': 'gpu_hist', 'lambda': 0.08486043197775539, 'alpha': 0.016988243128687925, 'colsample_bytree': 0.6560431845534401, 'subsample': 0.7523154337767468, 'learning_rate': 0.015231796960220626, 'max_depth': 20, 'min_child_weight': 279, 'eval_metric': 'rmse'}. Best is trial 524 with value: 7.811963492561859.
start listen on 192.168.1.101:44577
@tracker All of 4 nodes getting started
@tracker All nodes finishes job
Trial 581 finished with value: 7.8118814731889445 and parameters: {'objective': 'reg:squarederror', 'tree_method': 'gpu_hist', 'lambda': 0.01368208276202297, 'alpha': 0.014279146491739638, 'colsample_bytree': 0.6095687431811669, 'subsample': 0.8863565434492129, 'learning_rate': 0.013432455535578425, 'max_depth': 15, 'min_child_weight': 246, 'eval_metric': 'rmse'}. Best is trial 581 with value: 7.8118814731889445.
start listen on 192.168.1.101:39337
@tracker All of 4 nodes getting started
@tracker All nodes finishes job
Trial 582 finished with value: 7.821262630193277 and parameters: {'objective': 'reg:squarederror', 'tree_method': 'gpu_hist', 'lambda': 0.01472204692875808, 'alpha': 0.020570796487393263, 'colsample_bytree': 0.6036357573491171, 'subsample': 0.9018015918639755, 'learning_rate': 0.012967944785667195, 'max_depth': 7, 'min_child_weight': 236, 'eval_metric': 'rmse'}. Best is trial 581 with value: 7.8118814731889445.
start listen on 192.168.1.101:51395
@tracker All of 4 nodes getting started
@tracker All nodes finishes job
Trial 583 finished with value: 7.815140093233526 and parameters: {'objective': 'reg:squarederror', 'tree_method': 'gpu_hist', 'lambda': 0.010293436918895928, 'alpha': 0.0072269019211167965, 'colsample_bytree': 0.6397542782517536, 'subsample': 0.8876570686548553, 'learning_rate': 0.014321233536900386, 'max_depth': 11, 'min_child_weight': 244, 'eval_metric': 'rmse'}. Best is trial 581 with value: 7.8118814731889445.
start listen on 192.168.1.101:55647
@tracker All of 4 nodes getting started
@tracker All nodes finishes job
Trial 584 finished with value: 7.816721396721097 and parameters: {'objective': 'reg:squarederror', 'tree_method': 'gpu_hist', 'lambda': 0.17094665519999278, 'alpha': 0.02772753679731158, 'colsample_bytree': 0.6851857065325202, 'subsample': 0.9241710457235397, 'learning_rate': 0.013548469366037727, 'max_depth': 15, 'min_child_weight': 248, 'eval_metric': 'rmse'}. Best is trial 581 with value: 7.8118814731889445.
start listen on 192.168.1.101:53625
@tracker All of 4 nodes getting started
@tracker All nodes finishes job
Trial 585 finished with value: 7.818060040762698 and parameters: {'objective': 'reg:squarederror', 'tree_method': 'gpu_hist', 'lambda': 0.018856036992095055, 'alpha': 0.052426755253687674, 'colsample_bytree': 0.6089113127430581, 'subsample': 0.9075164422240247, 'learning_rate': 0.016522000098734557, 'max_depth': 11, 'min_child_weight': 241, 'eval_metric': 'rmse'}. Best is trial 581 with value: 7.8118814731889445.
start listen on 192.168.1.101:57055
@tracker All of 4 nodes getting started
@tracker All nodes finishes job
Trial 586 finished with value: 7.815663038702929 and parameters: {'objective': 'reg:squarederror', 'tree_method': 'gpu_hist', 'lambda': 0.04845953474874409, 'alpha': 0.011277391190874517, 'colsample_bytree': 0.6638875621709663, 'subsample': 0.8941355297900521, 'learning_rate': 0.012479463553309695, 'max_depth': 11, 'min_child_weight': 235, 'eval_metric': 'rmse'}. Best is trial 581 with value: 7.8118814731889445.
start listen on 192.168.1.101:55607
@tracker All of 4 nodes getting started
@tracker All nodes finishes job
Trial 587 finished with value: 7.820730223169937 and parameters: {'objective': 'reg:squarederror', 'tree_method': 'gpu_hist', 'lambda': 0.10330951707136456, 'alpha': 0.016205902833667893, 'colsample_bytree': 0.6280551661002751, 'subsample': 0.9315549829195081, 'learning_rate': 0.01460741415111048, 'max_depth': 15, 'min_child_weight': 249, 'eval_metric': 'rmse'}. Best is trial 581 with value: 7.8118814731889445.
start listen on 192.168.1.101:45663
@tracker All of 4 nodes getting started
@tracker All nodes finishes job
