Trial 42 finished with value: 7.816839255038094 and parameters: {'objective': 'reg:squarederror', 'tree_method': 'gpu_hist', 'lambda': 0.00379267459322507, 'alpha': 0.004504166370436488, 'colsample_bytree': 0.6870621163107774, 'subsample': 0.7692372839078442, 'learning_rate': 0.0093811578432879, 'max_depth': 20, 'min_child_weight': 258, 'eval_metric': 'rmse'}. Best is trial 8 with value: 7.815344834655038.
start listen on 192.168.1.101:40467
@tracker All of 4 nodes getting started
@tracker All nodes finishes job
Trial 43 finished with value: 7.824152182065107 and parameters: {'objective': 'reg:squarederror', 'tree_method': 'gpu_hist', 'lambda': 0.0024185523103956545, 'alpha': 0.001836532232506663, 'colsample_bytree': 0.6813114239360061, 'subsample': 0.7746748692069592, 'learning_rate': 0.015524348072151752, 'max_depth': 20, 'min_child_weight': 266, 'eval_metric': 'rmse'}. Best is trial 8 with value: 7.815344834655038.
start listen on 192.168.1.101:42131
@tracker All of 4 nodes getting started
@tracker All nodes finishes job
Trial 44 finished with value: 7.81860372341488 and parameters: {'objective': 'reg:squarederror', 'tree_method': 'gpu_hist', 'lambda': 0.0037385059035123574, 'alpha': 0.00743673307376186, 'colsample_bytree': 0.7195252484208202, 'subsample': 0.6827845345113028, 'learning_rate': 0.01135403052242175, 'max_depth': 20, 'min_child_weight': 250, 'eval_metric': 'rmse'}. Best is trial 8 with value: 7.815344834655038.
start listen on 192.168.1.101:58967
@tracker All of 4 nodes getting started
@tracker All nodes finishes job
Trial 45 finished with value: 7.822205584259854 and parameters: {'objective': 'reg:squarederror', 'tree_method': 'gpu_hist', 'lambda': 0.013784109712168797, 'alpha': 0.002788463589732667, 'colsample_bytree': 0.6068752480626607, 'subsample': 0.5883480530424795, 'learning_rate': 0.006648652591007711, 'max_depth': 13, 'min_child_weight': 219, 'eval_metric': 'rmse'}. Best is trial 8 with value: 7.815344834655038.
start listen on 192.168.1.101:43049
@tracker All of 4 nodes getting started
@tracker All nodes finishes job
Trial 46 finished with value: 7.856928863190902 and parameters: {'objective': 'reg:squarederror', 'tree_method': 'gpu_hist', 'lambda': 2.6606127189899293, 'alpha': 0.001149835301810432, 'colsample_bytree': 0.47638479241440174, 'subsample': 0.6479685455782402, 'learning_rate': 0.00544747456734289, 'max_depth': 5, 'min_child_weight': 241, 'eval_metric': 'rmse'}. Best is trial 8 with value: 7.815344834655038.
start listen on 192.168.1.101:57407
@tracker All of 4 nodes getting started
@tracker All nodes finishes job
Trial 47 finished with value: 7.830380594425224 and parameters: {'objective': 'reg:squarederror', 'tree_method': 'gpu_hist', 'lambda': 0.007885604437750288, 'alpha': 8.158351890876476, 'colsample_bytree': 0.5555515017889865, 'subsample': 0.9990706431206304, 'learning_rate': 0.009795321935214475, 'max_depth': 7, 'min_child_weight': 259, 'eval_metric': 'rmse'}. Best is trial 8 with value: 7.815344834655038.
start listen on 192.168.1.101:33349
@tracker All of 4 nodes getting started
@tracker All nodes finishes job
Trial 48 finished with value: 7.818955083501256 and parameters: {'objective': 'reg:squarederror', 'tree_method': 'gpu_hist', 'lambda': 0.0015989731663181423, 'alpha': 0.07162925241091435, 'colsample_bytree': 0.3841651115465261, 'subsample': 0.9158457022308966, 'learning_rate': 0.012300691780085998, 'max_depth': 20, 'min_child_weight': 228, 'eval_metric': 'rmse'}. Best is trial 8 with value: 7.815344834655038.
start listen on 192.168.1.101:41449
@tracker All of 4 nodes getting started
@tracker All nodes finishes job
Trial 49 finished with value: 7.828616694013178 and parameters: {'objective': 'reg:squarederror', 'tree_method': 'gpu_hist', 'lambda': 0.037503606705100126, 'alpha': 0.15333731454629962, 'colsample_bytree': 0.41800892225862885, 'subsample': 0.710558372329622, 'learning_rate': 0.020207300683828477, 'max_depth': 15, 'min_child_weight': 208, 'eval_metric': 'rmse'}. Best is trial 8 with value: 7.815344834655038.
start listen on 192.168.1.101:59661
@tracker All of 4 nodes getting started
@tracker All nodes finishes job
Trial 50 finished with value: 7.856853739976258 and parameters: {'objective': 'reg:squarederror', 'tree_method': 'gpu_hist', 'lambda': 0.0032664346846183767, 'alpha': 0.03389854415378573, 'colsample_bytree': 0.8791241771823137, 'subsample': 0.5412669551438793, 'learning_rate': 0.0024619823314412227, 'max_depth': 17, 'min_child_weight': 138, 'eval_metric': 'rmse'}. Best is trial 8 with value: 7.815344834655038.
start listen on 192.168.1.101:51835
@tracker All of 4 nodes getting started
@tracker All nodes finishes job
Trial 51 finished with value: 7.817363010267313 and parameters: {'objective': 'reg:squarederror', 'tree_method': 'gpu_hist', 'lambda': 0.004886929730548158, 'alpha': 0.018432934533895808, 'colsample_bytree': 0.6583337719908137, 'subsample': 0.7634379142229606, 'learning_rate': 0.008070498389772097, 'max_depth': 20, 'min_child_weight': 282, 'eval_metric': 'rmse'}. Best is trial 8 with value: 7.815344834655038.
start listen on 192.168.1.101:39829
@tracker All of 4 nodes getting started
@tracker All nodes finishes job
Trial 52 finished with value: 7.826948944337549 and parameters: {'objective': 'reg:squarederror', 'tree_method': 'gpu_hist', 'lambda': 0.004708575560616541, 'alpha': 0.02082023066549405, 'colsample_bytree': 0.6835169820824243, 'subsample': 0.7475176130801764, 'learning_rate': 0.0045027670077744525, 'max_depth': 20, 'min_child_weight': 283, 'eval_metric': 'rmse'}. Best is trial 8 with value: 7.815344834655038.
start listen on 192.168.1.101:34963
@tracker All of 4 nodes getting started
@tracker All nodes finishes job
Trial 53 finished with value: 7.8172366971024445 and parameters: {'objective': 'reg:squarederror', 'tree_method': 'gpu_hist', 'lambda': 0.006736433565204659, 'alpha': 0.0039866410806054815, 'colsample_bytree': 0.7158705017326248, 'subsample': 0.7789838499346797, 'learning_rate': 0.007249644152330363, 'max_depth': 20, 'min_child_weight': 271, 'eval_metric': 'rmse'}. Best is trial 8 with value: 7.815344834655038.
start listen on 192.168.1.101:47759
@tracker All of 4 nodes getting started
@tracker All nodes finishes job
Trial 54 finished with value: 8.172317912644806 and parameters: {'objective': 'reg:squarederror', 'tree_method': 'gpu_hist', 'lambda': 0.0012084901424479477, 'alpha': 0.25334174146397925, 'colsample_bytree': 0.7443288573569525, 'subsample': 0.8138062457174509, 'learning_rate': 0.0010278775279510559, 'max_depth': 20, 'min_child_weight': 238, 'eval_metric': 'rmse'}. Best is trial 8 with value: 7.815344834655038.
start listen on 192.168.1.101:45531
@tracker All of 4 nodes getting started
@tracker All nodes finishes job
Trial 55 finished with value: 7.836159741311577 and parameters: {'objective': 'reg:squarederror', 'tree_method': 'gpu_hist', 'lambda': 0.007244506649666377, 'alpha': 0.00482892478567296, 'colsample_bytree': 0.7776284004377964, 'subsample': 0.7832037295951663, 'learning_rate': 0.007036961230407295, 'max_depth': 7, 'min_child_weight': 266, 'eval_metric': 'rmse'}. Best is trial 8 with value: 7.815344834655038.
start listen on 192.168.1.101:56945
@tracker All of 4 nodes getting started
@tracker All nodes finishes job
Trial 56 finished with value: 7.815564811157634 and parameters: {'objective': 'reg:squarederror', 'tree_method': 'gpu_hist', 'lambda': 0.0026854653255461254, 'alpha': 0.005389224730774237, 'colsample_bytree': 0.6136043756487365, 'subsample': 0.859036150185358, 'learning_rate': 0.013001575156394097, 'max_depth': 11, 'min_child_weight': 249, 'eval_metric': 'rmse'}. Best is trial 8 with value: 7.815344834655038.
start listen on 192.168.1.101:44467
@tracker All of 4 nodes getting started
@tracker All nodes finishes job
Trial 57 finished with value: 7.816425798417835 and parameters: {'objective': 'reg:squarederror', 'tree_method': 'gpu_hist', 'lambda': 0.0024412509638270545, 'alpha': 0.004872002803491982, 'colsample_bytree': 0.7156712338064386, 'subsample': 0.8650100783403266, 'learning_rate': 0.01717340013383131, 'max_depth': 11, 'min_child_weight': 253, 'eval_metric': 'rmse'}. Best is trial 8 with value: 7.815344834655038.
start listen on 192.168.1.101:33523
@tracker All of 4 nodes getting started
@tracker All nodes finishes job
Trial 58 finished with value: 7.816768873856667 and parameters: {'objective': 'reg:squarederror', 'tree_method': 'gpu_hist', 'lambda': 0.002538665062829073, 'alpha': 0.005552584945254265, 'colsample_bytree': 0.6157592806245608, 'subsample': 0.8815272754851435, 'learning_rate': 0.013332773756373963, 'max_depth': 11, 'min_child_weight': 254, 'eval_metric': 'rmse'}. Best is trial 8 with value: 7.815344834655038.
start listen on 192.168.1.101:57947
@tracker All of 4 nodes getting started
@tracker All nodes finishes job
Trial 59 finished with value: 7.815943754472069 and parameters: {'objective': 'reg:squarederror', 'tree_method': 'gpu_hist', 'lambda': 0.002911538009135341, 'alpha': 0.0062896702066607335, 'colsample_bytree': 0.5937564886049796, 'subsample': 0.884321567946327, 'learning_rate': 0.017170663389027837, 'max_depth': 11, 'min_child_weight': 255, 'eval_metric': 'rmse'}. Best is trial 8 with value: 7.815344834655038.
start listen on 192.168.1.101:55687
@tracker All of 4 nodes getting started
@tracker All nodes finishes job
Trial 60 finished with value: 7.817264945448086 and parameters: {'objective': 'reg:squarederror', 'tree_method': 'gpu_hist', 'lambda': 0.002815895621772614, 'alpha': 0.0059788781619651635, 'colsample_bytree': 0.623737688738858, 'subsample': 0.8642936031787339, 'learning_rate': 0.01847548376196603, 'max_depth': 11, 'min_child_weight': 254, 'eval_metric': 'rmse'}. Best is trial 8 with value: 7.815344834655038.
start listen on 192.168.1.101:54979
@tracker All of 4 nodes getting started
@tracker All nodes finishes job
Trial 61 finished with value: 7.815915043069646 and parameters: {'objective': 'reg:squarederror', 'tree_method': 'gpu_hist', 'lambda': 0.0015993276507092983, 'alpha': 0.002175591618921786, 'colsample_bytree': 0.5953330684584662, 'subsample': 0.8802645735732614, 'learning_rate': 0.013937150777239315, 'max_depth': 11, 'min_child_weight': 292, 'eval_metric': 'rmse'}. Best is trial 8 with value: 7.815344834655038.
start listen on 192.168.1.101:49743
@tracker All of 4 nodes getting started
@tracker All nodes finishes job
Trial 62 finished with value: 7.816066787088765 and parameters: {'objective': 'reg:squarederror', 'tree_method': 'gpu_hist', 'lambda': 0.0013712830313441385, 'alpha': 0.0019412133868882287, 'colsample_bytree': 0.5887480499443518, 'subsample': 0.8892554927014494, 'learning_rate': 0.013580197167728748, 'max_depth': 11, 'min_child_weight': 249, 'eval_metric': 'rmse'}. Best is trial 8 with value: 7.815344834655038.
start listen on 192.168.1.101:56191
@tracker All of 4 nodes getting started
@tracker All nodes finishes job
Trial 63 finished with value: 7.814511497089078 and parameters: {'objective': 'reg:squarederror', 'tree_method': 'gpu_hist', 'lambda': 0.0014639184361279753, 'alpha': 0.0015630323481015554, 'colsample_bytree': 0.6096284957362282, 'subsample': 0.8923734920147032, 'learning_rate': 0.013675604337962055, 'max_depth': 11, 'min_child_weight': 247, 'eval_metric': 'rmse'}. Best is trial 63 with value: 7.814511497089078.
start listen on 192.168.1.101:59181
@tracker All of 4 nodes getting started
@tracker All nodes finishes job
Trial 64 finished with value: 7.814182587473727 and parameters: {'objective': 'reg:squarederror', 'tree_method': 'gpu_hist', 'lambda': 0.0014321799349650665, 'alpha': 0.00109188164308989, 'colsample_bytree': 0.5949808296473622, 'subsample': 0.8949150783370992, 'learning_rate': 0.01697351462993492, 'max_depth': 11, 'min_child_weight': 211, 'eval_metric': 'rmse'}. Best is trial 64 with value: 7.814182587473727.
start listen on 192.168.1.101:45657
@tracker All of 4 nodes getting started
@tracker All nodes finishes job
Trial 65 finished with value: 7.826649568068282 and parameters: {'objective': 'reg:squarederror', 'tree_method': 'gpu_hist', 'lambda': 0.0013009813755657414, 'alpha': 0.0012062859020328578, 'colsample_bytree': 0.5807021538211379, 'subsample': 0.9312240282048369, 'learning_rate': 0.026007764644540018, 'max_depth': 11, 'min_child_weight': 210, 'eval_metric': 'rmse'}. Best is trial 64 with value: 7.814182587473727.
start listen on 192.168.1.101:42871
@tracker All of 4 nodes getting started
@tracker All nodes finishes job
Trial 66 finished with value: 7.814785579693919 and parameters: {'objective': 'reg:squarederror', 'tree_method': 'gpu_hist', 'lambda': 0.0010014008808703538, 'alpha': 0.0019310345808884323, 'colsample_bytree': 0.5408757732683592, 'subsample': 0.8903539273972156, 'learning_rate': 0.014828174886776522, 'max_depth': 11, 'min_child_weight': 231, 'eval_metric': 'rmse'}. Best is trial 64 with value: 7.814182587473727.
start listen on 192.168.1.101:36699
@tracker All of 4 nodes getting started
@tracker All nodes finishes job
Trial 67 finished with value: 7.8214602847484445 and parameters: {'objective': 'reg:squarederror', 'tree_method': 'gpu_hist', 'lambda': 0.0018611303331142574, 'alpha': 0.0016807860758897694, 'colsample_bytree': 0.5444757993477158, 'subsample': 0.8409011418866367, 'learning_rate': 0.02129294457873139, 'max_depth': 11, 'min_child_weight': 234, 'eval_metric': 'rmse'}. Best is trial 64 with value: 7.814182587473727.
start listen on 192.168.1.101:59827
@tracker All of 4 nodes getting started
@tracker All nodes finishes job
Trial 68 finished with value: 7.816848560310027 and parameters: {'objective': 'reg:squarederror', 'tree_method': 'gpu_hist', 'lambda': 0.0011473338577282042, 'alpha': 0.002645838383917893, 'colsample_bytree': 0.6031470611555771, 'subsample': 0.9693999486624072, 'learning_rate': 0.015369998980575452, 'max_depth': 11, 'min_child_weight': 199, 'eval_metric': 'rmse'}. Best is trial 64 with value: 7.814182587473727.
start listen on 192.168.1.101:36295
@tracker All of 4 nodes getting started
@tracker All nodes finishes job
Trial 69 finished with value: 7.847164992088759 and parameters: {'objective': 'reg:squarederror', 'tree_method': 'gpu_hist', 'lambda': 0.001718641228767683, 'alpha': 0.0013953662223186907, 'colsample_bytree': 0.6471120226223529, 'subsample': 0.8988725185856272, 'learning_rate': 0.03799182681429717, 'max_depth': 11, 'min_child_weight': 214, 'eval_metric': 'rmse'}. Best is trial 64 with value: 7.814182587473727.
start listen on 192.168.1.101:47291
@tracker All of 4 nodes getting started
@tracker All nodes finishes job
Trial 70 finished with value: 7.818498176903415 and parameters: {'objective': 'reg:squarederror', 'tree_method': 'gpu_hist', 'lambda': 0.0019714568838681283, 'alpha': 0.0022162886961452936, 'colsample_bytree': 0.5374254950794151, 'subsample': 0.9364651942061508, 'learning_rate': 0.02243013909990658, 'max_depth': 11, 'min_child_weight': 229, 'eval_metric': 'rmse'}. Best is trial 64 with value: 7.814182587473727.
start listen on 192.168.1.101:52025
@tracker All of 4 nodes getting started
@tracker All nodes finishes job
Trial 71 finished with value: 7.816180498331474 and parameters: {'objective': 'reg:squarederror', 'tree_method': 'gpu_hist', 'lambda': 0.0013592089621229971, 'alpha': 0.0010410532772504606, 'colsample_bytree': 0.5882176727173004, 'subsample': 0.8992968420155787, 'learning_rate': 0.012764668570869926, 'max_depth': 11, 'min_child_weight': 245, 'eval_metric': 'rmse'}. Best is trial 64 with value: 7.814182587473727.
start listen on 192.168.1.101:40735
@tracker All of 4 nodes getting started
@tracker All nodes finishes job
Trial 72 finished with value: 7.816077376178808 and parameters: {'objective': 'reg:squarederror', 'tree_method': 'gpu_hist', 'lambda': 0.0010211713342372704, 'alpha': 0.0015689298927425875, 'colsample_bytree': 0.5601821729948085, 'subsample': 0.8224766492058603, 'learning_rate': 0.010633746033258881, 'max_depth': 11, 'min_child_weight': 235, 'eval_metric': 'rmse'}. Best is trial 64 with value: 7.814182587473727.
start listen on 192.168.1.101:55793
@tracker All of 4 nodes getting started
@tracker All nodes finishes job
Trial 73 finished with value: 7.818137627745259 and parameters: {'objective': 'reg:squarederror', 'tree_method': 'gpu_hist', 'lambda': 0.001490305639499204, 'alpha': 0.0024898679573903005, 'colsample_bytree': 0.6394560584237592, 'subsample': 0.8524850816110634, 'learning_rate': 0.01499040816013342, 'max_depth': 11, 'min_child_weight': 185, 'eval_metric': 'rmse'}. Best is trial 64 with value: 7.814182587473727.
start listen on 192.168.1.101:55811
@tracker All of 4 nodes getting started
@tracker All nodes finishes job
Trial 74 finished with value: 7.817559151972884 and parameters: {'objective': 'reg:squarederror', 'tree_method': 'gpu_hist', 'lambda': 0.003083989485418876, 'alpha': 0.0032974993318083175, 'colsample_bytree': 0.5174332158860995, 'subsample': 0.8892003088452658, 'learning_rate': 0.0178201273415431, 'max_depth': 11, 'min_child_weight': 223, 'eval_metric': 'rmse'}. Best is trial 64 with value: 7.814182587473727.
start listen on 192.168.1.101:39859
@tracker All of 4 nodes getting started
@tracker All nodes finishes job
Trial 75 finished with value: 7.814885537268377 and parameters: {'objective': 'reg:squarederror', 'tree_method': 'gpu_hist', 'lambda': 0.15937026957663694, 'alpha': 0.0020757048092825553, 'colsample_bytree': 0.5986077516563894, 'subsample': 0.8461977436221416, 'learning_rate': 0.01332590081676213, 'max_depth': 11, 'min_child_weight': 291, 'eval_metric': 'rmse'}. Best is trial 64 with value: 7.814182587473727.
start listen on 192.168.1.101:43077
@tracker All of 4 nodes getting started
@tracker All nodes finishes job
Trial 76 finished with value: 7.816693888757632 and parameters: {'objective': 'reg:squarederror', 'tree_method': 'gpu_hist', 'lambda': 0.14868245128439386, 'alpha': 0.008956823403510271, 'colsample_bytree': 0.4945674775392116, 'subsample': 0.8525452324800109, 'learning_rate': 0.019316119398518485, 'max_depth': 11, 'min_child_weight': 287, 'eval_metric': 'rmse'}. Best is trial 64 with value: 7.814182587473727.
start listen on 192.168.1.101:57925
@tracker All of 4 nodes getting started
@tracker All nodes finishes job
Trial 77 finished with value: 7.829587023863314 and parameters: {'objective': 'reg:squarederror', 'tree_method': 'gpu_hist', 'lambda': 0.4011701847574023, 'alpha': 0.0013298822116843928, 'colsample_bytree': 0.6091693022588823, 'subsample': 0.8291149179649717, 'learning_rate': 0.02806676532605267, 'max_depth': 11, 'min_child_weight': 291, 'eval_metric': 'rmse'}. Best is trial 64 with value: 7.814182587473727.
start listen on 192.168.1.101:43323
@tracker All of 4 nodes getting started
@tracker All nodes finishes job
Trial 78 finished with value: 7.817774884991178 and parameters: {'objective': 'reg:squarederror', 'tree_method': 'gpu_hist', 'lambda': 0.09660704061870559, 'alpha': 0.0033330807524009284, 'colsample_bytree': 0.5707161879146838, 'subsample': 0.8700501689817145, 'learning_rate': 0.010876654592748282, 'max_depth': 11, 'min_child_weight': 277, 'eval_metric': 'rmse'}. Best is trial 64 with value: 7.814182587473727.
start listen on 192.168.1.101:36235
@tracker All of 4 nodes getting started
@tracker All nodes finishes job
Trial 79 finished with value: 7.812327109628506 and parameters: {'objective': 'reg:squarederror', 'tree_method': 'gpu_hist', 'lambda': 0.24510106396140574, 'alpha': 0.0021327259324920938, 'colsample_bytree': 0.668268560363246, 'subsample': 0.9134832854547762, 'learning_rate': 0.01621588388550919, 'max_depth': 11, 'min_child_weight': 269, 'eval_metric': 'rmse'}. Best is trial 79 with value: 7.812327109628506.
start listen on 192.168.1.101:52229
@tracker All of 4 nodes getting started
@tracker All nodes finishes job
Trial 80 finished with value: 7.8498278172017555 and parameters: {'objective': 'reg:squarederror', 'tree_method': 'gpu_hist', 'lambda': 0.24614376056470313, 'alpha': 0.001937135816617676, 'colsample_bytree': 0.6375866629231128, 'subsample': 0.9531644799680677, 'learning_rate': 0.013862549081629394, 'max_depth': 3, 'min_child_weight': 266, 'eval_metric': 'rmse'}. Best is trial 79 with value: 7.812327109628506.
start listen on 192.168.1.101:33331
@tracker All of 4 nodes getting started
@tracker All nodes finishes job
Trial 81 finished with value: 7.814159138388799 and parameters: {'objective': 'reg:squarederror', 'tree_method': 'gpu_hist', 'lambda': 0.4546444605695009, 'alpha': 0.0010006378522211502, 'colsample_bytree': 0.5299191168702536, 'subsample': 0.9271837556499833, 'learning_rate': 0.016697778513618488, 'max_depth': 11, 'min_child_weight': 273, 'eval_metric': 'rmse'}. Best is trial 79 with value: 7.812327109628506.
start listen on 192.168.1.101:38421
@tracker All of 4 nodes getting started
@tracker All nodes finishes job
Trial 82 finished with value: 7.816849947095925 and parameters: {'objective': 'reg:squarederror', 'tree_method': 'gpu_hist', 'lambda': 0.49451535409545755, 'alpha': 0.0010486528460105363, 'colsample_bytree': 0.6681564556901924, 'subsample': 0.9252361699533536, 'learning_rate': 0.01172499344212031, 'max_depth': 11, 'min_child_weight': 273, 'eval_metric': 'rmse'}. Best is trial 79 with value: 7.812327109628506.
start listen on 192.168.1.101:55197
@tracker All of 4 nodes getting started
@tracker All nodes finishes job
Trial 83 finished with value: 7.816393304967088 and parameters: {'objective': 'reg:squarederror', 'tree_method': 'gpu_hist', 'lambda': 0.18054477098762, 'alpha': 0.002186097318086447, 'colsample_bytree': 0.5497509096425394, 'subsample': 0.9101985221391491, 'learning_rate': 0.016036084916395504, 'max_depth': 9, 'min_child_weight': 291, 'eval_metric': 'rmse'}. Best is trial 79 with value: 7.812327109628506.
start listen on 192.168.1.101:58531
@tracker All of 4 nodes getting started
@tracker All nodes finishes job
