Trial 336 finished with value: 7.81950640058659 and parameters: {'objective': 'reg:squarederror', 'tree_method': 'gpu_hist', 'lambda': 0.008813339720893687, 'alpha': 0.00548584079228589, 'colsample_bytree': 0.6011908794272528, 'subsample': 0.99462153742513, 'learning_rate': 0.012322565761200726, 'max_depth': 15, 'min_child_weight': 247, 'eval_metric': 'rmse'}. Best is trial 79 with value: 7.812327109628506.
start listen on 192.168.1.101:38119
@tracker All of 4 nodes getting started
@tracker All nodes finishes job
Trial 337 finished with value: 7.818882645116989 and parameters: {'objective': 'reg:squarederror', 'tree_method': 'gpu_hist', 'lambda': 0.0015341129962670428, 'alpha': 0.0066808903278573846, 'colsample_bytree': 0.5739284598980662, 'subsample': 0.8685204125298744, 'learning_rate': 0.01706454898411667, 'max_depth': 11, 'min_child_weight': 259, 'eval_metric': 'rmse'}. Best is trial 79 with value: 7.812327109628506.
start listen on 192.168.1.101:57023
@tracker All of 4 nodes getting started
@tracker All nodes finishes job
Trial 338 finished with value: 7.821864904128664 and parameters: {'objective': 'reg:squarederror', 'tree_method': 'gpu_hist', 'lambda': 0.0018923521757343556, 'alpha': 0.004592599707248515, 'colsample_bytree': 0.6333633219937911, 'subsample': 0.9205130757627986, 'learning_rate': 0.02219598234083944, 'max_depth': 11, 'min_child_weight': 240, 'eval_metric': 'rmse'}. Best is trial 79 with value: 7.812327109628506.
start listen on 192.168.1.101:50177
@tracker All of 4 nodes getting started
@tracker All nodes finishes job
Trial 339 finished with value: 7.8145239899959735 and parameters: {'objective': 'reg:squarederror', 'tree_method': 'gpu_hist', 'lambda': 0.25641270601671573, 'alpha': 0.0017511822914415694, 'colsample_bytree': 0.35084726189105125, 'subsample': 0.9371030471924071, 'learning_rate': 0.015719242215348855, 'max_depth': 11, 'min_child_weight': 269, 'eval_metric': 'rmse'}. Best is trial 79 with value: 7.812327109628506.
start listen on 192.168.1.101:58231
@tracker All of 4 nodes getting started
@tracker All nodes finishes job
Trial 340 finished with value: 7.8227521752712414 and parameters: {'objective': 'reg:squarederror', 'tree_method': 'gpu_hist', 'lambda': 0.18954724804668746, 'alpha': 0.0019531241364604218, 'colsample_bytree': 0.4406047012489871, 'subsample': 0.9594968215667956, 'learning_rate': 0.017788296390121652, 'max_depth': 17, 'min_child_weight': 271, 'eval_metric': 'rmse'}. Best is trial 79 with value: 7.812327109628506.
start listen on 192.168.1.101:43849
@tracker All of 4 nodes getting started
@tracker All nodes finishes job
Trial 341 finished with value: 7.816850350893106 and parameters: {'objective': 'reg:squarederror', 'tree_method': 'gpu_hist', 'lambda': 0.23188442112467056, 'alpha': 0.0023786552666752473, 'colsample_bytree': 0.792185095507532, 'subsample': 0.9452054155862882, 'learning_rate': 0.01609497366110227, 'max_depth': 11, 'min_child_weight': 278, 'eval_metric': 'rmse'}. Best is trial 79 with value: 7.812327109628506.
start listen on 192.168.1.101:43949
@tracker All of 4 nodes getting started
@tracker All nodes finishes job
Trial 342 finished with value: 7.816525922055745 and parameters: {'objective': 'reg:squarederror', 'tree_method': 'gpu_hist', 'lambda': 0.27500324909723817, 'alpha': 0.0027012328751246724, 'colsample_bytree': 0.6686982902692535, 'subsample': 0.9329635603530837, 'learning_rate': 0.014229676627022006, 'max_depth': 11, 'min_child_weight': 274, 'eval_metric': 'rmse'}. Best is trial 79 with value: 7.812327109628506.
start listen on 192.168.1.101:46811
@tracker All of 4 nodes getting started
@tracker All nodes finishes job
Trial 343 finished with value: 7.846545428311485 and parameters: {'objective': 'reg:squarederror', 'tree_method': 'gpu_hist', 'lambda': 0.0011453163423094542, 'alpha': 0.001476452229792573, 'colsample_bytree': 0.36120368008315706, 'subsample': 0.9365002749981409, 'learning_rate': 0.0036737571266230386, 'max_depth': 11, 'min_child_weight': 269, 'eval_metric': 'rmse'}. Best is trial 79 with value: 7.812327109628506.
start listen on 192.168.1.101:41995
@tracker All of 4 nodes getting started
@tracker All nodes finishes job
Trial 344 finished with value: 7.81728405375707 and parameters: {'objective': 'reg:squarederror', 'tree_method': 'gpu_hist', 'lambda': 0.00142778862139897, 'alpha': 0.001797957729422984, 'colsample_bytree': 0.42578583617727644, 'subsample': 0.9803636857771002, 'learning_rate': 0.01936465018326424, 'max_depth': 9, 'min_child_weight': 262, 'eval_metric': 'rmse'}. Best is trial 79 with value: 7.812327109628506.
start listen on 192.168.1.101:37317
@tracker All of 4 nodes getting started
@tracker All nodes finishes job
Trial 345 finished with value: 7.827170995489336 and parameters: {'objective': 'reg:squarederror', 'tree_method': 'gpu_hist', 'lambda': 0.0048995111003166635, 'alpha': 0.0010238708202959565, 'colsample_bytree': 0.33506729569700044, 'subsample': 0.947217988525215, 'learning_rate': 0.01641937512264095, 'max_depth': 20, 'min_child_weight': 197, 'eval_metric': 'rmse'}. Best is trial 79 with value: 7.812327109628506.
start listen on 192.168.1.101:54541
@tracker All of 4 nodes getting started
@tracker All nodes finishes job
Trial 346 finished with value: 7.818262607005164 and parameters: {'objective': 'reg:squarederror', 'tree_method': 'gpu_hist', 'lambda': 0.006319375877698477, 'alpha': 0.001322646740625556, 'colsample_bytree': 0.3950454806450791, 'subsample': 0.8025711937044223, 'learning_rate': 0.015265761017946458, 'max_depth': 11, 'min_child_weight': 221, 'eval_metric': 'rmse'}. Best is trial 79 with value: 7.812327109628506.
start listen on 192.168.1.101:36719
@tracker All of 4 nodes getting started
@tracker All nodes finishes job
Trial 347 finished with value: 7.821888998848022 and parameters: {'objective': 'reg:squarederror', 'tree_method': 'gpu_hist', 'lambda': 0.003324003531287809, 'alpha': 0.001682669517741351, 'colsample_bytree': 0.942663190309786, 'subsample': 0.9288724084128416, 'learning_rate': 0.01336577193129883, 'max_depth': 7, 'min_child_weight': 231, 'eval_metric': 'rmse'}. Best is trial 79 with value: 7.812327109628506.
start listen on 192.168.1.101:40823
@tracker All of 4 nodes getting started
@tracker All nodes finishes job
Trial 348 finished with value: 7.8179972568756835 and parameters: {'objective': 'reg:squarederror', 'tree_method': 'gpu_hist', 'lambda': 0.0010080918087852718, 'alpha': 0.0020814254481119326, 'colsample_bytree': 0.371643561342759, 'subsample': 0.916593903399875, 'learning_rate': 0.018009853837939106, 'max_depth': 11, 'min_child_weight': 274, 'eval_metric': 'rmse'}. Best is trial 79 with value: 7.812327109628506.
start listen on 192.168.1.101:45163
@tracker All of 4 nodes getting started
@tracker All nodes finishes job
Trial 349 finished with value: 7.818078044168406 and parameters: {'objective': 'reg:squarederror', 'tree_method': 'gpu_hist', 'lambda': 0.13901855920624226, 'alpha': 0.0011689475467228138, 'colsample_bytree': 0.6448048647373695, 'subsample': 0.9552879932880968, 'learning_rate': 0.02031519612830852, 'max_depth': 11, 'min_child_weight': 265, 'eval_metric': 'rmse'}. Best is trial 79 with value: 7.812327109628506.
start listen on 192.168.1.101:45409
@tracker All of 4 nodes getting started
@tracker All nodes finishes job
Trial 350 finished with value: 7.819145730388577 and parameters: {'objective': 'reg:squarederror', 'tree_method': 'gpu_hist', 'lambda': 0.0012698084484958263, 'alpha': 0.0031561200490435285, 'colsample_bytree': 0.6991090292530743, 'subsample': 0.9077934144850698, 'learning_rate': 0.016705293941176227, 'max_depth': 11, 'min_child_weight': 256, 'eval_metric': 'rmse'}. Best is trial 79 with value: 7.812327109628506.
start listen on 192.168.1.101:55591
@tracker All of 4 nodes getting started
@tracker All nodes finishes job
Trial 351 finished with value: 7.815748232608908 and parameters: {'objective': 'reg:squarederror', 'tree_method': 'gpu_hist', 'lambda': 0.002597864953698999, 'alpha': 0.02793508498545057, 'colsample_bytree': 0.7224580779663281, 'subsample': 0.9236399848948791, 'learning_rate': 0.012765327803739335, 'max_depth': 11, 'min_child_weight': 235, 'eval_metric': 'rmse'}. Best is trial 79 with value: 7.812327109628506.
start listen on 192.168.1.101:57625
@tracker All of 4 nodes getting started
@tracker All nodes finishes job
Trial 352 finished with value: 7.817074493768833 and parameters: {'objective': 'reg:squarederror', 'tree_method': 'gpu_hist', 'lambda': 0.2121289073184585, 'alpha': 0.008511797631661766, 'colsample_bytree': 0.6856062210091093, 'subsample': 0.933894737427472, 'learning_rate': 0.011194849093509845, 'max_depth': 11, 'min_child_weight': 243, 'eval_metric': 'rmse'}. Best is trial 79 with value: 7.812327109628506.
start listen on 192.168.1.101:60385
@tracker All of 4 nodes getting started
@tracker All nodes finishes job
Trial 353 finished with value: 7.816689257563927 and parameters: {'objective': 'reg:squarederror', 'tree_method': 'gpu_hist', 'lambda': 0.0015815608544182212, 'alpha': 0.001467174238739163, 'colsample_bytree': 0.41218164738804686, 'subsample': 0.6549352103900166, 'learning_rate': 0.014600047272341992, 'max_depth': 11, 'min_child_weight': 253, 'eval_metric': 'rmse'}. Best is trial 79 with value: 7.812327109628506.
start listen on 192.168.1.101:37429
@tracker All of 4 nodes getting started
@tracker All nodes finishes job
Trial 354 finished with value: 7.815290109207619 and parameters: {'objective': 'reg:squarederror', 'tree_method': 'gpu_hist', 'lambda': 0.001971407154105988, 'alpha': 0.0025810634400183522, 'colsample_bytree': 0.6631346584720059, 'subsample': 0.9128658615273285, 'learning_rate': 0.01592250637922045, 'max_depth': 11, 'min_child_weight': 265, 'eval_metric': 'rmse'}. Best is trial 79 with value: 7.812327109628506.
start listen on 192.168.1.101:60263
@tracker All of 4 nodes getting started
@tracker All nodes finishes job
Trial 355 finished with value: 7.843537701426029 and parameters: {'objective': 'reg:squarederror', 'tree_method': 'gpu_hist', 'lambda': 0.00606202948344166, 'alpha': 0.013546821913659015, 'colsample_bytree': 0.5845072811490435, 'subsample': 0.96925610904809, 'learning_rate': 0.01774768186825664, 'max_depth': 3, 'min_child_weight': 134, 'eval_metric': 'rmse'}. Best is trial 79 with value: 7.812327109628506.
start listen on 192.168.1.101:40297
@tracker All of 4 nodes getting started
@tracker All nodes finishes job
Trial 356 finished with value: 7.818950132401841 and parameters: {'objective': 'reg:squarederror', 'tree_method': 'gpu_hist', 'lambda': 0.003941758509236092, 'alpha': 0.003578107685245415, 'colsample_bytree': 0.6227937727761023, 'subsample': 0.9415645639882044, 'learning_rate': 0.013681478182057743, 'max_depth': 11, 'min_child_weight': 226, 'eval_metric': 'rmse'}. Best is trial 79 with value: 7.812327109628506.
start listen on 192.168.1.101:55885
@tracker All of 4 nodes getting started
@tracker All nodes finishes job
Trial 357 finished with value: 7.816883900243573 and parameters: {'objective': 'reg:squarederror', 'tree_method': 'gpu_hist', 'lambda': 0.06543078599654864, 'alpha': 0.001000543161765185, 'colsample_bytree': 0.32640728042986183, 'subsample': 0.9229076783954342, 'learning_rate': 0.014701160433516637, 'max_depth': 11, 'min_child_weight': 237, 'eval_metric': 'rmse'}. Best is trial 79 with value: 7.812327109628506.
start listen on 192.168.1.101:43893
@tracker All of 4 nodes getting started
@tracker All nodes finishes job
Trial 358 finished with value: 7.819184217619244 and parameters: {'objective': 'reg:squarederror', 'tree_method': 'gpu_hist', 'lambda': 0.0011833709644518428, 'alpha': 0.006208149849353081, 'colsample_bytree': 0.7438326508774872, 'subsample': 0.9056122784915109, 'learning_rate': 0.021347267931663177, 'max_depth': 11, 'min_child_weight': 247, 'eval_metric': 'rmse'}. Best is trial 79 with value: 7.812327109628506.
start listen on 192.168.1.101:55823
@tracker All of 4 nodes getting started
@tracker All nodes finishes job
Trial 359 finished with value: 7.8159346242729875 and parameters: {'objective': 'reg:squarederror', 'tree_method': 'gpu_hist', 'lambda': 0.40655055210688523, 'alpha': 0.009721932224500462, 'colsample_bytree': 0.5546034232076852, 'subsample': 0.9368899599921208, 'learning_rate': 0.01200280769471442, 'max_depth': 11, 'min_child_weight': 258, 'eval_metric': 'rmse'}. Best is trial 79 with value: 7.812327109628506.
start listen on 192.168.1.101:46285
@tracker All of 4 nodes getting started
@tracker All nodes finishes job
Trial 360 finished with value: 7.818410993158558 and parameters: {'objective': 'reg:squarederror', 'tree_method': 'gpu_hist', 'lambda': 1.3548127432381, 'alpha': 0.008030788196703666, 'colsample_bytree': 0.3172899793585364, 'subsample': 0.5827195433662317, 'learning_rate': 0.015863713783875577, 'max_depth': 9, 'min_child_weight': 269, 'eval_metric': 'rmse'}. Best is trial 79 with value: 7.812327109628506.
start listen on 192.168.1.101:54549
@tracker All of 4 nodes getting started
@tracker All nodes finishes job
Trial 361 finished with value: 7.818667403633581 and parameters: {'objective': 'reg:squarederror', 'tree_method': 'gpu_hist', 'lambda': 0.2669177490702188, 'alpha': 0.00131953743685331, 'colsample_bytree': 0.5962244526872557, 'subsample': 0.9187932285923017, 'learning_rate': 0.018416147306363772, 'max_depth': 11, 'min_child_weight': 280, 'eval_metric': 'rmse'}. Best is trial 79 with value: 7.812327109628506.
start listen on 192.168.1.101:39863
@tracker All of 4 nodes getting started
@tracker All nodes finishes job
Trial 362 finished with value: 7.81736349000146 and parameters: {'objective': 'reg:squarederror', 'tree_method': 'gpu_hist', 'lambda': 0.001412155728794319, 'alpha': 0.0016566076801944308, 'colsample_bytree': 0.6432669950680527, 'subsample': 0.9013338008637883, 'learning_rate': 0.017360827143442212, 'max_depth': 11, 'min_child_weight': 241, 'eval_metric': 'rmse'}. Best is trial 79 with value: 7.812327109628506.
start listen on 192.168.1.101:53099
@tracker All of 4 nodes getting started
@tracker All nodes finishes job
Trial 363 finished with value: 7.8159730205129945 and parameters: {'objective': 'reg:squarederror', 'tree_method': 'gpu_hist', 'lambda': 0.0048708091059747665, 'alpha': 0.0042950393080575695, 'colsample_bytree': 0.5717376556167877, 'subsample': 0.9548511719778722, 'learning_rate': 0.01299786778053604, 'max_depth': 11, 'min_child_weight': 251, 'eval_metric': 'rmse'}. Best is trial 79 with value: 7.812327109628506.
start listen on 192.168.1.101:33745
@tracker All of 4 nodes getting started
@tracker All nodes finishes job
Trial 364 finished with value: 7.828259516930274 and parameters: {'objective': 'reg:squarederror', 'tree_method': 'gpu_hist', 'lambda': 0.0010015433911570795, 'alpha': 0.002198799463487923, 'colsample_bytree': 0.4547747628746893, 'subsample': 0.8866665107957282, 'learning_rate': 0.024136655890106388, 'max_depth': 11, 'min_child_weight': 231, 'eval_metric': 'rmse'}. Best is trial 79 with value: 7.812327109628506.
start listen on 192.168.1.101:36315
@tracker All of 4 nodes getting started
@tracker All nodes finishes job
Trial 365 finished with value: 7.81536801830972 and parameters: {'objective': 'reg:squarederror', 'tree_method': 'gpu_hist', 'lambda': 0.001795389316904098, 'alpha': 0.005913645093920824, 'colsample_bytree': 0.6110159772134369, 'subsample': 0.9270956993439119, 'learning_rate': 0.014870947925432929, 'max_depth': 11, 'min_child_weight': 219, 'eval_metric': 'rmse'}. Best is trial 79 with value: 7.812327109628506.
start listen on 192.168.1.101:48713
@tracker All of 4 nodes getting started
@tracker All nodes finishes job
Trial 366 finished with value: 7.819478492163143 and parameters: {'objective': 'reg:squarederror', 'tree_method': 'gpu_hist', 'lambda': 0.007911692168701752, 'alpha': 0.004859350351524337, 'colsample_bytree': 0.672757369029306, 'subsample': 0.9108323128595303, 'learning_rate': 0.01965868619161684, 'max_depth': 13, 'min_child_weight': 261, 'eval_metric': 'rmse'}. Best is trial 79 with value: 7.812327109628506.
start listen on 192.168.1.101:34441
@tracker All of 4 nodes getting started
@tracker All nodes finishes job
Trial 367 finished with value: 7.829229576673258 and parameters: {'objective': 'reg:squarederror', 'tree_method': 'gpu_hist', 'lambda': 0.0012267330717854682, 'alpha': 0.0034399166718659204, 'colsample_bytree': 0.30300304192738875, 'subsample': 0.9444993317721694, 'learning_rate': 0.015970153999091293, 'max_depth': 5, 'min_child_weight': 245, 'eval_metric': 'rmse'}. Best is trial 79 with value: 7.812327109628506.
start listen on 192.168.1.101:36311
@tracker All of 4 nodes getting started
@tracker All nodes finishes job
Trial 368 finished with value: 7.820434244836343 and parameters: {'objective': 'reg:squarederror', 'tree_method': 'gpu_hist', 'lambda': 0.1627725495320078, 'alpha': 0.010913028611396447, 'colsample_bytree': 0.6568350302877439, 'subsample': 0.8974342991816774, 'learning_rate': 0.010362714747899841, 'max_depth': 11, 'min_child_weight': 40, 'eval_metric': 'rmse'}. Best is trial 79 with value: 7.812327109628506.
start listen on 192.168.1.101:45189
@tracker All of 4 nodes getting started
@tracker All nodes finishes job
Trial 369 finished with value: 7.814199986325899 and parameters: {'objective': 'reg:squarederror', 'tree_method': 'gpu_hist', 'lambda': 0.0023080535637785213, 'alpha': 0.0067628806177204405, 'colsample_bytree': 0.6274533415739443, 'subsample': 0.9290988036425907, 'learning_rate': 0.014060486768965255, 'max_depth': 15, 'min_child_weight': 253, 'eval_metric': 'rmse'}. Best is trial 79 with value: 7.812327109628506.
start listen on 192.168.1.101:55357
@tracker All of 4 nodes getting started
@tracker All nodes finishes job
Trial 370 finished with value: 7.814368276719246 and parameters: {'objective': 'reg:squarederror', 'tree_method': 'gpu_hist', 'lambda': 0.002085501003977049, 'alpha': 0.007359924936792818, 'colsample_bytree': 0.6309790350144292, 'subsample': 0.9175961849916809, 'learning_rate': 0.012332391967733686, 'max_depth': 15, 'min_child_weight': 256, 'eval_metric': 'rmse'}. Best is trial 79 with value: 7.812327109628506.
start listen on 192.168.1.101:60713
@tracker All of 4 nodes getting started
@tracker All nodes finishes job
Trial 371 finished with value: 7.8127025683491125 and parameters: {'objective': 'reg:squarederror', 'tree_method': 'gpu_hist', 'lambda': 0.0026630839678100423, 'alpha': 0.007260021466858002, 'colsample_bytree': 0.6236210513617483, 'subsample': 0.9171079074874947, 'learning_rate': 0.01219821256233576, 'max_depth': 15, 'min_child_weight': 255, 'eval_metric': 'rmse'}. Best is trial 79 with value: 7.812327109628506.
start listen on 192.168.1.101:46507
@tracker All of 4 nodes getting started
@tracker All nodes finishes job
Trial 372 finished with value: 7.8140141796419185 and parameters: {'objective': 'reg:squarederror', 'tree_method': 'gpu_hist', 'lambda': 0.0025537512597318783, 'alpha': 0.007809247646471587, 'colsample_bytree': 0.628502241849074, 'subsample': 0.9056707667781997, 'learning_rate': 0.009808453186955158, 'max_depth': 15, 'min_child_weight': 255, 'eval_metric': 'rmse'}. Best is trial 79 with value: 7.812327109628506.
start listen on 192.168.1.101:39363
@tracker All of 4 nodes getting started
@tracker All nodes finishes job
Trial 373 finished with value: 7.81510304168807 and parameters: {'objective': 'reg:squarederror', 'tree_method': 'gpu_hist', 'lambda': 0.0025800475554500655, 'alpha': 0.008363824759181517, 'colsample_bytree': 0.6358124814916039, 'subsample': 0.9071383933433169, 'learning_rate': 0.011538926086950034, 'max_depth': 15, 'min_child_weight': 252, 'eval_metric': 'rmse'}. Best is trial 79 with value: 7.812327109628506.
start listen on 192.168.1.101:51383
@tracker All of 4 nodes getting started
@tracker All nodes finishes job
Trial 374 finished with value: 7.814423923855733 and parameters: {'objective': 'reg:squarederror', 'tree_method': 'gpu_hist', 'lambda': 0.0028031056570782084, 'alpha': 0.010348212275732085, 'colsample_bytree': 0.6284047516813771, 'subsample': 0.9182485112617125, 'learning_rate': 0.008662791285152321, 'max_depth': 15, 'min_child_weight': 256, 'eval_metric': 'rmse'}. Best is trial 79 with value: 7.812327109628506.
start listen on 192.168.1.101:49783
@tracker All of 4 nodes getting started
@tracker All nodes finishes job
Trial 375 finished with value: 7.813983216122262 and parameters: {'objective': 'reg:squarederror', 'tree_method': 'gpu_hist', 'lambda': 0.0030730629889200944, 'alpha': 0.014430979722696328, 'colsample_bytree': 0.6213388018462648, 'subsample': 0.913527172433172, 'learning_rate': 0.008508993158002612, 'max_depth': 15, 'min_child_weight': 256, 'eval_metric': 'rmse'}. Best is trial 79 with value: 7.812327109628506.
start listen on 192.168.1.101:41355
@tracker All of 4 nodes getting started
@tracker All nodes finishes job
Trial 376 finished with value: 7.8193401463068986 and parameters: {'objective': 'reg:squarederror', 'tree_method': 'gpu_hist', 'lambda': 0.0027142591517126365, 'alpha': 0.01589356942077462, 'colsample_bytree': 0.6239973853589059, 'subsample': 0.8986311449999287, 'learning_rate': 0.007405960593840029, 'max_depth': 15, 'min_child_weight': 255, 'eval_metric': 'rmse'}. Best is trial 79 with value: 7.812327109628506.
start listen on 192.168.1.101:42817
@tracker All of 4 nodes getting started
@tracker All nodes finishes job
Trial 377 finished with value: 7.8183645636536125 and parameters: {'objective': 'reg:squarederror', 'tree_method': 'gpu_hist', 'lambda': 0.0023448875945455555, 'alpha': 0.012820319894947705, 'colsample_bytree': 0.6182760348159152, 'subsample': 0.9142154655325995, 'learning_rate': 0.008066736929835425, 'max_depth': 15, 'min_child_weight': 255, 'eval_metric': 'rmse'}. Best is trial 79 with value: 7.812327109628506.
start listen on 192.168.1.101:55723
@tracker All of 4 nodes getting started
@tracker All nodes finishes job
