Trial 714 finished with value: 7.816901498743175 and parameters: {'objective': 'reg:squarederror', 'tree_method': 'gpu_hist', 'lambda': 0.017256610450427468, 'alpha': 0.010143215944266598, 'colsample_bytree': 0.6613507732995167, 'subsample': 0.9588187793068148, 'learning_rate': 0.01760773927447616, 'max_depth': 11, 'min_child_weight': 258, 'eval_metric': 'rmse'}. Best is trial 581 with value: 7.8118814731889445.
start listen on 192.168.1.101:44029
@tracker All of 4 nodes getting started
@tracker All nodes finishes job
Trial 715 finished with value: 7.817103478833107 and parameters: {'objective': 'reg:squarederror', 'tree_method': 'gpu_hist', 'lambda': 0.005814479066097155, 'alpha': 0.014156472203643312, 'colsample_bytree': 0.6459154708583815, 'subsample': 0.8627165903414717, 'learning_rate': 0.014076165492730145, 'max_depth': 15, 'min_child_weight': 240, 'eval_metric': 'rmse'}. Best is trial 581 with value: 7.8118814731889445.
start listen on 192.168.1.101:48611
@tracker All of 4 nodes getting started
@tracker All nodes finishes job
Trial 716 finished with value: 7.904035322109153 and parameters: {'objective': 'reg:squarederror', 'tree_method': 'gpu_hist', 'lambda': 0.008619768461391673, 'alpha': 0.006137726668429264, 'colsample_bytree': 0.5701592390963612, 'subsample': 0.9322016727564881, 'learning_rate': 0.001974705057743922, 'max_depth': 11, 'min_child_weight': 248, 'eval_metric': 'rmse'}. Best is trial 581 with value: 7.8118814731889445.
start listen on 192.168.1.101:38009
@tracker All of 4 nodes getting started
@tracker All nodes finishes job
Trial 717 finished with value: 7.852461224124784 and parameters: {'objective': 'reg:squarederror', 'tree_method': 'gpu_hist', 'lambda': 0.006832485810396653, 'alpha': 0.004965420636562357, 'colsample_bytree': 0.6081956270285608, 'subsample': 0.8753687779641846, 'learning_rate': 0.01270448007876688, 'max_depth': 3, 'min_child_weight': 268, 'eval_metric': 'rmse'}. Best is trial 581 with value: 7.8118814731889445.
start listen on 192.168.1.101:58337
@tracker All of 4 nodes getting started
@tracker All nodes finishes job
Trial 718 finished with value: 7.813757006307683 and parameters: {'objective': 'reg:squarederror', 'tree_method': 'gpu_hist', 'lambda': 0.013880568062646204, 'alpha': 0.0030236313990945653, 'colsample_bytree': 0.6303527115309758, 'subsample': 0.9098798843444947, 'learning_rate': 0.015396786348829407, 'max_depth': 15, 'min_child_weight': 252, 'eval_metric': 'rmse'}. Best is trial 581 with value: 7.8118814731889445.
start listen on 192.168.1.101:46123
@tracker All of 4 nodes getting started
@tracker All nodes finishes job
Trial 719 finished with value: 7.815309802397626 and parameters: {'objective': 'reg:squarederror', 'tree_method': 'gpu_hist', 'lambda': 0.013293284021557819, 'alpha': 0.0025982849005943996, 'colsample_bytree': 0.6748819347545592, 'subsample': 0.8930348353937557, 'learning_rate': 0.01612502453451372, 'max_depth': 11, 'min_child_weight': 237, 'eval_metric': 'rmse'}. Best is trial 581 with value: 7.8118814731889445.
start listen on 192.168.1.101:49289
@tracker All of 4 nodes getting started
@tracker All nodes finishes job
Trial 720 finished with value: 7.816595105041223 and parameters: {'objective': 'reg:squarederror', 'tree_method': 'gpu_hist', 'lambda': 0.016035317403179945, 'alpha': 0.002869396182286971, 'colsample_bytree': 0.6599740760468509, 'subsample': 0.9004200643552542, 'learning_rate': 0.015397281045854956, 'max_depth': 15, 'min_child_weight': 246, 'eval_metric': 'rmse'}. Best is trial 581 with value: 7.8118814731889445.
start listen on 192.168.1.101:57971
@tracker All of 4 nodes getting started
@tracker All nodes finishes job
Trial 721 finished with value: 7.819289856155234 and parameters: {'objective': 'reg:squarederror', 'tree_method': 'gpu_hist', 'lambda': 0.020442694006062388, 'alpha': 0.0020390143907670927, 'colsample_bytree': 0.6344273259691683, 'subsample': 0.8070432454669273, 'learning_rate': 0.018398846581086932, 'max_depth': 11, 'min_child_weight': 243, 'eval_metric': 'rmse'}. Best is trial 581 with value: 7.8118814731889445.
start listen on 192.168.1.101:49229
@tracker All of 4 nodes getting started
@tracker All nodes finishes job
Trial 722 finished with value: 7.9617781051254 and parameters: {'objective': 'reg:squarederror', 'tree_method': 'gpu_hist', 'lambda': 0.012286445817765885, 'alpha': 0.0030225445010563217, 'colsample_bytree': 0.6486235486320955, 'subsample': 0.882108132169474, 'learning_rate': 0.08237353384008796, 'max_depth': 11, 'min_child_weight': 251, 'eval_metric': 'rmse'}. Best is trial 581 with value: 7.8118814731889445.
start listen on 192.168.1.101:51101
@tracker All of 4 nodes getting started
@tracker All nodes finishes job
Trial 723 finished with value: 7.815329235091663 and parameters: {'objective': 'reg:squarederror', 'tree_method': 'gpu_hist', 'lambda': 0.0181636864999787, 'alpha': 0.002421619953926755, 'colsample_bytree': 0.6324985434698314, 'subsample': 0.9171225247155481, 'learning_rate': 0.014492164500384467, 'max_depth': 15, 'min_child_weight': 233, 'eval_metric': 'rmse'}. Best is trial 581 with value: 7.8118814731889445.
start listen on 192.168.1.101:49671
@tracker All of 4 nodes getting started
@tracker All nodes finishes job
Trial 724 finished with value: 7.82681509842445 and parameters: {'objective': 'reg:squarederror', 'tree_method': 'gpu_hist', 'lambda': 0.011235104301203263, 'alpha': 0.0035023319951139604, 'colsample_bytree': 0.6238214205373332, 'subsample': 0.9417371190867497, 'learning_rate': 0.01695202773400344, 'max_depth': 5, 'min_child_weight': 253, 'eval_metric': 'rmse'}. Best is trial 581 with value: 7.8118814731889445.
start listen on 192.168.1.101:54177
@tracker All of 4 nodes getting started
@tracker All nodes finishes job
Trial 725 finished with value: 7.821284162822038 and parameters: {'objective': 'reg:squarederror', 'tree_method': 'gpu_hist', 'lambda': 0.024761961186340067, 'alpha': 0.0030587538477281156, 'colsample_bytree': 0.5846234548738576, 'subsample': 0.9076924453463463, 'learning_rate': 0.021282768272929253, 'max_depth': 11, 'min_child_weight': 161, 'eval_metric': 'rmse'}. Best is trial 581 with value: 7.8118814731889445.
start listen on 192.168.1.101:35011
@tracker All of 4 nodes getting started
@tracker All nodes finishes job
Trial 726 finished with value: 7.8156829370177165 and parameters: {'objective': 'reg:squarederror', 'tree_method': 'gpu_hist', 'lambda': 0.013792287456221153, 'alpha': 0.0037170193804893317, 'colsample_bytree': 0.6467322896507028, 'subsample': 0.9276322328091894, 'learning_rate': 0.015467002552810404, 'max_depth': 13, 'min_child_weight': 225, 'eval_metric': 'rmse'}. Best is trial 581 with value: 7.8118814731889445.
start listen on 192.168.1.101:55823
@tracker All of 4 nodes getting started
@tracker All nodes finishes job
Trial 727 finished with value: 7.816855665449418 and parameters: {'objective': 'reg:squarederror', 'tree_method': 'gpu_hist', 'lambda': 0.009815567385835977, 'alpha': 0.004052425242505172, 'colsample_bytree': 0.6032373255595208, 'subsample': 0.8584659104936209, 'learning_rate': 0.013356062103612629, 'max_depth': 15, 'min_child_weight': 260, 'eval_metric': 'rmse'}. Best is trial 581 with value: 7.8118814731889445.
start listen on 192.168.1.101:58371
@tracker All of 4 nodes getting started
@tracker All nodes finishes job
Trial 728 finished with value: 7.8188183773257265 and parameters: {'objective': 'reg:squarederror', 'tree_method': 'gpu_hist', 'lambda': 0.01602991979029754, 'alpha': 0.002994506201713024, 'colsample_bytree': 0.6631555106214861, 'subsample': 0.8727796712571113, 'learning_rate': 0.016946838522519533, 'max_depth': 9, 'min_child_weight': 243, 'eval_metric': 'rmse'}. Best is trial 581 with value: 7.8118814731889445.
start listen on 192.168.1.101:34891
@tracker All of 4 nodes getting started
@tracker All nodes finishes job
Trial 729 finished with value: 7.8178054429938415 and parameters: {'objective': 'reg:squarederror', 'tree_method': 'gpu_hist', 'lambda': 0.012205941243025485, 'alpha': 0.004628645362303746, 'colsample_bytree': 0.9681357528783816, 'subsample': 0.8930231635249654, 'learning_rate': 0.01936818654260992, 'max_depth': 11, 'min_child_weight': 289, 'eval_metric': 'rmse'}. Best is trial 581 with value: 7.8118814731889445.
start listen on 192.168.1.101:38215
@tracker All of 4 nodes getting started
@tracker All nodes finishes job
Trial 730 finished with value: 7.813976337833859 and parameters: {'objective': 'reg:squarederror', 'tree_method': 'gpu_hist', 'lambda': 0.014527832896727025, 'alpha': 0.340571933137083, 'colsample_bytree': 0.6156663298984434, 'subsample': 0.8413213611042536, 'learning_rate': 0.014300850254006904, 'max_depth': 11, 'min_child_weight': 274, 'eval_metric': 'rmse'}. Best is trial 581 with value: 7.8118814731889445.
start listen on 192.168.1.101:43615
@tracker All of 4 nodes getting started
@tracker All nodes finishes job
Trial 731 finished with value: 7.816496298583521 and parameters: {'objective': 'reg:squarederror', 'tree_method': 'gpu_hist', 'lambda': 0.010730895395696157, 'alpha': 0.0023878190808112928, 'colsample_bytree': 0.681609359040095, 'subsample': 0.9088985576935077, 'learning_rate': 0.01282782970844338, 'max_depth': 15, 'min_child_weight': 251, 'eval_metric': 'rmse'}. Best is trial 581 with value: 7.8118814731889445.
start listen on 192.168.1.101:38795
@tracker All of 4 nodes getting started
@tracker All nodes finishes job
Trial 732 finished with value: 7.812812969837964 and parameters: {'objective': 'reg:squarederror', 'tree_method': 'gpu_hist', 'lambda': 0.008221231669128453, 'alpha': 0.001982045475385775, 'colsample_bytree': 0.6370857684302021, 'subsample': 0.9210034534119217, 'learning_rate': 0.015859840796077815, 'max_depth': 11, 'min_child_weight': 237, 'eval_metric': 'rmse'}. Best is trial 581 with value: 7.8118814731889445.
start listen on 192.168.1.101:47309
@tracker All of 4 nodes getting started
@tracker All nodes finishes job
Trial 733 finished with value: 7.816508306885876 and parameters: {'objective': 'reg:squarederror', 'tree_method': 'gpu_hist', 'lambda': 0.006756138486808611, 'alpha': 0.001775590498790371, 'colsample_bytree': 0.6423605826874523, 'subsample': 0.7315208299564582, 'learning_rate': 0.015324487077449012, 'max_depth': 11, 'min_child_weight': 211, 'eval_metric': 'rmse'}. Best is trial 581 with value: 7.8118814731889445.
start listen on 192.168.1.101:60705
@tracker All of 4 nodes getting started
@tracker All nodes finishes job
Trial 734 finished with value: 7.818303428442025 and parameters: {'objective': 'reg:squarederror', 'tree_method': 'gpu_hist', 'lambda': 0.008002666606664058, 'alpha': 0.0021698716739239343, 'colsample_bytree': 0.6550337434919743, 'subsample': 0.9206495861569544, 'learning_rate': 0.014340548553582595, 'max_depth': 15, 'min_child_weight': 218, 'eval_metric': 'rmse'}. Best is trial 581 with value: 7.8118814731889445.
start listen on 192.168.1.101:52111
@tracker All of 4 nodes getting started
@tracker All nodes finishes job
Trial 735 finished with value: 7.81623031964169 and parameters: {'objective': 'reg:squarederror', 'tree_method': 'gpu_hist', 'lambda': 0.008824872197312672, 'alpha': 0.0017146192828011082, 'colsample_bytree': 0.6344185429297322, 'subsample': 0.8836701524282301, 'learning_rate': 0.012130599729681535, 'max_depth': 17, 'min_child_weight': 231, 'eval_metric': 'rmse'}. Best is trial 581 with value: 7.8118814731889445.
start listen on 192.168.1.101:51871
@tracker All of 4 nodes getting started
@tracker All nodes finishes job
Trial 736 finished with value: 7.8159326087401135 and parameters: {'objective': 'reg:squarederror', 'tree_method': 'gpu_hist', 'lambda': 0.008860517025938545, 'alpha': 0.0020416579533523195, 'colsample_bytree': 0.6690994991135942, 'subsample': 0.8984668174954017, 'learning_rate': 0.013507886766212509, 'max_depth': 11, 'min_child_weight': 263, 'eval_metric': 'rmse'}. Best is trial 581 with value: 7.8118814731889445.
start listen on 192.168.1.101:34043
@tracker All of 4 nodes getting started
@tracker All nodes finishes job
Trial 737 finished with value: 7.818916352079217 and parameters: {'objective': 'reg:squarederror', 'tree_method': 'gpu_hist', 'lambda': 0.010148136441627126, 'alpha': 0.00200254577384657, 'colsample_bytree': 0.6364427258592611, 'subsample': 0.9094117740471668, 'learning_rate': 0.016162314867538344, 'max_depth': 15, 'min_child_weight': 235, 'eval_metric': 'rmse'}. Best is trial 581 with value: 7.8118814731889445.
start listen on 192.168.1.101:52529
@tracker All of 4 nodes getting started
@tracker All nodes finishes job
Trial 738 finished with value: 7.81529867643638 and parameters: {'objective': 'reg:squarederror', 'tree_method': 'gpu_hist', 'lambda': 0.007448788176685985, 'alpha': 0.0035928568491991526, 'colsample_bytree': 0.6278120606904853, 'subsample': 0.9347054287371162, 'learning_rate': 0.01118850805531226, 'max_depth': 11, 'min_child_weight': 281, 'eval_metric': 'rmse'}. Best is trial 581 with value: 7.8118814731889445.
start listen on 192.168.1.101:36239
@tracker All of 4 nodes getting started
@tracker All nodes finishes job
Trial 739 finished with value: 7.8174726068126725 and parameters: {'objective': 'reg:squarederror', 'tree_method': 'gpu_hist', 'lambda': 0.011097430693956283, 'alpha': 0.0017138570413356559, 'colsample_bytree': 0.656017680970692, 'subsample': 0.8710692135403028, 'learning_rate': 0.014427800429664055, 'max_depth': 11, 'min_child_weight': 257, 'eval_metric': 'rmse'}. Best is trial 581 with value: 7.8118814731889445.
start listen on 192.168.1.101:40779
@tracker All of 4 nodes getting started
@tracker All nodes finishes job
Trial 740 finished with value: 7.817312627008481 and parameters: {'objective': 'reg:squarederror', 'tree_method': 'gpu_hist', 'lambda': 0.007793343801341607, 'alpha': 0.002518908823603715, 'colsample_bytree': 0.6451578494752662, 'subsample': 0.8840362075967396, 'learning_rate': 0.012297712772683888, 'max_depth': 20, 'min_child_weight': 248, 'eval_metric': 'rmse'}. Best is trial 581 with value: 7.8118814731889445.
start listen on 192.168.1.101:37635
@tracker All of 4 nodes getting started
@tracker All nodes finishes job
Trial 741 finished with value: 7.82425916209762 and parameters: {'objective': 'reg:squarederror', 'tree_method': 'gpu_hist', 'lambda': 0.012713693975593058, 'alpha': 0.0021282277154337807, 'colsample_bytree': 0.6219100788291488, 'subsample': 0.6027001491033007, 'learning_rate': 0.013392112241793899, 'max_depth': 15, 'min_child_weight': 128, 'eval_metric': 'rmse'}. Best is trial 581 with value: 7.8118814731889445.
start listen on 192.168.1.101:39187
@tracker All of 4 nodes getting started
@tracker All nodes finishes job
Trial 742 finished with value: 7.819239734252254 and parameters: {'objective': 'reg:squarederror', 'tree_method': 'gpu_hist', 'lambda': 0.010019838702252403, 'alpha': 0.0026055738541027303, 'colsample_bytree': 0.6485069859957013, 'subsample': 0.923581171964269, 'learning_rate': 0.01605774300879238, 'max_depth': 7, 'min_child_weight': 270, 'eval_metric': 'rmse'}. Best is trial 581 with value: 7.8118814731889445.
start listen on 192.168.1.101:53045
@tracker All of 4 nodes getting started
@tracker All nodes finishes job
Trial 743 finished with value: 7.816898625995673 and parameters: {'objective': 'reg:squarederror', 'tree_method': 'gpu_hist', 'lambda': 0.006584880414949171, 'alpha': 0.0030360649324721076, 'colsample_bytree': 0.673863890627924, 'subsample': 0.9032162867424528, 'learning_rate': 0.014896691088761812, 'max_depth': 11, 'min_child_weight': 239, 'eval_metric': 'rmse'}. Best is trial 581 with value: 7.8118814731889445.
start listen on 192.168.1.101:34775
@tracker All of 4 nodes getting started
@tracker All nodes finishes job
Trial 744 finished with value: 7.814567219356546 and parameters: {'objective': 'reg:squarederror', 'tree_method': 'gpu_hist', 'lambda': 0.00829920575088601, 'alpha': 0.0022446981964650697, 'colsample_bytree': 0.6208749954235387, 'subsample': 0.8548265629071832, 'learning_rate': 0.011357155363506418, 'max_depth': 15, 'min_child_weight': 264, 'eval_metric': 'rmse'}. Best is trial 581 with value: 7.8118814731889445.
start listen on 192.168.1.101:39011
@tracker All of 4 nodes getting started
@tracker All nodes finishes job
Trial 745 finished with value: 7.8159383100553645 and parameters: {'objective': 'reg:squarederror', 'tree_method': 'gpu_hist', 'lambda': 0.41832998314639114, 'alpha': 0.0038052055335594534, 'colsample_bytree': 0.6349049033126402, 'subsample': 0.8918730867765617, 'learning_rate': 0.012857842669884325, 'max_depth': 11, 'min_child_weight': 225, 'eval_metric': 'rmse'}. Best is trial 581 with value: 7.8118814731889445.
start listen on 192.168.1.101:49151
@tracker All of 4 nodes getting started
@tracker All nodes finishes job
Trial 746 finished with value: 7.818912691377193 and parameters: {'objective': 'reg:squarederror', 'tree_method': 'gpu_hist', 'lambda': 0.013290245909975532, 'alpha': 0.0028539462718072837, 'colsample_bytree': 0.7168506439161179, 'subsample': 0.6873121727225611, 'learning_rate': 0.01791992197804284, 'max_depth': 11, 'min_child_weight': 254, 'eval_metric': 'rmse'}. Best is trial 581 with value: 7.8118814731889445.
start listen on 192.168.1.101:55949
@tracker All of 4 nodes getting started
@tracker All nodes finishes job
Trial 747 finished with value: 7.814632983300948 and parameters: {'objective': 'reg:squarederror', 'tree_method': 'gpu_hist', 'lambda': 0.1111764576072409, 'alpha': 0.004149358444161912, 'colsample_bytree': 0.6600757000670245, 'subsample': 0.8266944524182709, 'learning_rate': 0.013791964213962548, 'max_depth': 15, 'min_child_weight': 247, 'eval_metric': 'rmse'}. Best is trial 581 with value: 7.8118814731889445.
start listen on 192.168.1.101:51441
@tracker All of 4 nodes getting started
@tracker All nodes finishes job
Trial 748 finished with value: 7.845958192408628 and parameters: {'objective': 'reg:squarederror', 'tree_method': 'gpu_hist', 'lambda': 0.005316542179907426, 'alpha': 0.0032723929404907294, 'colsample_bytree': 0.612858774030309, 'subsample': 0.9534694180143227, 'learning_rate': 0.016275961457463985, 'max_depth': 3, 'min_child_weight': 260, 'eval_metric': 'rmse'}. Best is trial 581 with value: 7.8118814731889445.
start listen on 192.168.1.101:37571
@tracker All of 4 nodes getting started
@tracker All nodes finishes job
Trial 749 finished with value: 7.815421595316219 and parameters: {'objective': 'reg:squarederror', 'tree_method': 'gpu_hist', 'lambda': 0.01951916468556839, 'alpha': 0.07321847845575219, 'colsample_bytree': 0.6376105798620265, 'subsample': 0.9144446951947978, 'learning_rate': 0.01512078730549468, 'max_depth': 11, 'min_child_weight': 237, 'eval_metric': 'rmse'}. Best is trial 581 with value: 7.8118814731889445.
start listen on 192.168.1.101:32839
@tracker All of 4 nodes getting started
@tracker All nodes finishes job
Trial 750 finished with value: 7.814645598554384 and parameters: {'objective': 'reg:squarederror', 'tree_method': 'gpu_hist', 'lambda': 0.009273880842552406, 'alpha': 0.00176328459414909, 'colsample_bytree': 0.6940983855185759, 'subsample': 0.931286088182332, 'learning_rate': 0.01209968038383479, 'max_depth': 15, 'min_child_weight': 244, 'eval_metric': 'rmse'}. Best is trial 581 with value: 7.8118814731889445.
start listen on 192.168.1.101:50555
@tracker All of 4 nodes getting started
@tracker All nodes finishes job
Trial 751 finished with value: 7.817084893909103 and parameters: {'objective': 'reg:squarederror', 'tree_method': 'gpu_hist', 'lambda': 0.08023427235168085, 'alpha': 0.004290475266091183, 'colsample_bytree': 0.6270418936364619, 'subsample': 0.8697132530235197, 'learning_rate': 0.010935256486376173, 'max_depth': 11, 'min_child_weight': 255, 'eval_metric': 'rmse'}. Best is trial 581 with value: 7.8118814731889445.
start listen on 192.168.1.101:39835
@tracker All of 4 nodes getting started
@tracker All nodes finishes job
Trial 752 finished with value: 7.81684400305923 and parameters: {'objective': 'reg:squarederror', 'tree_method': 'gpu_hist', 'lambda': 0.011876296959487857, 'alpha': 0.053480088470560135, 'colsample_bytree': 0.6046941448056675, 'subsample': 0.9442319615047896, 'learning_rate': 0.01372163769391498, 'max_depth': 15, 'min_child_weight': 266, 'eval_metric': 'rmse'}. Best is trial 581 with value: 7.8118814731889445.
start listen on 192.168.1.101:48483
@tracker All of 4 nodes getting started
@tracker All nodes finishes job
Trial 753 finished with value: 7.815229335917227 and parameters: {'objective': 'reg:squarederror', 'tree_method': 'gpu_hist', 'lambda': 0.2812543363375073, 'alpha': 0.002610084390711071, 'colsample_bytree': 0.6499118325988512, 'subsample': 0.8966006171123003, 'learning_rate': 0.01669281811562965, 'max_depth': 11, 'min_child_weight': 251, 'eval_metric': 'rmse'}. Best is trial 581 with value: 7.8118814731889445.
start listen on 192.168.1.101:51393
@tracker All of 4 nodes getting started
@tracker All nodes finishes job
Trial 754 finished with value: 7.816932761868475 and parameters: {'objective': 'reg:squarederror', 'tree_method': 'gpu_hist', 'lambda': 0.6816736659664049, 'alpha': 0.002020132766902822, 'colsample_bytree': 0.6699019318215155, 'subsample': 0.8830314274446244, 'learning_rate': 0.012780544389087356, 'max_depth': 11, 'min_child_weight': 61, 'eval_metric': 'rmse'}. Best is trial 581 with value: 7.8118814731889445.
start listen on 192.168.1.101:60771
@tracker All of 4 nodes getting started
@tracker All nodes finishes job
