Trial 252 finished with value: 7.817275570620329 and parameters: {'objective': 'reg:squarederror', 'tree_method': 'gpu_hist', 'lambda': 0.00813657681785761, 'alpha': 4.632747906054439, 'colsample_bytree': 0.6016968833187536, 'subsample': 0.9170168976951595, 'learning_rate': 0.01918952965706657, 'max_depth': 11, 'min_child_weight': 243, 'eval_metric': 'rmse'}. Best is trial 79 with value: 7.812327109628506.
start listen on 192.168.1.101:53761
@tracker All of 4 nodes getting started
@tracker All nodes finishes job
Trial 253 finished with value: 7.8139846049640305 and parameters: {'objective': 'reg:squarederror', 'tree_method': 'gpu_hist', 'lambda': 0.0011518002472272807, 'alpha': 0.006002631729618477, 'colsample_bytree': 0.6618576758805058, 'subsample': 0.9160004302462872, 'learning_rate': 0.015538276771223361, 'max_depth': 11, 'min_child_weight': 261, 'eval_metric': 'rmse'}. Best is trial 79 with value: 7.812327109628506.
start listen on 192.168.1.101:50121
@tracker All of 4 nodes getting started
@tracker All nodes finishes job
Trial 254 finished with value: 7.814447022383033 and parameters: {'objective': 'reg:squarederror', 'tree_method': 'gpu_hist', 'lambda': 0.0027140373996065057, 'alpha': 0.007023501811711015, 'colsample_bytree': 0.6676326445984503, 'subsample': 0.9236112142768305, 'learning_rate': 0.016314585478156243, 'max_depth': 11, 'min_child_weight': 259, 'eval_metric': 'rmse'}. Best is trial 79 with value: 7.812327109628506.
start listen on 192.168.1.101:43789
@tracker All of 4 nodes getting started
@tracker All nodes finishes job
Trial 255 finished with value: 7.8471346179137464 and parameters: {'objective': 'reg:squarederror', 'tree_method': 'gpu_hist', 'lambda': 0.005829033940620294, 'alpha': 0.006504501804286103, 'colsample_bytree': 0.6724890574926476, 'subsample': 0.9635365989618797, 'learning_rate': 0.015686004630868167, 'max_depth': 3, 'min_child_weight': 265, 'eval_metric': 'rmse'}. Best is trial 79 with value: 7.812327109628506.
start listen on 192.168.1.101:37035
@tracker All of 4 nodes getting started
@tracker All nodes finishes job
Trial 256 finished with value: 7.814893060041971 and parameters: {'objective': 'reg:squarederror', 'tree_method': 'gpu_hist', 'lambda': 0.0027827182817302194, 'alpha': 0.008200109841038448, 'colsample_bytree': 0.6504874733964698, 'subsample': 0.914618641222797, 'learning_rate': 0.014966539195761512, 'max_depth': 11, 'min_child_weight': 258, 'eval_metric': 'rmse'}. Best is trial 79 with value: 7.812327109628506.
start listen on 192.168.1.101:37735
@tracker All of 4 nodes getting started
@tracker All nodes finishes job
Trial 257 finished with value: 7.817876359649883 and parameters: {'objective': 'reg:squarederror', 'tree_method': 'gpu_hist', 'lambda': 0.004900540283704046, 'alpha': 0.5404293680609156, 'colsample_bytree': 0.6591735902704042, 'subsample': 0.9399299348879148, 'learning_rate': 0.016460417141547997, 'max_depth': 11, 'min_child_weight': 260, 'eval_metric': 'rmse'}. Best is trial 79 with value: 7.812327109628506.
start listen on 192.168.1.101:46337
@tracker All of 4 nodes getting started
@tracker All nodes finishes job
Trial 258 finished with value: 7.81474882735474 and parameters: {'objective': 'reg:squarederror', 'tree_method': 'gpu_hist', 'lambda': 0.002409775065853153, 'alpha': 7.081468915620467, 'colsample_bytree': 0.6851744876312248, 'subsample': 0.6288604797867106, 'learning_rate': 0.014858884135840683, 'max_depth': 11, 'min_child_weight': 270, 'eval_metric': 'rmse'}. Best is trial 79 with value: 7.812327109628506.
start listen on 192.168.1.101:41203
@tracker All of 4 nodes getting started
@tracker All nodes finishes job
Trial 259 finished with value: 7.815961424036061 and parameters: {'objective': 'reg:squarederror', 'tree_method': 'gpu_hist', 'lambda': 0.004268951086347054, 'alpha': 0.19627568170895915, 'colsample_bytree': 0.6701576424739287, 'subsample': 0.928927969894077, 'learning_rate': 0.018675845191633025, 'max_depth': 11, 'min_child_weight': 255, 'eval_metric': 'rmse'}. Best is trial 79 with value: 7.812327109628506.
start listen on 192.168.1.101:35071
@tracker All of 4 nodes getting started
@tracker All nodes finishes job
Trial 260 finished with value: 7.818642965843859 and parameters: {'objective': 'reg:squarederror', 'tree_method': 'gpu_hist', 'lambda': 0.0011962953756552586, 'alpha': 0.073240622669427, 'colsample_bytree': 0.6375065099611464, 'subsample': 0.9061904947576063, 'learning_rate': 0.011926641950770547, 'max_depth': 9, 'min_child_weight': 266, 'eval_metric': 'rmse'}. Best is trial 79 with value: 7.812327109628506.
start listen on 192.168.1.101:59909
@tracker All of 4 nodes getting started
@tracker All nodes finishes job
Trial 261 finished with value: 7.819222291439963 and parameters: {'objective': 'reg:squarederror', 'tree_method': 'gpu_hist', 'lambda': 0.050269371768945796, 'alpha': 0.012215643761489975, 'colsample_bytree': 0.6607292134621379, 'subsample': 0.9515000673224312, 'learning_rate': 0.01668176535751985, 'max_depth': 11, 'min_child_weight': 190, 'eval_metric': 'rmse'}. Best is trial 79 with value: 7.812327109628506.
start listen on 192.168.1.101:60627
@tracker All of 4 nodes getting started
@tracker All nodes finishes job
Trial 262 finished with value: 7.815211921463938 and parameters: {'objective': 'reg:squarederror', 'tree_method': 'gpu_hist', 'lambda': 0.07415087401212166, 'alpha': 0.005831064642132075, 'colsample_bytree': 0.6293039409256511, 'subsample': 0.9163619618248858, 'learning_rate': 0.013923145068154634, 'max_depth': 11, 'min_child_weight': 251, 'eval_metric': 'rmse'}. Best is trial 79 with value: 7.812327109628506.
start listen on 192.168.1.101:33265
@tracker All of 4 nodes getting started
@tracker All nodes finishes job
Trial 263 finished with value: 7.827543473229655 and parameters: {'objective': 'reg:squarederror', 'tree_method': 'gpu_hist', 'lambda': 0.0031782751757694384, 'alpha': 0.007186486716214583, 'colsample_bytree': 0.6811661742428365, 'subsample': 0.9289338961965028, 'learning_rate': 0.01585156643738326, 'max_depth': 5, 'min_child_weight': 260, 'eval_metric': 'rmse'}. Best is trial 79 with value: 7.812327109628506.
start listen on 192.168.1.101:60525
@tracker All of 4 nodes getting started
@tracker All nodes finishes job
Trial 264 finished with value: 7.81798872941211 and parameters: {'objective': 'reg:squarederror', 'tree_method': 'gpu_hist', 'lambda': 0.006634514070357626, 'alpha': 0.009814287606445512, 'colsample_bytree': 0.6363079859881823, 'subsample': 0.9031136491711343, 'learning_rate': 0.017663979053182073, 'max_depth': 11, 'min_child_weight': 250, 'eval_metric': 'rmse'}. Best is trial 79 with value: 7.812327109628506.
start listen on 192.168.1.101:48443
@tracker All of 4 nodes getting started
@tracker All nodes finishes job
Trial 265 finished with value: 7.8263113029171105 and parameters: {'objective': 'reg:squarederror', 'tree_method': 'gpu_hist', 'lambda': 0.009540765109897395, 'alpha': 0.005325715358554544, 'colsample_bytree': 0.6139060215078418, 'subsample': 0.920534263368341, 'learning_rate': 0.021632489957888794, 'max_depth': 11, 'min_child_weight': 111, 'eval_metric': 'rmse'}. Best is trial 79 with value: 7.812327109628506.
start listen on 192.168.1.101:53261
@tracker All of 4 nodes getting started
@tracker All nodes finishes job
Trial 266 finished with value: 7.8145456081183235 and parameters: {'objective': 'reg:squarederror', 'tree_method': 'gpu_hist', 'lambda': 0.001375399536918402, 'alpha': 0.004872443750530022, 'colsample_bytree': 0.6512444317490408, 'subsample': 0.93711679041064, 'learning_rate': 0.014766986955523333, 'max_depth': 11, 'min_child_weight': 263, 'eval_metric': 'rmse'}. Best is trial 79 with value: 7.812327109628506.
start listen on 192.168.1.101:60053
@tracker All of 4 nodes getting started
@tracker All nodes finishes job
Trial 267 finished with value: 7.816568203103291 and parameters: {'objective': 'reg:squarederror', 'tree_method': 'gpu_hist', 'lambda': 0.0014301242581686029, 'alpha': 0.006349801604520259, 'colsample_bytree': 0.6592319745477593, 'subsample': 0.9364385865341507, 'learning_rate': 0.012624755861637136, 'max_depth': 11, 'min_child_weight': 246, 'eval_metric': 'rmse'}. Best is trial 79 with value: 7.812327109628506.
start listen on 192.168.1.101:39045
@tracker All of 4 nodes getting started
@tracker All nodes finishes job
Trial 268 finished with value: 7.814725012668826 and parameters: {'objective': 'reg:squarederror', 'tree_method': 'gpu_hist', 'lambda': 0.0011259795564579128, 'alpha': 1.8331220381175186, 'colsample_bytree': 0.6256601426323917, 'subsample': 0.9581044649822333, 'learning_rate': 0.011011538578016176, 'max_depth': 13, 'min_child_weight': 270, 'eval_metric': 'rmse'}. Best is trial 79 with value: 7.812327109628506.
start listen on 192.168.1.101:51353
@tracker All of 4 nodes getting started
@tracker All nodes finishes job
Trial 269 finished with value: 7.822446266423758 and parameters: {'objective': 'reg:squarederror', 'tree_method': 'gpu_hist', 'lambda': 0.0020356202069217815, 'alpha': 0.007970164891629177, 'colsample_bytree': 0.5922128085431655, 'subsample': 0.6890107676065345, 'learning_rate': 0.019386109442204418, 'max_depth': 11, 'min_child_weight': 256, 'eval_metric': 'rmse'}. Best is trial 79 with value: 7.812327109628506.
start listen on 192.168.1.101:56807
@tracker All of 4 nodes getting started
@tracker All nodes finishes job
Trial 270 finished with value: 7.816433460620122 and parameters: {'objective': 'reg:squarederror', 'tree_method': 'gpu_hist', 'lambda': 0.0016156712993141073, 'alpha': 0.0048952702019247766, 'colsample_bytree': 0.6075093511726548, 'subsample': 0.9455029391237211, 'learning_rate': 0.01371597676881987, 'max_depth': 11, 'min_child_weight': 263, 'eval_metric': 'rmse'}. Best is trial 79 with value: 7.812327109628506.
start listen on 192.168.1.101:60289
@tracker All of 4 nodes getting started
@tracker All nodes finishes job
Trial 271 finished with value: 7.821756040094814 and parameters: {'objective': 'reg:squarederror', 'tree_method': 'gpu_hist', 'lambda': 0.001227844189998643, 'alpha': 0.001030691555280053, 'colsample_bytree': 0.6704046682632808, 'subsample': 0.9452178296791152, 'learning_rate': 0.016826611948991294, 'max_depth': 15, 'min_child_weight': 237, 'eval_metric': 'rmse'}. Best is trial 79 with value: 7.812327109628506.
start listen on 192.168.1.101:33703
@tracker All of 4 nodes getting started
@tracker All nodes finishes job
Trial 272 finished with value: 7.816379850007195 and parameters: {'objective': 'reg:squarederror', 'tree_method': 'gpu_hist', 'lambda': 0.0014644891872485312, 'alpha': 0.023346210341490838, 'colsample_bytree': 0.6963074548688881, 'subsample': 0.9271301683080851, 'learning_rate': 0.01495071146883679, 'max_depth': 11, 'min_child_weight': 252, 'eval_metric': 'rmse'}. Best is trial 79 with value: 7.812327109628506.
start listen on 192.168.1.101:57535
@tracker All of 4 nodes getting started
@tracker All nodes finishes job
Trial 273 finished with value: 7.812453417054991 and parameters: {'objective': 'reg:squarederror', 'tree_method': 'gpu_hist', 'lambda': 0.0010968796412862724, 'alpha': 0.005950027354584887, 'colsample_bytree': 0.6188343393826082, 'subsample': 0.9180361530272114, 'learning_rate': 0.01595125150345023, 'max_depth': 11, 'min_child_weight': 246, 'eval_metric': 'rmse'}. Best is trial 79 with value: 7.812327109628506.
start listen on 192.168.1.101:52275
@tracker All of 4 nodes getting started
@tracker All nodes finishes job
Trial 274 finished with value: 7.826287102909808 and parameters: {'objective': 'reg:squarederror', 'tree_method': 'gpu_hist', 'lambda': 0.001002527427969062, 'alpha': 0.3199408584709853, 'colsample_bytree': 0.8874616511151088, 'subsample': 0.9345007221767738, 'learning_rate': 0.01853714680688309, 'max_depth': 17, 'min_child_weight': 235, 'eval_metric': 'rmse'}. Best is trial 79 with value: 7.812327109628506.
start listen on 192.168.1.101:36079
@tracker All of 4 nodes getting started
@tracker All nodes finishes job
Trial 275 finished with value: 7.8185735258056495 and parameters: {'objective': 'reg:squarederror', 'tree_method': 'gpu_hist', 'lambda': 0.0012262890668297665, 'alpha': 0.005859845141753624, 'colsample_bytree': 0.6455319251013879, 'subsample': 0.7462207471401126, 'learning_rate': 0.013583232339835875, 'max_depth': 11, 'min_child_weight': 243, 'eval_metric': 'rmse'}. Best is trial 79 with value: 7.812327109628506.
start listen on 192.168.1.101:50737
@tracker All of 4 nodes getting started
@tracker All nodes finishes job
Trial 276 finished with value: 7.814697588384072 and parameters: {'objective': 'reg:squarederror', 'tree_method': 'gpu_hist', 'lambda': 0.0014052388913428, 'alpha': 0.007721572204019727, 'colsample_bytree': 0.624711362892764, 'subsample': 0.9122273150109693, 'learning_rate': 0.01634259529793239, 'max_depth': 11, 'min_child_weight': 228, 'eval_metric': 'rmse'}. Best is trial 79 with value: 7.812327109628506.
start listen on 192.168.1.101:40849
@tracker All of 4 nodes getting started
@tracker All nodes finishes job
Trial 277 finished with value: 7.815666825572813 and parameters: {'objective': 'reg:squarederror', 'tree_method': 'gpu_hist', 'lambda': 0.0017622468803065276, 'alpha': 0.04482101405785119, 'colsample_bytree': 0.6365827833686815, 'subsample': 0.8871696799508837, 'learning_rate': 0.021356452861436937, 'max_depth': 9, 'min_child_weight': 246, 'eval_metric': 'rmse'}. Best is trial 79 with value: 7.812327109628506.
start listen on 192.168.1.101:57237
@tracker All of 4 nodes getting started
@tracker All nodes finishes job
Trial 278 finished with value: 7.816580102471305 and parameters: {'objective': 'reg:squarederror', 'tree_method': 'gpu_hist', 'lambda': 0.001185480554095685, 'alpha': 0.12046413275178144, 'colsample_bytree': 0.6117015948780801, 'subsample': 0.9207073743199842, 'learning_rate': 0.014849941310510496, 'max_depth': 11, 'min_child_weight': 238, 'eval_metric': 'rmse'}. Best is trial 79 with value: 7.812327109628506.
start listen on 192.168.1.101:34967
@tracker All of 4 nodes getting started
@tracker All nodes finishes job
Trial 279 finished with value: 7.81792371139664 and parameters: {'objective': 'reg:squarederror', 'tree_method': 'gpu_hist', 'lambda': 1.0411087642316443, 'alpha': 0.006413753486819679, 'colsample_bytree': 0.6483701367372526, 'subsample': 0.8991949262770664, 'learning_rate': 0.012709350303148832, 'max_depth': 11, 'min_child_weight': 167, 'eval_metric': 'rmse'}. Best is trial 79 with value: 7.812327109628506.
start listen on 192.168.1.101:33073
@tracker All of 4 nodes getting started
@tracker All nodes finishes job
Trial 280 finished with value: 7.818905908954135 and parameters: {'objective': 'reg:squarederror', 'tree_method': 'gpu_hist', 'lambda': 0.0010405286044643722, 'alpha': 0.009746484134461319, 'colsample_bytree': 0.6201817997011563, 'subsample': 0.9452533251239527, 'learning_rate': 0.01724219547112315, 'max_depth': 11, 'min_child_weight': 249, 'eval_metric': 'rmse'}. Best is trial 79 with value: 7.812327109628506.
start listen on 192.168.1.101:53241
@tracker All of 4 nodes getting started
@tracker All nodes finishes job
Trial 281 finished with value: 7.816441082686974 and parameters: {'objective': 'reg:squarederror', 'tree_method': 'gpu_hist', 'lambda': 0.0013684213589032852, 'alpha': 0.005077180818176397, 'colsample_bytree': 0.5979820395204435, 'subsample': 0.9295336174649396, 'learning_rate': 0.011738836669668493, 'max_depth': 11, 'min_child_weight': 272, 'eval_metric': 'rmse'}. Best is trial 79 with value: 7.812327109628506.
start listen on 192.168.1.101:40513
@tracker All of 4 nodes getting started
@tracker All nodes finishes job
Trial 282 finished with value: 7.822627605710925 and parameters: {'objective': 'reg:squarederror', 'tree_method': 'gpu_hist', 'lambda': 0.021767519248940506, 'alpha': 0.001215329797205547, 'colsample_bytree': 0.6575302700294414, 'subsample': 0.9114660934612303, 'learning_rate': 0.014292728354686384, 'max_depth': 20, 'min_child_weight': 230, 'eval_metric': 'rmse'}. Best is trial 79 with value: 7.812327109628506.
start listen on 192.168.1.101:50185
@tracker All of 4 nodes getting started
@tracker All nodes finishes job
Trial 283 finished with value: 7.818385069118213 and parameters: {'objective': 'reg:squarederror', 'tree_method': 'gpu_hist', 'lambda': 1.2762830495594433, 'alpha': 0.006570152380713791, 'colsample_bytree': 0.5875228778554566, 'subsample': 0.9702118379430965, 'learning_rate': 0.019129202320718904, 'max_depth': 7, 'min_child_weight': 241, 'eval_metric': 'rmse'}. Best is trial 79 with value: 7.812327109628506.
start listen on 192.168.1.101:43887
@tracker All of 4 nodes getting started
@tracker All nodes finishes job
Trial 284 finished with value: 7.8189157683392505 and parameters: {'objective': 'reg:squarederror', 'tree_method': 'gpu_hist', 'lambda': 0.015457067363010307, 'alpha': 0.0036246413165487565, 'colsample_bytree': 0.67727033598537, 'subsample': 0.9564787330387909, 'learning_rate': 0.016316031457273405, 'max_depth': 11, 'min_child_weight': 217, 'eval_metric': 'rmse'}. Best is trial 79 with value: 7.812327109628506.
start listen on 192.168.1.101:46495
@tracker All of 4 nodes getting started
@tracker All nodes finishes job
Trial 285 finished with value: 7.82564972698648 and parameters: {'objective': 'reg:squarederror', 'tree_method': 'gpu_hist', 'lambda': 0.0016755738503451366, 'alpha': 0.008401930687811022, 'colsample_bytree': 0.6331756756620258, 'subsample': 0.46912682430278646, 'learning_rate': 0.015354716139358822, 'max_depth': 11, 'min_child_weight': 69, 'eval_metric': 'rmse'}. Best is trial 79 with value: 7.812327109628506.
start listen on 192.168.1.101:37181
@tracker All of 4 nodes getting started
@tracker All nodes finishes job
Trial 286 finished with value: 7.817362329030533 and parameters: {'objective': 'reg:squarederror', 'tree_method': 'gpu_hist', 'lambda': 0.0021884437510186526, 'alpha': 0.0010047925168427535, 'colsample_bytree': 0.6073181760335616, 'subsample': 0.8837256849099299, 'learning_rate': 0.017534263174666612, 'max_depth': 11, 'min_child_weight': 263, 'eval_metric': 'rmse'}. Best is trial 79 with value: 7.812327109628506.
start listen on 192.168.1.101:59413
@tracker All of 4 nodes getting started
@tracker All nodes finishes job
Trial 287 finished with value: 7.81682470791014 and parameters: {'objective': 'reg:squarederror', 'tree_method': 'gpu_hist', 'lambda': 0.0011733833421471032, 'alpha': 0.004948889521882243, 'colsample_bytree': 0.5601986752228163, 'subsample': 0.8991725405970377, 'learning_rate': 0.013806509476780193, 'max_depth': 11, 'min_child_weight': 256, 'eval_metric': 'rmse'}. Best is trial 79 with value: 7.812327109628506.
start listen on 192.168.1.101:60785
@tracker All of 4 nodes getting started
@tracker All nodes finishes job
Trial 288 finished with value: 7.819839555957638 and parameters: {'objective': 'reg:squarederror', 'tree_method': 'gpu_hist', 'lambda': 0.742192252198393, 'alpha': 0.005912036861845756, 'colsample_bytree': 0.5857016650364322, 'subsample': 0.9203962886987385, 'learning_rate': 0.020449034398340598, 'max_depth': 11, 'min_child_weight': 248, 'eval_metric': 'rmse'}. Best is trial 79 with value: 7.812327109628506.
start listen on 192.168.1.101:54597
@tracker All of 4 nodes getting started
@tracker All nodes finishes job
Trial 289 finished with value: 7.816428520429382 and parameters: {'objective': 'reg:squarederror', 'tree_method': 'gpu_hist', 'lambda': 0.0048188050853545305, 'alpha': 0.004221545391892064, 'colsample_bytree': 0.6204684389961627, 'subsample': 0.9342299334324443, 'learning_rate': 0.01254785907168165, 'max_depth': 11, 'min_child_weight': 203, 'eval_metric': 'rmse'}. Best is trial 79 with value: 7.812327109628506.
start listen on 192.168.1.101:54769
@tracker All of 4 nodes getting started
@tracker All nodes finishes job
Trial 290 finished with value: 7.8169829874814685 and parameters: {'objective': 'reg:squarederror', 'tree_method': 'gpu_hist', 'lambda': 0.0013868664454324531, 'alpha': 0.001261057908502422, 'colsample_bytree': 0.6047127436692679, 'subsample': 0.9085645186781242, 'learning_rate': 0.015316483655459456, 'max_depth': 11, 'min_child_weight': 226, 'eval_metric': 'rmse'}. Best is trial 79 with value: 7.812327109628506.
start listen on 192.168.1.101:50345
@tracker All of 4 nodes getting started
@tracker All nodes finishes job
Trial 291 finished with value: 7.813973646545803 and parameters: {'objective': 'reg:squarederror', 'tree_method': 'gpu_hist', 'lambda': 0.0010093932792012653, 'alpha': 0.007442979009381424, 'colsample_bytree': 0.5768137384409623, 'subsample': 0.9229196300423194, 'learning_rate': 0.017215619734173338, 'max_depth': 11, 'min_child_weight': 240, 'eval_metric': 'rmse'}. Best is trial 79 with value: 7.812327109628506.
start listen on 192.168.1.101:36603
@tracker All of 4 nodes getting started
@tracker All nodes finishes job
Trial 292 finished with value: 7.820309771449442 and parameters: {'objective': 'reg:squarederror', 'tree_method': 'gpu_hist', 'lambda': 0.0011676188787269886, 'alpha': 0.009280604233090956, 'colsample_bytree': 0.6640502158098838, 'subsample': 0.9376674947877964, 'learning_rate': 0.01805496060946512, 'max_depth': 9, 'min_child_weight': 233, 'eval_metric': 'rmse'}. Best is trial 79 with value: 7.812327109628506.
start listen on 192.168.1.101:59639
@tracker All of 4 nodes getting started
@tracker All nodes finishes job
Trial 293 finished with value: 7.857308312787049 and parameters: {'objective': 'reg:squarederror', 'tree_method': 'gpu_hist', 'lambda': 0.0016732365847384324, 'alpha': 0.015340814416776552, 'colsample_bytree': 0.6389370542346905, 'subsample': 0.8903832416505629, 'learning_rate': 0.01082517446665673, 'max_depth': 3, 'min_child_weight': 238, 'eval_metric': 'rmse'}. Best is trial 79 with value: 7.812327109628506.
start listen on 192.168.1.101:47245
@tracker All of 4 nodes getting started
@tracker All nodes finishes job
