Trial 462 finished with value: 7.820214540037493 and parameters: {'objective': 'reg:squarederror', 'tree_method': 'gpu_hist', 'lambda': 0.017783446819347574, 'alpha': 0.006218458739428657, 'colsample_bytree': 0.63992389646151, 'subsample': 0.7580669896618567, 'learning_rate': 0.008677184767560162, 'max_depth': 11, 'min_child_weight': 251, 'eval_metric': 'rmse'}. Best is trial 79 with value: 7.812327109628506.
start listen on 192.168.1.101:41125
@tracker All of 4 nodes getting started
@tracker All nodes finishes job
Trial 463 finished with value: 7.818645612523497 and parameters: {'objective': 'reg:squarederror', 'tree_method': 'gpu_hist', 'lambda': 0.010725820713371031, 'alpha': 0.011139953825019932, 'colsample_bytree': 0.6831381908975283, 'subsample': 0.9092284690950556, 'learning_rate': 0.013275056809013551, 'max_depth': 11, 'min_child_weight': 180, 'eval_metric': 'rmse'}. Best is trial 79 with value: 7.812327109628506.
start listen on 192.168.1.101:54871
@tracker All of 4 nodes getting started
@tracker All nodes finishes job
Trial 464 finished with value: 7.835879357858971 and parameters: {'objective': 'reg:squarederror', 'tree_method': 'gpu_hist', 'lambda': 0.006324860165208702, 'alpha': 0.09924597293197673, 'colsample_bytree': 0.6028189429542279, 'subsample': 0.769860868348176, 'learning_rate': 0.011106069699509526, 'max_depth': 5, 'min_child_weight': 262, 'eval_metric': 'rmse'}. Best is trial 79 with value: 7.812327109628506.
start listen on 192.168.1.101:41561
@tracker All of 4 nodes getting started
@tracker All nodes finishes job
Trial 465 finished with value: 7.815711033093232 and parameters: {'objective': 'reg:squarederror', 'tree_method': 'gpu_hist', 'lambda': 0.003976023346824482, 'alpha': 0.004914148082516144, 'colsample_bytree': 0.6309128716489975, 'subsample': 0.8939410923687197, 'learning_rate': 0.012113618514038613, 'max_depth': 15, 'min_child_weight': 255, 'eval_metric': 'rmse'}. Best is trial 79 with value: 7.812327109628506.
start listen on 192.168.1.101:35495
@tracker All of 4 nodes getting started
@tracker All nodes finishes job
Trial 466 finished with value: 7.815130764471814 and parameters: {'objective': 'reg:squarederror', 'tree_method': 'gpu_hist', 'lambda': 1.196115589134846, 'alpha': 0.009116717320993463, 'colsample_bytree': 0.6471241657454033, 'subsample': 0.9146694785868101, 'learning_rate': 0.013635090688536326, 'max_depth': 11, 'min_child_weight': 279, 'eval_metric': 'rmse'}. Best is trial 79 with value: 7.812327109628506.
start listen on 192.168.1.101:45233
@tracker All of 4 nodes getting started
@tracker All nodes finishes job
Trial 467 finished with value: 7.823453377756818 and parameters: {'objective': 'reg:squarederror', 'tree_method': 'gpu_hist', 'lambda': 0.8333971173631883, 'alpha': 0.006586077266364287, 'colsample_bytree': 0.466040803837966, 'subsample': 0.4339533685593493, 'learning_rate': 0.020373649132123747, 'max_depth': 11, 'min_child_weight': 249, 'eval_metric': 'rmse'}. Best is trial 79 with value: 7.812327109628506.
start listen on 192.168.1.101:55097
@tracker All of 4 nodes getting started
@tracker All nodes finishes job
Trial 468 finished with value: 7.817800704238266 and parameters: {'objective': 'reg:squarederror', 'tree_method': 'gpu_hist', 'lambda': 0.0017201848844887574, 'alpha': 0.017038732610740452, 'colsample_bytree': 0.6174186118505857, 'subsample': 0.8626356839074835, 'learning_rate': 0.015759978851073483, 'max_depth': 13, 'min_child_weight': 257, 'eval_metric': 'rmse'}. Best is trial 79 with value: 7.812327109628506.
start listen on 192.168.1.101:48079
@tracker All of 4 nodes getting started
@tracker All nodes finishes job
Trial 469 finished with value: 7.8168093308311315 and parameters: {'objective': 'reg:squarederror', 'tree_method': 'gpu_hist', 'lambda': 0.002406196049591629, 'alpha': 0.013549346847466826, 'colsample_bytree': 0.5940451294102189, 'subsample': 0.7512378636713922, 'learning_rate': 0.00981973002396869, 'max_depth': 15, 'min_child_weight': 267, 'eval_metric': 'rmse'}. Best is trial 79 with value: 7.812327109628506.
start listen on 192.168.1.101:58773
@tracker All of 4 nodes getting started
@tracker All nodes finishes job
Trial 470 finished with value: 7.821766880435235 and parameters: {'objective': 'reg:squarederror', 'tree_method': 'gpu_hist', 'lambda': 0.022563679090809027, 'alpha': 0.0010063672751142178, 'colsample_bytree': 0.6575253222308581, 'subsample': 0.8787589984836884, 'learning_rate': 0.008131857412001186, 'max_depth': 11, 'min_child_weight': 244, 'eval_metric': 'rmse'}. Best is trial 79 with value: 7.812327109628506.
start listen on 192.168.1.101:39103
@tracker All of 4 nodes getting started
@tracker All nodes finishes job
Trial 471 finished with value: 7.8161473814612785 and parameters: {'objective': 'reg:squarederror', 'tree_method': 'gpu_hist', 'lambda': 0.003280098532276724, 'alpha': 0.008049837036687735, 'colsample_bytree': 0.6278372162397878, 'subsample': 0.9209704572621726, 'learning_rate': 0.01894382629813621, 'max_depth': 11, 'min_child_weight': 254, 'eval_metric': 'rmse'}. Best is trial 79 with value: 7.812327109628506.
start listen on 192.168.1.101:39593
@tracker All of 4 nodes getting started
@tracker All nodes finishes job
Trial 472 finished with value: 7.818056978786665 and parameters: {'objective': 'reg:squarederror', 'tree_method': 'gpu_hist', 'lambda': 0.04773585924014893, 'alpha': 0.004262411401871806, 'colsample_bytree': 0.6100791818284393, 'subsample': 0.8380404191913395, 'learning_rate': 0.013931478872323983, 'max_depth': 15, 'min_child_weight': 261, 'eval_metric': 'rmse'}. Best is trial 79 with value: 7.812327109628506.
start listen on 192.168.1.101:45341
@tracker All of 4 nodes getting started
@tracker All nodes finishes job
Trial 473 finished with value: 7.816806428075916 and parameters: {'objective': 'reg:squarederror', 'tree_method': 'gpu_hist', 'lambda': 0.00747549016925274, 'alpha': 0.02217933811114621, 'colsample_bytree': 0.672720055872834, 'subsample': 0.8118177096542066, 'learning_rate': 0.01175297472377576, 'max_depth': 11, 'min_child_weight': 251, 'eval_metric': 'rmse'}. Best is trial 79 with value: 7.812327109628506.
start listen on 192.168.1.101:34111
@tracker All of 4 nodes getting started
@tracker All nodes finishes job
Trial 474 finished with value: 7.935792119998609 and parameters: {'objective': 'reg:squarederror', 'tree_method': 'gpu_hist', 'lambda': 0.0056797881799993, 'alpha': 0.005576206038322177, 'colsample_bytree': 0.6376089481880325, 'subsample': 0.9011701617290875, 'learning_rate': 0.0017325243611433928, 'max_depth': 11, 'min_child_weight': 272, 'eval_metric': 'rmse'}. Best is trial 79 with value: 7.812327109628506.
start listen on 192.168.1.101:45093
@tracker All of 4 nodes getting started
@tracker All nodes finishes job
Trial 475 finished with value: 7.817952983310026 and parameters: {'objective': 'reg:squarederror', 'tree_method': 'gpu_hist', 'lambda': 0.012157200920441407, 'alpha': 0.001332722958978207, 'colsample_bytree': 0.586697698403512, 'subsample': 0.9339646710133334, 'learning_rate': 0.01712613579231697, 'max_depth': 15, 'min_child_weight': 240, 'eval_metric': 'rmse'}. Best is trial 79 with value: 7.812327109628506.
start listen on 192.168.1.101:53767
@tracker All of 4 nodes getting started
@tracker All nodes finishes job
Trial 476 finished with value: 7.827667417964071 and parameters: {'objective': 'reg:squarederror', 'tree_method': 'gpu_hist', 'lambda': 0.004734433607939293, 'alpha': 0.01099852984402532, 'colsample_bytree': 0.6913311644428987, 'subsample': 0.7883213166476525, 'learning_rate': 0.014862541821902385, 'max_depth': 17, 'min_child_weight': 160, 'eval_metric': 'rmse'}. Best is trial 79 with value: 7.812327109628506.
start listen on 192.168.1.101:60919
@tracker All of 4 nodes getting started
@tracker All nodes finishes job
Trial 477 finished with value: 7.81466119924463 and parameters: {'objective': 'reg:squarederror', 'tree_method': 'gpu_hist', 'lambda': 0.014707367685837545, 'alpha': 0.0072979148967870725, 'colsample_bytree': 0.652500347405828, 'subsample': 0.9122691121635791, 'learning_rate': 0.013106333852476504, 'max_depth': 11, 'min_child_weight': 247, 'eval_metric': 'rmse'}. Best is trial 79 with value: 7.812327109628506.
start listen on 192.168.1.101:56855
@tracker All of 4 nodes getting started
@tracker All nodes finishes job
Trial 478 finished with value: 7.812963270882464 and parameters: {'objective': 'reg:squarederror', 'tree_method': 'gpu_hist', 'lambda': 0.009623381011883236, 'alpha': 0.009377644113572498, 'colsample_bytree': 0.6176101511056797, 'subsample': 0.8868705567011811, 'learning_rate': 0.016136554883129355, 'max_depth': 11, 'min_child_weight': 262, 'eval_metric': 'rmse'}. Best is trial 79 with value: 7.812327109628506.
start listen on 192.168.1.101:58751
@tracker All of 4 nodes getting started
@tracker All nodes finishes job
Trial 479 finished with value: 7.814056395821166 and parameters: {'objective': 'reg:squarederror', 'tree_method': 'gpu_hist', 'lambda': 0.012800159244641457, 'alpha': 0.013295889150679675, 'colsample_bytree': 0.6189559902428322, 'subsample': 0.8700021602414738, 'learning_rate': 0.009135579575736448, 'max_depth': 15, 'min_child_weight': 262, 'eval_metric': 'rmse'}. Best is trial 79 with value: 7.812327109628506.
start listen on 192.168.1.101:47083
@tracker All of 4 nodes getting started
@tracker All nodes finishes job
Trial 480 finished with value: 7.819682709910953 and parameters: {'objective': 'reg:squarederror', 'tree_method': 'gpu_hist', 'lambda': 0.010079084418569065, 'alpha': 0.018560387240925166, 'colsample_bytree': 0.6168021409409702, 'subsample': 0.8800357999155518, 'learning_rate': 0.008855148211260794, 'max_depth': 11, 'min_child_weight': 269, 'eval_metric': 'rmse'}. Best is trial 79 with value: 7.812327109628506.
start listen on 192.168.1.101:33719
@tracker All of 4 nodes getting started
@tracker All nodes finishes job
Trial 481 finished with value: 7.81885328984925 and parameters: {'objective': 'reg:squarederror', 'tree_method': 'gpu_hist', 'lambda': 0.009953159184574378, 'alpha': 0.014615556732835383, 'colsample_bytree': 0.6060840289761774, 'subsample': 0.8655193794637308, 'learning_rate': 0.008806764998643371, 'max_depth': 20, 'min_child_weight': 264, 'eval_metric': 'rmse'}. Best is trial 79 with value: 7.812327109628506.
start listen on 192.168.1.101:49747
@tracker All of 4 nodes getting started
@tracker All nodes finishes job
Trial 482 finished with value: 7.820394053525751 and parameters: {'objective': 'reg:squarederror', 'tree_method': 'gpu_hist', 'lambda': 0.013010618870647394, 'alpha': 0.011992291781879525, 'colsample_bytree': 0.6204569094426096, 'subsample': 0.8669951614979831, 'learning_rate': 0.009118763298723579, 'max_depth': 11, 'min_child_weight': 278, 'eval_metric': 'rmse'}. Best is trial 79 with value: 7.812327109628506.
start listen on 192.168.1.101:47969
@tracker All of 4 nodes getting started
@tracker All nodes finishes job
Trial 483 finished with value: 7.827445101778447 and parameters: {'objective': 'reg:squarederror', 'tree_method': 'gpu_hist', 'lambda': 0.015396869791395271, 'alpha': 1.0343680130588304, 'colsample_bytree': 0.6400565396156488, 'subsample': 0.8575207317734467, 'learning_rate': 0.010223682041709505, 'max_depth': 7, 'min_child_weight': 274, 'eval_metric': 'rmse'}. Best is trial 79 with value: 7.812327109628506.
start listen on 192.168.1.101:58813
@tracker All of 4 nodes getting started
@tracker All nodes finishes job
Trial 484 finished with value: 7.814889158173987 and parameters: {'objective': 'reg:squarederror', 'tree_method': 'gpu_hist', 'lambda': 0.008627163400362016, 'alpha': 0.012842485912976409, 'colsample_bytree': 0.5994683993215623, 'subsample': 0.85036441244174, 'learning_rate': 0.011458870727129745, 'max_depth': 15, 'min_child_weight': 265, 'eval_metric': 'rmse'}. Best is trial 79 with value: 7.812327109628506.
start listen on 192.168.1.101:53633
@tracker All of 4 nodes getting started
@tracker All nodes finishes job
Trial 485 finished with value: 7.817670137308557 and parameters: {'objective': 'reg:squarederror', 'tree_method': 'gpu_hist', 'lambda': 0.012045454790336602, 'alpha': 0.010034266047402903, 'colsample_bytree': 0.6295216583045974, 'subsample': 0.8793339917361449, 'learning_rate': 0.009908539089180693, 'max_depth': 11, 'min_child_weight': 260, 'eval_metric': 'rmse'}. Best is trial 79 with value: 7.812327109628506.
start listen on 192.168.1.101:60171
@tracker All of 4 nodes getting started
@tracker All nodes finishes job
Trial 486 finished with value: 7.82385332442386 and parameters: {'objective': 'reg:squarederror', 'tree_method': 'gpu_hist', 'lambda': 0.014294130043592071, 'alpha': 0.013491942237358738, 'colsample_bytree': 0.6620514113135592, 'subsample': 0.8884534704430721, 'learning_rate': 0.007552417250654348, 'max_depth': 11, 'min_child_weight': 189, 'eval_metric': 'rmse'}. Best is trial 79 with value: 7.812327109628506.
start listen on 192.168.1.101:57305
@tracker All of 4 nodes getting started
@tracker All nodes finishes job
Trial 487 finished with value: 7.816997646813996 and parameters: {'objective': 'reg:squarederror', 'tree_method': 'gpu_hist', 'lambda': 0.010091583939627528, 'alpha': 0.010047894364307508, 'colsample_bytree': 0.6446174936081162, 'subsample': 0.8894512481194163, 'learning_rate': 0.007985778742155442, 'max_depth': 15, 'min_child_weight': 270, 'eval_metric': 'rmse'}. Best is trial 79 with value: 7.812327109628506.
start listen on 192.168.1.101:36003
@tracker All of 4 nodes getting started
@tracker All nodes finishes job
Trial 488 finished with value: 7.8174782815963555 and parameters: {'objective': 'reg:squarederror', 'tree_method': 'gpu_hist', 'lambda': 0.018513339115257953, 'alpha': 0.01767048605529877, 'colsample_bytree': 0.6137456700031793, 'subsample': 0.8667911171998219, 'learning_rate': 0.009554388331993654, 'max_depth': 11, 'min_child_weight': 284, 'eval_metric': 'rmse'}. Best is trial 79 with value: 7.812327109628506.
start listen on 192.168.1.101:51743
@tracker All of 4 nodes getting started
@tracker All nodes finishes job
Trial 489 finished with value: 7.816413660487426 and parameters: {'objective': 'reg:squarederror', 'tree_method': 'gpu_hist', 'lambda': 0.008538421573675127, 'alpha': 0.01202190098136429, 'colsample_bytree': 0.6297914839636649, 'subsample': 0.5331649168564704, 'learning_rate': 0.010849221001191107, 'max_depth': 11, 'min_child_weight': 261, 'eval_metric': 'rmse'}. Best is trial 79 with value: 7.812327109628506.
start listen on 192.168.1.101:38579
@tracker All of 4 nodes getting started
@tracker All nodes finishes job
Trial 490 finished with value: 7.839657920821891 and parameters: {'objective': 'reg:squarederror', 'tree_method': 'gpu_hist', 'lambda': 0.012420323118064793, 'alpha': 0.008998527312073328, 'colsample_bytree': 0.5934762956560439, 'subsample': 0.707545993483879, 'learning_rate': 0.018260917206986856, 'max_depth': 3, 'min_child_weight': 264, 'eval_metric': 'rmse'}. Best is trial 79 with value: 7.812327109628506.
start listen on 192.168.1.101:48189
@tracker All of 4 nodes getting started
@tracker All nodes finishes job
Trial 491 finished with value: 7.821555493014123 and parameters: {'objective': 'reg:squarederror', 'tree_method': 'gpu_hist', 'lambda': 0.007224620650039639, 'alpha': 0.016242824031374396, 'colsample_bytree': 0.6512177162305866, 'subsample': 0.8774522119062244, 'learning_rate': 0.01725198525981836, 'max_depth': 15, 'min_child_weight': 256, 'eval_metric': 'rmse'}. Best is trial 79 with value: 7.812327109628506.
start listen on 192.168.1.101:42233
@tracker All of 4 nodes getting started
@tracker All nodes finishes job
Trial 492 finished with value: 7.8227390598629665 and parameters: {'objective': 'reg:squarederror', 'tree_method': 'gpu_hist', 'lambda': 0.016533836416888895, 'alpha': 0.0012377431774942041, 'colsample_bytree': 0.6091627645916988, 'subsample': 0.8936465566966288, 'learning_rate': 0.00844873570285501, 'max_depth': 11, 'min_child_weight': 269, 'eval_metric': 'rmse'}. Best is trial 79 with value: 7.812327109628506.
start listen on 192.168.1.101:48351
@tracker All of 4 nodes getting started
@tracker All nodes finishes job
Trial 493 finished with value: 7.815540220213973 and parameters: {'objective': 'reg:squarederror', 'tree_method': 'gpu_hist', 'lambda': 0.011272962643122275, 'alpha': 0.22169832086716543, 'colsample_bytree': 0.6703485011279594, 'subsample': 0.8713804788813359, 'learning_rate': 0.016001009892864817, 'max_depth': 11, 'min_child_weight': 256, 'eval_metric': 'rmse'}. Best is trial 79 with value: 7.812327109628506.
start listen on 192.168.1.101:35367
@tracker All of 4 nodes getting started
@tracker All nodes finishes job
Trial 494 finished with value: 7.874428953943266 and parameters: {'objective': 'reg:squarederror', 'tree_method': 'gpu_hist', 'lambda': 0.019929559315292982, 'alpha': 0.014130230043582302, 'colsample_bytree': 0.6204962247040091, 'subsample': 0.9021034522393533, 'learning_rate': 0.042425147865192955, 'max_depth': 15, 'min_child_weight': 261, 'eval_metric': 'rmse'}. Best is trial 79 with value: 7.812327109628506.
start listen on 192.168.1.101:35949
@tracker All of 4 nodes getting started
@tracker All nodes finishes job
Trial 495 finished with value: 8.095418715640069 and parameters: {'objective': 'reg:squarederror', 'tree_method': 'gpu_hist', 'lambda': 0.009116554149570936, 'alpha': 0.01111622213977076, 'colsample_bytree': 0.6366670684094932, 'subsample': 0.8829450567616076, 'learning_rate': 0.0011833172149573446, 'max_depth': 11, 'min_child_weight': 277, 'eval_metric': 'rmse'}. Best is trial 79 with value: 7.812327109628506.
start listen on 192.168.1.101:53179
@tracker All of 4 nodes getting started
@tracker All nodes finishes job
Trial 496 finished with value: 7.81513871855923 and parameters: {'objective': 'reg:squarederror', 'tree_method': 'gpu_hist', 'lambda': 0.013022688428256109, 'alpha': 0.0016011233280405733, 'colsample_bytree': 0.601164892712919, 'subsample': 0.8907682406905271, 'learning_rate': 0.012409846767211826, 'max_depth': 11, 'min_child_weight': 250, 'eval_metric': 'rmse'}. Best is trial 79 with value: 7.812327109628506.
start listen on 192.168.1.101:35681
@tracker All of 4 nodes getting started
@tracker All nodes finishes job
Trial 497 finished with value: 7.816561896963375 and parameters: {'objective': 'reg:squarederror', 'tree_method': 'gpu_hist', 'lambda': 0.026146450976059388, 'alpha': 0.008672132748211683, 'colsample_bytree': 0.6530711795534652, 'subsample': 0.8334006940949799, 'learning_rate': 0.009426163130238923, 'max_depth': 15, 'min_child_weight': 264, 'eval_metric': 'rmse'}. Best is trial 79 with value: 7.812327109628506.
start listen on 192.168.1.101:40629
@tracker All of 4 nodes getting started
@tracker All nodes finishes job
Trial 498 finished with value: 7.82241028956791 and parameters: {'objective': 'reg:squarederror', 'tree_method': 'gpu_hist', 'lambda': 0.007536469048473269, 'alpha': 0.003638579324530461, 'colsample_bytree': 0.6810151385397457, 'subsample': 0.8576864388915331, 'learning_rate': 0.02176324996620606, 'max_depth': 11, 'min_child_weight': 257, 'eval_metric': 'rmse'}. Best is trial 79 with value: 7.812327109628506.
start listen on 192.168.1.101:57635
@tracker All of 4 nodes getting started
@tracker All nodes finishes job
Trial 499 finished with value: 7.819019970777749 and parameters: {'objective': 'reg:squarederror', 'tree_method': 'gpu_hist', 'lambda': 2.076982686983617, 'alpha': 0.4077338147250589, 'colsample_bytree': 0.6212140354256698, 'subsample': 0.8434369677626523, 'learning_rate': 0.014954811193193146, 'max_depth': 13, 'min_child_weight': 268, 'eval_metric': 'rmse'}. Best is trial 79 with value: 7.812327109628506.
start listen on 192.168.1.101:38063
@tracker All of 4 nodes getting started
@tracker All nodes finishes job
Trial 500 finished with value: 7.823413779882792 and parameters: {'objective': 'reg:squarederror', 'tree_method': 'gpu_hist', 'lambda': 0.01490510885268942, 'alpha': 0.02039770227963716, 'colsample_bytree': 0.640660484438388, 'subsample': 0.7803261342289106, 'learning_rate': 0.019176525465317878, 'max_depth': 5, 'min_child_weight': 249, 'eval_metric': 'rmse'}. Best is trial 79 with value: 7.812327109628506.
start listen on 192.168.1.101:42933
@tracker All of 4 nodes getting started
@tracker All nodes finishes job
Trial 501 finished with value: 7.819644372294496 and parameters: {'objective': 'reg:squarederror', 'tree_method': 'gpu_hist', 'lambda': 0.010533574635239228, 'alpha': 0.010411923510163379, 'colsample_bytree': 0.5848337099228079, 'subsample': 0.9010968398017113, 'learning_rate': 0.010525234746502268, 'max_depth': 11, 'min_child_weight': 99, 'eval_metric': 'rmse'}. Best is trial 79 with value: 7.812327109628506.
start listen on 192.168.1.101:33027
@tracker All of 4 nodes getting started
@tracker All nodes finishes job
Trial 502 finished with value: 7.816515555398198 and parameters: {'objective': 'reg:squarederror', 'tree_method': 'gpu_hist', 'lambda': 0.5238460896762893, 'alpha': 0.001175908361667991, 'colsample_bytree': 0.6028543530050877, 'subsample': 0.9060002510931582, 'learning_rate': 0.011348045155241964, 'max_depth': 15, 'min_child_weight': 255, 'eval_metric': 'rmse'}. Best is trial 79 with value: 7.812327109628506.
start listen on 192.168.1.101:40375
@tracker All of 4 nodes getting started
@tracker All nodes finishes job
Trial 503 finished with value: 7.815643490014434 and parameters: {'objective': 'reg:squarederror', 'tree_method': 'gpu_hist', 'lambda': 0.0014287524506855765, 'alpha': 0.0014077024871526234, 'colsample_bytree': 0.6639532728834056, 'subsample': 0.7406622214509221, 'learning_rate': 0.015868455798274905, 'max_depth': 11, 'min_child_weight': 274, 'eval_metric': 'rmse'}. Best is trial 79 with value: 7.812327109628506.
start listen on 192.168.1.101:34473
@tracker All of 4 nodes getting started
@tracker All nodes finishes job
