Trial 588 finished with value: 7.8427233889230425 and parameters: {'objective': 'reg:squarederror', 'tree_method': 'gpu_hist', 'lambda': 0.13164082059798157, 'alpha': 0.12126351141342322, 'colsample_bytree': 0.5896813765848673, 'subsample': 0.8828799817669127, 'learning_rate': 0.017712124408115797, 'max_depth': 3, 'min_child_weight': 242, 'eval_metric': 'rmse'}. Best is trial 581 with value: 7.8118814731889445.
start listen on 192.168.1.101:42873
@tracker All of 4 nodes getting started
@tracker All nodes finishes job
Trial 589 finished with value: 7.81548548437198 and parameters: {'objective': 'reg:squarederror', 'tree_method': 'gpu_hist', 'lambda': 0.011276456939703751, 'alpha': 0.008243974639322508, 'colsample_bytree': 0.6459598477923232, 'subsample': 0.9539701504473851, 'learning_rate': 0.01573481752946697, 'max_depth': 11, 'min_child_weight': 252, 'eval_metric': 'rmse'}. Best is trial 581 with value: 7.8118814731889445.
start listen on 192.168.1.101:36003
@tracker All of 4 nodes getting started
@tracker All nodes finishes job
Trial 590 finished with value: 7.818260237408043 and parameters: {'objective': 'reg:squarederror', 'tree_method': 'gpu_hist', 'lambda': 0.00782683084914542, 'alpha': 0.010453973461852905, 'colsample_bytree': 0.6137817813704077, 'subsample': 0.904747659136695, 'learning_rate': 0.01415301486324293, 'max_depth': 15, 'min_child_weight': 246, 'eval_metric': 'rmse'}. Best is trial 581 with value: 7.8118814731889445.
start listen on 192.168.1.101:52605
@tracker All of 4 nodes getting started
@tracker All nodes finishes job
Trial 591 finished with value: 7.814843814258183 and parameters: {'objective': 'reg:squarederror', 'tree_method': 'gpu_hist', 'lambda': 0.015452972515387594, 'alpha': 0.07468512751618613, 'colsample_bytree': 0.6758548234085678, 'subsample': 0.9149611219543673, 'learning_rate': 0.011676553703259684, 'max_depth': 11, 'min_child_weight': 236, 'eval_metric': 'rmse'}. Best is trial 581 with value: 7.8118814731889445.
start listen on 192.168.1.101:34931
@tracker All of 4 nodes getting started
@tracker All nodes finishes job
Trial 592 finished with value: 7.813564991962673 and parameters: {'objective': 'reg:squarederror', 'tree_method': 'gpu_hist', 'lambda': 9.1307735871001, 'alpha': 0.01428792764345032, 'colsample_bytree': 0.6343061094089809, 'subsample': 0.9210713469345654, 'learning_rate': 0.013045984634212566, 'max_depth': 15, 'min_child_weight': 255, 'eval_metric': 'rmse'}. Best is trial 581 with value: 7.8118814731889445.
start listen on 192.168.1.101:35701
@tracker All of 4 nodes getting started
@tracker All nodes finishes job
Trial 593 finished with value: 7.814946675753877 and parameters: {'objective': 'reg:squarederror', 'tree_method': 'gpu_hist', 'lambda': 0.03323448393255352, 'alpha': 0.01465117878158498, 'colsample_bytree': 0.6561897336381379, 'subsample': 0.9388339175657571, 'learning_rate': 0.013365920594229535, 'max_depth': 11, 'min_child_weight': 227, 'eval_metric': 'rmse'}. Best is trial 581 with value: 7.8118814731889445.
start listen on 192.168.1.101:46045
@tracker All of 4 nodes getting started
@tracker All nodes finishes job
Trial 594 finished with value: 7.832588813288031 and parameters: {'objective': 'reg:squarederror', 'tree_method': 'gpu_hist', 'lambda': 3.774501474807497, 'alpha': 0.017562263302006692, 'colsample_bytree': 0.6368909952815278, 'subsample': 0.9278227755200068, 'learning_rate': 0.012961213105834337, 'max_depth': 5, 'min_child_weight': 242, 'eval_metric': 'rmse'}. Best is trial 581 with value: 7.8118814731889445.
start listen on 192.168.1.101:35233
@tracker All of 4 nodes getting started
@tracker All nodes finishes job
Trial 595 finished with value: 7.815306992735946 and parameters: {'objective': 'reg:squarederror', 'tree_method': 'gpu_hist', 'lambda': 2.492937884831663, 'alpha': 0.013938608453177957, 'colsample_bytree': 0.6492688829519293, 'subsample': 0.9481311143675993, 'learning_rate': 0.015141690998876222, 'max_depth': 11, 'min_child_weight': 250, 'eval_metric': 'rmse'}. Best is trial 581 with value: 7.8118814731889445.
start listen on 192.168.1.101:56823
@tracker All of 4 nodes getting started
@tracker All nodes finishes job
Trial 596 finished with value: 7.818430733423402 and parameters: {'objective': 'reg:squarederror', 'tree_method': 'gpu_hist', 'lambda': 6.174390207314789, 'alpha': 0.021905222081685174, 'colsample_bytree': 0.6001726706478904, 'subsample': 0.9250214876735116, 'learning_rate': 0.01386851121006475, 'max_depth': 15, 'min_child_weight': 232, 'eval_metric': 'rmse'}. Best is trial 581 with value: 7.8118814731889445.
start listen on 192.168.1.101:47341
@tracker All of 4 nodes getting started
@tracker All nodes finishes job
Trial 597 finished with value: 7.818420672119068 and parameters: {'objective': 'reg:squarederror', 'tree_method': 'gpu_hist', 'lambda': 0.07690310721055148, 'alpha': 0.018510491571125248, 'colsample_bytree': 0.6202269974299535, 'subsample': 0.7657018368144382, 'learning_rate': 0.01592877882874288, 'max_depth': 11, 'min_child_weight': 256, 'eval_metric': 'rmse'}. Best is trial 581 with value: 7.8118814731889445.
start listen on 192.168.1.101:46601
@tracker All of 4 nodes getting started
@tracker All nodes finishes job
Trial 598 finished with value: 7.8150174024201915 and parameters: {'objective': 'reg:squarederror', 'tree_method': 'gpu_hist', 'lambda': 8.537428551335516, 'alpha': 0.014221644032029109, 'colsample_bytree': 0.669533412282991, 'subsample': 0.9178282409925992, 'learning_rate': 0.012554816990355988, 'max_depth': 13, 'min_child_weight': 246, 'eval_metric': 'rmse'}. Best is trial 581 with value: 7.8118814731889445.
start listen on 192.168.1.101:52605
@tracker All of 4 nodes getting started
@tracker All nodes finishes job
Trial 599 finished with value: 7.82219948134223 and parameters: {'objective': 'reg:squarederror', 'tree_method': 'gpu_hist', 'lambda': 0.02584959866572009, 'alpha': 0.012095349708939102, 'colsample_bytree': 0.6924830089122832, 'subsample': 0.9363799672390103, 'learning_rate': 0.017856976895937283, 'max_depth': 15, 'min_child_weight': 258, 'eval_metric': 'rmse'}. Best is trial 581 with value: 7.8118814731889445.
start listen on 192.168.1.101:34379
@tracker All of 4 nodes getting started
@tracker All nodes finishes job
Trial 600 finished with value: 7.815677406508001 and parameters: {'objective': 'reg:squarederror', 'tree_method': 'gpu_hist', 'lambda': 0.013031797631134365, 'alpha': 0.0031180662279244697, 'colsample_bytree': 0.6361481051569728, 'subsample': 0.8962730276964288, 'learning_rate': 0.014230632161600738, 'max_depth': 11, 'min_child_weight': 239, 'eval_metric': 'rmse'}. Best is trial 581 with value: 7.8118814731889445.
start listen on 192.168.1.101:33015
@tracker All of 4 nodes getting started
@tracker All nodes finishes job
Trial 601 finished with value: 7.815412412595271 and parameters: {'objective': 'reg:squarederror', 'tree_method': 'gpu_hist', 'lambda': 7.1275650957888965, 'alpha': 0.016154976988296325, 'colsample_bytree': 0.6157779454357208, 'subsample': 0.8283400736897973, 'learning_rate': 0.011700019205573247, 'max_depth': 15, 'min_child_weight': 266, 'eval_metric': 'rmse'}. Best is trial 581 with value: 7.8118814731889445.
start listen on 192.168.1.101:57391
@tracker All of 4 nodes getting started
@tracker All nodes finishes job
Trial 602 finished with value: 7.8157102383722075 and parameters: {'objective': 'reg:squarederror', 'tree_method': 'gpu_hist', 'lambda': 0.009607845908239647, 'alpha': 0.012488362071838535, 'colsample_bytree': 0.5818435702326941, 'subsample': 0.9116207864540676, 'learning_rate': 0.016296469075399264, 'max_depth': 9, 'min_child_weight': 252, 'eval_metric': 'rmse'}. Best is trial 581 with value: 7.8118814731889445.
start listen on 192.168.1.101:43487
@tracker All of 4 nodes getting started
@tracker All nodes finishes job
Trial 603 finished with value: 7.815519990874278 and parameters: {'objective': 'reg:squarederror', 'tree_method': 'gpu_hist', 'lambda': 0.18740521339020258, 'alpha': 0.14379296650354506, 'colsample_bytree': 0.654425270107305, 'subsample': 0.4764486897317926, 'learning_rate': 0.013194678042224286, 'max_depth': 11, 'min_child_weight': 247, 'eval_metric': 'rmse'}. Best is trial 581 with value: 7.8118814731889445.
start listen on 192.168.1.101:58679
@tracker All of 4 nodes getting started
@tracker All nodes finishes job
Trial 604 finished with value: 7.850209574412853 and parameters: {'objective': 'reg:squarederror', 'tree_method': 'gpu_hist', 'lambda': 0.01999272607284821, 'alpha': 0.02438729654401521, 'colsample_bytree': 0.5990482287059876, 'subsample': 0.8827732158494118, 'learning_rate': 0.003167192075491641, 'max_depth': 11, 'min_child_weight': 259, 'eval_metric': 'rmse'}. Best is trial 581 with value: 7.8118814731889445.
start listen on 192.168.1.101:49715
@tracker All of 4 nodes getting started
@tracker All nodes finishes job
Trial 605 finished with value: 7.818219967316415 and parameters: {'objective': 'reg:squarederror', 'tree_method': 'gpu_hist', 'lambda': 0.04262596734684326, 'alpha': 0.015297406659329956, 'colsample_bytree': 0.6292636714785802, 'subsample': 0.9225005923319245, 'learning_rate': 0.015359894433774089, 'max_depth': 15, 'min_child_weight': 268, 'eval_metric': 'rmse'}. Best is trial 581 with value: 7.8118814731889445.
start listen on 192.168.1.101:52937
@tracker All of 4 nodes getting started
@tracker All nodes finishes job
Trial 606 finished with value: 7.815135573462919 and parameters: {'objective': 'reg:squarederror', 'tree_method': 'gpu_hist', 'lambda': 1.960559810265019, 'alpha': 0.010583112788487127, 'colsample_bytree': 0.7141699440620697, 'subsample': 0.7880616215478677, 'learning_rate': 0.012362749336720814, 'max_depth': 11, 'min_child_weight': 286, 'eval_metric': 'rmse'}. Best is trial 581 with value: 7.8118814731889445.
start listen on 192.168.1.101:53499
@tracker All of 4 nodes getting started
@tracker All nodes finishes job
Trial 607 finished with value: 7.828452783757314 and parameters: {'objective': 'reg:squarederror', 'tree_method': 'gpu_hist', 'lambda': 1.5862393223007836, 'alpha': 0.00376600988401383, 'colsample_bytree': 0.641995503347964, 'subsample': 0.9391441314321046, 'learning_rate': 0.019143875352991467, 'max_depth': 17, 'min_child_weight': 239, 'eval_metric': 'rmse'}. Best is trial 581 with value: 7.8118814731889445.
start listen on 192.168.1.101:45671
@tracker All of 4 nodes getting started
@tracker All nodes finishes job
Trial 608 finished with value: 7.820720322838417 and parameters: {'objective': 'reg:squarederror', 'tree_method': 'gpu_hist', 'lambda': 8.966298918856001, 'alpha': 0.01025058727495024, 'colsample_bytree': 0.6706747620487512, 'subsample': 0.738454560653937, 'learning_rate': 0.016736149412265262, 'max_depth': 15, 'min_child_weight': 255, 'eval_metric': 'rmse'}. Best is trial 581 with value: 7.8118814731889445.
start listen on 192.168.1.101:56201
@tracker All of 4 nodes getting started
@tracker All nodes finishes job
Trial 609 finished with value: 7.818012381825779 and parameters: {'objective': 'reg:squarederror', 'tree_method': 'gpu_hist', 'lambda': 4.741362632106055, 'alpha': 0.012518031655875976, 'colsample_bytree': 0.6150143029618336, 'subsample': 0.8964347783576596, 'learning_rate': 0.01445606057485951, 'max_depth': 11, 'min_child_weight': 243, 'eval_metric': 'rmse'}. Best is trial 581 with value: 7.8118814731889445.
start listen on 192.168.1.101:37571
@tracker All of 4 nodes getting started
@tracker All nodes finishes job
Trial 610 finished with value: 7.8168599646933865 and parameters: {'objective': 'reg:squarederror', 'tree_method': 'gpu_hist', 'lambda': 0.01151071098518972, 'alpha': 0.017643572693188704, 'colsample_bytree': 0.6525464189432882, 'subsample': 0.9610012871814275, 'learning_rate': 0.010995971847406276, 'max_depth': 11, 'min_child_weight': 250, 'eval_metric': 'rmse'}. Best is trial 581 with value: 7.8118814731889445.
start listen on 192.168.1.101:46413
@tracker All of 4 nodes getting started
@tracker All nodes finishes job
Trial 611 finished with value: 7.815560183863965 and parameters: {'objective': 'reg:squarederror', 'tree_method': 'gpu_hist', 'lambda': 0.008510597421001876, 'alpha': 0.01945689002584732, 'colsample_bytree': 0.6022159150317381, 'subsample': 0.795908995847749, 'learning_rate': 0.013489179035145198, 'max_depth': 20, 'min_child_weight': 272, 'eval_metric': 'rmse'}. Best is trial 581 with value: 7.8118814731889445.
start listen on 192.168.1.101:36031
@tracker All of 4 nodes getting started
@tracker All nodes finishes job
Trial 612 finished with value: 7.8217638591801055 and parameters: {'objective': 'reg:squarederror', 'tree_method': 'gpu_hist', 'lambda': 5.466970168504594, 'alpha': 0.006261884010206926, 'colsample_bytree': 0.6308455889038306, 'subsample': 0.8556513127743288, 'learning_rate': 0.017562683544716535, 'max_depth': 15, 'min_child_weight': 262, 'eval_metric': 'rmse'}. Best is trial 581 with value: 7.8118814731889445.
start listen on 192.168.1.101:40263
@tracker All of 4 nodes getting started
@tracker All nodes finishes job
Trial 613 finished with value: 7.818456335356632 and parameters: {'objective': 'reg:squarederror', 'tree_method': 'gpu_hist', 'lambda': 0.09365761203437052, 'alpha': 0.10158277199798989, 'colsample_bytree': 0.6647735037917156, 'subsample': 0.9100325573900296, 'learning_rate': 0.011758020781301195, 'max_depth': 11, 'min_child_weight': 228, 'eval_metric': 'rmse'}. Best is trial 581 with value: 7.8118814731889445.
start listen on 192.168.1.101:53691
@tracker All of 4 nodes getting started
@tracker All nodes finishes job
Trial 614 finished with value: 7.819860847165366 and parameters: {'objective': 'reg:squarederror', 'tree_method': 'gpu_hist', 'lambda': 0.007132769387604347, 'alpha': 0.008567017112102606, 'colsample_bytree': 0.5882776689627992, 'subsample': 0.8737742072033793, 'learning_rate': 0.014884224879198908, 'max_depth': 15, 'min_child_weight': 234, 'eval_metric': 'rmse'}. Best is trial 581 with value: 7.8118814731889445.
start listen on 192.168.1.101:35317
@tracker All of 4 nodes getting started
@tracker All nodes finishes job
Trial 615 finished with value: 7.8224815795116145 and parameters: {'objective': 'reg:squarederror', 'tree_method': 'gpu_hist', 'lambda': 0.05494155874016605, 'alpha': 0.013632524861676168, 'colsample_bytree': 0.6413420274358511, 'subsample': 0.9218572082581121, 'learning_rate': 0.013078397714098418, 'max_depth': 7, 'min_child_weight': 254, 'eval_metric': 'rmse'}. Best is trial 581 with value: 7.8118814731889445.
start listen on 192.168.1.101:42389
@tracker All of 4 nodes getting started
@tracker All nodes finishes job
Trial 616 finished with value: 7.817354688566898 and parameters: {'objective': 'reg:squarederror', 'tree_method': 'gpu_hist', 'lambda': 0.013849230494389958, 'alpha': 0.004854038227474303, 'colsample_bytree': 0.6847895941764536, 'subsample': 0.750573252340069, 'learning_rate': 0.015770536642603458, 'max_depth': 11, 'min_child_weight': 275, 'eval_metric': 'rmse'}. Best is trial 581 with value: 7.8118814731889445.
start listen on 192.168.1.101:46511
@tracker All of 4 nodes getting started
@tracker All nodes finishes job
Trial 617 finished with value: 7.816199928201668 and parameters: {'objective': 'reg:squarederror', 'tree_method': 'gpu_hist', 'lambda': 0.01045168772812298, 'alpha': 0.010043351740589781, 'colsample_bytree': 0.6219778630236498, 'subsample': 0.9314194652287116, 'learning_rate': 0.011313474961378881, 'max_depth': 11, 'min_child_weight': 246, 'eval_metric': 'rmse'}. Best is trial 581 with value: 7.8118814731889445.
start listen on 192.168.1.101:33559
@tracker All of 4 nodes getting started
@tracker All nodes finishes job
Trial 618 finished with value: 7.821227057418623 and parameters: {'objective': 'reg:squarederror', 'tree_method': 'gpu_hist', 'lambda': 0.1449239447854447, 'alpha': 0.012715282730782287, 'colsample_bytree': 0.6117880582062178, 'subsample': 0.8882734589765734, 'learning_rate': 0.01913636899471186, 'max_depth': 15, 'min_child_weight': 265, 'eval_metric': 'rmse'}. Best is trial 581 with value: 7.8118814731889445.
start listen on 192.168.1.101:47975
@tracker All of 4 nodes getting started
@tracker All nodes finishes job
Trial 619 finished with value: 7.849416793147445 and parameters: {'objective': 'reg:squarederror', 'tree_method': 'gpu_hist', 'lambda': 0.01817491471514769, 'alpha': 0.006881715131014672, 'colsample_bytree': 0.6595367294933225, 'subsample': 0.9478929592715268, 'learning_rate': 0.01426768085773232, 'max_depth': 3, 'min_child_weight': 259, 'eval_metric': 'rmse'}. Best is trial 581 with value: 7.8118814731889445.
start listen on 192.168.1.101:55313
@tracker All of 4 nodes getting started
@tracker All nodes finishes job
Trial 620 finished with value: 7.81789334593562 and parameters: {'objective': 'reg:squarederror', 'tree_method': 'gpu_hist', 'lambda': 0.06261605090965174, 'alpha': 0.0028328996090182627, 'colsample_bytree': 0.6390612842129361, 'subsample': 0.9086443312567527, 'learning_rate': 0.017063197933174592, 'max_depth': 11, 'min_child_weight': 250, 'eval_metric': 'rmse'}. Best is trial 581 with value: 7.8118814731889445.
start listen on 192.168.1.101:36625
@tracker All of 4 nodes getting started
@tracker All nodes finishes job
Trial 621 finished with value: 7.824030844954674 and parameters: {'objective': 'reg:squarederror', 'tree_method': 'gpu_hist', 'lambda': 0.12107864908943951, 'alpha': 0.009308807958890896, 'colsample_bytree': 0.6031982246393085, 'subsample': 0.7784735850376759, 'learning_rate': 0.013327133952749171, 'max_depth': 15, 'min_child_weight': 75, 'eval_metric': 'rmse'}. Best is trial 581 with value: 7.8118814731889445.
start listen on 192.168.1.101:38411
@tracker All of 4 nodes getting started
@tracker All nodes finishes job
Trial 622 finished with value: 7.815809361203955 and parameters: {'objective': 'reg:squarederror', 'tree_method': 'gpu_hist', 'lambda': 0.016079815482672535, 'alpha': 0.005463815822826763, 'colsample_bytree': 0.6232621345211355, 'subsample': 0.8998610063487035, 'learning_rate': 0.01239889160333188, 'max_depth': 11, 'min_child_weight': 239, 'eval_metric': 'rmse'}. Best is trial 581 with value: 7.8118814731889445.
start listen on 192.168.1.101:51629
@tracker All of 4 nodes getting started
@tracker All nodes finishes job
Trial 623 finished with value: 7.815618018320942 and parameters: {'objective': 'reg:squarederror', 'tree_method': 'gpu_hist', 'lambda': 0.008933647208862989, 'alpha': 0.016055815640005425, 'colsample_bytree': 0.5776608842964508, 'subsample': 0.8347643900147835, 'learning_rate': 0.01543853838574005, 'max_depth': 11, 'min_child_weight': 257, 'eval_metric': 'rmse'}. Best is trial 581 with value: 7.8118814731889445.
start listen on 192.168.1.101:51141
@tracker All of 4 nodes getting started
@tracker All nodes finishes job
Trial 624 finished with value: 7.81353518904775 and parameters: {'objective': 'reg:squarederror', 'tree_method': 'gpu_hist', 'lambda': 0.013660672626867447, 'alpha': 0.0216634591093669, 'colsample_bytree': 0.64455962330721, 'subsample': 0.8772034855037095, 'learning_rate': 0.010735088797809782, 'max_depth': 15, 'min_child_weight': 244, 'eval_metric': 'rmse'}. Best is trial 581 with value: 7.8118814731889445.
start listen on 192.168.1.101:33255
@tracker All of 4 nodes getting started
@tracker All nodes finishes job
Trial 625 finished with value: 7.819067700051393 and parameters: {'objective': 'reg:squarederror', 'tree_method': 'gpu_hist', 'lambda': 0.02313664327732426, 'alpha': 0.044111769066389264, 'colsample_bytree': 0.6285054862238378, 'subsample': 0.8693773185325111, 'learning_rate': 0.02059326641891492, 'max_depth': 11, 'min_child_weight': 267, 'eval_metric': 'rmse'}. Best is trial 581 with value: 7.8118814731889445.
start listen on 192.168.1.101:53879
@tracker All of 4 nodes getting started
@tracker All nodes finishes job
Trial 626 finished with value: 7.815308711822224 and parameters: {'objective': 'reg:squarederror', 'tree_method': 'gpu_hist', 'lambda': 0.011617386462720774, 'alpha': 0.026049561491460198, 'colsample_bytree': 0.6087327863595257, 'subsample': 0.8789857194626428, 'learning_rate': 0.011383077958190525, 'max_depth': 15, 'min_child_weight': 251, 'eval_metric': 'rmse'}. Best is trial 581 with value: 7.8118814731889445.
start listen on 192.168.1.101:54405
@tracker All of 4 nodes getting started
@tracker All nodes finishes job
Trial 627 finished with value: 7.831306769613802 and parameters: {'objective': 'reg:squarederror', 'tree_method': 'gpu_hist', 'lambda': 0.08150679341442714, 'alpha': 0.014915168017292205, 'colsample_bytree': 0.5907737089762459, 'subsample': 0.8634843017240678, 'learning_rate': 0.013770393733242514, 'max_depth': 5, 'min_child_weight': 261, 'eval_metric': 'rmse'}. Best is trial 581 with value: 7.8118814731889445.
start listen on 192.168.1.101:52913
@tracker All of 4 nodes getting started
@tracker All nodes finishes job
Trial 628 finished with value: 7.815680570183488 and parameters: {'objective': 'reg:squarederror', 'tree_method': 'gpu_hist', 'lambda': 0.015744233712923935, 'alpha': 0.02031294612413611, 'colsample_bytree': 0.6421192958264396, 'subsample': 0.8847540381048427, 'learning_rate': 0.01584797554200659, 'max_depth': 11, 'min_child_weight': 246, 'eval_metric': 'rmse'}. Best is trial 581 with value: 7.8118814731889445.
start listen on 192.168.1.101:35255
@tracker All of 4 nodes getting started
@tracker All nodes finishes job
Trial 629 finished with value: 7.821472684882585 and parameters: {'objective': 'reg:squarederror', 'tree_method': 'gpu_hist', 'lambda': 0.2149256023804506, 'alpha': 0.022344909696355223, 'colsample_bytree': 0.6744978747221035, 'subsample': 0.8557023127814437, 'learning_rate': 0.01811828624235689, 'max_depth': 15, 'min_child_weight': 256, 'eval_metric': 'rmse'}. Best is trial 581 with value: 7.8118814731889445.
start listen on 192.168.1.101:55813
@tracker All of 4 nodes getting started
@tracker All nodes finishes job
