Trial 839 finished with value: 7.815383415987073 and parameters: {'objective': 'reg:squarederror', 'tree_method': 'gpu_hist', 'lambda': 0.015059376090776405, 'alpha': 0.16762606805984434, 'colsample_bytree': 0.6400831207932499, 'subsample': 0.7703922405901519, 'learning_rate': 0.012196392768110641, 'max_depth': 15, 'min_child_weight': 300, 'eval_metric': 'rmse'}. Best is trial 581 with value: 7.8118814731889445.
start listen on 192.168.1.101:42345
@tracker All of 4 nodes getting started
@tracker All nodes finishes job
Trial 840 finished with value: 7.816948817692012 and parameters: {'objective': 'reg:squarederror', 'tree_method': 'gpu_hist', 'lambda': 0.012597012478206049, 'alpha': 0.01321552953447031, 'colsample_bytree': 0.6767051399412695, 'subsample': 0.7739975778705753, 'learning_rate': 0.013774988148903522, 'max_depth': 15, 'min_child_weight': 253, 'eval_metric': 'rmse'}. Best is trial 581 with value: 7.8118814731889445.
start listen on 192.168.1.101:33433
@tracker All of 4 nodes getting started
@tracker All nodes finishes job
Trial 841 finished with value: 7.81360573009732 and parameters: {'objective': 'reg:squarederror', 'tree_method': 'gpu_hist', 'lambda': 0.024998711228291816, 'alpha': 0.11686248838158897, 'colsample_bytree': 0.6198645691707292, 'subsample': 0.8064683871670628, 'learning_rate': 0.010451274626058419, 'max_depth': 15, 'min_child_weight': 265, 'eval_metric': 'rmse'}. Best is trial 581 with value: 7.8118814731889445.
start listen on 192.168.1.101:59767
@tracker All of 4 nodes getting started
@tracker All nodes finishes job
Trial 842 finished with value: 7.814032248840396 and parameters: {'objective': 'reg:squarederror', 'tree_method': 'gpu_hist', 'lambda': 0.0356481534935484, 'alpha': 0.15650065786913497, 'colsample_bytree': 0.6118094246378661, 'subsample': 0.8057889497058985, 'learning_rate': 0.008380687836056734, 'max_depth': 15, 'min_child_weight': 270, 'eval_metric': 'rmse'}. Best is trial 581 with value: 7.8118814731889445.
start listen on 192.168.1.101:40563
@tracker All of 4 nodes getting started
@tracker All nodes finishes job
Trial 843 finished with value: 7.85895132908145 and parameters: {'objective': 'reg:squarederror', 'tree_method': 'gpu_hist', 'lambda': 0.02187971691900382, 'alpha': 0.11265656186382683, 'colsample_bytree': 0.6180161402934574, 'subsample': 0.8031574564279665, 'learning_rate': 0.009803054987257103, 'max_depth': 3, 'min_child_weight': 276, 'eval_metric': 'rmse'}. Best is trial 581 with value: 7.8118814731889445.
start listen on 192.168.1.101:48271
@tracker All of 4 nodes getting started
@tracker All nodes finishes job
Trial 844 finished with value: 7.817176238289273 and parameters: {'objective': 'reg:squarederror', 'tree_method': 'gpu_hist', 'lambda': 0.02789477836471624, 'alpha': 0.1402668444988054, 'colsample_bytree': 0.6044837815596874, 'subsample': 0.8134699696705153, 'learning_rate': 0.009695574854036987, 'max_depth': 15, 'min_child_weight': 265, 'eval_metric': 'rmse'}. Best is trial 581 with value: 7.8118814731889445.
start listen on 192.168.1.101:33773
@tracker All of 4 nodes getting started
@tracker All nodes finishes job
Trial 845 finished with value: 7.820543600321356 and parameters: {'objective': 'reg:squarederror', 'tree_method': 'gpu_hist', 'lambda': 0.02365545767749201, 'alpha': 0.09703121320992311, 'colsample_bytree': 0.6216513562943702, 'subsample': 0.7961801271274792, 'learning_rate': 0.016570052686161275, 'max_depth': 15, 'min_child_weight': 267, 'eval_metric': 'rmse'}. Best is trial 581 with value: 7.8118814731889445.
start listen on 192.168.1.101:41543
@tracker All of 4 nodes getting started
@tracker All nodes finishes job
Trial 846 finished with value: 7.818055161529826 and parameters: {'objective': 'reg:squarederror', 'tree_method': 'gpu_hist', 'lambda': 0.0332954632816093, 'alpha': 0.10942294580019254, 'colsample_bytree': 0.6259271116171897, 'subsample': 0.7993583712402608, 'learning_rate': 0.029988785203106404, 'max_depth': 5, 'min_child_weight': 278, 'eval_metric': 'rmse'}. Best is trial 581 with value: 7.8118814731889445.
start listen on 192.168.1.101:47551
@tracker All of 4 nodes getting started
@tracker All nodes finishes job
Trial 847 finished with value: 7.815630585330536 and parameters: {'objective': 'reg:squarederror', 'tree_method': 'gpu_hist', 'lambda': 0.04653177217989848, 'alpha': 0.11520523021601714, 'colsample_bytree': 0.5992372546011995, 'subsample': 0.7877936431460817, 'learning_rate': 0.010583403133691147, 'max_depth': 15, 'min_child_weight': 261, 'eval_metric': 'rmse'}. Best is trial 581 with value: 7.8118814731889445.
start listen on 192.168.1.101:35353
@tracker All of 4 nodes getting started
@tracker All nodes finishes job
Trial 848 finished with value: 7.816066988740271 and parameters: {'objective': 'reg:squarederror', 'tree_method': 'gpu_hist', 'lambda': 0.024520212076622194, 'alpha': 0.2967435581413775, 'colsample_bytree': 0.6095690573996383, 'subsample': 0.8228173175322708, 'learning_rate': 0.019279829214909505, 'max_depth': 9, 'min_child_weight': 266, 'eval_metric': 'rmse'}. Best is trial 581 with value: 7.8118814731889445.
start listen on 192.168.1.101:50773
@tracker All of 4 nodes getting started
@tracker All nodes finishes job
Trial 849 finished with value: 7.817968191045744 and parameters: {'objective': 'reg:squarederror', 'tree_method': 'gpu_hist', 'lambda': 0.06688403144621018, 'alpha': 0.4743405883041543, 'colsample_bytree': 0.6310662143993027, 'subsample': 0.9379611222371338, 'learning_rate': 0.00897881950872659, 'max_depth': 15, 'min_child_weight': 272, 'eval_metric': 'rmse'}. Best is trial 581 with value: 7.8118814731889445.
start listen on 192.168.1.101:37823
@tracker All of 4 nodes getting started
@tracker All nodes finishes job
Trial 850 finished with value: 7.81780082178265 and parameters: {'objective': 'reg:squarederror', 'tree_method': 'gpu_hist', 'lambda': 0.016351816913313118, 'alpha': 0.11868400236010672, 'colsample_bytree': 0.6179118697439202, 'subsample': 0.8049708227733215, 'learning_rate': 0.014604156517990423, 'max_depth': 15, 'min_child_weight': 260, 'eval_metric': 'rmse'}. Best is trial 581 with value: 7.8118814731889445.
start listen on 192.168.1.101:45567
@tracker All of 4 nodes getting started
@tracker All nodes finishes job
Trial 851 finished with value: 7.821034254091416 and parameters: {'objective': 'reg:squarederror', 'tree_method': 'gpu_hist', 'lambda': 0.02443986859930356, 'alpha': 0.13210216779389422, 'colsample_bytree': 0.6335851416935242, 'subsample': 0.8115659325661592, 'learning_rate': 0.017368645004128543, 'max_depth': 15, 'min_child_weight': 258, 'eval_metric': 'rmse'}. Best is trial 581 with value: 7.8118814731889445.
start listen on 192.168.1.101:56611
@tracker All of 4 nodes getting started
@tracker All nodes finishes job
Trial 852 finished with value: 7.814084550370532 and parameters: {'objective': 'reg:squarederror', 'tree_method': 'gpu_hist', 'lambda': 0.0289288744843751, 'alpha': 0.12058951269250369, 'colsample_bytree': 0.5997972384013366, 'subsample': 0.9232908539913431, 'learning_rate': 0.010791027130157971, 'max_depth': 13, 'min_child_weight': 279, 'eval_metric': 'rmse'}. Best is trial 581 with value: 7.8118814731889445.
start listen on 192.168.1.101:40699
@tracker All of 4 nodes getting started
@tracker All nodes finishes job
Trial 853 finished with value: 7.906856065943957 and parameters: {'objective': 'reg:squarederror', 'tree_method': 'gpu_hist', 'lambda': 0.019427638921888184, 'alpha': 0.18785397027688042, 'colsample_bytree': 0.6412843830487356, 'subsample': 0.8179042139148086, 'learning_rate': 0.049240605893434514, 'max_depth': 17, 'min_child_weight': 266, 'eval_metric': 'rmse'}. Best is trial 581 with value: 7.8118814731889445.
start listen on 192.168.1.101:50785
@tracker All of 4 nodes getting started
@tracker All nodes finishes job
Trial 854 finished with value: 7.819882449129319 and parameters: {'objective': 'reg:squarederror', 'tree_method': 'gpu_hist', 'lambda': 0.018802069748447153, 'alpha': 0.07243367482556645, 'colsample_bytree': 0.6149581516373099, 'subsample': 0.9285114747199035, 'learning_rate': 0.01579221130604149, 'max_depth': 15, 'min_child_weight': 272, 'eval_metric': 'rmse'}. Best is trial 581 with value: 7.8118814731889445.
start listen on 192.168.1.101:56341
@tracker All of 4 nodes getting started
@tracker All nodes finishes job
Trial 855 finished with value: 7.8166240018797035 and parameters: {'objective': 'reg:squarederror', 'tree_method': 'gpu_hist', 'lambda': 0.11886868351556232, 'alpha': 0.10127706341184532, 'colsample_bytree': 0.6288913744375535, 'subsample': 0.9158809263295017, 'learning_rate': 0.012649053877821285, 'max_depth': 15, 'min_child_weight': 260, 'eval_metric': 'rmse'}. Best is trial 581 with value: 7.8118814731889445.
start listen on 192.168.1.101:45257
@tracker All of 4 nodes getting started
@tracker All nodes finishes job
Trial 856 finished with value: 7.817349934824469 and parameters: {'objective': 'reg:squarederror', 'tree_method': 'gpu_hist', 'lambda': 0.05045497118689982, 'alpha': 0.08222002662346449, 'colsample_bytree': 0.6449861276836127, 'subsample': 0.9570461241166773, 'learning_rate': 0.010105611125929623, 'max_depth': 15, 'min_child_weight': 254, 'eval_metric': 'rmse'}. Best is trial 581 with value: 7.8118814731889445.
start listen on 192.168.1.101:38525
@tracker All of 4 nodes getting started
@tracker All nodes finishes job
Trial 857 finished with value: 7.824326136104012 and parameters: {'objective': 'reg:squarederror', 'tree_method': 'gpu_hist', 'lambda': 0.021345664738473446, 'alpha': 0.5455120728990757, 'colsample_bytree': 0.6109952684470825, 'subsample': 0.9379715977335943, 'learning_rate': 0.011486752604645118, 'max_depth': 20, 'min_child_weight': 108, 'eval_metric': 'rmse'}. Best is trial 581 with value: 7.8118814731889445.
start listen on 192.168.1.101:47197
@tracker All of 4 nodes getting started
@tracker All nodes finishes job
Trial 858 finished with value: 7.8344178631452985 and parameters: {'objective': 'reg:squarederror', 'tree_method': 'gpu_hist', 'lambda': 0.09173542704020582, 'alpha': 0.06054816716010214, 'colsample_bytree': 0.6249828598646338, 'subsample': 0.9141181324026383, 'learning_rate': 0.007832473717126365, 'max_depth': 7, 'min_child_weight': 262, 'eval_metric': 'rmse'}. Best is trial 581 with value: 7.8118814731889445.
start listen on 192.168.1.101:53627
@tracker All of 4 nodes getting started
@tracker All nodes finishes job
Trial 859 finished with value: 7.818386695760268 and parameters: {'objective': 'reg:squarederror', 'tree_method': 'gpu_hist', 'lambda': 0.14245342900543542, 'alpha': 0.14703290405029135, 'colsample_bytree': 0.5956294034196674, 'subsample': 0.7915742974661978, 'learning_rate': 0.014226321565368938, 'max_depth': 15, 'min_child_weight': 288, 'eval_metric': 'rmse'}. Best is trial 581 with value: 7.8118814731889445.
start listen on 192.168.1.101:42897
@tracker All of 4 nodes getting started
@tracker All nodes finishes job
Trial 860 finished with value: 7.864125456713368 and parameters: {'objective': 'reg:squarederror', 'tree_method': 'gpu_hist', 'lambda': 0.06496831634068853, 'alpha': 0.3081136652032564, 'colsample_bytree': 0.650720129528187, 'subsample': 0.9257538526523743, 'learning_rate': 0.039021417113004754, 'max_depth': 15, 'min_child_weight': 271, 'eval_metric': 'rmse'}. Best is trial 581 with value: 7.8118814731889445.
start listen on 192.168.1.101:55687
@tracker All of 4 nodes getting started
@tracker All nodes finishes job
Trial 861 finished with value: 7.842134242366983 and parameters: {'objective': 'reg:squarederror', 'tree_method': 'gpu_hist', 'lambda': 0.007906870291456179, 'alpha': 0.07818976181462936, 'colsample_bytree': 0.6343846738400676, 'subsample': 0.9091108323514355, 'learning_rate': 0.01787483901469827, 'max_depth': 3, 'min_child_weight': 256, 'eval_metric': 'rmse'}. Best is trial 581 with value: 7.8118814731889445.
start listen on 192.168.1.101:38893
@tracker All of 4 nodes getting started
@tracker All nodes finishes job
Trial 862 finished with value: 7.8265451316156165 and parameters: {'objective': 'reg:squarederror', 'tree_method': 'gpu_hist', 'lambda': 0.2703533101295831, 'alpha': 0.13473860249136121, 'colsample_bytree': 0.6067012224086293, 'subsample': 0.9433166837813352, 'learning_rate': 0.020935136623012964, 'max_depth': 15, 'min_child_weight': 284, 'eval_metric': 'rmse'}. Best is trial 581 with value: 7.8118814731889445.
start listen on 192.168.1.101:47665
@tracker All of 4 nodes getting started
@tracker All nodes finishes job
Trial 863 finished with value: 7.837250868861582 and parameters: {'objective': 'reg:squarederror', 'tree_method': 'gpu_hist', 'lambda': 0.17942033248363512, 'alpha': 0.008141742066021997, 'colsample_bytree': 0.6231295424401218, 'subsample': 0.917222262964845, 'learning_rate': 0.01587532104483161, 'max_depth': 15, 'min_child_weight': 37, 'eval_metric': 'rmse'}. Best is trial 581 with value: 7.8118814731889445.
start listen on 192.168.1.101:57381
@tracker All of 4 nodes getting started
@tracker All nodes finishes job
Trial 864 finished with value: 7.811945418489661 and parameters: {'objective': 'reg:squarederror', 'tree_method': 'gpu_hist', 'lambda': 0.07838443563405259, 'alpha': 0.20533487717704557, 'colsample_bytree': 0.6469357419978475, 'subsample': 0.8070930872685357, 'learning_rate': 0.013079326631680216, 'max_depth': 15, 'min_child_weight': 266, 'eval_metric': 'rmse'}. Best is trial 581 with value: 7.8118814731889445.
start listen on 192.168.1.101:39121
@tracker All of 4 nodes getting started
@tracker All nodes finishes job
Trial 865 finished with value: 7.815052420662671 and parameters: {'objective': 'reg:squarederror', 'tree_method': 'gpu_hist', 'lambda': 0.08347506011132, 'alpha': 0.22773330022363636, 'colsample_bytree': 0.662029280166741, 'subsample': 0.7905225525744177, 'learning_rate': 0.011885145233250719, 'max_depth': 15, 'min_child_weight': 276, 'eval_metric': 'rmse'}. Best is trial 581 with value: 7.8118814731889445.
start listen on 192.168.1.101:52373
@tracker All of 4 nodes getting started
@tracker All nodes finishes job
Trial 866 finished with value: 7.8324172064163555 and parameters: {'objective': 'reg:squarederror', 'tree_method': 'gpu_hist', 'lambda': 0.0974750587346501, 'alpha': 0.17776580811453643, 'colsample_bytree': 0.6510564404579174, 'subsample': 0.8162834437181441, 'learning_rate': 0.012882061731913082, 'max_depth': 5, 'min_child_weight': 268, 'eval_metric': 'rmse'}. Best is trial 581 with value: 7.8118814731889445.
start listen on 192.168.1.101:47029
@tracker All of 4 nodes getting started
@tracker All nodes finishes job
Trial 867 finished with value: 7.8190675594157515 and parameters: {'objective': 'reg:squarederror', 'tree_method': 'gpu_hist', 'lambda': 0.07290341382091442, 'alpha': 0.28381510386260334, 'colsample_bytree': 0.6471261847110735, 'subsample': 0.8235960970543525, 'learning_rate': 0.010882605264494631, 'max_depth': 15, 'min_child_weight': 278, 'eval_metric': 'rmse'}. Best is trial 581 with value: 7.8118814731889445.
start listen on 192.168.1.101:55143
@tracker All of 4 nodes getting started
@tracker All nodes finishes job
Trial 868 finished with value: 7.815210660804778 and parameters: {'objective': 'reg:squarederror', 'tree_method': 'gpu_hist', 'lambda': 0.08302516970081286, 'alpha': 0.2156456839662411, 'colsample_bytree': 0.6705639202340862, 'subsample': 0.8057720996956356, 'learning_rate': 0.01223980559271619, 'max_depth': 13, 'min_child_weight': 270, 'eval_metric': 'rmse'}. Best is trial 581 with value: 7.8118814731889445.
start listen on 192.168.1.101:42589
@tracker All of 4 nodes getting started
@tracker All nodes finishes job
Trial 869 finished with value: 7.8225604548535195 and parameters: {'objective': 'reg:squarederror', 'tree_method': 'gpu_hist', 'lambda': 0.05763090702442957, 'alpha': 0.25182175349417935, 'colsample_bytree': 0.6601484306539458, 'subsample': 0.8163252821789814, 'learning_rate': 0.009398780196646356, 'max_depth': 9, 'min_child_weight': 267, 'eval_metric': 'rmse'}. Best is trial 581 with value: 7.8118814731889445.
start listen on 192.168.1.101:57661
@tracker All of 4 nodes getting started
@tracker All nodes finishes job
Trial 870 finished with value: 7.816427590119703 and parameters: {'objective': 'reg:squarederror', 'tree_method': 'gpu_hist', 'lambda': 0.07002410686388262, 'alpha': 0.19103153382411597, 'colsample_bytree': 0.6394733521772007, 'subsample': 0.8280931861762498, 'learning_rate': 0.013254298295273139, 'max_depth': 15, 'min_child_weight': 273, 'eval_metric': 'rmse'}. Best is trial 581 with value: 7.8118814731889445.
start listen on 192.168.1.101:35933
@tracker All of 4 nodes getting started
@tracker All nodes finishes job
Trial 871 finished with value: 7.81588099027305 and parameters: {'objective': 'reg:squarederror', 'tree_method': 'gpu_hist', 'lambda': 0.06020421485187566, 'alpha': 0.15750262715751853, 'colsample_bytree': 0.6479287968688553, 'subsample': 0.8037442217749123, 'learning_rate': 0.011230943425108175, 'max_depth': 15, 'min_child_weight': 264, 'eval_metric': 'rmse'}. Best is trial 581 with value: 7.8118814731889445.
start listen on 192.168.1.101:46345
@tracker All of 4 nodes getting started
@tracker All nodes finishes job
Trial 872 finished with value: 7.817758789860967 and parameters: {'objective': 'reg:squarederror', 'tree_method': 'gpu_hist', 'lambda': 0.07665545614462749, 'alpha': 0.2090545047893391, 'colsample_bytree': 0.6803533884612645, 'subsample': 0.7874317724326438, 'learning_rate': 0.013636276693257269, 'max_depth': 15, 'min_child_weight': 278, 'eval_metric': 'rmse'}. Best is trial 581 with value: 7.8118814731889445.
start listen on 192.168.1.101:44897
@tracker All of 4 nodes getting started
@tracker All nodes finishes job
Trial 873 finished with value: 7.842050774366928 and parameters: {'objective': 'reg:squarederror', 'tree_method': 'gpu_hist', 'lambda': 0.10759636248524797, 'alpha': 0.16547045424070195, 'colsample_bytree': 0.6357552455585258, 'subsample': 0.8094875510698714, 'learning_rate': 0.0031311228850914733, 'max_depth': 17, 'min_child_weight': 294, 'eval_metric': 'rmse'}. Best is trial 581 with value: 7.8118814731889445.
start listen on 192.168.1.101:35313
@tracker All of 4 nodes getting started
@tracker All nodes finishes job
Trial 874 finished with value: 7.816366668399312 and parameters: {'objective': 'reg:squarederror', 'tree_method': 'gpu_hist', 'lambda': 0.040527833868596444, 'alpha': 0.3051774191504617, 'colsample_bytree': 0.6194953043798939, 'subsample': 0.7877736102584498, 'learning_rate': 0.011782574761026907, 'max_depth': 15, 'min_child_weight': 263, 'eval_metric': 'rmse'}. Best is trial 581 with value: 7.8118814731889445.
start listen on 192.168.1.101:33297
@tracker All of 4 nodes getting started
@tracker All nodes finishes job
Trial 875 finished with value: 7.816569444015178 and parameters: {'objective': 'reg:squarederror', 'tree_method': 'gpu_hist', 'lambda': 0.10603664985118982, 'alpha': 0.2161253692934057, 'colsample_bytree': 0.6599897100188286, 'subsample': 0.8096370547081901, 'learning_rate': 0.01061062289046351, 'max_depth': 15, 'min_child_weight': 146, 'eval_metric': 'rmse'}. Best is trial 581 with value: 7.8118814731889445.
start listen on 192.168.1.101:49429
@tracker All of 4 nodes getting started
@tracker All nodes finishes job
Trial 876 finished with value: 7.815359414091839 and parameters: {'objective': 'reg:squarederror', 'tree_method': 'gpu_hist', 'lambda': 2.224718857479364, 'alpha': 0.38208285007187354, 'colsample_bytree': 0.6971794868320009, 'subsample': 0.8301874945794264, 'learning_rate': 0.009849613650870505, 'max_depth': 15, 'min_child_weight': 261, 'eval_metric': 'rmse'}. Best is trial 581 with value: 7.8118814731889445.
start listen on 192.168.1.101:33319
@tracker All of 4 nodes getting started
@tracker All nodes finishes job
Trial 877 finished with value: 7.82307145395349 and parameters: {'objective': 'reg:squarederror', 'tree_method': 'gpu_hist', 'lambda': 0.05157623903548268, 'alpha': 0.24711230692507513, 'colsample_bytree': 0.6082397876095823, 'subsample': 0.7958459889830057, 'learning_rate': 0.012694795455556693, 'max_depth': 7, 'min_child_weight': 270, 'eval_metric': 'rmse'}. Best is trial 581 with value: 7.8118814731889445.
start listen on 192.168.1.101:40247
@tracker All of 4 nodes getting started
@tracker All nodes finishes job
Trial 878 finished with value: 7.819918565264028 and parameters: {'objective': 'reg:squarederror', 'tree_method': 'gpu_hist', 'lambda': 0.0864550270405874, 'alpha': 0.09647294458548279, 'colsample_bytree': 0.6414101432224883, 'subsample': 0.789885614804518, 'learning_rate': 0.01432163126425361, 'max_depth': 20, 'min_child_weight': 258, 'eval_metric': 'rmse'}. Best is trial 581 with value: 7.8118814731889445.
start listen on 192.168.1.101:41511
@tracker All of 4 nodes getting started
@tracker All nodes finishes job
Trial 879 finished with value: 7.817191441199494 and parameters: {'objective': 'reg:squarederror', 'tree_method': 'gpu_hist', 'lambda': 0.12662576903126166, 'alpha': 0.18381968261403375, 'colsample_bytree': 0.6533248269858917, 'subsample': 0.7741735684807406, 'learning_rate': 0.008774351813535452, 'max_depth': 15, 'min_child_weight': 283, 'eval_metric': 'rmse'}. Best is trial 581 with value: 7.8118814731889445.
start listen on 192.168.1.101:48321
@tracker All of 4 nodes getting started
@tracker All nodes finishes job
Trial 880 finished with value: 7.813883430453523 and parameters: {'objective': 'reg:squarederror', 'tree_method': 'gpu_hist', 'lambda': 0.07127266082624217, 'alpha': 0.2691065531216329, 'colsample_bytree': 0.6252405807274944, 'subsample': 0.8052164089858185, 'learning_rate': 0.011639895336908273, 'max_depth': 15, 'min_child_weight': 267, 'eval_metric': 'rmse'}. Best is trial 581 with value: 7.8118814731889445.
start listen on 192.168.1.101:60925
@tracker All of 4 nodes getting started
@tracker All nodes finishes job
