Trial 84 finished with value: 7.82022780538126 and parameters: {'objective': 'reg:squarederror', 'tree_method': 'gpu_hist', 'lambda': 1.611852024923711, 'alpha': 0.0015214037120870934, 'colsample_bytree': 0.6216261306567412, 'subsample': 0.940585065206639, 'learning_rate': 0.008914175033390294, 'max_depth': 11, 'min_child_weight': 295, 'eval_metric': 'rmse'}. Best is trial 79 with value: 7.812327109628506.
start listen on 192.168.1.101:41081
@tracker All of 4 nodes getting started
@tracker All nodes finishes job
Trial 85 finished with value: 7.824015382878611 and parameters: {'objective': 'reg:squarederror', 'tree_method': 'gpu_hist', 'lambda': 0.5768985469560933, 'alpha': 0.0028407209953909955, 'colsample_bytree': 0.5166403326274094, 'subsample': 0.9704462601201067, 'learning_rate': 0.02404649958491805, 'max_depth': 11, 'min_child_weight': 263, 'eval_metric': 'rmse'}. Best is trial 79 with value: 7.812327109628506.
start listen on 192.168.1.101:60525
@tracker All of 4 nodes getting started
@tracker All nodes finishes job
Trial 86 finished with value: 7.823092761094234 and parameters: {'objective': 'reg:squarederror', 'tree_method': 'gpu_hist', 'lambda': 0.34441899077139004, 'alpha': 0.0014619348114437302, 'colsample_bytree': 0.5353174879973097, 'subsample': 0.9066541774105691, 'learning_rate': 0.020777892600592342, 'max_depth': 13, 'min_child_weight': 281, 'eval_metric': 'rmse'}. Best is trial 79 with value: 7.812327109628506.
start listen on 192.168.1.101:60423
@tracker All of 4 nodes getting started
@tracker All nodes finishes job
Trial 87 finished with value: 7.839328226565018 and parameters: {'objective': 'reg:squarederror', 'tree_method': 'gpu_hist', 'lambda': 0.12618963547824463, 'alpha': 0.0010348820653248187, 'colsample_bytree': 0.6634201682728491, 'subsample': 0.8438033124227237, 'learning_rate': 0.009989022840555672, 'max_depth': 5, 'min_child_weight': 245, 'eval_metric': 'rmse'}. Best is trial 79 with value: 7.812327109628506.
start listen on 192.168.1.101:45933
@tracker All of 4 nodes getting started
@tracker All nodes finishes job
Trial 88 finished with value: 7.821957269153489 and parameters: {'objective': 'reg:squarederror', 'tree_method': 'gpu_hist', 'lambda': 0.2633155228806564, 'alpha': 0.0021588786534369035, 'colsample_bytree': 0.5704474259315708, 'subsample': 0.7970072944610312, 'learning_rate': 0.014974762159157945, 'max_depth': 11, 'min_child_weight': 71, 'eval_metric': 'rmse'}. Best is trial 79 with value: 7.812327109628506.
start listen on 192.168.1.101:55843
@tracker All of 4 nodes getting started
@tracker All nodes finishes job
Trial 89 finished with value: 7.817008132858081 and parameters: {'objective': 'reg:squarederror', 'tree_method': 'gpu_hist', 'lambda': 0.05602114038702284, 'alpha': 0.0033407155569009227, 'colsample_bytree': 0.6982322742877325, 'subsample': 0.9214520229121995, 'learning_rate': 0.012359247225803399, 'max_depth': 17, 'min_child_weight': 275, 'eval_metric': 'rmse'}. Best is trial 79 with value: 7.812327109628506.
start listen on 192.168.1.101:59277
@tracker All of 4 nodes getting started
@tracker All nodes finishes job
Trial 90 finished with value: 7.8166790436369995 and parameters: {'objective': 'reg:squarederror', 'tree_method': 'gpu_hist', 'lambda': 0.22319678206752447, 'alpha': 0.0017534792164626439, 'colsample_bytree': 0.6032808271607192, 'subsample': 0.8754390781922772, 'learning_rate': 0.018735049006055073, 'max_depth': 11, 'min_child_weight': 264, 'eval_metric': 'rmse'}. Best is trial 79 with value: 7.812327109628506.
start listen on 192.168.1.101:37679
@tracker All of 4 nodes getting started
@tracker All nodes finishes job
Trial 91 finished with value: 7.813912647971417 and parameters: {'objective': 'reg:squarederror', 'tree_method': 'gpu_hist', 'lambda': 0.8789147249664443, 'alpha': 0.007506317724974159, 'colsample_bytree': 0.5860111925536922, 'subsample': 0.8865691084040411, 'learning_rate': 0.013309542250675, 'max_depth': 11, 'min_child_weight': 238, 'eval_metric': 'rmse'}. Best is trial 79 with value: 7.812327109628506.
start listen on 192.168.1.101:41575
@tracker All of 4 nodes getting started
@tracker All nodes finishes job
Trial 92 finished with value: 7.817306236405164 and parameters: {'objective': 'reg:squarederror', 'tree_method': 'gpu_hist', 'lambda': 1.0938877557290896, 'alpha': 0.0132819288222289, 'colsample_bytree': 0.624688474039916, 'subsample': 0.9806817746031041, 'learning_rate': 0.01376842971880646, 'max_depth': 11, 'min_child_weight': 241, 'eval_metric': 'rmse'}. Best is trial 79 with value: 7.812327109628506.
start listen on 192.168.1.101:36799
@tracker All of 4 nodes getting started
@tracker All nodes finishes job
Trial 93 finished with value: 7.818909872769523 and parameters: {'objective': 'reg:squarederror', 'tree_method': 'gpu_hist', 'lambda': 0.8025740439404545, 'alpha': 0.007967782506198829, 'colsample_bytree': 0.4977382091382028, 'subsample': 0.8979362439680761, 'learning_rate': 0.011550198744762135, 'max_depth': 11, 'min_child_weight': 230, 'eval_metric': 'rmse'}. Best is trial 79 with value: 7.812327109628506.
start listen on 192.168.1.101:57669
@tracker All of 4 nodes getting started
@tracker All nodes finishes job
Trial 94 finished with value: 7.817777525220828 and parameters: {'objective': 'reg:squarederror', 'tree_method': 'gpu_hist', 'lambda': 0.34314949589162785, 'alpha': 0.0024416033348275516, 'colsample_bytree': 0.5564906084389957, 'subsample': 0.8639676641043796, 'learning_rate': 0.016855549390426598, 'max_depth': 11, 'min_child_weight': 223, 'eval_metric': 'rmse'}. Best is trial 79 with value: 7.812327109628506.
start listen on 192.168.1.101:46643
@tracker All of 4 nodes getting started
@tracker All nodes finishes job
Trial 95 finished with value: 7.819454468572341 and parameters: {'objective': 'reg:squarederror', 'tree_method': 'gpu_hist', 'lambda': 1.4013100400227305, 'alpha': 0.00428946242095362, 'colsample_bytree': 0.5755202253026089, 'subsample': 0.9595303622314375, 'learning_rate': 0.0105435181294935, 'max_depth': 11, 'min_child_weight': 270, 'eval_metric': 'rmse'}. Best is trial 79 with value: 7.812327109628506.
start listen on 192.168.1.101:42601
@tracker All of 4 nodes getting started
@tracker All nodes finishes job
Trial 96 finished with value: 7.8525533664636615 and parameters: {'objective': 'reg:squarederror', 'tree_method': 'gpu_hist', 'lambda': 2.715301959956745, 'alpha': 0.0012465448698486359, 'colsample_bytree': 0.5295983842977416, 'subsample': 0.9338222768842668, 'learning_rate': 0.012794660524205071, 'max_depth': 3, 'min_child_weight': 120, 'eval_metric': 'rmse'}. Best is trial 79 with value: 7.812327109628506.
start listen on 192.168.1.101:46997
@tracker All of 4 nodes getting started
@tracker All nodes finishes job
Trial 97 finished with value: 7.813087487079623 and parameters: {'objective': 'reg:squarederror', 'tree_method': 'gpu_hist', 'lambda': 0.05688089767179523, 'alpha': 0.00995481241252105, 'colsample_bytree': 0.6363611971345365, 'subsample': 0.9098897888613648, 'learning_rate': 0.014649213643118972, 'max_depth': 11, 'min_child_weight': 248, 'eval_metric': 'rmse'}. Best is trial 79 with value: 7.812327109628506.
start listen on 192.168.1.101:44813
@tracker All of 4 nodes getting started
@tracker All nodes finishes job
Trial 98 finished with value: 7.818646398984552 and parameters: {'objective': 'reg:squarederror', 'tree_method': 'gpu_hist', 'lambda': 0.48394907175018437, 'alpha': 0.010602993635878513, 'colsample_bytree': 0.6421317852778229, 'subsample': 0.9094263491622039, 'learning_rate': 0.009000539869464502, 'max_depth': 11, 'min_child_weight': 249, 'eval_metric': 'rmse'}. Best is trial 79 with value: 7.812327109628506.
start listen on 192.168.1.101:53377
@tracker All of 4 nodes getting started
@tracker All nodes finishes job
Trial 99 finished with value: 7.816943123949838 and parameters: {'objective': 'reg:squarederror', 'tree_method': 'gpu_hist', 'lambda': 0.06276081252831747, 'alpha': 0.017449309180631607, 'colsample_bytree': 0.6704600680909373, 'subsample': 0.9488115368074491, 'learning_rate': 0.01633211706077321, 'max_depth': 9, 'min_child_weight': 215, 'eval_metric': 'rmse'}. Best is trial 79 with value: 7.812327109628506.
start listen on 192.168.1.101:36907
@tracker All of 4 nodes getting started
@tracker All nodes finishes job
Trial 100 finished with value: 7.821576735011636 and parameters: {'objective': 'reg:squarederror', 'tree_method': 'gpu_hist', 'lambda': 0.6739807226148897, 'alpha': 0.006894310360572048, 'colsample_bytree': 0.6137840337524509, 'subsample': 0.8119981798418663, 'learning_rate': 0.022338885628045833, 'max_depth': 5, 'min_child_weight': 234, 'eval_metric': 'rmse'}. Best is trial 79 with value: 7.812327109628506.
start listen on 192.168.1.101:59683
@tracker All of 4 nodes getting started
@tracker All nodes finishes job
Trial 101 finished with value: 7.816632032440725 and parameters: {'objective': 'reg:squarederror', 'tree_method': 'gpu_hist', 'lambda': 0.1294152284749328, 'alpha': 0.003780894739517099, 'colsample_bytree': 0.5981650355873565, 'subsample': 0.8745920531146824, 'learning_rate': 0.014773918164141068, 'max_depth': 11, 'min_child_weight': 259, 'eval_metric': 'rmse'}. Best is trial 79 with value: 7.812327109628506.
start listen on 192.168.1.101:56563
@tracker All of 4 nodes getting started
@tracker All nodes finishes job
Trial 102 finished with value: 7.816987341410834 and parameters: {'objective': 'reg:squarederror', 'tree_method': 'gpu_hist', 'lambda': 0.0021019188075781267, 'alpha': 0.005340836355877292, 'colsample_bytree': 0.6296246622796521, 'subsample': 0.8865382989050187, 'learning_rate': 0.013827866602685973, 'max_depth': 11, 'min_child_weight': 300, 'eval_metric': 'rmse'}. Best is trial 79 with value: 7.812327109628506.
start listen on 192.168.1.101:33403
@tracker All of 4 nodes getting started
@tracker All nodes finishes job
Trial 103 finished with value: 7.8228157419096505 and parameters: {'objective': 'reg:squarederror', 'tree_method': 'gpu_hist', 'lambda': 0.07843423487669518, 'alpha': 0.05087230546735699, 'colsample_bytree': 0.5839141594283568, 'subsample': 0.8482507556487712, 'learning_rate': 0.020271360409609217, 'max_depth': 11, 'min_child_weight': 239, 'eval_metric': 'rmse'}. Best is trial 79 with value: 7.812327109628506.
start listen on 192.168.1.101:46731
@tracker All of 4 nodes getting started
@tracker All nodes finishes job
Trial 104 finished with value: 7.817340733468257 and parameters: {'objective': 'reg:squarederror', 'tree_method': 'gpu_hist', 'lambda': 0.214930496260258, 'alpha': 0.0019261027025010127, 'colsample_bytree': 0.5626656038385739, 'subsample': 0.9202958396909985, 'learning_rate': 0.011864642526213935, 'max_depth': 11, 'min_child_weight': 279, 'eval_metric': 'rmse'}. Best is trial 79 with value: 7.812327109628506.
start listen on 192.168.1.101:52431
@tracker All of 4 nodes getting started
@tracker All nodes finishes job
Trial 105 finished with value: 7.842483697549435 and parameters: {'objective': 'reg:squarederror', 'tree_method': 'gpu_hist', 'lambda': 0.307648202955098, 'alpha': 0.002896271889539893, 'colsample_bytree': 0.5927910458886406, 'subsample': 0.40878269118208244, 'learning_rate': 0.02628680449230908, 'max_depth': 13, 'min_child_weight': 287, 'eval_metric': 'rmse'}. Best is trial 79 with value: 7.812327109628506.
start listen on 192.168.1.101:54923
@tracker All of 4 nodes getting started
@tracker All nodes finishes job
Trial 106 finished with value: 7.817351073472155 and parameters: {'objective': 'reg:squarederror', 'tree_method': 'gpu_hist', 'lambda': 0.0015748806139297786, 'alpha': 0.0013105353484930832, 'colsample_bytree': 0.694661159720805, 'subsample': 0.8938118899446326, 'learning_rate': 0.010095770234228623, 'max_depth': 11, 'min_child_weight': 249, 'eval_metric': 'rmse'}. Best is trial 79 with value: 7.812327109628506.
start listen on 192.168.1.101:37099
@tracker All of 4 nodes getting started
@tracker All nodes finishes job
Trial 107 finished with value: 7.819205769816398 and parameters: {'objective': 'reg:squarederror', 'tree_method': 'gpu_hist', 'lambda': 0.0010117042626654937, 'alpha': 0.0016308097708168958, 'colsample_bytree': 0.6532013630253002, 'subsample': 0.8601500172502167, 'learning_rate': 0.01845192343484929, 'max_depth': 11, 'min_child_weight': 268, 'eval_metric': 'rmse'}. Best is trial 79 with value: 7.812327109628506.
start listen on 192.168.1.101:52977
@tracker All of 4 nodes getting started
@tracker All nodes finishes job
Trial 108 finished with value: 7.822496358598049 and parameters: {'objective': 'reg:squarederror', 'tree_method': 'gpu_hist', 'lambda': 0.1744976566924651, 'alpha': 0.034698190966791546, 'colsample_bytree': 0.5244865815498606, 'subsample': 0.8307227558340168, 'learning_rate': 0.016127222132608466, 'max_depth': 17, 'min_child_weight': 258, 'eval_metric': 'rmse'}. Best is trial 79 with value: 7.812327109628506.
start listen on 192.168.1.101:50873
@tracker All of 4 nodes getting started
@tracker All nodes finishes job
Trial 109 finished with value: 7.8198641912658005 and parameters: {'objective': 'reg:squarederror', 'tree_method': 'gpu_hist', 'lambda': 0.004180269021457838, 'alpha': 0.0023136912405476886, 'colsample_bytree': 0.4626734455225329, 'subsample': 0.9046374395007615, 'learning_rate': 0.014459790258078618, 'max_depth': 15, 'min_child_weight': 202, 'eval_metric': 'rmse'}. Best is trial 79 with value: 7.812327109628506.
start listen on 192.168.1.101:47809
@tracker All of 4 nodes getting started
@tracker All nodes finishes job
Trial 110 finished with value: 7.81650315070805 and parameters: {'objective': 'reg:squarederror', 'tree_method': 'gpu_hist', 'lambda': 0.04658723201311007, 'alpha': 0.010633449320499908, 'colsample_bytree': 0.5459763854259866, 'subsample': 0.8798176705873793, 'learning_rate': 0.012816939733744039, 'max_depth': 11, 'min_child_weight': 168, 'eval_metric': 'rmse'}. Best is trial 79 with value: 7.812327109628506.
start listen on 192.168.1.101:34489
@tracker All of 4 nodes getting started
@tracker All nodes finishes job
Trial 111 finished with value: 7.818262656677276 and parameters: {'objective': 'reg:squarederror', 'tree_method': 'gpu_hist', 'lambda': 9.11333275152259, 'alpha': 0.007957140939219148, 'colsample_bytree': 0.9833710287883326, 'subsample': 0.8852099976798522, 'learning_rate': 0.017478232920931275, 'max_depth': 11, 'min_child_weight': 244, 'eval_metric': 'rmse'}. Best is trial 79 with value: 7.812327109628506.
start listen on 192.168.1.101:49507
@tracker All of 4 nodes getting started
@tracker All nodes finishes job
Trial 112 finished with value: 7.814681117250176 and parameters: {'objective': 'reg:squarederror', 'tree_method': 'gpu_hist', 'lambda': 0.0028734274176201928, 'alpha': 0.004210220178866712, 'colsample_bytree': 0.5948740264193108, 'subsample': 0.9161332343963114, 'learning_rate': 0.015801934135513944, 'max_depth': 11, 'min_child_weight': 255, 'eval_metric': 'rmse'}. Best is trial 79 with value: 7.812327109628506.
start listen on 192.168.1.101:46573
@tracker All of 4 nodes getting started
@tracker All nodes finishes job
Trial 113 finished with value: 7.816111745727564 and parameters: {'objective': 'reg:squarederror', 'tree_method': 'gpu_hist', 'lambda': 0.002173715095449036, 'alpha': 0.0041643135946521775, 'colsample_bytree': 0.6111035697025523, 'subsample': 0.9352111115385634, 'learning_rate': 0.01125701161947195, 'max_depth': 11, 'min_child_weight': 224, 'eval_metric': 'rmse'}. Best is trial 79 with value: 7.812327109628506.
start listen on 192.168.1.101:43185
@tracker All of 4 nodes getting started
@tracker All nodes finishes job
Trial 114 finished with value: 7.821892616564816 and parameters: {'objective': 'reg:squarederror', 'tree_method': 'gpu_hist', 'lambda': 0.003404555634831547, 'alpha': 0.0031307564408893872, 'colsample_bytree': 0.5812336461941437, 'subsample': 0.9144701213538344, 'learning_rate': 0.008122041643522033, 'max_depth': 11, 'min_child_weight': 261, 'eval_metric': 'rmse'}. Best is trial 79 with value: 7.812327109628506.
start listen on 192.168.1.101:35109
@tracker All of 4 nodes getting started
@tracker All nodes finishes job
Trial 115 finished with value: 7.815318491342962 and parameters: {'objective': 'reg:squarederror', 'tree_method': 'gpu_hist', 'lambda': 0.0012240560102913084, 'alpha': 0.005908386240166387, 'colsample_bytree': 0.6329124359736696, 'subsample': 0.9280198975580958, 'learning_rate': 0.01555007992365702, 'max_depth': 11, 'min_child_weight': 236, 'eval_metric': 'rmse'}. Best is trial 79 with value: 7.812327109628506.
start listen on 192.168.1.101:49415
@tracker All of 4 nodes getting started
@tracker All nodes finishes job
Trial 116 finished with value: 7.818545481817343 and parameters: {'objective': 'reg:squarederror', 'tree_method': 'gpu_hist', 'lambda': 0.0027422836299506033, 'alpha': 0.006410581099858428, 'colsample_bytree': 0.6378105101641215, 'subsample': 0.9232041839590175, 'learning_rate': 0.019385614519772294, 'max_depth': 11, 'min_child_weight': 236, 'eval_metric': 'rmse'}. Best is trial 79 with value: 7.812327109628506.
start listen on 192.168.1.101:33101
@tracker All of 4 nodes getting started
@tracker All nodes finishes job
Trial 117 finished with value: 7.816575894667357 and parameters: {'objective': 'reg:squarederror', 'tree_method': 'gpu_hist', 'lambda': 0.0012045098443851786, 'alpha': 0.0036591688962342044, 'colsample_bytree': 0.6786946286867275, 'subsample': 0.9491314453148453, 'learning_rate': 0.015506418801226897, 'max_depth': 11, 'min_child_weight': 253, 'eval_metric': 'rmse'}. Best is trial 79 with value: 7.812327109628506.
start listen on 192.168.1.101:51945
@tracker All of 4 nodes getting started
@tracker All nodes finishes job
Trial 118 finished with value: 7.822073102441423 and parameters: {'objective': 'reg:squarederror', 'tree_method': 'gpu_hist', 'lambda': 0.3942347204766021, 'alpha': 0.013495424886313091, 'colsample_bytree': 0.624261701550283, 'subsample': 0.9590508956096888, 'learning_rate': 0.03320713062563021, 'max_depth': 7, 'min_child_weight': 212, 'eval_metric': 'rmse'}. Best is trial 79 with value: 7.812327109628506.
start listen on 192.168.1.101:42011
@tracker All of 4 nodes getting started
@tracker All nodes finishes job
Trial 119 finished with value: 7.817114992363827 and parameters: {'objective': 'reg:squarederror', 'tree_method': 'gpu_hist', 'lambda': 0.001848738323308631, 'alpha': 0.004814986479756917, 'colsample_bytree': 0.6561556548021356, 'subsample': 0.9786045902613743, 'learning_rate': 0.012790722446056505, 'max_depth': 11, 'min_child_weight': 228, 'eval_metric': 'rmse'}. Best is trial 79 with value: 7.812327109628506.
start listen on 192.168.1.101:60587
@tracker All of 4 nodes getting started
@tracker All nodes finishes job
Trial 120 finished with value: 7.837189054036632 and parameters: {'objective': 'reg:squarederror', 'tree_method': 'gpu_hist', 'lambda': 0.9309060177788858, 'alpha': 0.009202492679635325, 'colsample_bytree': 0.5631321033395447, 'subsample': 0.9309741398076924, 'learning_rate': 0.022176854055176404, 'max_depth': 3, 'min_child_weight': 245, 'eval_metric': 'rmse'}. Best is trial 79 with value: 7.812327109628506.
start listen on 192.168.1.101:37861
@tracker All of 4 nodes getting started
@tracker All nodes finishes job
Trial 121 finished with value: 7.8153147393384055 and parameters: {'objective': 'reg:squarederror', 'tree_method': 'gpu_hist', 'lambda': 0.0014514990841786833, 'alpha': 0.0018005634792231562, 'colsample_bytree': 0.6018563327915397, 'subsample': 0.8985997239139818, 'learning_rate': 0.01399902375289434, 'max_depth': 11, 'min_child_weight': 292, 'eval_metric': 'rmse'}. Best is trial 79 with value: 7.812327109628506.
start listen on 192.168.1.101:45743
@tracker All of 4 nodes getting started
@tracker All nodes finishes job
Trial 122 finished with value: 7.8162551457989204 and parameters: {'objective': 'reg:squarederror', 'tree_method': 'gpu_hist', 'lambda': 0.0013652906086067498, 'alpha': 0.0012040613370167166, 'colsample_bytree': 0.6091596678755509, 'subsample': 0.8988618144831667, 'learning_rate': 0.01679526006898232, 'max_depth': 11, 'min_child_weight': 275, 'eval_metric': 'rmse'}. Best is trial 79 with value: 7.812327109628506.
start listen on 192.168.1.101:38217
@tracker All of 4 nodes getting started
@tracker All nodes finishes job
Trial 123 finished with value: 7.814104821272641 and parameters: {'objective': 'reg:squarederror', 'tree_method': 'gpu_hist', 'lambda': 0.0011839231971206233, 'alpha': 0.0015729917552885306, 'colsample_bytree': 0.6345723413720106, 'subsample': 0.9165267664512169, 'learning_rate': 0.015487324596027311, 'max_depth': 11, 'min_child_weight': 239, 'eval_metric': 'rmse'}. Best is trial 79 with value: 7.812327109628506.
start listen on 192.168.1.101:44269
@tracker All of 4 nodes getting started
@tracker All nodes finishes job
Trial 124 finished with value: 7.81642574660987 and parameters: {'objective': 'reg:squarederror', 'tree_method': 'gpu_hist', 'lambda': 0.0011847558783455853, 'alpha': 0.0015557368854373136, 'colsample_bytree': 0.6457536308754065, 'subsample': 0.9134141219368472, 'learning_rate': 0.014975488548560454, 'max_depth': 11, 'min_child_weight': 219, 'eval_metric': 'rmse'}. Best is trial 79 with value: 7.812327109628506.
start listen on 192.168.1.101:48287
@tracker All of 4 nodes getting started
@tracker All nodes finishes job
Trial 125 finished with value: 7.818817995847998 and parameters: {'objective': 'reg:squarederror', 'tree_method': 'gpu_hist', 'lambda': 0.0017202683126199925, 'alpha': 0.0017930326122924322, 'colsample_bytree': 0.5785659977191338, 'subsample': 0.9413506407482823, 'learning_rate': 0.01825555741455682, 'max_depth': 11, 'min_child_weight': 232, 'eval_metric': 'rmse'}. Best is trial 79 with value: 7.812327109628506.
start listen on 192.168.1.101:36865
@tracker All of 4 nodes getting started
@tracker All nodes finishes job
