Trial 168 finished with value: 7.8197150335177765 and parameters: {'objective': 'reg:squarederror', 'tree_method': 'gpu_hist', 'lambda': 0.11209741407341152, 'alpha': 0.0028909847689440964, 'colsample_bytree': 0.5522985816808063, 'subsample': 0.9509652954371909, 'learning_rate': 0.024786732215414574, 'max_depth': 11, 'min_child_weight': 284, 'eval_metric': 'rmse'}. Best is trial 79 with value: 7.812327109628506.
start listen on 192.168.1.101:50783
@tracker All of 4 nodes getting started
@tracker All nodes finishes job
Trial 169 finished with value: 7.816449713498478 and parameters: {'objective': 'reg:squarederror', 'tree_method': 'gpu_hist', 'lambda': 0.1879930998805177, 'alpha': 0.00138342785528434, 'colsample_bytree': 0.562127500853746, 'subsample': 0.9113950861182549, 'learning_rate': 0.019915569687554195, 'max_depth': 9, 'min_child_weight': 240, 'eval_metric': 'rmse'}. Best is trial 79 with value: 7.812327109628506.
start listen on 192.168.1.101:51837
@tracker All of 4 nodes getting started
@tracker All nodes finishes job
Trial 170 finished with value: 7.836748981973575 and parameters: {'objective': 'reg:squarederror', 'tree_method': 'gpu_hist', 'lambda': 0.5736994901527476, 'alpha': 0.004797107418127307, 'colsample_bytree': 0.545288710670854, 'subsample': 0.8759923078893458, 'learning_rate': 0.010935751652691238, 'max_depth': 5, 'min_child_weight': 274, 'eval_metric': 'rmse'}. Best is trial 79 with value: 7.812327109628506.
start listen on 192.168.1.101:43189
@tracker All of 4 nodes getting started
@tracker All nodes finishes job
Trial 171 finished with value: 7.816569108754588 and parameters: {'objective': 'reg:squarederror', 'tree_method': 'gpu_hist', 'lambda': 0.01613035308917295, 'alpha': 0.0019320409916790127, 'colsample_bytree': 0.6001525343030845, 'subsample': 0.9044315827226564, 'learning_rate': 0.015130053340627739, 'max_depth': 11, 'min_child_weight': 291, 'eval_metric': 'rmse'}. Best is trial 79 with value: 7.812327109628506.
start listen on 192.168.1.101:53595
@tracker All of 4 nodes getting started
@tracker All nodes finishes job
Trial 172 finished with value: 7.815592742420423 and parameters: {'objective': 'reg:squarederror', 'tree_method': 'gpu_hist', 'lambda': 0.0011931672493837753, 'alpha': 0.0016042282176963727, 'colsample_bytree': 0.5180071109199945, 'subsample': 0.9198046138528149, 'learning_rate': 0.016863376887724327, 'max_depth': 11, 'min_child_weight': 283, 'eval_metric': 'rmse'}. Best is trial 79 with value: 7.812327109628506.
start listen on 192.168.1.101:36737
@tracker All of 4 nodes getting started
@tracker All nodes finishes job
Trial 173 finished with value: 7.81627155558068 and parameters: {'objective': 'reg:squarederror', 'tree_method': 'gpu_hist', 'lambda': 1.1193332568194687, 'alpha': 0.0011977946237789459, 'colsample_bytree': 0.7266841742205, 'subsample': 0.938283870243197, 'learning_rate': 0.013870056742907692, 'max_depth': 11, 'min_child_weight': 296, 'eval_metric': 'rmse'}. Best is trial 79 with value: 7.812327109628506.
start listen on 192.168.1.101:50457
@tracker All of 4 nodes getting started
@tracker All nodes finishes job
Trial 174 finished with value: 7.814829114619391 and parameters: {'objective': 'reg:squarederror', 'tree_method': 'gpu_hist', 'lambda': 0.33168034793273704, 'alpha': 0.001819685777521964, 'colsample_bytree': 0.5725068251722066, 'subsample': 0.893521096841334, 'learning_rate': 0.01319969030527076, 'max_depth': 11, 'min_child_weight': 278, 'eval_metric': 'rmse'}. Best is trial 79 with value: 7.812327109628506.
start listen on 192.168.1.101:41431
@tracker All of 4 nodes getting started
@tracker All nodes finishes job
Trial 175 finished with value: 7.818222566935316 and parameters: {'objective': 'reg:squarederror', 'tree_method': 'gpu_hist', 'lambda': 0.43019651385581387, 'alpha': 0.0023867965058712902, 'colsample_bytree': 0.49155981697660045, 'subsample': 0.8852963221482123, 'learning_rate': 0.011796224386106984, 'max_depth': 11, 'min_child_weight': 279, 'eval_metric': 'rmse'}. Best is trial 79 with value: 7.812327109628506.
start listen on 192.168.1.101:51863
@tracker All of 4 nodes getting started
@tracker All nodes finishes job
Trial 176 finished with value: 7.815348137044458 and parameters: {'objective': 'reg:squarederror', 'tree_method': 'gpu_hist', 'lambda': 0.2738714830851579, 'alpha': 2.309196985047872, 'colsample_bytree': 0.5623674858420309, 'subsample': 0.9073659961258814, 'learning_rate': 0.012723361794328238, 'max_depth': 11, 'min_child_weight': 267, 'eval_metric': 'rmse'}. Best is trial 79 with value: 7.812327109628506.
start listen on 192.168.1.101:42891
@tracker All of 4 nodes getting started
@tracker All nodes finishes job
Trial 177 finished with value: 7.814343148071434 and parameters: {'objective': 'reg:squarederror', 'tree_method': 'gpu_hist', 'lambda': 0.2239151534102527, 'alpha': 0.0036993856915724247, 'colsample_bytree': 0.573978376473254, 'subsample': 0.9274470308261622, 'learning_rate': 0.015522860343314508, 'max_depth': 11, 'min_child_weight': 233, 'eval_metric': 'rmse'}. Best is trial 79 with value: 7.812327109628506.
start listen on 192.168.1.101:55263
@tracker All of 4 nodes getting started
@tracker All nodes finishes job
Trial 178 finished with value: 7.816274973106099 and parameters: {'objective': 'reg:squarederror', 'tree_method': 'gpu_hist', 'lambda': 0.22141885338957454, 'alpha': 0.003592889313614794, 'colsample_bytree': 0.5751289127829053, 'subsample': 0.9315320708440806, 'learning_rate': 0.015432127508982773, 'max_depth': 11, 'min_child_weight': 228, 'eval_metric': 'rmse'}. Best is trial 79 with value: 7.812327109628506.
start listen on 192.168.1.101:47913
@tracker All of 4 nodes getting started
@tracker All nodes finishes job
Trial 179 finished with value: 7.814843177179118 and parameters: {'objective': 'reg:squarederror', 'tree_method': 'gpu_hist', 'lambda': 0.36901878428478985, 'alpha': 0.0028592485272000514, 'colsample_bytree': 0.5848610196332622, 'subsample': 0.9215094127783771, 'learning_rate': 0.017633448824383335, 'max_depth': 11, 'min_child_weight': 246, 'eval_metric': 'rmse'}. Best is trial 79 with value: 7.812327109628506.
start listen on 192.168.1.101:59085
@tracker All of 4 nodes getting started
@tracker All nodes finishes job
Trial 180 finished with value: 7.8166849179078675 and parameters: {'objective': 'reg:squarederror', 'tree_method': 'gpu_hist', 'lambda': 0.15630863240525186, 'alpha': 0.0032387858043903934, 'colsample_bytree': 0.5873951088376339, 'subsample': 0.9443619380699818, 'learning_rate': 0.01309256741165412, 'max_depth': 11, 'min_child_weight': 233, 'eval_metric': 'rmse'}. Best is trial 79 with value: 7.812327109628506.
start listen on 192.168.1.101:41247
@tracker All of 4 nodes getting started
@tracker All nodes finishes job
Trial 181 finished with value: 7.814768159723022 and parameters: {'objective': 'reg:squarederror', 'tree_method': 'gpu_hist', 'lambda': 0.3333253249485552, 'alpha': 0.003940005135265851, 'colsample_bytree': 0.5729237418804981, 'subsample': 0.9243904094764905, 'learning_rate': 0.01749408645025281, 'max_depth': 11, 'min_child_weight': 243, 'eval_metric': 'rmse'}. Best is trial 79 with value: 7.812327109628506.
start listen on 192.168.1.101:34503
@tracker All of 4 nodes getting started
@tracker All nodes finishes job
Trial 182 finished with value: 7.816394770348663 and parameters: {'objective': 'reg:squarederror', 'tree_method': 'gpu_hist', 'lambda': 0.251898907681894, 'alpha': 0.002627678383942593, 'colsample_bytree': 0.5730929444250553, 'subsample': 0.9263926287086025, 'learning_rate': 0.01898189467532233, 'max_depth': 11, 'min_child_weight': 244, 'eval_metric': 'rmse'}. Best is trial 79 with value: 7.812327109628506.
start listen on 192.168.1.101:48305
@tracker All of 4 nodes getting started
@tracker All nodes finishes job
Trial 183 finished with value: 7.813299240328955 and parameters: {'objective': 'reg:squarederror', 'tree_method': 'gpu_hist', 'lambda': 0.3155098347445358, 'alpha': 0.005472235545880826, 'colsample_bytree': 0.6100522620204473, 'subsample': 0.920052449008058, 'learning_rate': 0.016029539278736613, 'max_depth': 11, 'min_child_weight': 250, 'eval_metric': 'rmse'}. Best is trial 79 with value: 7.812327109628506.
start listen on 192.168.1.101:45023
@tracker All of 4 nodes getting started
@tracker All nodes finishes job
Trial 184 finished with value: 7.814610738665578 and parameters: {'objective': 'reg:squarederror', 'tree_method': 'gpu_hist', 'lambda': 0.3243046212475304, 'alpha': 0.00540548073196057, 'colsample_bytree': 0.6082364351958411, 'subsample': 0.8937861464271789, 'learning_rate': 0.01490607159039582, 'max_depth': 11, 'min_child_weight': 250, 'eval_metric': 'rmse'}. Best is trial 79 with value: 7.812327109628506.
start listen on 192.168.1.101:37345
@tracker All of 4 nodes getting started
@tracker All nodes finishes job
Trial 185 finished with value: 7.815498459459827 and parameters: {'objective': 'reg:squarederror', 'tree_method': 'gpu_hist', 'lambda': 0.29363779099688914, 'alpha': 0.00639498768089081, 'colsample_bytree': 0.6058310470138132, 'subsample': 0.953247622989607, 'learning_rate': 0.015915965902408336, 'max_depth': 11, 'min_child_weight': 237, 'eval_metric': 'rmse'}. Best is trial 79 with value: 7.812327109628506.
start listen on 192.168.1.101:53641
@tracker All of 4 nodes getting started
@tracker All nodes finishes job
Trial 186 finished with value: 7.817014028307661 and parameters: {'objective': 'reg:squarederror', 'tree_method': 'gpu_hist', 'lambda': 0.316701589336723, 'alpha': 0.005841482630703894, 'colsample_bytree': 0.6196821654840605, 'subsample': 0.9360490837651134, 'learning_rate': 0.014553551207854284, 'max_depth': 13, 'min_child_weight': 250, 'eval_metric': 'rmse'}. Best is trial 79 with value: 7.812327109628506.
start listen on 192.168.1.101:47205
@tracker All of 4 nodes getting started
@tracker All nodes finishes job
Trial 187 finished with value: 7.816455521988372 and parameters: {'objective': 'reg:squarederror', 'tree_method': 'gpu_hist', 'lambda': 0.35931612136319824, 'alpha': 0.007289218672600815, 'colsample_bytree': 0.5912852017086486, 'subsample': 0.9077173341344317, 'learning_rate': 0.016621232424216165, 'max_depth': 11, 'min_child_weight': 245, 'eval_metric': 'rmse'}. Best is trial 79 with value: 7.812327109628506.
start listen on 192.168.1.101:33639
@tracker All of 4 nodes getting started
@tracker All nodes finishes job
Trial 188 finished with value: 7.8150113426758825 and parameters: {'objective': 'reg:squarederror', 'tree_method': 'gpu_hist', 'lambda': 0.32629915805332455, 'alpha': 0.004525939731210263, 'colsample_bytree': 0.6318309316975512, 'subsample': 0.8655936590579031, 'learning_rate': 0.014134054125682461, 'max_depth': 11, 'min_child_weight': 252, 'eval_metric': 'rmse'}. Best is trial 79 with value: 7.812327109628506.
start listen on 192.168.1.101:37549
@tracker All of 4 nodes getting started
@tracker All nodes finishes job
Trial 189 finished with value: 7.81953286862298 and parameters: {'objective': 'reg:squarederror', 'tree_method': 'gpu_hist', 'lambda': 0.2343957181332979, 'alpha': 0.008631966348107938, 'colsample_bytree': 0.6088699163645043, 'subsample': 0.971863164768295, 'learning_rate': 0.015458518651351423, 'max_depth': 15, 'min_child_weight': 240, 'eval_metric': 'rmse'}. Best is trial 79 with value: 7.812327109628506.
start listen on 192.168.1.101:59957
@tracker All of 4 nodes getting started
@tracker All nodes finishes job
Trial 190 finished with value: 7.8274739388237915 and parameters: {'objective': 'reg:squarederror', 'tree_method': 'gpu_hist', 'lambda': 0.5273886434569316, 'alpha': 0.004493292133465451, 'colsample_bytree': 0.5858970604644158, 'subsample': 0.8957277185228614, 'learning_rate': 0.02008168824541659, 'max_depth': 17, 'min_child_weight': 232, 'eval_metric': 'rmse'}. Best is trial 79 with value: 7.812327109628506.
start listen on 192.168.1.101:50991
@tracker All of 4 nodes getting started
@tracker All nodes finishes job
Trial 191 finished with value: 7.8156967807958315 and parameters: {'objective': 'reg:squarederror', 'tree_method': 'gpu_hist', 'lambda': 0.4372202665350375, 'alpha': 0.003130796109363031, 'colsample_bytree': 0.5725977748716076, 'subsample': 0.8821095963600253, 'learning_rate': 0.012292813677033545, 'max_depth': 11, 'min_child_weight': 256, 'eval_metric': 'rmse'}. Best is trial 79 with value: 7.812327109628506.
start listen on 192.168.1.101:37941
@tracker All of 4 nodes getting started
@tracker All nodes finishes job
Trial 192 finished with value: 7.8160950777183755 and parameters: {'objective': 'reg:squarederror', 'tree_method': 'gpu_hist', 'lambda': 0.6370064312461367, 'alpha': 0.0052301279326761, 'colsample_bytree': 0.5966885812913176, 'subsample': 0.8936934745047141, 'learning_rate': 0.014708503265587442, 'max_depth': 11, 'min_child_weight': 246, 'eval_metric': 'rmse'}. Best is trial 79 with value: 7.812327109628506.
start listen on 192.168.1.101:49695
@tracker All of 4 nodes getting started
@tracker All nodes finishes job
Trial 193 finished with value: 7.814432845202513 and parameters: {'objective': 'reg:squarederror', 'tree_method': 'gpu_hist', 'lambda': 0.33603834443669633, 'alpha': 0.004073347430087335, 'colsample_bytree': 0.6249172458614437, 'subsample': 0.9166188503568752, 'learning_rate': 0.011563767303216179, 'max_depth': 11, 'min_child_weight': 227, 'eval_metric': 'rmse'}. Best is trial 79 with value: 7.812327109628506.
start listen on 192.168.1.101:51095
@tracker All of 4 nodes getting started
@tracker All nodes finishes job
Trial 194 finished with value: 7.957412401518702 and parameters: {'objective': 'reg:squarederror', 'tree_method': 'gpu_hist', 'lambda': 0.3540222750512448, 'alpha': 0.005697844508015166, 'colsample_bytree': 0.645222794364962, 'subsample': 0.9174033545803102, 'learning_rate': 0.08364236246587771, 'max_depth': 11, 'min_child_weight': 223, 'eval_metric': 'rmse'}. Best is trial 79 with value: 7.812327109628506.
start listen on 192.168.1.101:53859
@tracker All of 4 nodes getting started
@tracker All nodes finishes job
Trial 195 finished with value: 7.815692464185168 and parameters: {'objective': 'reg:squarederror', 'tree_method': 'gpu_hist', 'lambda': 0.29764440903172257, 'alpha': 0.004003100701088004, 'colsample_bytree': 0.6207979809229285, 'subsample': 0.9296612968601715, 'learning_rate': 0.016394270051389832, 'max_depth': 11, 'min_child_weight': 236, 'eval_metric': 'rmse'}. Best is trial 79 with value: 7.812327109628506.
start listen on 192.168.1.101:54103
@tracker All of 4 nodes getting started
@tracker All nodes finishes job
Trial 196 finished with value: 7.8163308254794845 and parameters: {'objective': 'reg:squarederror', 'tree_method': 'gpu_hist', 'lambda': 0.24615045338005875, 'alpha': 0.0021345967484324682, 'colsample_bytree': 0.6148603066472897, 'subsample': 0.9086154802376322, 'learning_rate': 0.01360822585421783, 'max_depth': 11, 'min_child_weight': 217, 'eval_metric': 'rmse'}. Best is trial 79 with value: 7.812327109628506.
start listen on 192.168.1.101:48909
@tracker All of 4 nodes getting started
@tracker All nodes finishes job
Trial 197 finished with value: 7.818185783208889 and parameters: {'objective': 'reg:squarederror', 'tree_method': 'gpu_hist', 'lambda': 0.8271667774859134, 'alpha': 0.006933332487825376, 'colsample_bytree': 0.6298213917251114, 'subsample': 0.940028925042534, 'learning_rate': 0.017823904584426578, 'max_depth': 11, 'min_child_weight': 226, 'eval_metric': 'rmse'}. Best is trial 79 with value: 7.812327109628506.
start listen on 192.168.1.101:56747
@tracker All of 4 nodes getting started
@tracker All nodes finishes job
Trial 198 finished with value: 7.817047221325948 and parameters: {'objective': 'reg:squarederror', 'tree_method': 'gpu_hist', 'lambda': 0.44065514676953754, 'alpha': 0.0050549076428600395, 'colsample_bytree': 0.604089973498572, 'subsample': 0.9253570449926876, 'learning_rate': 0.010504735136932862, 'max_depth': 11, 'min_child_weight': 243, 'eval_metric': 'rmse'}. Best is trial 79 with value: 7.812327109628506.
start listen on 192.168.1.101:43521
@tracker All of 4 nodes getting started
@tracker All nodes finishes job
Trial 199 finished with value: 7.821706656381231 and parameters: {'objective': 'reg:squarederror', 'tree_method': 'gpu_hist', 'lambda': 0.33831882082093273, 'alpha': 0.004210917886870021, 'colsample_bytree': 0.587909536903289, 'subsample': 0.9100952475679106, 'learning_rate': 0.01296423938592811, 'max_depth': 7, 'min_child_weight': 230, 'eval_metric': 'rmse'}. Best is trial 79 with value: 7.812327109628506.
start listen on 192.168.1.101:59277
@tracker All of 4 nodes getting started
@tracker All nodes finishes job
Trial 200 finished with value: 7.818221581357451 and parameters: {'objective': 'reg:squarederror', 'tree_method': 'gpu_hist', 'lambda': 0.18970246898103252, 'alpha': 0.002667505337366652, 'colsample_bytree': 0.6559293808039625, 'subsample': 0.9000928940319749, 'learning_rate': 0.015286237609233495, 'max_depth': 11, 'min_child_weight': 251, 'eval_metric': 'rmse'}. Best is trial 79 with value: 7.812327109628506.
start listen on 192.168.1.101:51387
@tracker All of 4 nodes getting started
@tracker All nodes finishes job
Trial 201 finished with value: 7.816638782718415 and parameters: {'objective': 'reg:squarederror', 'tree_method': 'gpu_hist', 'lambda': 0.2979816487852786, 'alpha': 0.003163740443810237, 'colsample_bytree': 0.5563934502125532, 'subsample': 0.8839134646405538, 'learning_rate': 0.011814636507973496, 'max_depth': 11, 'min_child_weight': 259, 'eval_metric': 'rmse'}. Best is trial 79 with value: 7.812327109628506.
start listen on 192.168.1.101:35535
@tracker All of 4 nodes getting started
@tracker All nodes finishes job
Trial 202 finished with value: 7.816962178777165 and parameters: {'objective': 'reg:squarederror', 'tree_method': 'gpu_hist', 'lambda': 0.23056458415348438, 'alpha': 0.003413956673550409, 'colsample_bytree': 0.5745286528785758, 'subsample': 0.9165580661864065, 'learning_rate': 0.011531847031003226, 'max_depth': 11, 'min_child_weight': 238, 'eval_metric': 'rmse'}. Best is trial 79 with value: 7.812327109628506.
start listen on 192.168.1.101:52917
@tracker All of 4 nodes getting started
@tracker All nodes finishes job
Trial 203 finished with value: 7.818115180698006 and parameters: {'objective': 'reg:squarederror', 'tree_method': 'gpu_hist', 'lambda': 0.397120452167467, 'alpha': 0.0026039235934223783, 'colsample_bytree': 0.6127765834010611, 'subsample': 0.8943131001965584, 'learning_rate': 0.009404833813399778, 'max_depth': 11, 'min_child_weight': 247, 'eval_metric': 'rmse'}. Best is trial 79 with value: 7.812327109628506.
start listen on 192.168.1.101:45507
@tracker All of 4 nodes getting started
@tracker All nodes finishes job
Trial 204 finished with value: 7.8191200358148585 and parameters: {'objective': 'reg:squarederror', 'tree_method': 'gpu_hist', 'lambda': 0.0012657042888441642, 'alpha': 0.0020948164364708974, 'colsample_bytree': 0.582312056048931, 'subsample': 0.9219007785702833, 'learning_rate': 0.013867056684308541, 'max_depth': 11, 'min_child_weight': 120, 'eval_metric': 'rmse'}. Best is trial 79 with value: 7.812327109628506.
start listen on 192.168.1.101:38401
@tracker All of 4 nodes getting started
@tracker All nodes finishes job
Trial 205 finished with value: 7.812946659176227 and parameters: {'objective': 'reg:squarederror', 'tree_method': 'gpu_hist', 'lambda': 0.009813286733281924, 'alpha': 0.0038702641332526784, 'colsample_bytree': 0.633837997008472, 'subsample': 0.874683888439435, 'learning_rate': 0.015881956520906647, 'max_depth': 11, 'min_child_weight': 257, 'eval_metric': 'rmse'}. Best is trial 79 with value: 7.812327109628506.
start listen on 192.168.1.101:45043
@tracker All of 4 nodes getting started
@tracker All nodes finishes job
Trial 206 finished with value: 7.818118263292527 and parameters: {'objective': 'reg:squarederror', 'tree_method': 'gpu_hist', 'lambda': 0.02708844227879614, 'alpha': 0.0054564965146952325, 'colsample_bytree': 0.635116723924154, 'subsample': 0.8750768303547083, 'learning_rate': 0.017710969680683624, 'max_depth': 11, 'min_child_weight': 255, 'eval_metric': 'rmse'}. Best is trial 79 with value: 7.812327109628506.
start listen on 192.168.1.101:56547
@tracker All of 4 nodes getting started
@tracker All nodes finishes job
Trial 207 finished with value: 7.81738166841886 and parameters: {'objective': 'reg:squarederror', 'tree_method': 'gpu_hist', 'lambda': 0.1251838702293443, 'alpha': 0.001705609053185894, 'colsample_bytree': 0.6243242665601203, 'subsample': 0.8607753924851469, 'learning_rate': 0.01632524859669151, 'max_depth': 11, 'min_child_weight': 241, 'eval_metric': 'rmse'}. Best is trial 79 with value: 7.812327109628506.
start listen on 192.168.1.101:56191
@tracker All of 4 nodes getting started
@tracker All nodes finishes job
Trial 208 finished with value: 7.814723781994916 and parameters: {'objective': 'reg:squarederror', 'tree_method': 'gpu_hist', 'lambda': 0.005870125201091634, 'alpha': 0.00449747663528613, 'colsample_bytree': 0.6465888618726768, 'subsample': 0.9046475525556287, 'learning_rate': 0.014885372349331454, 'max_depth': 11, 'min_child_weight': 260, 'eval_metric': 'rmse'}. Best is trial 79 with value: 7.812327109628506.
start listen on 192.168.1.101:47277
@tracker All of 4 nodes getting started
@tracker All nodes finishes job
Trial 209 finished with value: 7.847694317186312 and parameters: {'objective': 'reg:squarederror', 'tree_method': 'gpu_hist', 'lambda': 0.00853429555614257, 'alpha': 0.006836368359242534, 'colsample_bytree': 0.6432921141574928, 'subsample': 0.9032253362358265, 'learning_rate': 0.014853450683471013, 'max_depth': 3, 'min_child_weight': 262, 'eval_metric': 'rmse'}. Best is trial 79 with value: 7.812327109628506.
start listen on 192.168.1.101:39261
@tracker All of 4 nodes getting started
@tracker All nodes finishes job
