Trial 504 finished with value: 7.818877055907466 and parameters: {'objective': 'reg:squarederror', 'tree_method': 'gpu_hist', 'lambda': 0.0010010822064053391, 'alpha': 0.005048565911351201, 'colsample_bytree': 0.5197090047812654, 'subsample': 0.7661998179568863, 'learning_rate': 0.012704907761986439, 'max_depth': 11, 'min_child_weight': 246, 'eval_metric': 'rmse'}. Best is trial 79 with value: 7.812327109628506.
start listen on 192.168.1.101:41723
@tracker All of 4 nodes getting started
@tracker All nodes finishes job
Trial 505 finished with value: 7.81775333222244 and parameters: {'objective': 'reg:squarederror', 'tree_method': 'gpu_hist', 'lambda': 0.06835766259840446, 'alpha': 0.00825298479216362, 'colsample_bytree': 0.8772378727633319, 'subsample': 0.8838797292440616, 'learning_rate': 0.0073102500758275134, 'max_depth': 15, 'min_child_weight': 261, 'eval_metric': 'rmse'}. Best is trial 79 with value: 7.812327109628506.
start listen on 192.168.1.101:60299
@tracker All of 4 nodes getting started
@tracker All nodes finishes job
Trial 506 finished with value: 7.813288237887764 and parameters: {'objective': 'reg:squarederror', 'tree_method': 'gpu_hist', 'lambda': 0.00933245506086699, 'alpha': 0.014371216936903372, 'colsample_bytree': 0.6296115493443654, 'subsample': 0.8945217010333546, 'learning_rate': 0.01696774899382979, 'max_depth': 11, 'min_child_weight': 236, 'eval_metric': 'rmse'}. Best is trial 79 with value: 7.812327109628506.
start listen on 192.168.1.101:39499
@tracker All of 4 nodes getting started
@tracker All nodes finishes job
Trial 507 finished with value: 7.817385442603203 and parameters: {'objective': 'reg:squarederror', 'tree_method': 'gpu_hist', 'lambda': 0.008252422032458863, 'alpha': 0.024119604321377514, 'colsample_bytree': 0.6358823549137447, 'subsample': 0.8736189163949309, 'learning_rate': 0.01681281688979759, 'max_depth': 11, 'min_child_weight': 238, 'eval_metric': 'rmse'}. Best is trial 79 with value: 7.812327109628506.
start listen on 192.168.1.101:53827
@tracker All of 4 nodes getting started
@tracker All nodes finishes job
Trial 508 finished with value: 7.818225510883505 and parameters: {'objective': 'reg:squarederror', 'tree_method': 'gpu_hist', 'lambda': 0.009937847996719222, 'alpha': 0.015844075471561022, 'colsample_bytree': 0.6449674163754111, 'subsample': 0.8964144752332, 'learning_rate': 0.013901340501645725, 'max_depth': 17, 'min_child_weight': 235, 'eval_metric': 'rmse'}. Best is trial 79 with value: 7.812327109628506.
start listen on 192.168.1.101:49943
@tracker All of 4 nodes getting started
@tracker All nodes finishes job
Trial 509 finished with value: 7.815697982138275 and parameters: {'objective': 'reg:squarederror', 'tree_method': 'gpu_hist', 'lambda': 0.00840580900963194, 'alpha': 0.01892473536694057, 'colsample_bytree': 0.6264284314459625, 'subsample': 0.9118405765253937, 'learning_rate': 0.014853780913062244, 'max_depth': 11, 'min_child_weight': 243, 'eval_metric': 'rmse'}. Best is trial 79 with value: 7.812327109628506.
start listen on 192.168.1.101:32981
@tracker All of 4 nodes getting started
@tracker All nodes finishes job
Trial 510 finished with value: 7.822452430454753 and parameters: {'objective': 'reg:squarederror', 'tree_method': 'gpu_hist', 'lambda': 0.01210466094699003, 'alpha': 0.013273541739426797, 'colsample_bytree': 0.6536455281552257, 'subsample': 0.9209231396099234, 'learning_rate': 0.018888534470899096, 'max_depth': 15, 'min_child_weight': 252, 'eval_metric': 'rmse'}. Best is trial 79 with value: 7.812327109628506.
start listen on 192.168.1.101:54847
@tracker All of 4 nodes getting started
@tracker All nodes finishes job
Trial 511 finished with value: 7.8185108529948435 and parameters: {'objective': 'reg:squarederror', 'tree_method': 'gpu_hist', 'lambda': 0.0062247000507048575, 'alpha': 0.013672125337046283, 'colsample_bytree': 0.6983840544442503, 'subsample': 0.9016091020317287, 'learning_rate': 0.010543372316089882, 'max_depth': 11, 'min_child_weight': 244, 'eval_metric': 'rmse'}. Best is trial 79 with value: 7.812327109628506.
start listen on 192.168.1.101:54547
@tracker All of 4 nodes getting started
@tracker All nodes finishes job
Trial 512 finished with value: 7.876914325886617 and parameters: {'objective': 'reg:squarederror', 'tree_method': 'gpu_hist', 'lambda': 0.006821356130216045, 'alpha': 0.031089526583433256, 'colsample_bytree': 0.6658134838022048, 'subsample': 0.8034157521710078, 'learning_rate': 0.0023022238237354067, 'max_depth': 11, 'min_child_weight': 281, 'eval_metric': 'rmse'}. Best is trial 79 with value: 7.812327109628506.
start listen on 192.168.1.101:35003
@tracker All of 4 nodes getting started
@tracker All nodes finishes job
Trial 513 finished with value: 7.816697021857103 and parameters: {'objective': 'reg:squarederror', 'tree_method': 'gpu_hist', 'lambda': 0.010587177446805098, 'alpha': 0.015356913658011529, 'colsample_bytree': 0.6219183609862063, 'subsample': 0.892072134097962, 'learning_rate': 0.012085727971902561, 'max_depth': 20, 'min_child_weight': 233, 'eval_metric': 'rmse'}. Best is trial 79 with value: 7.812327109628506.
start listen on 192.168.1.101:38603
@tracker All of 4 nodes getting started
@tracker All nodes finishes job
Trial 514 finished with value: 7.816225086498726 and parameters: {'objective': 'reg:squarederror', 'tree_method': 'gpu_hist', 'lambda': 0.014584203973167554, 'alpha': 0.012182668977136385, 'colsample_bytree': 0.6328339264683922, 'subsample': 0.9119642330003667, 'learning_rate': 0.016682680589717832, 'max_depth': 15, 'min_child_weight': 250, 'eval_metric': 'rmse'}. Best is trial 79 with value: 7.812327109628506.
start listen on 192.168.1.101:43185
@tracker All of 4 nodes getting started
@tracker All nodes finishes job
Trial 515 finished with value: 7.81458440901298 and parameters: {'objective': 'reg:squarederror', 'tree_method': 'gpu_hist', 'lambda': 0.019729186821182885, 'alpha': 0.009971540969540336, 'colsample_bytree': 0.6133683677389714, 'subsample': 0.8758788625751337, 'learning_rate': 0.013216444818847123, 'max_depth': 11, 'min_child_weight': 268, 'eval_metric': 'rmse'}. Best is trial 79 with value: 7.812327109628506.
start listen on 192.168.1.101:53653
@tracker All of 4 nodes getting started
@tracker All nodes finishes job
Trial 516 finished with value: 7.8353408293722175 and parameters: {'objective': 'reg:squarederror', 'tree_method': 'gpu_hist', 'lambda': 0.0061089761573028915, 'alpha': 0.017932536122243225, 'colsample_bytree': 0.6529776397378372, 'subsample': 0.9240771421121386, 'learning_rate': 0.004710487122429026, 'max_depth': 11, 'min_child_weight': 287, 'eval_metric': 'rmse'}. Best is trial 79 with value: 7.812327109628506.
start listen on 192.168.1.101:55571
@tracker All of 4 nodes getting started
@tracker All nodes finishes job
Trial 517 finished with value: 7.816405298717336 and parameters: {'objective': 'reg:squarederror', 'tree_method': 'gpu_hist', 'lambda': 0.009077518467634119, 'alpha': 0.011062047334533087, 'colsample_bytree': 0.6442632041220802, 'subsample': 0.824016673064375, 'learning_rate': 0.009186861845029223, 'max_depth': 15, 'min_child_weight': 240, 'eval_metric': 'rmse'}. Best is trial 79 with value: 7.812327109628506.
start listen on 192.168.1.101:47215
@tracker All of 4 nodes getting started
@tracker All nodes finishes job
Trial 518 finished with value: 7.81589722480446 and parameters: {'objective': 'reg:squarederror', 'tree_method': 'gpu_hist', 'lambda': 0.01158432267111156, 'alpha': 0.005855160944805417, 'colsample_bytree': 0.6817310900583342, 'subsample': 0.9440339316066343, 'learning_rate': 0.014791517073341467, 'max_depth': 11, 'min_child_weight': 259, 'eval_metric': 'rmse'}. Best is trial 79 with value: 7.812327109628506.
start listen on 192.168.1.101:39413
@tracker All of 4 nodes getting started
@tracker All nodes finishes job
Trial 519 finished with value: 7.81628431367488 and parameters: {'objective': 'reg:squarederror', 'tree_method': 'gpu_hist', 'lambda': 0.03208608960358223, 'alpha': 0.0041191151027474854, 'colsample_bytree': 0.6299617631028072, 'subsample': 0.8890359766272944, 'learning_rate': 0.018152717466675728, 'max_depth': 7, 'min_child_weight': 255, 'eval_metric': 'rmse'}. Best is trial 79 with value: 7.812327109628506.
start listen on 192.168.1.101:38213
@tracker All of 4 nodes getting started
@tracker All nodes finishes job
Trial 520 finished with value: 7.8220944914342345 and parameters: {'objective': 'reg:squarederror', 'tree_method': 'gpu_hist', 'lambda': 0.007664403005786496, 'alpha': 0.008070652742676895, 'colsample_bytree': 0.6126345971016974, 'subsample': 0.9076230922654369, 'learning_rate': 0.008291202946162413, 'max_depth': 11, 'min_child_weight': 246, 'eval_metric': 'rmse'}. Best is trial 79 with value: 7.812327109628506.
start listen on 192.168.1.101:60117
@tracker All of 4 nodes getting started
@tracker All nodes finishes job
Trial 521 finished with value: 7.838454935689123 and parameters: {'objective': 'reg:squarederror', 'tree_method': 'gpu_hist', 'lambda': 0.7283359769414818, 'alpha': 0.009062834815719307, 'colsample_bytree': 0.6676101402185853, 'subsample': 0.8594221836066095, 'learning_rate': 0.02073557858896685, 'max_depth': 3, 'min_child_weight': 264, 'eval_metric': 'rmse'}. Best is trial 79 with value: 7.812327109628506.
start listen on 192.168.1.101:33369
@tracker All of 4 nodes getting started
@tracker All nodes finishes job
Trial 522 finished with value: 7.816652988217442 and parameters: {'objective': 'reg:squarederror', 'tree_method': 'gpu_hist', 'lambda': 0.014158564263469448, 'alpha': 0.006451357171781164, 'colsample_bytree': 0.6416469611542438, 'subsample': 0.7196740089671843, 'learning_rate': 0.011395286491649158, 'max_depth': 15, 'min_child_weight': 239, 'eval_metric': 'rmse'}. Best is trial 79 with value: 7.812327109628506.
start listen on 192.168.1.101:45343
@tracker All of 4 nodes getting started
@tracker All nodes finishes job
Trial 523 finished with value: 7.816409799633205 and parameters: {'objective': 'reg:squarederror', 'tree_method': 'gpu_hist', 'lambda': 0.004230595039459823, 'alpha': 0.004607252723238487, 'colsample_bytree': 0.6028129953213327, 'subsample': 0.7753171581985568, 'learning_rate': 0.009885712015011958, 'max_depth': 11, 'min_child_weight': 230, 'eval_metric': 'rmse'}. Best is trial 79 with value: 7.812327109628506.
start listen on 192.168.1.101:54301
@tracker All of 4 nodes getting started
@tracker All nodes finishes job
Trial 524 finished with value: 7.811963492561859 and parameters: {'objective': 'reg:squarederror', 'tree_method': 'gpu_hist', 'lambda': 0.11025012296063978, 'alpha': 0.013043379258663274, 'colsample_bytree': 0.6218965880138183, 'subsample': 0.9207376529840987, 'learning_rate': 0.015756072682085547, 'max_depth': 11, 'min_child_weight': 271, 'eval_metric': 'rmse'}. Best is trial 524 with value: 7.811963492561859.
start listen on 192.168.1.101:49123
@tracker All of 4 nodes getting started
@tracker All nodes finishes job
Trial 525 finished with value: 7.813561825034822 and parameters: {'objective': 'reg:squarederror', 'tree_method': 'gpu_hist', 'lambda': 0.12721837205175687, 'alpha': 0.12247808397433939, 'colsample_bytree': 0.620637612610255, 'subsample': 0.9199245785300723, 'learning_rate': 0.01380690442526078, 'max_depth': 15, 'min_child_weight': 252, 'eval_metric': 'rmse'}. Best is trial 524 with value: 7.811963492561859.
start listen on 192.168.1.101:44749
@tracker All of 4 nodes getting started
@tracker All nodes finishes job
Trial 526 finished with value: 7.818036980737436 and parameters: {'objective': 'reg:squarederror', 'tree_method': 'gpu_hist', 'lambda': 0.10324902656244773, 'alpha': 0.1266057220275344, 'colsample_bytree': 0.6197688287411143, 'subsample': 0.9233262823162156, 'learning_rate': 0.012860476984017679, 'max_depth': 15, 'min_child_weight': 258, 'eval_metric': 'rmse'}. Best is trial 524 with value: 7.811963492561859.
start listen on 192.168.1.101:60985
@tracker All of 4 nodes getting started
@tracker All nodes finishes job
Trial 527 finished with value: 7.816636949281403 and parameters: {'objective': 'reg:squarederror', 'tree_method': 'gpu_hist', 'lambda': 0.06031900267006543, 'alpha': 0.022634891204485738, 'colsample_bytree': 0.628989389855876, 'subsample': 0.9068150718136697, 'learning_rate': 0.012124022639391692, 'max_depth': 15, 'min_child_weight': 252, 'eval_metric': 'rmse'}. Best is trial 524 with value: 7.811963492561859.
start listen on 192.168.1.101:35141
@tracker All of 4 nodes getting started
@tracker All nodes finishes job
Trial 528 finished with value: 7.815951178808783 and parameters: {'objective': 'reg:squarederror', 'tree_method': 'gpu_hist', 'lambda': 0.11138430745344303, 'alpha': 0.10436443063530326, 'colsample_bytree': 0.6150233686819291, 'subsample': 0.6340640190892093, 'learning_rate': 0.013795896328169004, 'max_depth': 15, 'min_child_weight': 262, 'eval_metric': 'rmse'}. Best is trial 524 with value: 7.811963492561859.
start listen on 192.168.1.101:38079
@tracker All of 4 nodes getting started
@tracker All nodes finishes job
Trial 529 finished with value: 7.821082261043254 and parameters: {'objective': 'reg:squarederror', 'tree_method': 'gpu_hist', 'lambda': 0.14953340174661559, 'alpha': 0.14610270059699634, 'colsample_bytree': 0.63673762842484, 'subsample': 0.8965011375128866, 'learning_rate': 0.006230477798654541, 'max_depth': 15, 'min_child_weight': 254, 'eval_metric': 'rmse'}. Best is trial 524 with value: 7.811963492561859.
start listen on 192.168.1.101:42969
@tracker All of 4 nodes getting started
@tracker All nodes finishes job
Trial 530 finished with value: 7.822654552309493 and parameters: {'objective': 'reg:squarederror', 'tree_method': 'gpu_hist', 'lambda': 0.09058342179505273, 'alpha': 0.17694529526144462, 'colsample_bytree': 0.6544405767464794, 'subsample': 0.7523353691208667, 'learning_rate': 0.01094590207101356, 'max_depth': 15, 'min_child_weight': 128, 'eval_metric': 'rmse'}. Best is trial 524 with value: 7.811963492561859.
start listen on 192.168.1.101:39637
@tracker All of 4 nodes getting started
@tracker All nodes finishes job
Trial 531 finished with value: 7.814530511262457 and parameters: {'objective': 'reg:squarederror', 'tree_method': 'gpu_hist', 'lambda': 0.08956431678981946, 'alpha': 0.13545771275422727, 'colsample_bytree': 0.6228780944814212, 'subsample': 0.9318969443023731, 'learning_rate': 0.01429546880169648, 'max_depth': 15, 'min_child_weight': 268, 'eval_metric': 'rmse'}. Best is trial 524 with value: 7.811963492561859.
start listen on 192.168.1.101:49371
@tracker All of 4 nodes getting started
@tracker All nodes finishes job
Trial 532 finished with value: 7.8159893362372115 and parameters: {'objective': 'reg:squarederror', 'tree_method': 'gpu_hist', 'lambda': 0.1404346366127294, 'alpha': 0.16959847144731408, 'colsample_bytree': 0.6053347462849229, 'subsample': 0.8819766585840844, 'learning_rate': 0.012826838075905218, 'max_depth': 15, 'min_child_weight': 248, 'eval_metric': 'rmse'}. Best is trial 524 with value: 7.811963492561859.
start listen on 192.168.1.101:58653
@tracker All of 4 nodes getting started
@tracker All nodes finishes job
Trial 533 finished with value: 7.8147303902224605 and parameters: {'objective': 'reg:squarederror', 'tree_method': 'gpu_hist', 'lambda': 0.05497610091219195, 'alpha': 0.011181861853174402, 'colsample_bytree': 0.6414720746850356, 'subsample': 0.9169835905404463, 'learning_rate': 0.014879717418022837, 'max_depth': 15, 'min_child_weight': 273, 'eval_metric': 'rmse'}. Best is trial 524 with value: 7.811963492561859.
start listen on 192.168.1.101:55207
@tracker All of 4 nodes getting started
@tracker All nodes finishes job
Trial 534 finished with value: 7.816503182766661 and parameters: {'objective': 'reg:squarederror', 'tree_method': 'gpu_hist', 'lambda': 0.11492233183230768, 'alpha': 0.06366273662638118, 'colsample_bytree': 0.6303369286318301, 'subsample': 0.7964339605386073, 'learning_rate': 0.01142862924322196, 'max_depth': 15, 'min_child_weight': 259, 'eval_metric': 'rmse'}. Best is trial 524 with value: 7.811963492561859.
start listen on 192.168.1.101:54003
@tracker All of 4 nodes getting started
@tracker All nodes finishes job
Trial 535 finished with value: 7.812464088574105 and parameters: {'objective': 'reg:squarederror', 'tree_method': 'gpu_hist', 'lambda': 0.07135372131352448, 'alpha': 0.014893471083231623, 'colsample_bytree': 0.6562478410676352, 'subsample': 0.8485720129898545, 'learning_rate': 0.01028317869361437, 'max_depth': 15, 'min_child_weight': 253, 'eval_metric': 'rmse'}. Best is trial 524 with value: 7.811963492561859.
start listen on 192.168.1.101:42899
@tracker All of 4 nodes getting started
@tracker All nodes finishes job
Trial 536 finished with value: 7.814484849466048 and parameters: {'objective': 'reg:squarederror', 'tree_method': 'gpu_hist', 'lambda': 0.07555828358237988, 'alpha': 0.11571093608363413, 'colsample_bytree': 0.6776059352563755, 'subsample': 0.8462949274425741, 'learning_rate': 0.00988105596820511, 'max_depth': 15, 'min_child_weight': 265, 'eval_metric': 'rmse'}. Best is trial 524 with value: 7.811963492561859.
start listen on 192.168.1.101:52485
@tracker All of 4 nodes getting started
@tracker All nodes finishes job
Trial 537 finished with value: 7.816460637541117 and parameters: {'objective': 'reg:squarederror', 'tree_method': 'gpu_hist', 'lambda': 0.0629632920551636, 'alpha': 0.014928017799822103, 'colsample_bytree': 0.6622672730649539, 'subsample': 0.8481830858389104, 'learning_rate': 0.009271307296993214, 'max_depth': 15, 'min_child_weight': 257, 'eval_metric': 'rmse'}. Best is trial 524 with value: 7.811963492561859.
start listen on 192.168.1.101:35957
@tracker All of 4 nodes getting started
@tracker All nodes finishes job
Trial 538 finished with value: 7.818601978824433 and parameters: {'objective': 'reg:squarederror', 'tree_method': 'gpu_hist', 'lambda': 0.1291218161405489, 'alpha': 0.0171001268843609, 'colsample_bytree': 0.7073800214651331, 'subsample': 0.8580840323177907, 'learning_rate': 0.008009863295017077, 'max_depth': 15, 'min_child_weight': 253, 'eval_metric': 'rmse'}. Best is trial 524 with value: 7.811963492561859.
start listen on 192.168.1.101:59359
@tracker All of 4 nodes getting started
@tracker All nodes finishes job
Trial 539 finished with value: 7.814235380622855 and parameters: {'objective': 'reg:squarederror', 'tree_method': 'gpu_hist', 'lambda': 0.04350740209365752, 'alpha': 0.014147471266042088, 'colsample_bytree': 0.6573644543112632, 'subsample': 0.8679218117287008, 'learning_rate': 0.010047703973721909, 'max_depth': 15, 'min_child_weight': 263, 'eval_metric': 'rmse'}. Best is trial 524 with value: 7.811963492561859.
start listen on 192.168.1.101:32907
@tracker All of 4 nodes getting started
@tracker All nodes finishes job
Trial 540 finished with value: 7.815508603673714 and parameters: {'objective': 'reg:squarederror', 'tree_method': 'gpu_hist', 'lambda': 0.08240296458401866, 'alpha': 0.018284877339596245, 'colsample_bytree': 0.6736123223389365, 'subsample': 0.845032880523808, 'learning_rate': 0.010949706059551655, 'max_depth': 15, 'min_child_weight': 249, 'eval_metric': 'rmse'}. Best is trial 524 with value: 7.811963492561859.
start listen on 192.168.1.101:51783
@tracker All of 4 nodes getting started
@tracker All nodes finishes job
Trial 541 finished with value: 7.818741964494069 and parameters: {'objective': 'reg:squarederror', 'tree_method': 'gpu_hist', 'lambda': 0.06795857586544367, 'alpha': 0.012177917637604257, 'colsample_bytree': 0.6499567214808051, 'subsample': 0.8259044650009123, 'learning_rate': 0.008736151160076642, 'max_depth': 15, 'min_child_weight': 273, 'eval_metric': 'rmse'}. Best is trial 524 with value: 7.811963492561859.
start listen on 192.168.1.101:48117
@tracker All of 4 nodes getting started
@tracker All nodes finishes job
Trial 542 finished with value: 7.8175689503414345 and parameters: {'objective': 'reg:squarederror', 'tree_method': 'gpu_hist', 'lambda': 3.9818722907472464, 'alpha': 0.658181937827001, 'colsample_bytree': 0.5921198942595038, 'subsample': 0.8677497847551163, 'learning_rate': 0.00986918751878817, 'max_depth': 15, 'min_child_weight': 173, 'eval_metric': 'rmse'}. Best is trial 524 with value: 7.811963492561859.
start listen on 192.168.1.101:58657
@tracker All of 4 nodes getting started
@tracker All nodes finishes job
Trial 543 finished with value: 7.815247400939241 and parameters: {'objective': 'reg:squarederror', 'tree_method': 'gpu_hist', 'lambda': 0.1599505034977193, 'alpha': 0.021117945968824093, 'colsample_bytree': 0.6175936804701859, 'subsample': 0.8549742231479392, 'learning_rate': 0.012137095924391375, 'max_depth': 15, 'min_child_weight': 260, 'eval_metric': 'rmse'}. Best is trial 524 with value: 7.811963492561859.
start listen on 192.168.1.101:42601
@tracker All of 4 nodes getting started
@tracker All nodes finishes job
Trial 544 finished with value: 7.817930455143444 and parameters: {'objective': 'reg:squarederror', 'tree_method': 'gpu_hist', 'lambda': 0.11684566443037506, 'alpha': 0.26895136074655307, 'colsample_bytree': 0.6453654403577704, 'subsample': 0.7299402092634296, 'learning_rate': 0.010377505398476195, 'max_depth': 13, 'min_child_weight': 253, 'eval_metric': 'rmse'}. Best is trial 524 with value: 7.811963492561859.
start listen on 192.168.1.101:52671
@tracker All of 4 nodes getting started
@tracker All nodes finishes job
Trial 545 finished with value: 7.816267757771375 and parameters: {'objective': 'reg:squarederror', 'tree_method': 'gpu_hist', 'lambda': 0.08078416078539843, 'alpha': 0.08980680217566873, 'colsample_bytree': 0.6053358698992812, 'subsample': 0.8705066107788466, 'learning_rate': 0.011684561818167337, 'max_depth': 15, 'min_child_weight': 245, 'eval_metric': 'rmse'}. Best is trial 524 with value: 7.811963492561859.
start listen on 192.168.1.101:53975
@tracker All of 4 nodes getting started
@tracker All nodes finishes job
