Trial 294 finished with value: 7.8169357903746235 and parameters: {'objective': 'reg:squarederror', 'tree_method': 'gpu_hist', 'lambda': 0.0010200071435324826, 'alpha': 0.011399256297629985, 'colsample_bytree': 0.5705948068559622, 'subsample': 0.8776361684937117, 'learning_rate': 0.013945065485618432, 'max_depth': 11, 'min_child_weight': 243, 'eval_metric': 'rmse'}. Best is trial 79 with value: 7.812327109628506.
start listen on 192.168.1.101:45613
@tracker All of 4 nodes getting started
@tracker All nodes finishes job
Trial 295 finished with value: 7.9613108944520175 and parameters: {'objective': 'reg:squarederror', 'tree_method': 'gpu_hist', 'lambda': 0.00134132838043652, 'alpha': 0.007894522315597584, 'colsample_bytree': 0.6245001589189615, 'subsample': 0.9071371929206827, 'learning_rate': 0.0015964831834122488, 'max_depth': 11, 'min_child_weight': 233, 'eval_metric': 'rmse'}. Best is trial 79 with value: 7.812327109628506.
start listen on 192.168.1.101:44325
@tracker All of 4 nodes getting started
@tracker All nodes finishes job
Trial 296 finished with value: 7.819777653516558 and parameters: {'objective': 'reg:squarederror', 'tree_method': 'gpu_hist', 'lambda': 0.001032062392904647, 'alpha': 0.00711759014230765, 'colsample_bytree': 0.6506402731526427, 'subsample': 0.9269082493665983, 'learning_rate': 0.01935382259838378, 'max_depth': 11, 'min_child_weight': 221, 'eval_metric': 'rmse'}. Best is trial 79 with value: 7.812327109628506.
start listen on 192.168.1.101:47225
@tracker All of 4 nodes getting started
@tracker All nodes finishes job
Trial 297 finished with value: 7.827383024937888 and parameters: {'objective': 'reg:squarederror', 'tree_method': 'gpu_hist', 'lambda': 0.0015499350099830065, 'alpha': 0.005585229321216945, 'colsample_bytree': 0.59514759681402, 'subsample': 0.7197018608347683, 'learning_rate': 0.01590182802510474, 'max_depth': 5, 'min_child_weight': 239, 'eval_metric': 'rmse'}. Best is trial 79 with value: 7.812327109628506.
start listen on 192.168.1.101:54087
@tracker All of 4 nodes getting started
@tracker All nodes finishes job
Trial 298 finished with value: 7.819193854239328 and parameters: {'objective': 'reg:squarederror', 'tree_method': 'gpu_hist', 'lambda': 0.24433779405609973, 'alpha': 0.006773981521641703, 'colsample_bytree': 0.6935052052404902, 'subsample': 0.9458625115350815, 'learning_rate': 0.017889700970089094, 'max_depth': 11, 'min_child_weight': 246, 'eval_metric': 'rmse'}. Best is trial 79 with value: 7.812327109628506.
start listen on 192.168.1.101:38113
@tracker All of 4 nodes getting started
@tracker All nodes finishes job
Trial 299 finished with value: 7.815649474491319 and parameters: {'objective': 'reg:squarederror', 'tree_method': 'gpu_hist', 'lambda': 0.00197926948180407, 'alpha': 0.00451483934368497, 'colsample_bytree': 0.5557178770510904, 'subsample': 0.8974408174069638, 'learning_rate': 0.014634669135461898, 'max_depth': 11, 'min_child_weight': 266, 'eval_metric': 'rmse'}. Best is trial 79 with value: 7.812327109628506.
start listen on 192.168.1.101:42199
@tracker All of 4 nodes getting started
@tracker All nodes finishes job
Trial 300 finished with value: 7.816520263407166 and parameters: {'objective': 'reg:squarederror', 'tree_method': 'gpu_hist', 'lambda': 0.0013656608645692056, 'alpha': 0.003553572007718063, 'colsample_bytree': 0.6119198353400174, 'subsample': 0.9195629583447045, 'learning_rate': 0.013019772032863182, 'max_depth': 11, 'min_child_weight': 274, 'eval_metric': 'rmse'}. Best is trial 79 with value: 7.812327109628506.
start listen on 192.168.1.101:37189
@tracker All of 4 nodes getting started
@tracker All nodes finishes job
Trial 301 finished with value: 7.817229382140665 and parameters: {'objective': 'reg:squarederror', 'tree_method': 'gpu_hist', 'lambda': 0.03211579057586428, 'alpha': 0.0055048624051316705, 'colsample_bytree': 0.6324900254071868, 'subsample': 0.9109243240297029, 'learning_rate': 0.016434722746467744, 'max_depth': 13, 'min_child_weight': 226, 'eval_metric': 'rmse'}. Best is trial 79 with value: 7.812327109628506.
start listen on 192.168.1.101:55151
@tracker All of 4 nodes getting started
@tracker All nodes finishes job
Trial 302 finished with value: 7.822008147354317 and parameters: {'objective': 'reg:squarederror', 'tree_method': 'gpu_hist', 'lambda': 0.6219193191024011, 'alpha': 0.006417305471739709, 'colsample_bytree': 0.5837837324672019, 'subsample': 0.8639459893673596, 'learning_rate': 0.022810072445921425, 'max_depth': 11, 'min_child_weight': 259, 'eval_metric': 'rmse'}. Best is trial 79 with value: 7.812327109628506.
start listen on 192.168.1.101:49007
@tracker All of 4 nodes getting started
@tracker All nodes finishes job
Trial 303 finished with value: 7.81743039547696 and parameters: {'objective': 'reg:squarederror', 'tree_method': 'gpu_hist', 'lambda': 0.0011348806095565272, 'alpha': 0.0012448975228021798, 'colsample_bytree': 0.6774757463157448, 'subsample': 0.9563882856831617, 'learning_rate': 0.011687787391126163, 'max_depth': 11, 'min_child_weight': 249, 'eval_metric': 'rmse'}. Best is trial 79 with value: 7.812327109628506.
start listen on 192.168.1.101:54147
@tracker All of 4 nodes getting started
@tracker All nodes finishes job
Trial 304 finished with value: 7.91564659779376 and parameters: {'objective': 'reg:squarederror', 'tree_method': 'gpu_hist', 'lambda': 0.001001865526145585, 'alpha': 0.008966993536282553, 'colsample_bytree': 0.6035605367399167, 'subsample': 0.9271634643550914, 'learning_rate': 0.053067826669454435, 'max_depth': 15, 'min_child_weight': 237, 'eval_metric': 'rmse'}. Best is trial 79 with value: 7.812327109628506.
start listen on 192.168.1.101:51817
@tracker All of 4 nodes getting started
@tracker All nodes finishes job
Trial 305 finished with value: 7.85923935580078 and parameters: {'objective': 'reg:squarederror', 'tree_method': 'gpu_hist', 'lambda': 0.002564610322931019, 'alpha': 0.003184943329644837, 'colsample_bytree': 0.5687597307263769, 'subsample': 0.9389563476499438, 'learning_rate': 0.002707419564010323, 'max_depth': 11, 'min_child_weight': 5, 'eval_metric': 'rmse'}. Best is trial 79 with value: 7.812327109628506.
start listen on 192.168.1.101:51445
@tracker All of 4 nodes getting started
@tracker All nodes finishes job
Trial 306 finished with value: 7.820261118558395 and parameters: {'objective': 'reg:squarederror', 'tree_method': 'gpu_hist', 'lambda': 0.4675151065490497, 'alpha': 0.004314831236855271, 'colsample_bytree': 0.6533662969198274, 'subsample': 0.8925110412916818, 'learning_rate': 0.015277831560181174, 'max_depth': 17, 'min_child_weight': 243, 'eval_metric': 'rmse'}. Best is trial 79 with value: 7.812327109628506.
start listen on 192.168.1.101:52279
@tracker All of 4 nodes getting started
@tracker All nodes finishes job
Trial 307 finished with value: 7.819643785900143 and parameters: {'objective': 'reg:squarederror', 'tree_method': 'gpu_hist', 'lambda': 0.0036686501469772557, 'alpha': 0.00511937017051161, 'colsample_bytree': 0.619931056962211, 'subsample': 0.9047420578280807, 'learning_rate': 0.020282752793916878, 'max_depth': 11, 'min_child_weight': 232, 'eval_metric': 'rmse'}. Best is trial 79 with value: 7.812327109628506.
start listen on 192.168.1.101:53055
@tracker All of 4 nodes getting started
@tracker All nodes finishes job
Trial 308 finished with value: 7.815897235992236 and parameters: {'objective': 'reg:squarederror', 'tree_method': 'gpu_hist', 'lambda': 0.0131695440604185, 'alpha': 0.0015235501840282827, 'colsample_bytree': 0.7102602328852614, 'subsample': 0.8748411383396969, 'learning_rate': 0.017563856733381324, 'max_depth': 11, 'min_child_weight': 255, 'eval_metric': 'rmse'}. Best is trial 79 with value: 7.812327109628506.
start listen on 192.168.1.101:39623
@tracker All of 4 nodes getting started
@tracker All nodes finishes job
Trial 309 finished with value: 7.818188163158414 and parameters: {'objective': 'reg:squarederror', 'tree_method': 'gpu_hist', 'lambda': 0.0013041236722561758, 'alpha': 0.007598961115409124, 'colsample_bytree': 0.5948772653770994, 'subsample': 0.917348780725104, 'learning_rate': 0.013577197018322013, 'max_depth': 11, 'min_child_weight': 179, 'eval_metric': 'rmse'}. Best is trial 79 with value: 7.812327109628506.
start listen on 192.168.1.101:57827
@tracker All of 4 nodes getting started
@tracker All nodes finishes job
Trial 310 finished with value: 7.815618973380835 and parameters: {'objective': 'reg:squarederror', 'tree_method': 'gpu_hist', 'lambda': 0.212638583340735, 'alpha': 0.006087012514018294, 'colsample_bytree': 0.6642360588947892, 'subsample': 0.9367700858921909, 'learning_rate': 0.014842435646601695, 'max_depth': 9, 'min_child_weight': 248, 'eval_metric': 'rmse'}. Best is trial 79 with value: 7.812327109628506.
start listen on 192.168.1.101:39673
@tracker All of 4 nodes getting started
@tracker All nodes finishes job
Trial 311 finished with value: 7.8178811127804275 and parameters: {'objective': 'reg:squarederror', 'tree_method': 'gpu_hist', 'lambda': 0.04043536371683705, 'alpha': 0.0039928632080408095, 'colsample_bytree': 0.5786354312979836, 'subsample': 0.9278823236941015, 'learning_rate': 0.0167760451317158, 'max_depth': 11, 'min_child_weight': 267, 'eval_metric': 'rmse'}. Best is trial 79 with value: 7.812327109628506.
start listen on 192.168.1.101:51319
@tracker All of 4 nodes getting started
@tracker All nodes finishes job
Trial 312 finished with value: 7.817918713949838 and parameters: {'objective': 'reg:squarederror', 'tree_method': 'gpu_hist', 'lambda': 0.0018366224439190016, 'alpha': 0.004783104343565686, 'colsample_bytree': 0.6325410714157085, 'subsample': 0.9034416551899879, 'learning_rate': 0.012520232307850406, 'max_depth': 11, 'min_child_weight': 240, 'eval_metric': 'rmse'}. Best is trial 79 with value: 7.812327109628506.
start listen on 192.168.1.101:48973
@tracker All of 4 nodes getting started
@tracker All nodes finishes job
Trial 313 finished with value: 7.818393590609177 and parameters: {'objective': 'reg:squarederror', 'tree_method': 'gpu_hist', 'lambda': 1.9884379626798354, 'alpha': 0.0012012186770004847, 'colsample_bytree': 0.5459223642265122, 'subsample': 0.9157658267909374, 'learning_rate': 0.01820136090680174, 'max_depth': 7, 'min_child_weight': 253, 'eval_metric': 'rmse'}. Best is trial 79 with value: 7.812327109628506.
start listen on 192.168.1.101:58261
@tracker All of 4 nodes getting started
@tracker All nodes finishes job
Trial 314 finished with value: 7.822760277751566 and parameters: {'objective': 'reg:squarederror', 'tree_method': 'gpu_hist', 'lambda': 0.006879427103598653, 'alpha': 0.009893078062370877, 'colsample_bytree': 0.6127017056654976, 'subsample': 0.8871156983813181, 'learning_rate': 0.015713643302217365, 'max_depth': 20, 'min_child_weight': 261, 'eval_metric': 'rmse'}. Best is trial 79 with value: 7.812327109628506.
start listen on 192.168.1.101:59767
@tracker All of 4 nodes getting started
@tracker All nodes finishes job
Trial 315 finished with value: 7.815797027718926 and parameters: {'objective': 'reg:squarederror', 'tree_method': 'gpu_hist', 'lambda': 0.0015141424784975565, 'alpha': 0.007462473191497484, 'colsample_bytree': 0.8309094982825, 'subsample': 0.9470149101981211, 'learning_rate': 0.014276502768700036, 'max_depth': 11, 'min_child_weight': 217, 'eval_metric': 'rmse'}. Best is trial 79 with value: 7.812327109628506.
start listen on 192.168.1.101:59397
@tracker All of 4 nodes getting started
@tracker All nodes finishes job
Trial 316 finished with value: 7.819128622112188 and parameters: {'objective': 'reg:squarederror', 'tree_method': 'gpu_hist', 'lambda': 0.266528151205722, 'alpha': 0.0010088961273773036, 'colsample_bytree': 0.6433489137652896, 'subsample': 0.921580774022015, 'learning_rate': 0.0164952405838889, 'max_depth': 11, 'min_child_weight': 234, 'eval_metric': 'rmse'}. Best is trial 79 with value: 7.812327109628506.
start listen on 192.168.1.101:38847
@tracker All of 4 nodes getting started
@tracker All nodes finishes job
Trial 317 finished with value: 7.815938598861781 and parameters: {'objective': 'reg:squarederror', 'tree_method': 'gpu_hist', 'lambda': 0.8714883914429336, 'alpha': 0.003195749390698985, 'colsample_bytree': 0.5947368962607736, 'subsample': 0.8931058602476509, 'learning_rate': 0.019367207775390662, 'max_depth': 11, 'min_child_weight': 155, 'eval_metric': 'rmse'}. Best is trial 79 with value: 7.812327109628506.
start listen on 192.168.1.101:42423
@tracker All of 4 nodes getting started
@tracker All nodes finishes job
Trial 318 finished with value: 7.815868352951111 and parameters: {'objective': 'reg:squarederror', 'tree_method': 'gpu_hist', 'lambda': 0.0012296069805692415, 'alpha': 0.0016244377977276713, 'colsample_bytree': 0.6223104845388054, 'subsample': 0.9084351035959111, 'learning_rate': 0.01357960938975286, 'max_depth': 11, 'min_child_weight': 246, 'eval_metric': 'rmse'}. Best is trial 79 with value: 7.812327109628506.
start listen on 192.168.1.101:56585
@tracker All of 4 nodes getting started
@tracker All nodes finishes job
Trial 319 finished with value: 7.816942361042852 and parameters: {'objective': 'reg:squarederror', 'tree_method': 'gpu_hist', 'lambda': 0.09508478929015761, 'alpha': 0.00532231772944606, 'colsample_bytree': 0.5627153553753205, 'subsample': 0.965451272727496, 'learning_rate': 0.014946349372096823, 'max_depth': 11, 'min_child_weight': 276, 'eval_metric': 'rmse'}. Best is trial 79 with value: 7.812327109628506.
start listen on 192.168.1.101:34169
@tracker All of 4 nodes getting started
@tracker All nodes finishes job
Trial 320 finished with value: 7.816839898105193 and parameters: {'objective': 'reg:squarederror', 'tree_method': 'gpu_hist', 'lambda': 0.17437388258726413, 'alpha': 0.006238741075179014, 'colsample_bytree': 0.6881687634975429, 'subsample': 0.9362590245461767, 'learning_rate': 0.012107990398757961, 'max_depth': 11, 'min_child_weight': 228, 'eval_metric': 'rmse'}. Best is trial 79 with value: 7.812327109628506.
start listen on 192.168.1.101:40255
@tracker All of 4 nodes getting started
@tracker All nodes finishes job
Trial 321 finished with value: 7.844136346603307 and parameters: {'objective': 'reg:squarederror', 'tree_method': 'gpu_hist', 'lambda': 0.4044950038390585, 'alpha': 0.0039024783198451647, 'colsample_bytree': 0.6047130174760943, 'subsample': 0.9253573751391023, 'learning_rate': 0.01723447660904252, 'max_depth': 3, 'min_child_weight': 253, 'eval_metric': 'rmse'}. Best is trial 79 with value: 7.812327109628506.
start listen on 192.168.1.101:55325
@tracker All of 4 nodes getting started
@tracker All nodes finishes job
Trial 322 finished with value: 7.817396690219879 and parameters: {'objective': 'reg:squarederror', 'tree_method': 'gpu_hist', 'lambda': 0.001000424110971919, 'alpha': 0.00222379380218073, 'colsample_bytree': 0.5833263535514176, 'subsample': 0.8970672786289778, 'learning_rate': 0.021081416705028003, 'max_depth': 11, 'min_child_weight': 260, 'eval_metric': 'rmse'}. Best is trial 79 with value: 7.812327109628506.
start listen on 192.168.1.101:49343
@tracker All of 4 nodes getting started
@tracker All nodes finishes job
Trial 323 finished with value: 7.816885962300931 and parameters: {'objective': 'reg:squarederror', 'tree_method': 'gpu_hist', 'lambda': 0.010708510722794997, 'alpha': 0.001465021763191131, 'colsample_bytree': 0.6441361615162786, 'subsample': 0.8788143237156304, 'learning_rate': 0.015580358784677688, 'max_depth': 11, 'min_child_weight': 243, 'eval_metric': 'rmse'}. Best is trial 79 with value: 7.812327109628506.
start listen on 192.168.1.101:39539
@tracker All of 4 nodes getting started
@tracker All nodes finishes job
Trial 324 finished with value: 7.816192968831066 and parameters: {'objective': 'reg:squarederror', 'tree_method': 'gpu_hist', 'lambda': 0.0039135850495467025, 'alpha': 0.007188792381418823, 'colsample_bytree': 0.6736384372804569, 'subsample': 0.9126382292245678, 'learning_rate': 0.013416066517150226, 'max_depth': 11, 'min_child_weight': 268, 'eval_metric': 'rmse'}. Best is trial 79 with value: 7.812327109628506.
start listen on 192.168.1.101:49511
@tracker All of 4 nodes getting started
@tracker All nodes finishes job
Trial 325 finished with value: 7.816870554017937 and parameters: {'objective': 'reg:squarederror', 'tree_method': 'gpu_hist', 'lambda': 0.0016522428318672768, 'alpha': 0.011850769264874269, 'colsample_bytree': 0.6274426225770189, 'subsample': 0.9516415157034169, 'learning_rate': 0.009997748177841917, 'max_depth': 11, 'min_child_weight': 235, 'eval_metric': 'rmse'}. Best is trial 79 with value: 7.812327109628506.
start listen on 192.168.1.101:47439
@tracker All of 4 nodes getting started
@tracker All nodes finishes job
Trial 326 finished with value: 7.8169720458462475 and parameters: {'objective': 'reg:squarederror', 'tree_method': 'gpu_hist', 'lambda': 0.31275555209250777, 'alpha': 0.004839648020209634, 'colsample_bytree': 0.5729507275235339, 'subsample': 0.9304700258648168, 'learning_rate': 0.018648859102380982, 'max_depth': 9, 'min_child_weight': 250, 'eval_metric': 'rmse'}. Best is trial 79 with value: 7.812327109628506.
start listen on 192.168.1.101:40277
@tracker All of 4 nodes getting started
@tracker All nodes finishes job
Trial 327 finished with value: 7.8299189947129 and parameters: {'objective': 'reg:squarederror', 'tree_method': 'gpu_hist', 'lambda': 0.0013025013373552051, 'alpha': 0.002965606265460078, 'colsample_bytree': 0.6102714020489923, 'subsample': 0.9097126833808299, 'learning_rate': 0.01456461879935752, 'max_depth': 5, 'min_child_weight': 241, 'eval_metric': 'rmse'}. Best is trial 79 with value: 7.812327109628506.
start listen on 192.168.1.101:34981
@tracker All of 4 nodes getting started
@tracker All nodes finishes job
Trial 328 finished with value: 7.815843810238444 and parameters: {'objective': 'reg:squarederror', 'tree_method': 'gpu_hist', 'lambda': 0.0074804498927522525, 'alpha': 0.00890673526602842, 'colsample_bytree': 0.6582021229948527, 'subsample': 0.9002963069137433, 'learning_rate': 0.01671507608588899, 'max_depth': 11, 'min_child_weight': 257, 'eval_metric': 'rmse'}. Best is trial 79 with value: 7.812327109628506.
start listen on 192.168.1.101:54979
@tracker All of 4 nodes getting started
@tracker All nodes finishes job
Trial 329 finished with value: 7.816090980433796 and parameters: {'objective': 'reg:squarederror', 'tree_method': 'gpu_hist', 'lambda': 0.004348159656349013, 'alpha': 0.005562077893739021, 'colsample_bytree': 0.5953275926981747, 'subsample': 0.9422197609561271, 'learning_rate': 0.011326059660708552, 'max_depth': 11, 'min_child_weight': 245, 'eval_metric': 'rmse'}. Best is trial 79 with value: 7.812327109628506.
start listen on 192.168.1.101:53923
@tracker All of 4 nodes getting started
@tracker All nodes finishes job
Trial 330 finished with value: 7.815441581995802 and parameters: {'objective': 'reg:squarederror', 'tree_method': 'gpu_hist', 'lambda': 0.0012027535255275102, 'alpha': 0.001866508594101503, 'colsample_bytree': 0.5580222056166585, 'subsample': 0.9142523398365019, 'learning_rate': 0.01322225064809307, 'max_depth': 11, 'min_child_weight': 229, 'eval_metric': 'rmse'}. Best is trial 79 with value: 7.812327109628506.
start listen on 192.168.1.101:50889
@tracker All of 4 nodes getting started
@tracker All nodes finishes job
Trial 331 finished with value: 7.818493627640962 and parameters: {'objective': 'reg:squarederror', 'tree_method': 'gpu_hist', 'lambda': 0.0022403286032618547, 'alpha': 0.003700306944131438, 'colsample_bytree': 0.6347035899093305, 'subsample': 0.855663559387878, 'learning_rate': 0.015926888836323448, 'max_depth': 11, 'min_child_weight': 210, 'eval_metric': 'rmse'}. Best is trial 79 with value: 7.812327109628506.
start listen on 192.168.1.101:45831
@tracker All of 4 nodes getting started
@tracker All nodes finishes job
Trial 332 finished with value: 7.818799799503308 and parameters: {'objective': 'reg:squarederror', 'tree_method': 'gpu_hist', 'lambda': 0.52383851744959, 'alpha': 0.007161075624566966, 'colsample_bytree': 0.5865842761579066, 'subsample': 0.9258353513256357, 'learning_rate': 0.018145569464956247, 'max_depth': 11, 'min_child_weight': 264, 'eval_metric': 'rmse'}. Best is trial 79 with value: 7.812327109628506.
start listen on 192.168.1.101:52727
@tracker All of 4 nodes getting started
@tracker All nodes finishes job
Trial 333 finished with value: 7.819608396615386 and parameters: {'objective': 'reg:squarederror', 'tree_method': 'gpu_hist', 'lambda': 0.0029189348444351106, 'alpha': 0.0013467163757470157, 'colsample_bytree': 0.6163598381229969, 'subsample': 0.8833494252947511, 'learning_rate': 0.013972051732717776, 'max_depth': 11, 'min_child_weight': 252, 'eval_metric': 'rmse'}. Best is trial 79 with value: 7.812327109628506.
start listen on 192.168.1.101:60291
@tracker All of 4 nodes getting started
@tracker All nodes finishes job
Trial 334 finished with value: 7.822134169371218 and parameters: {'objective': 'reg:squarederror', 'tree_method': 'gpu_hist', 'lambda': 3.3153789164073393, 'alpha': 0.0011861201651311778, 'colsample_bytree': 0.5384158705513119, 'subsample': 0.7862657765595139, 'learning_rate': 0.01949947381164662, 'max_depth': 13, 'min_child_weight': 224, 'eval_metric': 'rmse'}. Best is trial 79 with value: 7.812327109628506.
start listen on 192.168.1.101:39875
@tracker All of 4 nodes getting started
@tracker All nodes finishes job
Trial 335 finished with value: 7.817135903739043 and parameters: {'objective': 'reg:squarederror', 'tree_method': 'gpu_hist', 'lambda': 0.005334629940983719, 'alpha': 0.004235473767913537, 'colsample_bytree': 0.6527154319984212, 'subsample': 0.8965013531788284, 'learning_rate': 0.015171781627709713, 'max_depth': 11, 'min_child_weight': 237, 'eval_metric': 'rmse'}. Best is trial 79 with value: 7.812327109628506.
start listen on 192.168.1.101:40513
@tracker All of 4 nodes getting started
@tracker All nodes finishes job
