A new study created in RDB with name: aug_2021_test_1000
Start optimization.
start listen on 192.168.1.101:58917
@tracker All of 4 nodes getting started
@tracker All nodes finishes job
Trial 0 finished with value: 8.182310049798359 and parameters: {'objective': 'reg:squarederror', 'tree_method': 'gpu_hist', 'lambda': 0.3305768971096908, 'alpha': 0.007859049442261538, 'colsample_bytree': 0.9554986860221695, 'subsample': 0.517709935028232, 'learning_rate': 0.08921268994575038, 'max_depth': 9, 'min_child_weight': 3, 'eval_metric': 'rmse'}. Best is trial 0 with value: 8.182310049798359.
start listen on 192.168.1.101:40685
@tracker All of 4 nodes getting started
@tracker All nodes finishes job
Trial 1 finished with value: 7.817262825836979 and parameters: {'objective': 'reg:squarederror', 'tree_method': 'gpu_hist', 'lambda': 0.0018273925372924622, 'alpha': 0.25846513285605965, 'colsample_bytree': 0.43027025811253616, 'subsample': 0.9920142169273097, 'learning_rate': 0.03430148042719526, 'max_depth': 7, 'min_child_weight': 240, 'eval_metric': 'rmse'}. Best is trial 1 with value: 7.817262825836979.
start listen on 192.168.1.101:35175
@tracker All of 4 nodes getting started
@tracker All nodes finishes job
Trial 2 finished with value: 7.874637579232947 and parameters: {'objective': 'reg:squarederror', 'tree_method': 'gpu_hist', 'lambda': 0.02393380737997883, 'alpha': 3.077903868691549, 'colsample_bytree': 0.4873477968101976, 'subsample': 0.8689846021405283, 'learning_rate': 0.04650198654747897, 'max_depth': 9, 'min_child_weight': 21, 'eval_metric': 'rmse'}. Best is trial 1 with value: 7.817262825836979.
start listen on 192.168.1.101:54445
@tracker All of 4 nodes getting started
@tracker All nodes finishes job
Trial 3 finished with value: 7.911336543443409 and parameters: {'objective': 'reg:squarederror', 'tree_method': 'gpu_hist', 'lambda': 0.2927976879961259, 'alpha': 0.0018926701758290472, 'colsample_bytree': 0.3193593512424591, 'subsample': 0.44031857187650447, 'learning_rate': 0.0019343598335683537, 'max_depth': 17, 'min_child_weight': 270, 'eval_metric': 'rmse'}. Best is trial 1 with value: 7.817262825836979.
start listen on 192.168.1.101:59103
@tracker All of 4 nodes getting started
@tracker All nodes finishes job
Trial 4 finished with value: 7.837864643579707 and parameters: {'objective': 'reg:squarederror', 'tree_method': 'gpu_hist', 'lambda': 0.017546423179203775, 'alpha': 1.8689411884680052, 'colsample_bytree': 0.9445737361837299, 'subsample': 0.49929987527624586, 'learning_rate': 0.003105771433655427, 'max_depth': 20, 'min_child_weight': 131, 'eval_metric': 'rmse'}. Best is trial 1 with value: 7.817262825836979.
start listen on 192.168.1.101:46027
@tracker All of 4 nodes getting started
@tracker All nodes finishes job
Trial 5 finished with value: 7.836734897909237 and parameters: {'objective': 'reg:squarederror', 'tree_method': 'gpu_hist', 'lambda': 7.437515524306948, 'alpha': 0.8024651942463225, 'colsample_bytree': 0.36690592833743935, 'subsample': 0.7800734564428524, 'learning_rate': 0.03026176633382036, 'max_depth': 13, 'min_child_weight': 293, 'eval_metric': 'rmse'}. Best is trial 1 with value: 7.817262825836979.
start listen on 192.168.1.101:44933
@tracker All of 4 nodes getting started
@tracker All nodes finishes job
Trial 6 finished with value: 7.819908417064815 and parameters: {'objective': 'reg:squarederror', 'tree_method': 'gpu_hist', 'lambda': 0.0062554901413005275, 'alpha': 5.426544209757735, 'colsample_bytree': 0.3919912709480603, 'subsample': 0.5631838652760321, 'learning_rate': 0.009608342675480667, 'max_depth': 13, 'min_child_weight': 255, 'eval_metric': 'rmse'}. Best is trial 1 with value: 7.817262825836979.
start listen on 192.168.1.101:38697
@tracker All of 4 nodes getting started
@tracker All nodes finishes job
Trial 7 finished with value: 7.828601634931311 and parameters: {'objective': 'reg:squarederror', 'tree_method': 'gpu_hist', 'lambda': 0.012473338096659424, 'alpha': 0.3081921615416564, 'colsample_bytree': 0.3864711464561372, 'subsample': 0.40141129715859875, 'learning_rate': 0.007691828374364237, 'max_depth': 9, 'min_child_weight': 286, 'eval_metric': 'rmse'}. Best is trial 1 with value: 7.817262825836979.
start listen on 192.168.1.101:39775
@tracker All of 4 nodes getting started
@tracker All nodes finishes job
Trial 8 finished with value: 7.815344834655038 and parameters: {'objective': 'reg:squarederror', 'tree_method': 'gpu_hist', 'lambda': 0.003160839181299158, 'alpha': 0.03215546249086053, 'colsample_bytree': 0.5968637339496166, 'subsample': 0.7255102412253946, 'learning_rate': 0.010015269516220915, 'max_depth': 20, 'min_child_weight': 238, 'eval_metric': 'rmse'}. Best is trial 8 with value: 7.815344834655038.
start listen on 192.168.1.101:54771
@tracker All of 4 nodes getting started
@tracker All nodes finishes job
Trial 9 finished with value: 7.9684509125440375 and parameters: {'objective': 'reg:squarederror', 'tree_method': 'gpu_hist', 'lambda': 5.57695893223872, 'alpha': 0.006375683375949591, 'colsample_bytree': 0.30791795430762603, 'subsample': 0.5427645569976102, 'learning_rate': 0.07304568164240678, 'max_depth': 11, 'min_child_weight': 207, 'eval_metric': 'rmse'}. Best is trial 8 with value: 7.815344834655038.
start listen on 192.168.1.101:46505
@tracker All of 4 nodes getting started
@tracker All nodes finishes job
Trial 10 finished with value: 7.87700410897757 and parameters: {'objective': 'reg:squarederror', 'tree_method': 'gpu_hist', 'lambda': 0.0011486881481098828, 'alpha': 0.047393441450561784, 'colsample_bytree': 0.6921933266236808, 'subsample': 0.6367398541557883, 'learning_rate': 0.004691876425323556, 'max_depth': 3, 'min_child_weight': 149, 'eval_metric': 'rmse'}. Best is trial 8 with value: 7.815344834655038.
start listen on 192.168.1.101:57155
@tracker All of 4 nodes getting started
@tracker All nodes finishes job
Trial 11 finished with value: 7.818517720399625 and parameters: {'objective': 'reg:squarederror', 'tree_method': 'gpu_hist', 'lambda': 0.001427828726461327, 'alpha': 0.08587128979921997, 'colsample_bytree': 0.5901693089484255, 'subsample': 0.9894613782621808, 'learning_rate': 0.021617428214250282, 'max_depth': 7, 'min_child_weight': 206, 'eval_metric': 'rmse'}. Best is trial 8 with value: 7.815344834655038.
start listen on 192.168.1.101:39635
@tracker All of 4 nodes getting started
@tracker All nodes finishes job
Trial 12 finished with value: 7.8236981395267495 and parameters: {'objective': 'reg:squarederror', 'tree_method': 'gpu_hist', 'lambda': 0.003631499928416432, 'alpha': 0.027670510792889517, 'colsample_bytree': 0.7160819497654674, 'subsample': 0.9939598498224942, 'learning_rate': 0.01874416907241703, 'max_depth': 15, 'min_child_weight': 202, 'eval_metric': 'rmse'}. Best is trial 8 with value: 7.815344834655038.
start listen on 192.168.1.101:42503
@tracker All of 4 nodes getting started
@tracker All nodes finishes job
Trial 13 finished with value: 8.200124229574893 and parameters: {'objective': 'reg:squarederror', 'tree_method': 'gpu_hist', 'lambda': 0.08035905635833789, 'alpha': 0.2706995456716599, 'colsample_bytree': 0.5457343844135553, 'subsample': 0.7626434447110391, 'learning_rate': 0.0010113922060336897, 'max_depth': 7, 'min_child_weight': 91, 'eval_metric': 'rmse'}. Best is trial 8 with value: 7.815344834655038.
start listen on 192.168.1.101:60765
@tracker All of 4 nodes getting started
@tracker All nodes finishes job
Trial 14 finished with value: 7.823676879897157 and parameters: {'objective': 'reg:squarederror', 'tree_method': 'gpu_hist', 'lambda': 0.003183514700731568, 'alpha': 0.24461154739115196, 'colsample_bytree': 0.4749182933863722, 'subsample': 0.8837163960477157, 'learning_rate': 0.019315303195261375, 'max_depth': 5, 'min_child_weight': 243, 'eval_metric': 'rmse'}. Best is trial 8 with value: 7.815344834655038.
start listen on 192.168.1.101:55605
@tracker All of 4 nodes getting started
@tracker All nodes finishes job
Trial 15 finished with value: 7.820338341997693 and parameters: {'objective': 'reg:squarederror', 'tree_method': 'gpu_hist', 'lambda': 0.06583705432875722, 'alpha': 0.015513876853485641, 'colsample_bytree': 0.8104993904333044, 'subsample': 0.8726026450548607, 'learning_rate': 0.012151588204269812, 'max_depth': 20, 'min_child_weight': 233, 'eval_metric': 'rmse'}. Best is trial 8 with value: 7.815344834655038.
start listen on 192.168.1.101:58043
@tracker All of 4 nodes getting started
@tracker All nodes finishes job
Trial 16 finished with value: 7.929986181101261 and parameters: {'objective': 'reg:squarederror', 'tree_method': 'gpu_hist', 'lambda': 0.001025751157097235, 'alpha': 0.10366015831404297, 'colsample_bytree': 0.6331230436047846, 'subsample': 0.6913333766257339, 'learning_rate': 0.04488519840567267, 'max_depth': 20, 'min_child_weight': 180, 'eval_metric': 'rmse'}. Best is trial 8 with value: 7.815344834655038.
start listen on 192.168.1.101:38343
@tracker All of 4 nodes getting started
@tracker All nodes finishes job
Trial 17 finished with value: 7.8454306767046225 and parameters: {'objective': 'reg:squarederror', 'tree_method': 'gpu_hist', 'lambda': 0.0058771552207930134, 'alpha': 0.6475388380612555, 'colsample_bytree': 0.7809822997079134, 'subsample': 0.7939243658141976, 'learning_rate': 0.005067843277989524, 'max_depth': 7, 'min_child_weight': 94, 'eval_metric': 'rmse'}. Best is trial 8 with value: 7.815344834655038.
start listen on 192.168.1.101:34591
@tracker All of 4 nodes getting started
@tracker All nodes finishes job
Trial 18 finished with value: 7.894492255718958 and parameters: {'objective': 'reg:squarederror', 'tree_method': 'gpu_hist', 'lambda': 0.9490624900571192, 'alpha': 0.002977544690569728, 'colsample_bytree': 0.5195040647932003, 'subsample': 0.6525447585311939, 'learning_rate': 0.03756634382951875, 'max_depth': 17, 'min_child_weight': 180, 'eval_metric': 'rmse'}. Best is trial 8 with value: 7.815344834655038.
start listen on 192.168.1.101:53697
@tracker All of 4 nodes getting started
@tracker All nodes finishes job
Trial 19 finished with value: 7.817072502096273 and parameters: {'objective': 'reg:squarederror', 'tree_method': 'gpu_hist', 'lambda': 0.0023996297152001104, 'alpha': 0.09573264911078629, 'colsample_bytree': 0.4460664907832427, 'subsample': 0.9136125096196099, 'learning_rate': 0.012069641419851845, 'max_depth': 15, 'min_child_weight': 228, 'eval_metric': 'rmse'}. Best is trial 8 with value: 7.815344834655038.
start listen on 192.168.1.101:33865
@tracker All of 4 nodes getting started
@tracker All nodes finishes job
Trial 20 finished with value: 7.820949578485332 and parameters: {'objective': 'reg:squarederror', 'tree_method': 'gpu_hist', 'lambda': 0.03524416911801715, 'alpha': 0.0251550026228688, 'colsample_bytree': 0.5927144919805643, 'subsample': 0.9194857413238311, 'learning_rate': 0.01364755530754696, 'max_depth': 15, 'min_child_weight': 120, 'eval_metric': 'rmse'}. Best is trial 8 with value: 7.815344834655038.
start listen on 192.168.1.101:53473
@tracker All of 4 nodes getting started
@tracker All nodes finishes job
Trial 21 finished with value: 7.825624690576888 and parameters: {'objective': 'reg:squarederror', 'tree_method': 'gpu_hist', 'lambda': 0.00290859547309663, 'alpha': 0.09983141669925531, 'colsample_bytree': 0.4488599162253635, 'subsample': 0.943375990244468, 'learning_rate': 0.0058710619164266875, 'max_depth': 15, 'min_child_weight': 227, 'eval_metric': 'rmse'}. Best is trial 8 with value: 7.815344834655038.
start listen on 192.168.1.101:52763
@tracker All of 4 nodes getting started
@tracker All nodes finishes job
Trial 22 finished with value: 7.822212113258457 and parameters: {'objective': 'reg:squarederror', 'tree_method': 'gpu_hist', 'lambda': 0.012497722753877965, 'alpha': 0.04992930007028872, 'colsample_bytree': 0.4027328849855259, 'subsample': 0.8306054872857292, 'learning_rate': 0.02362878648412113, 'max_depth': 11, 'min_child_weight': 261, 'eval_metric': 'rmse'}. Best is trial 8 with value: 7.815344834655038.
start listen on 192.168.1.101:34383
@tracker All of 4 nodes getting started
@tracker All nodes finishes job
Trial 23 finished with value: 7.8493460919234765 and parameters: {'objective': 'reg:squarederror', 'tree_method': 'gpu_hist', 'lambda': 0.002213511033090234, 'alpha': 0.7058678860261092, 'colsample_bytree': 0.5658736039548109, 'subsample': 0.9478286993511827, 'learning_rate': 0.014486699399037475, 'max_depth': 3, 'min_child_weight': 172, 'eval_metric': 'rmse'}. Best is trial 8 with value: 7.815344834655038.
start listen on 192.168.1.101:55915
@tracker All of 4 nodes getting started
@tracker All nodes finishes job
Trial 24 finished with value: 7.816849412015094 and parameters: {'objective': 'reg:squarederror', 'tree_method': 'gpu_hist', 'lambda': 0.005250799629322426, 'alpha': 0.2027752897218389, 'colsample_bytree': 0.47256543845239624, 'subsample': 0.7292174415608292, 'learning_rate': 0.008544899881210695, 'max_depth': 20, 'min_child_weight': 299, 'eval_metric': 'rmse'}. Best is trial 8 with value: 7.815344834655038.
start listen on 192.168.1.101:55315
@tracker All of 4 nodes getting started
@tracker All nodes finishes job
Trial 25 finished with value: 7.817821999451693 and parameters: {'objective': 'reg:squarederror', 'tree_method': 'gpu_hist', 'lambda': 0.006067696085278367, 'alpha': 0.012466922480245819, 'colsample_bytree': 0.6529738183311622, 'subsample': 0.734596880944303, 'learning_rate': 0.008174751483149877, 'max_depth': 20, 'min_child_weight': 288, 'eval_metric': 'rmse'}. Best is trial 8 with value: 7.815344834655038.
start listen on 192.168.1.101:52665
@tracker All of 4 nodes getting started
@tracker All nodes finishes job
Trial 26 finished with value: 7.846787983892197 and parameters: {'objective': 'reg:squarederror', 'tree_method': 'gpu_hist', 'lambda': 0.0078007058800591824, 'alpha': 0.10554090919880066, 'colsample_bytree': 0.5091076796893086, 'subsample': 0.6038104842616556, 'learning_rate': 0.002972864607465647, 'max_depth': 20, 'min_child_weight': 271, 'eval_metric': 'rmse'}. Best is trial 8 with value: 7.815344834655038.
start listen on 192.168.1.101:50223
@tracker All of 4 nodes getting started
@tracker All nodes finishes job
Trial 27 finished with value: 7.8514137957150965 and parameters: {'objective': 'reg:squarederror', 'tree_method': 'gpu_hist', 'lambda': 0.18641230069116516, 'alpha': 0.03936500964538995, 'colsample_bytree': 0.6253882743094441, 'subsample': 0.7036688255650738, 'learning_rate': 0.0064466075388700875, 'max_depth': 5, 'min_child_weight': 298, 'eval_metric': 'rmse'}. Best is trial 8 with value: 7.815344834655038.
start listen on 192.168.1.101:41777
@tracker All of 4 nodes getting started
@tracker All nodes finishes job
Trial 28 finished with value: 7.834386532987679 and parameters: {'objective': 'reg:squarederror', 'tree_method': 'gpu_hist', 'lambda': 0.03695619091696476, 'alpha': 1.4423344043102857, 'colsample_bytree': 0.7537059126820727, 'subsample': 0.8387121926976847, 'learning_rate': 0.0036917933072659614, 'max_depth': 15, 'min_child_weight': 221, 'eval_metric': 'rmse'}. Best is trial 8 with value: 7.815344834655038.
start listen on 192.168.1.101:39931
@tracker All of 4 nodes getting started
@tracker All nodes finishes job
Trial 29 finished with value: 7.8784510859959305 and parameters: {'objective': 'reg:squarederror', 'tree_method': 'gpu_hist', 'lambda': 0.7139605025532137, 'alpha': 0.009822354437368539, 'colsample_bytree': 0.8411823741142345, 'subsample': 0.7213548683063666, 'learning_rate': 0.0021242381633735964, 'max_depth': 20, 'min_child_weight': 258, 'eval_metric': 'rmse'}. Best is trial 8 with value: 7.815344834655038.
start listen on 192.168.1.101:49693
@tracker All of 4 nodes getting started
@tracker All nodes finishes job
Trial 30 finished with value: 7.870037751504464 and parameters: {'objective': 'reg:squarederror', 'tree_method': 'gpu_hist', 'lambda': 0.00381897865248503, 'alpha': 0.15198085272577805, 'colsample_bytree': 0.45176421225965957, 'subsample': 0.8118227044213838, 'learning_rate': 0.011029082950939802, 'max_depth': 20, 'min_child_weight': 6, 'eval_metric': 'rmse'}. Best is trial 8 with value: 7.815344834655038.
start listen on 192.168.1.101:43081
@tracker All of 4 nodes getting started
@tracker All nodes finishes job
Trial 31 finished with value: 7.887309290015953 and parameters: {'objective': 'reg:squarederror', 'tree_method': 'gpu_hist', 'lambda': 0.0018423587856584228, 'alpha': 0.3685932384016621, 'colsample_bytree': 0.4373815094645538, 'subsample': 0.9184712072673181, 'learning_rate': 0.09216207848959318, 'max_depth': 7, 'min_child_weight': 240, 'eval_metric': 'rmse'}. Best is trial 8 with value: 7.815344834655038.
start listen on 192.168.1.101:56061
@tracker All of 4 nodes getting started
@tracker All nodes finishes job
Trial 32 finished with value: 7.872115262899341 and parameters: {'objective': 'reg:squarederror', 'tree_method': 'gpu_hist', 'lambda': 0.0018821091260255627, 'alpha': 0.06576418492847498, 'colsample_bytree': 0.3440397823393023, 'subsample': 0.9712180565069027, 'learning_rate': 0.06466237219878916, 'max_depth': 9, 'min_child_weight': 194, 'eval_metric': 'rmse'}. Best is trial 8 with value: 7.815344834655038.
start listen on 192.168.1.101:59551
@tracker All of 4 nodes getting started
@tracker All nodes finishes job
Trial 33 finished with value: 7.819096361046117 and parameters: {'objective': 'reg:squarederror', 'tree_method': 'gpu_hist', 'lambda': 0.01000714022065556, 'alpha': 0.1567323838662874, 'colsample_bytree': 0.5047868488974873, 'subsample': 0.8988108996592679, 'learning_rate': 0.029391658553094783, 'max_depth': 7, 'min_child_weight': 276, 'eval_metric': 'rmse'}. Best is trial 8 with value: 7.815344834655038.
start listen on 192.168.1.101:49341
@tracker All of 4 nodes getting started
@tracker All nodes finishes job
Trial 34 finished with value: 7.823213232614242 and parameters: {'objective': 'reg:squarederror', 'tree_method': 'gpu_hist', 'lambda': 0.0044673774259625905, 'alpha': 0.49819085561292736, 'colsample_bytree': 0.4195910369142901, 'subsample': 0.7530717325323435, 'learning_rate': 0.016635927484114237, 'max_depth': 17, 'min_child_weight': 248, 'eval_metric': 'rmse'}. Best is trial 8 with value: 7.815344834655038.
start listen on 192.168.1.101:55335
@tracker All of 4 nodes getting started
@tracker All nodes finishes job
Trial 35 finished with value: 7.821956599379503 and parameters: {'objective': 'reg:squarederror', 'tree_method': 'gpu_hist', 'lambda': 0.02277603401581794, 'alpha': 1.2464688826723729, 'colsample_bytree': 0.5321478328736122, 'subsample': 0.8529848416222889, 'learning_rate': 0.009800746181442686, 'max_depth': 15, 'min_child_weight': 50, 'eval_metric': 'rmse'}. Best is trial 8 with value: 7.815344834655038.
start listen on 192.168.1.101:37287
@tracker All of 4 nodes getting started
@tracker All nodes finishes job
Trial 36 finished with value: 7.8220695419442645 and parameters: {'objective': 'reg:squarederror', 'tree_method': 'gpu_hist', 'lambda': 0.0010112075183031587, 'alpha': 3.3260565535761253, 'colsample_bytree': 0.47768856818811556, 'subsample': 0.6712689629409221, 'learning_rate': 0.007486945838605545, 'max_depth': 13, 'min_child_weight': 218, 'eval_metric': 'rmse'}. Best is trial 8 with value: 7.815344834655038.
start listen on 192.168.1.101:34197
@tracker All of 4 nodes getting started
@tracker All nodes finishes job
Trial 37 finished with value: 7.867168009124449 and parameters: {'objective': 'reg:squarederror', 'tree_method': 'gpu_hist', 'lambda': 0.002401794703843928, 'alpha': 0.19898732315178722, 'colsample_bytree': 0.3673284383316521, 'subsample': 0.47558959340144874, 'learning_rate': 0.031596471935256845, 'max_depth': 20, 'min_child_weight': 276, 'eval_metric': 'rmse'}. Best is trial 8 with value: 7.815344834655038.
start listen on 192.168.1.101:36895
@tracker All of 4 nodes getting started
@tracker All nodes finishes job
Trial 38 finished with value: 7.849802287595768 and parameters: {'objective': 'reg:squarederror', 'tree_method': 'gpu_hist', 'lambda': 0.018967809333676106, 'alpha': 0.0243638373131973, 'colsample_bytree': 0.3367180310012666, 'subsample': 0.6127273296815527, 'learning_rate': 0.0039122333624969615, 'max_depth': 9, 'min_child_weight': 300, 'eval_metric': 'rmse'}. Best is trial 8 with value: 7.815344834655038.
start listen on 192.168.1.101:35871
@tracker All of 4 nodes getting started
@tracker All nodes finishes job
Trial 39 finished with value: 7.898232375718637 and parameters: {'objective': 'reg:squarederror', 'tree_method': 'gpu_hist', 'lambda': 0.009946968578097343, 'alpha': 0.0037542036459241603, 'colsample_bytree': 0.5729077766624437, 'subsample': 0.8018556579412128, 'learning_rate': 0.054822155681295594, 'max_depth': 11, 'min_child_weight': 160, 'eval_metric': 'rmse'}. Best is trial 8 with value: 7.815344834655038.
start listen on 192.168.1.101:33933
@tracker All of 4 nodes getting started
@tracker All nodes finishes job
Trial 40 finished with value: 7.834616418264474 and parameters: {'objective': 'reg:squarederror', 'tree_method': 'gpu_hist', 'lambda': 0.0015613228437929476, 'alpha': 0.44520648152700903, 'colsample_bytree': 0.9228333317397558, 'subsample': 0.9584648278683343, 'learning_rate': 0.024897248089416367, 'max_depth': 3, 'min_child_weight': 193, 'eval_metric': 'rmse'}. Best is trial 8 with value: 7.815344834655038.
start listen on 192.168.1.101:50847
@tracker All of 4 nodes getting started
@tracker All nodes finishes job
Trial 41 finished with value: 7.817650006287323 and parameters: {'objective': 'reg:squarederror', 'tree_method': 'gpu_hist', 'lambda': 0.005179419022895005, 'alpha': 0.012772492224699705, 'colsample_bytree': 0.6553690090608715, 'subsample': 0.7355871607334558, 'learning_rate': 0.008679428958020416, 'max_depth': 20, 'min_child_weight': 283, 'eval_metric': 'rmse'}. Best is trial 8 with value: 7.815344834655038.
start listen on 192.168.1.101:55763
@tracker All of 4 nodes getting started
@tracker All nodes finishes job
