Trial 797 finished with value: 7.83369621866103 and parameters: {'objective': 'reg:squarederror', 'tree_method': 'gpu_hist', 'lambda': 0.007997487351876388, 'alpha': 0.14323112944384767, 'colsample_bytree': 0.6350456919782623, 'subsample': 0.7949071733891389, 'learning_rate': 0.0038523414992755116, 'max_depth': 15, 'min_child_weight': 271, 'eval_metric': 'rmse'}. Best is trial 581 with value: 7.8118814731889445.
start listen on 192.168.1.101:39271
@tracker All of 4 nodes getting started
@tracker All nodes finishes job
Trial 798 finished with value: 7.815734526045258 and parameters: {'objective': 'reg:squarederror', 'tree_method': 'gpu_hist', 'lambda': 0.011308899588841091, 'alpha': 0.1351146644650982, 'colsample_bytree': 0.7029900610444607, 'subsample': 0.7975392676914732, 'learning_rate': 0.009584386009137018, 'max_depth': 15, 'min_child_weight': 270, 'eval_metric': 'rmse'}. Best is trial 581 with value: 7.8118814731889445.
start listen on 192.168.1.101:52547
@tracker All of 4 nodes getting started
@tracker All nodes finishes job
Trial 799 finished with value: 7.817817317786683 and parameters: {'objective': 'reg:squarederror', 'tree_method': 'gpu_hist', 'lambda': 0.013966927360868646, 'alpha': 0.09608614056267262, 'colsample_bytree': 0.6175137074034902, 'subsample': 0.8241293041234921, 'learning_rate': 0.009524323315211086, 'max_depth': 15, 'min_child_weight': 283, 'eval_metric': 'rmse'}. Best is trial 581 with value: 7.8118814731889445.
start listen on 192.168.1.101:55565
@tracker All of 4 nodes getting started
@tracker All nodes finishes job
Trial 800 finished with value: 7.814010882079293 and parameters: {'objective': 'reg:squarederror', 'tree_method': 'gpu_hist', 'lambda': 0.02389290581634195, 'alpha': 0.002602537502320407, 'colsample_bytree': 0.6599277058667341, 'subsample': 0.7809567655351787, 'learning_rate': 0.011053249429655394, 'max_depth': 15, 'min_child_weight': 264, 'eval_metric': 'rmse'}. Best is trial 581 with value: 7.8118814731889445.
start listen on 192.168.1.101:60605
@tracker All of 4 nodes getting started
@tracker All nodes finishes job
Trial 801 finished with value: 7.815514599146222 and parameters: {'objective': 'reg:squarederror', 'tree_method': 'gpu_hist', 'lambda': 0.017793003682969388, 'alpha': 0.10875120916196895, 'colsample_bytree': 0.6766267137971733, 'subsample': 0.7511600766498326, 'learning_rate': 0.011618081313073014, 'max_depth': 15, 'min_child_weight': 272, 'eval_metric': 'rmse'}. Best is trial 581 with value: 7.8118814731889445.
start listen on 192.168.1.101:40627
@tracker All of 4 nodes getting started
@tracker All nodes finishes job
Trial 802 finished with value: 7.8137493859482765 and parameters: {'objective': 'reg:squarederror', 'tree_method': 'gpu_hist', 'lambda': 0.0061360698661764084, 'alpha': 0.18706679025071477, 'colsample_bytree': 0.6408214755645607, 'subsample': 0.7782011125710706, 'learning_rate': 0.011016371383293356, 'max_depth': 15, 'min_child_weight': 284, 'eval_metric': 'rmse'}. Best is trial 581 with value: 7.8118814731889445.
start listen on 192.168.1.101:54727
@tracker All of 4 nodes getting started
@tracker All nodes finishes job
Trial 803 finished with value: 7.814989100329396 and parameters: {'objective': 'reg:squarederror', 'tree_method': 'gpu_hist', 'lambda': 0.00633275534694442, 'alpha': 0.18078578837113826, 'colsample_bytree': 0.6676855856259305, 'subsample': 0.7763073283483454, 'learning_rate': 0.010476767388888891, 'max_depth': 15, 'min_child_weight': 289, 'eval_metric': 'rmse'}. Best is trial 581 with value: 7.8118814731889445.
start listen on 192.168.1.101:46539
@tracker All of 4 nodes getting started
@tracker All nodes finishes job
Trial 804 finished with value: 7.814318773546228 and parameters: {'objective': 'reg:squarederror', 'tree_method': 'gpu_hist', 'lambda': 0.005621144233919283, 'alpha': 0.010621787195511469, 'colsample_bytree': 0.6481269220952122, 'subsample': 0.7992715695182289, 'learning_rate': 0.011731329858281103, 'max_depth': 15, 'min_child_weight': 292, 'eval_metric': 'rmse'}. Best is trial 581 with value: 7.8118814731889445.
start listen on 192.168.1.101:44733
@tracker All of 4 nodes getting started
@tracker All nodes finishes job
Trial 805 finished with value: 7.815451459473843 and parameters: {'objective': 'reg:squarederror', 'tree_method': 'gpu_hist', 'lambda': 0.0038864631169605057, 'alpha': 0.1259531932420358, 'colsample_bytree': 0.6894316101856568, 'subsample': 0.7746724632374351, 'learning_rate': 0.012268109422441406, 'max_depth': 15, 'min_child_weight': 287, 'eval_metric': 'rmse'}. Best is trial 581 with value: 7.8118814731889445.
start listen on 192.168.1.101:59303
@tracker All of 4 nodes getting started
@tracker All nodes finishes job
Trial 806 finished with value: 7.8177102677712025 and parameters: {'objective': 'reg:squarederror', 'tree_method': 'gpu_hist', 'lambda': 0.0061064105787819204, 'alpha': 0.2680982657192616, 'colsample_bytree': 0.653778956115442, 'subsample': 0.7675899185296502, 'learning_rate': 0.013014951861409656, 'max_depth': 15, 'min_child_weight': 297, 'eval_metric': 'rmse'}. Best is trial 581 with value: 7.8118814731889445.
start listen on 192.168.1.101:37027
@tracker All of 4 nodes getting started
@tracker All nodes finishes job
Trial 807 finished with value: 7.8172124675776145 and parameters: {'objective': 'reg:squarederror', 'tree_method': 'gpu_hist', 'lambda': 0.005681584817120427, 'alpha': 0.16064690480113206, 'colsample_bytree': 0.6397068204380539, 'subsample': 0.7981952429511346, 'learning_rate': 0.009298348229008017, 'max_depth': 15, 'min_child_weight': 286, 'eval_metric': 'rmse'}. Best is trial 581 with value: 7.8118814731889445.
start listen on 192.168.1.101:39309
@tracker All of 4 nodes getting started
@tracker All nodes finishes job
Trial 808 finished with value: 7.817908302037138 and parameters: {'objective': 'reg:squarederror', 'tree_method': 'gpu_hist', 'lambda': 0.007172960995769884, 'alpha': 0.24216464316515235, 'colsample_bytree': 0.6293720922503292, 'subsample': 0.7501630887563437, 'learning_rate': 0.010609771983050367, 'max_depth': 15, 'min_child_weight': 280, 'eval_metric': 'rmse'}. Best is trial 581 with value: 7.8118814731889445.
start listen on 192.168.1.101:37795
@tracker All of 4 nodes getting started
@tracker All nodes finishes job
Trial 809 finished with value: 7.813374093946615 and parameters: {'objective': 'reg:squarederror', 'tree_method': 'gpu_hist', 'lambda': 0.11175275694314692, 'alpha': 0.31334021095265596, 'colsample_bytree': 0.6621200705524007, 'subsample': 0.7760990404307333, 'learning_rate': 0.011332422603180906, 'max_depth': 15, 'min_child_weight': 293, 'eval_metric': 'rmse'}. Best is trial 581 with value: 7.8118814731889445.
start listen on 192.168.1.101:58929
@tracker All of 4 nodes getting started
@tracker All nodes finishes job
Trial 810 finished with value: 7.814929060472796 and parameters: {'objective': 'reg:squarederror', 'tree_method': 'gpu_hist', 'lambda': 0.11662226791480357, 'alpha': 0.3436094672700558, 'colsample_bytree': 0.6823230031607099, 'subsample': 0.7866271802426629, 'learning_rate': 0.010105190822063494, 'max_depth': 15, 'min_child_weight': 285, 'eval_metric': 'rmse'}. Best is trial 581 with value: 7.8118814731889445.
start listen on 192.168.1.101:37467
@tracker All of 4 nodes getting started
@tracker All nodes finishes job
Trial 811 finished with value: 7.8171971926816735 and parameters: {'objective': 'reg:squarederror', 'tree_method': 'gpu_hist', 'lambda': 0.1293240285513301, 'alpha': 0.3821460662907119, 'colsample_bytree': 0.6687449719063484, 'subsample': 0.7620804794613518, 'learning_rate': 0.009403691860508896, 'max_depth': 15, 'min_child_weight': 282, 'eval_metric': 'rmse'}. Best is trial 581 with value: 7.8118814731889445.
start listen on 192.168.1.101:58739
@tracker All of 4 nodes getting started
@tracker All nodes finishes job
Trial 812 finished with value: 7.813877651065845 and parameters: {'objective': 'reg:squarederror', 'tree_method': 'gpu_hist', 'lambda': 0.09694564395492913, 'alpha': 0.011725096104463718, 'colsample_bytree': 0.6689096303682627, 'subsample': 0.772939193188722, 'learning_rate': 0.011213341652965069, 'max_depth': 15, 'min_child_weight': 276, 'eval_metric': 'rmse'}. Best is trial 581 with value: 7.8118814731889445.
start listen on 192.168.1.101:33305
@tracker All of 4 nodes getting started
@tracker All nodes finishes job
Trial 813 finished with value: 7.8156296452123515 and parameters: {'objective': 'reg:squarederror', 'tree_method': 'gpu_hist', 'lambda': 0.07528559423673943, 'alpha': 0.28942626031769286, 'colsample_bytree': 0.6573595791686528, 'subsample': 0.7843642968640406, 'learning_rate': 0.010665554571450417, 'max_depth': 15, 'min_child_weight': 282, 'eval_metric': 'rmse'}. Best is trial 581 with value: 7.8118814731889445.
start listen on 192.168.1.101:60593
@tracker All of 4 nodes getting started
@tracker All nodes finishes job
Trial 814 finished with value: 7.8170262489556235 and parameters: {'objective': 'reg:squarederror', 'tree_method': 'gpu_hist', 'lambda': 0.14623787206846064, 'alpha': 0.21924001744818927, 'colsample_bytree': 0.6911231712627901, 'subsample': 0.7566438623853768, 'learning_rate': 0.011527410088611127, 'max_depth': 15, 'min_child_weight': 86, 'eval_metric': 'rmse'}. Best is trial 581 with value: 7.8118814731889445.
start listen on 192.168.1.101:52401
@tracker All of 4 nodes getting started
@tracker All nodes finishes job
Trial 815 finished with value: 7.818624856569168 and parameters: {'objective': 'reg:squarederror', 'tree_method': 'gpu_hist', 'lambda': 0.10993308516077246, 'alpha': 0.20186137420816014, 'colsample_bytree': 0.6588509505970646, 'subsample': 0.7562514406953014, 'learning_rate': 0.00991209046068711, 'max_depth': 15, 'min_child_weight': 298, 'eval_metric': 'rmse'}. Best is trial 581 with value: 7.8118814731889445.
start listen on 192.168.1.101:45891
@tracker All of 4 nodes getting started
@tracker All nodes finishes job
Trial 816 finished with value: 7.816040806445955 and parameters: {'objective': 'reg:squarederror', 'tree_method': 'gpu_hist', 'lambda': 0.11638449313652777, 'alpha': 0.23832760678488155, 'colsample_bytree': 0.6750496157040707, 'subsample': 0.7644754701838001, 'learning_rate': 0.011685808066377944, 'max_depth': 15, 'min_child_weight': 293, 'eval_metric': 'rmse'}. Best is trial 581 with value: 7.8118814731889445.
start listen on 192.168.1.101:53271
@tracker All of 4 nodes getting started
@tracker All nodes finishes job
Trial 817 finished with value: 7.816171158453472 and parameters: {'objective': 'reg:squarederror', 'tree_method': 'gpu_hist', 'lambda': 0.12861478494123127, 'alpha': 0.00980548752910704, 'colsample_bytree': 0.6502224223725774, 'subsample': 0.740435396547344, 'learning_rate': 0.008806283135320002, 'max_depth': 15, 'min_child_weight': 293, 'eval_metric': 'rmse'}. Best is trial 581 with value: 7.8118814731889445.
start listen on 192.168.1.101:57245
@tracker All of 4 nodes getting started
@tracker All nodes finishes job
Trial 818 finished with value: 7.818708843274693 and parameters: {'objective': 'reg:squarederror', 'tree_method': 'gpu_hist', 'lambda': 0.16943816397724906, 'alpha': 0.1461261582996571, 'colsample_bytree': 0.6441056023974099, 'subsample': 0.789330455814698, 'learning_rate': 0.012312281837413135, 'max_depth': 15, 'min_child_weight': 283, 'eval_metric': 'rmse'}. Best is trial 581 with value: 7.8118814731889445.
start listen on 192.168.1.101:33805
@tracker All of 4 nodes getting started
@tracker All nodes finishes job
Trial 819 finished with value: 7.815825115201608 and parameters: {'objective': 'reg:squarederror', 'tree_method': 'gpu_hist', 'lambda': 0.08975861170789931, 'alpha': 0.19645056665106578, 'colsample_bytree': 0.6789063421520589, 'subsample': 0.8070635754527836, 'learning_rate': 0.010986123835395533, 'max_depth': 15, 'min_child_weight': 291, 'eval_metric': 'rmse'}. Best is trial 581 with value: 7.8118814731889445.
start listen on 192.168.1.101:59963
@tracker All of 4 nodes getting started
@tracker All nodes finishes job
Trial 820 finished with value: 7.815267208007971 and parameters: {'objective': 'reg:squarederror', 'tree_method': 'gpu_hist', 'lambda': 0.097160955771471, 'alpha': 0.11841762521561519, 'colsample_bytree': 0.6634660411683309, 'subsample': 0.7729114204814176, 'learning_rate': 0.012565419764902816, 'max_depth': 15, 'min_child_weight': 275, 'eval_metric': 'rmse'}. Best is trial 581 with value: 7.8118814731889445.
start listen on 192.168.1.101:45137
@tracker All of 4 nodes getting started
@tracker All nodes finishes job
Trial 821 finished with value: 7.821202530278734 and parameters: {'objective': 'reg:squarederror', 'tree_method': 'gpu_hist', 'lambda': 0.15979961805958906, 'alpha': 0.18697948743597093, 'colsample_bytree': 0.6403965765860876, 'subsample': 0.7797308025754768, 'learning_rate': 0.019722575040380573, 'max_depth': 15, 'min_child_weight': 291, 'eval_metric': 'rmse'}. Best is trial 581 with value: 7.8118814731889445.
start listen on 192.168.1.101:38447
@tracker All of 4 nodes getting started
@tracker All nodes finishes job
Trial 822 finished with value: 7.818830843533055 and parameters: {'objective': 'reg:squarederror', 'tree_method': 'gpu_hist', 'lambda': 0.0805122990477921, 'alpha': 0.36049479211588475, 'colsample_bytree': 0.6547345103212838, 'subsample': 0.7611641948328021, 'learning_rate': 0.012997226788504767, 'max_depth': 15, 'min_child_weight': 260, 'eval_metric': 'rmse'}. Best is trial 581 with value: 7.8118814731889445.
start listen on 192.168.1.101:49401
@tracker All of 4 nodes getting started
@tracker All nodes finishes job
Trial 823 finished with value: 7.81531285821736 and parameters: {'objective': 'reg:squarederror', 'tree_method': 'gpu_hist', 'lambda': 0.06370373783778788, 'alpha': 0.3149799158146306, 'colsample_bytree': 0.7146474357705437, 'subsample': 0.743084031320242, 'learning_rate': 0.010122000267180567, 'max_depth': 15, 'min_child_weight': 300, 'eval_metric': 'rmse'}. Best is trial 581 with value: 7.8118814731889445.
start listen on 192.168.1.101:42713
@tracker All of 4 nodes getting started
@tracker All nodes finishes job
Trial 824 finished with value: 7.816915673416689 and parameters: {'objective': 'reg:squarederror', 'tree_method': 'gpu_hist', 'lambda': 0.19494921133848828, 'alpha': 0.09347719677096983, 'colsample_bytree': 0.7624526069100993, 'subsample': 0.7569846731008723, 'learning_rate': 0.01124671415806656, 'max_depth': 15, 'min_child_weight': 294, 'eval_metric': 'rmse'}. Best is trial 581 with value: 7.8118814731889445.
start listen on 192.168.1.101:47443
@tracker All of 4 nodes getting started
@tracker All nodes finishes job
Trial 825 finished with value: 7.823307535635345 and parameters: {'objective': 'reg:squarederror', 'tree_method': 'gpu_hist', 'lambda': 0.05414174828942492, 'alpha': 0.25092097820031006, 'colsample_bytree': 0.6366119517750135, 'subsample': 0.7320681660098278, 'learning_rate': 0.018708135172264672, 'max_depth': 15, 'min_child_weight': 283, 'eval_metric': 'rmse'}. Best is trial 581 with value: 7.8118814731889445.
start listen on 192.168.1.101:42065
@tracker All of 4 nodes getting started
@tracker All nodes finishes job
Trial 826 finished with value: 7.814634899752063 and parameters: {'objective': 'reg:squarederror', 'tree_method': 'gpu_hist', 'lambda': 0.10681749620115195, 'alpha': 0.13063624389635278, 'colsample_bytree': 0.6688469966542586, 'subsample': 0.7793267764540355, 'learning_rate': 0.009416693521469724, 'max_depth': 15, 'min_child_weight': 287, 'eval_metric': 'rmse'}. Best is trial 581 with value: 7.8118814731889445.
start listen on 192.168.1.101:55579
@tracker All of 4 nodes getting started
@tracker All nodes finishes job
Trial 827 finished with value: 7.819150592862308 and parameters: {'objective': 'reg:squarederror', 'tree_method': 'gpu_hist', 'lambda': 0.08022297644363535, 'alpha': 0.16830799868664917, 'colsample_bytree': 0.6995033802417063, 'subsample': 0.7628325348825757, 'learning_rate': 0.016370447332626877, 'max_depth': 15, 'min_child_weight': 299, 'eval_metric': 'rmse'}. Best is trial 581 with value: 7.8118814731889445.
start listen on 192.168.1.101:56489
@tracker All of 4 nodes getting started
@tracker All nodes finishes job
Trial 828 finished with value: 7.8153816313450335 and parameters: {'objective': 'reg:squarederror', 'tree_method': 'gpu_hist', 'lambda': 0.029792309464318892, 'alpha': 0.4771196313416193, 'colsample_bytree': 0.6426188414116217, 'subsample': 0.8013796881778826, 'learning_rate': 0.013122617512659245, 'max_depth': 15, 'min_child_weight': 299, 'eval_metric': 'rmse'}. Best is trial 581 with value: 7.8118814731889445.
start listen on 192.168.1.101:40861
@tracker All of 4 nodes getting started
@tracker All nodes finishes job
Trial 829 finished with value: 7.814661530357258 and parameters: {'objective': 'reg:squarederror', 'tree_method': 'gpu_hist', 'lambda': 0.01679752709368762, 'alpha': 0.1422508896640008, 'colsample_bytree': 0.6246259016452543, 'subsample': 0.7786041907871631, 'learning_rate': 0.011817265397414947, 'max_depth': 15, 'min_child_weight': 276, 'eval_metric': 'rmse'}. Best is trial 581 with value: 7.8118814731889445.
start listen on 192.168.1.101:60713
@tracker All of 4 nodes getting started
@tracker All nodes finishes job
Trial 830 finished with value: 8.118054094420753 and parameters: {'objective': 'reg:squarederror', 'tree_method': 'gpu_hist', 'lambda': 0.01994562225464948, 'alpha': 0.08824353210994912, 'colsample_bytree': 0.6523521356212061, 'subsample': 0.7475283364456518, 'learning_rate': 0.0011289401099293503, 'max_depth': 15, 'min_child_weight': 291, 'eval_metric': 'rmse'}. Best is trial 581 with value: 7.8118814731889445.
start listen on 192.168.1.101:44495
@tracker All of 4 nodes getting started
@tracker All nodes finishes job
Trial 831 finished with value: 7.820019397881563 and parameters: {'objective': 'reg:squarederror', 'tree_method': 'gpu_hist', 'lambda': 0.013116486733422583, 'alpha': 0.15178488967930037, 'colsample_bytree': 0.6846799119039677, 'subsample': 0.7712780345312995, 'learning_rate': 0.015153862328926253, 'max_depth': 15, 'min_child_weight': 191, 'eval_metric': 'rmse'}. Best is trial 581 with value: 7.8118814731889445.
start listen on 192.168.1.101:39339
@tracker All of 4 nodes getting started
@tracker All nodes finishes job
Trial 832 finished with value: 7.816548596985329 and parameters: {'objective': 'reg:squarederror', 'tree_method': 'gpu_hist', 'lambda': 0.13783172299918822, 'alpha': 0.24250075007845603, 'colsample_bytree': 0.6326014197080917, 'subsample': 0.7940786718581946, 'learning_rate': 0.013409254857146276, 'max_depth': 9, 'min_child_weight': 280, 'eval_metric': 'rmse'}. Best is trial 581 with value: 7.8118814731889445.
start listen on 192.168.1.101:40847
@tracker All of 4 nodes getting started
@tracker All nodes finishes job
Trial 833 finished with value: 7.825130691284813 and parameters: {'objective': 'reg:squarederror', 'tree_method': 'gpu_hist', 'lambda': 0.010724242801059304, 'alpha': 0.16972060303390737, 'colsample_bytree': 0.6634493081729309, 'subsample': 0.7954554332710008, 'learning_rate': 0.022002617441375175, 'max_depth': 15, 'min_child_weight': 290, 'eval_metric': 'rmse'}. Best is trial 581 with value: 7.8118814731889445.
start listen on 192.168.1.101:45529
@tracker All of 4 nodes getting started
@tracker All nodes finishes job
Trial 834 finished with value: 7.981782281979883 and parameters: {'objective': 'reg:squarederror', 'tree_method': 'gpu_hist', 'lambda': 0.043554879628520754, 'alpha': 0.637779284924008, 'colsample_bytree': 0.6230461810568784, 'subsample': 0.7834472905170852, 'learning_rate': 0.0014847798640942318, 'max_depth': 17, 'min_child_weight': 265, 'eval_metric': 'rmse'}. Best is trial 581 with value: 7.8118814731889445.
start listen on 192.168.1.101:49885
@tracker All of 4 nodes getting started
@tracker All nodes finishes job
Trial 835 finished with value: 7.8158297431730475 and parameters: {'objective': 'reg:squarederror', 'tree_method': 'gpu_hist', 'lambda': 0.2082388988216781, 'alpha': 0.4172599908410597, 'colsample_bytree': 0.6449406006791917, 'subsample': 0.7645628441221218, 'learning_rate': 0.010597894589156928, 'max_depth': 15, 'min_child_weight': 287, 'eval_metric': 'rmse'}. Best is trial 581 with value: 7.8118814731889445.
start listen on 192.168.1.101:58773
@tracker All of 4 nodes getting started
@tracker All nodes finishes job
Trial 836 finished with value: 7.824807682773503 and parameters: {'objective': 'reg:squarederror', 'tree_method': 'gpu_hist', 'lambda': 0.08581661333907047, 'alpha': 0.12012290640401807, 'colsample_bytree': 0.6335595267883454, 'subsample': 0.7874896157040655, 'learning_rate': 0.017611483995679425, 'max_depth': 20, 'min_child_weight': 274, 'eval_metric': 'rmse'}. Best is trial 581 with value: 7.8118814731889445.
start listen on 192.168.1.101:53989
@tracker All of 4 nodes getting started
@tracker All nodes finishes job
Trial 837 finished with value: 7.817377639868664 and parameters: {'objective': 'reg:squarederror', 'tree_method': 'gpu_hist', 'lambda': 0.008269695210164265, 'alpha': 0.20456209761470887, 'colsample_bytree': 0.6147811841220419, 'subsample': 0.7461393470902221, 'learning_rate': 0.015408220931747818, 'max_depth': 15, 'min_child_weight': 257, 'eval_metric': 'rmse'}. Best is trial 581 with value: 7.8118814731889445.
start listen on 192.168.1.101:35347
@tracker All of 4 nodes getting started
@tracker All nodes finishes job
Trial 838 finished with value: 7.831121373843126 and parameters: {'objective': 'reg:squarederror', 'tree_method': 'gpu_hist', 'lambda': 0.10326627675797444, 'alpha': 0.07968772246242041, 'colsample_bytree': 0.6558531846637928, 'subsample': 0.9503012816297038, 'learning_rate': 0.00878608207346119, 'max_depth': 7, 'min_child_weight': 246, 'eval_metric': 'rmse'}. Best is trial 581 with value: 7.8118814731889445.
start listen on 192.168.1.101:36061
@tracker All of 4 nodes getting started
@tracker All nodes finishes job
