Trial 755 finished with value: 7.829392282216332 and parameters: {'objective': 'reg:squarederror', 'tree_method': 'gpu_hist', 'lambda': 0.014525477216102485, 'alpha': 0.02865766452726308, 'colsample_bytree': 0.6184700996343976, 'subsample': 0.9184930831731074, 'learning_rate': 0.014851082238172678, 'max_depth': 5, 'min_child_weight': 275, 'eval_metric': 'rmse'}. Best is trial 581 with value: 7.8118814731889445.
start listen on 192.168.1.101:58897
@tracker All of 4 nodes getting started
@tracker All nodes finishes job
Trial 756 finished with value: 7.825257839694219 and parameters: {'objective': 'reg:squarederror', 'tree_method': 'gpu_hist', 'lambda': 0.007109272260662186, 'alpha': 0.005282104481440035, 'colsample_bytree': 0.6370977182180575, 'subsample': 0.44035085728613677, 'learning_rate': 0.017941351394642546, 'max_depth': 15, 'min_child_weight': 295, 'eval_metric': 'rmse'}. Best is trial 581 with value: 7.8118814731889445.
start listen on 192.168.1.101:49909
@tracker All of 4 nodes getting started
@tracker All nodes finishes job
Trial 757 finished with value: 7.817815688151396 and parameters: {'objective': 'reg:squarederror', 'tree_method': 'gpu_hist', 'lambda': 0.016667214638410564, 'alpha': 0.004841496373583347, 'colsample_bytree': 0.6560701831720762, 'subsample': 0.9057195575519494, 'learning_rate': 0.010877900698752215, 'max_depth': 11, 'min_child_weight': 261, 'eval_metric': 'rmse'}. Best is trial 581 with value: 7.8118814731889445.
start listen on 192.168.1.101:42847
@tracker All of 4 nodes getting started
@tracker All nodes finishes job
Trial 758 finished with value: 7.815075868913269 and parameters: {'objective': 'reg:squarederror', 'tree_method': 'gpu_hist', 'lambda': 0.01004753038906228, 'alpha': 0.003523674064219969, 'colsample_bytree': 0.6062099730832132, 'subsample': 0.8501498895819977, 'learning_rate': 0.012021027956922973, 'max_depth': 13, 'min_child_weight': 230, 'eval_metric': 'rmse'}. Best is trial 581 with value: 7.8118814731889445.
start listen on 192.168.1.101:57001
@tracker All of 4 nodes getting started
@tracker All nodes finishes job
Trial 759 finished with value: 7.8179020584129395 and parameters: {'objective': 'reg:squarederror', 'tree_method': 'gpu_hist', 'lambda': 0.3508467248837202, 'alpha': 0.019470110635173347, 'colsample_bytree': 0.626305745080786, 'subsample': 0.9246503931336982, 'learning_rate': 0.01559792116872753, 'max_depth': 15, 'min_child_weight': 240, 'eval_metric': 'rmse'}. Best is trial 581 with value: 7.8118814731889445.
start listen on 192.168.1.101:50515
@tracker All of 4 nodes getting started
@tracker All nodes finishes job
Trial 760 finished with value: 7.815700903359708 and parameters: {'objective': 'reg:squarederror', 'tree_method': 'gpu_hist', 'lambda': 0.22976536878564213, 'alpha': 0.0023520157271320185, 'colsample_bytree': 0.6431751256939217, 'subsample': 0.7108990182163399, 'learning_rate': 0.013837975040655323, 'max_depth': 9, 'min_child_weight': 247, 'eval_metric': 'rmse'}. Best is trial 581 with value: 7.8118814731889445.
start listen on 192.168.1.101:34097
@tracker All of 4 nodes getting started
@tracker All nodes finishes job
Trial 761 finished with value: 7.819110383545883 and parameters: {'objective': 'reg:squarederror', 'tree_method': 'gpu_hist', 'lambda': 0.0120853011171001, 'alpha': 0.01199870959320956, 'colsample_bytree': 0.6882666220022322, 'subsample': 0.936609991789972, 'learning_rate': 0.010104434795058397, 'max_depth': 11, 'min_child_weight': 138, 'eval_metric': 'rmse'}. Best is trial 581 with value: 7.8118814731889445.
start listen on 192.168.1.101:45151
@tracker All of 4 nodes getting started
@tracker All nodes finishes job
Trial 762 finished with value: 7.818473624728511 and parameters: {'objective': 'reg:squarederror', 'tree_method': 'gpu_hist', 'lambda': 0.005876253458696767, 'alpha': 0.1676414524823761, 'colsample_bytree': 0.6162144024885464, 'subsample': 0.8656570117238224, 'learning_rate': 0.01661249128850033, 'max_depth': 11, 'min_child_weight': 269, 'eval_metric': 'rmse'}. Best is trial 581 with value: 7.8118814731889445.
start listen on 192.168.1.101:34195
@tracker All of 4 nodes getting started
@tracker All nodes finishes job
Trial 763 finished with value: 7.824164130912068 and parameters: {'objective': 'reg:squarederror', 'tree_method': 'gpu_hist', 'lambda': 0.020590807232723968, 'alpha': 0.10608278003693047, 'colsample_bytree': 0.6646415108121758, 'subsample': 0.8995434076974924, 'learning_rate': 0.020368977469723368, 'max_depth': 15, 'min_child_weight': 257, 'eval_metric': 'rmse'}. Best is trial 581 with value: 7.8118814731889445.
start listen on 192.168.1.101:41483
@tracker All of 4 nodes getting started
@tracker All nodes finishes job
Trial 764 finished with value: 7.814627850084324 and parameters: {'objective': 'reg:squarederror', 'tree_method': 'gpu_hist', 'lambda': 0.03138439157277663, 'alpha': 0.0042973309914919695, 'colsample_bytree': 0.5940358049111166, 'subsample': 0.9128845388556146, 'learning_rate': 0.013055410421117271, 'max_depth': 11, 'min_child_weight': 241, 'eval_metric': 'rmse'}. Best is trial 581 with value: 7.8118814731889445.
start listen on 192.168.1.101:46667
@tracker All of 4 nodes getting started
@tracker All nodes finishes job
Trial 765 finished with value: 7.818031005406012 and parameters: {'objective': 'reg:squarederror', 'tree_method': 'gpu_hist', 'lambda': 1.0399334193990604, 'alpha': 0.005679751614220138, 'colsample_bytree': 0.632186797271354, 'subsample': 0.8905877177726771, 'learning_rate': 0.014580603765109208, 'max_depth': 15, 'min_child_weight': 183, 'eval_metric': 'rmse'}. Best is trial 581 with value: 7.8118814731889445.
start listen on 192.168.1.101:36421
@tracker All of 4 nodes getting started
@tracker All nodes finishes job
Trial 766 finished with value: 7.818893118910665 and parameters: {'objective': 'reg:squarederror', 'tree_method': 'gpu_hist', 'lambda': 0.13163873882356633, 'alpha': 0.0168170736560052, 'colsample_bytree': 0.6484534143217413, 'subsample': 0.8799721923777094, 'learning_rate': 0.011527727022691526, 'max_depth': 11, 'min_child_weight': 253, 'eval_metric': 'rmse'}. Best is trial 581 with value: 7.8118814731889445.
start listen on 192.168.1.101:41621
@tracker All of 4 nodes getting started
@tracker All nodes finishes job
Trial 767 finished with value: 7.8186135131389 and parameters: {'objective': 'reg:squarederror', 'tree_method': 'gpu_hist', 'lambda': 0.00812402292774974, 'alpha': 0.009811375309532192, 'colsample_bytree': 0.6169714276951103, 'subsample': 0.7570180604559614, 'learning_rate': 0.018762300364300974, 'max_depth': 11, 'min_child_weight': 280, 'eval_metric': 'rmse'}. Best is trial 581 with value: 7.8118814731889445.
start listen on 192.168.1.101:54095
@tracker All of 4 nodes getting started
@tracker All nodes finishes job
Trial 768 finished with value: 7.821515971904089 and parameters: {'objective': 'reg:squarederror', 'tree_method': 'gpu_hist', 'lambda': 0.161389796311352, 'alpha': 0.013647904705850134, 'colsample_bytree': 0.6794084297336487, 'subsample': 0.9073060686513448, 'learning_rate': 0.015178236683631375, 'max_depth': 17, 'min_child_weight': 265, 'eval_metric': 'rmse'}. Best is trial 581 with value: 7.8118814731889445.
start listen on 192.168.1.101:54099
@tracker All of 4 nodes getting started
@tracker All nodes finishes job
Trial 769 finished with value: 7.81466255928532 and parameters: {'objective': 'reg:squarederror', 'tree_method': 'gpu_hist', 'lambda': 0.014543131339530323, 'alpha': 0.0015725268095210833, 'colsample_bytree': 0.6023680856830186, 'subsample': 0.8384685316295114, 'learning_rate': 0.012669567182446429, 'max_depth': 15, 'min_child_weight': 235, 'eval_metric': 'rmse'}. Best is trial 581 with value: 7.8118814731889445.
start listen on 192.168.1.101:56957
@tracker All of 4 nodes getting started
@tracker All nodes finishes job
Trial 770 finished with value: 7.821421622489212 and parameters: {'objective': 'reg:squarederror', 'tree_method': 'gpu_hist', 'lambda': 0.056846469673781715, 'alpha': 0.0066673731072973514, 'colsample_bytree': 0.6303675253800644, 'subsample': 0.5211726792119472, 'learning_rate': 0.017309582927694248, 'max_depth': 11, 'min_child_weight': 246, 'eval_metric': 'rmse'}. Best is trial 581 with value: 7.8118814731889445.
start listen on 192.168.1.101:43559
@tracker All of 4 nodes getting started
@tracker All nodes finishes job
Trial 771 finished with value: 7.815712231683681 and parameters: {'objective': 'reg:squarederror', 'tree_method': 'gpu_hist', 'lambda': 0.010556710141269153, 'alpha': 0.022446112335451518, 'colsample_bytree': 0.6466009427064843, 'subsample': 0.9223517851032028, 'learning_rate': 0.010201271749449296, 'max_depth': 20, 'min_child_weight': 259, 'eval_metric': 'rmse'}. Best is trial 581 with value: 7.8118814731889445.
start listen on 192.168.1.101:41133
@tracker All of 4 nodes getting started
@tracker All nodes finishes job
Trial 772 finished with value: 7.815511698160226 and parameters: {'objective': 'reg:squarederror', 'tree_method': 'gpu_hist', 'lambda': 0.023368893058173544, 'alpha': 0.003136683383296721, 'colsample_bytree': 0.6675845035467558, 'subsample': 0.947733078939493, 'learning_rate': 0.01382171660241311, 'max_depth': 15, 'min_child_weight': 272, 'eval_metric': 'rmse'}. Best is trial 581 with value: 7.8118814731889445.
start listen on 192.168.1.101:51389
@tracker All of 4 nodes getting started
@tracker All nodes finishes job
Trial 773 finished with value: 7.815945981371506 and parameters: {'objective': 'reg:squarederror', 'tree_method': 'gpu_hist', 'lambda': 0.09222231103587204, 'alpha': 0.011648109219236813, 'colsample_bytree': 0.6097098618791036, 'subsample': 0.6443932905554662, 'learning_rate': 0.016017465364093743, 'max_depth': 11, 'min_child_weight': 250, 'eval_metric': 'rmse'}. Best is trial 581 with value: 7.8118814731889445.
start listen on 192.168.1.101:33433
@tracker All of 4 nodes getting started
@tracker All nodes finishes job
Trial 774 finished with value: 7.823945949739322 and parameters: {'objective': 'reg:squarederror', 'tree_method': 'gpu_hist', 'lambda': 0.018108672129178077, 'alpha': 0.008854633664047443, 'colsample_bytree': 0.6546092000583988, 'subsample': 0.8628968320616635, 'learning_rate': 0.011956240233900845, 'max_depth': 7, 'min_child_weight': 242, 'eval_metric': 'rmse'}. Best is trial 581 with value: 7.8118814731889445.
start listen on 192.168.1.101:45313
@tracker All of 4 nodes getting started
@tracker All nodes finishes job
Trial 775 finished with value: 7.8138979197507545 and parameters: {'objective': 'reg:squarederror', 'tree_method': 'gpu_hist', 'lambda': 0.009026812471485037, 'alpha': 0.015857232722790545, 'colsample_bytree': 0.6268690183234861, 'subsample': 0.8784301475983923, 'learning_rate': 0.0142385306646625, 'max_depth': 11, 'min_child_weight': 255, 'eval_metric': 'rmse'}. Best is trial 581 with value: 7.8118814731889445.
start listen on 192.168.1.101:35159
@tracker All of 4 nodes getting started
@tracker All nodes finishes job
Trial 776 finished with value: 7.82328381557538 and parameters: {'objective': 'reg:squarederror', 'tree_method': 'gpu_hist', 'lambda': 0.008210259683058555, 'alpha': 0.018833849023416078, 'colsample_bytree': 0.6365389028625793, 'subsample': 0.8512798398743421, 'learning_rate': 0.018326694860806153, 'max_depth': 15, 'min_child_weight': 263, 'eval_metric': 'rmse'}. Best is trial 581 with value: 7.8118814731889445.
start listen on 192.168.1.101:39591
@tracker All of 4 nodes getting started
@tracker All nodes finishes job
Trial 777 finished with value: 7.815391681791461 and parameters: {'objective': 'reg:squarederror', 'tree_method': 'gpu_hist', 'lambda': 0.0064331379550974154, 'alpha': 0.015802723361080386, 'colsample_bytree': 0.6258213693402501, 'subsample': 0.8730218790917329, 'learning_rate': 0.015457283824174247, 'max_depth': 11, 'min_child_weight': 258, 'eval_metric': 'rmse'}. Best is trial 581 with value: 7.8118814731889445.
start listen on 192.168.1.101:34011
@tracker All of 4 nodes getting started
@tracker All nodes finishes job
Trial 778 finished with value: 7.815319451821476 and parameters: {'objective': 'reg:squarederror', 'tree_method': 'gpu_hist', 'lambda': 0.008874427496968103, 'alpha': 2.554172482336246, 'colsample_bytree': 0.6381441081388857, 'subsample': 0.8824603840092964, 'learning_rate': 0.013997870770537792, 'max_depth': 11, 'min_child_weight': 255, 'eval_metric': 'rmse'}. Best is trial 581 with value: 7.8118814731889445.
start listen on 192.168.1.101:53875
@tracker All of 4 nodes getting started
@tracker All nodes finishes job
Trial 779 finished with value: 7.821187777642444 and parameters: {'objective': 'reg:squarederror', 'tree_method': 'gpu_hist', 'lambda': 0.010096976840086324, 'alpha': 0.021005973535926994, 'colsample_bytree': 0.6244570869866961, 'subsample': 0.9300686942037258, 'learning_rate': 0.01697102233156275, 'max_depth': 15, 'min_child_weight': 268, 'eval_metric': 'rmse'}. Best is trial 581 with value: 7.8118814731889445.
start listen on 192.168.1.101:48585
@tracker All of 4 nodes getting started
@tracker All nodes finishes job
Trial 780 finished with value: 7.817427036474688 and parameters: {'objective': 'reg:squarederror', 'tree_method': 'gpu_hist', 'lambda': 0.011578314677894951, 'alpha': 0.015534213572685864, 'colsample_bytree': 0.6558030686087248, 'subsample': 0.8964798385257169, 'learning_rate': 0.015655528072513386, 'max_depth': 11, 'min_child_weight': 261, 'eval_metric': 'rmse'}. Best is trial 581 with value: 7.8118814731889445.
start listen on 192.168.1.101:54599
@tracker All of 4 nodes getting started
@tracker All nodes finishes job
Trial 781 finished with value: 7.816251103795193 and parameters: {'objective': 'reg:squarederror', 'tree_method': 'gpu_hist', 'lambda': 0.0069422087004574395, 'alpha': 0.026221917562689562, 'colsample_bytree': 0.6394723344107017, 'subsample': 0.8170219809153446, 'learning_rate': 0.014469457658333214, 'max_depth': 15, 'min_child_weight': 253, 'eval_metric': 'rmse'}. Best is trial 581 with value: 7.8118814731889445.
start listen on 192.168.1.101:58189
@tracker All of 4 nodes getting started
@tracker All nodes finishes job
Trial 782 finished with value: 7.840233397296365 and parameters: {'objective': 'reg:squarederror', 'tree_method': 'gpu_hist', 'lambda': 0.008936309277500625, 'alpha': 0.013256778337693493, 'colsample_bytree': 0.6192715980052027, 'subsample': 0.967683009270387, 'learning_rate': 0.020083625547604626, 'max_depth': 3, 'min_child_weight': 267, 'eval_metric': 'rmse'}. Best is trial 581 with value: 7.8118814731889445.
start listen on 192.168.1.101:52149
@tracker All of 4 nodes getting started
@tracker All nodes finishes job
Trial 783 finished with value: 7.814195706126044 and parameters: {'objective': 'reg:squarederror', 'tree_method': 'gpu_hist', 'lambda': 0.004920373838806699, 'alpha': 0.016826556849181645, 'colsample_bytree': 0.6479957439890612, 'subsample': 0.9125539241212095, 'learning_rate': 0.012676681711519833, 'max_depth': 11, 'min_child_weight': 258, 'eval_metric': 'rmse'}. Best is trial 581 with value: 7.8118814731889445.
start listen on 192.168.1.101:33049
@tracker All of 4 nodes getting started
@tracker All nodes finishes job
Trial 784 finished with value: 7.817222366509013 and parameters: {'objective': 'reg:squarederror', 'tree_method': 'gpu_hist', 'lambda': 0.012867761181440934, 'alpha': 0.020365175807981143, 'colsample_bytree': 0.6607435111255447, 'subsample': 0.9392281832672061, 'learning_rate': 0.011100465107043668, 'max_depth': 11, 'min_child_weight': 273, 'eval_metric': 'rmse'}. Best is trial 581 with value: 7.8118814731889445.
start listen on 192.168.1.101:33371
@tracker All of 4 nodes getting started
@tracker All nodes finishes job
Trial 785 finished with value: 7.824436583755828 and parameters: {'objective': 'reg:squarederror', 'tree_method': 'gpu_hist', 'lambda': 0.0074777083517785425, 'alpha': 0.013609967929240572, 'colsample_bytree': 0.6816595580088088, 'subsample': 0.8612074991160763, 'learning_rate': 0.01726485642048429, 'max_depth': 15, 'min_child_weight': 251, 'eval_metric': 'rmse'}. Best is trial 581 with value: 7.8118814731889445.
start listen on 192.168.1.101:50357
@tracker All of 4 nodes getting started
@tracker All nodes finishes job
Trial 786 finished with value: 7.816512573489484 and parameters: {'objective': 'reg:squarederror', 'tree_method': 'gpu_hist', 'lambda': 0.04138047952457162, 'alpha': 0.017516583527263617, 'colsample_bytree': 0.6304080154242023, 'subsample': 0.8753725265951608, 'learning_rate': 0.01353809102437978, 'max_depth': 11, 'min_child_weight': 261, 'eval_metric': 'rmse'}. Best is trial 581 with value: 7.8118814731889445.
start listen on 192.168.1.101:54791
@tracker All of 4 nodes getting started
@tracker All nodes finishes job
Trial 787 finished with value: 7.817242246424163 and parameters: {'objective': 'reg:squarederror', 'tree_method': 'gpu_hist', 'lambda': 0.010179189220726059, 'alpha': 0.011527022605310385, 'colsample_bytree': 0.6130478372366631, 'subsample': 0.8914741871304439, 'learning_rate': 0.015183272086369328, 'max_depth': 15, 'min_child_weight': 250, 'eval_metric': 'rmse'}. Best is trial 581 with value: 7.8118814731889445.
start listen on 192.168.1.101:49589
@tracker All of 4 nodes getting started
@tracker All nodes finishes job
Trial 788 finished with value: 7.8404037881231305 and parameters: {'objective': 'reg:squarederror', 'tree_method': 'gpu_hist', 'lambda': 0.015646520996048022, 'alpha': 0.014445504734714088, 'colsample_bytree': 0.645438459648249, 'subsample': 0.9214477315906334, 'learning_rate': 0.009809457974698507, 'max_depth': 5, 'min_child_weight': 286, 'eval_metric': 'rmse'}. Best is trial 581 with value: 7.8118814731889445.
start listen on 192.168.1.101:44901
@tracker All of 4 nodes getting started
@tracker All nodes finishes job
Trial 789 finished with value: 7.815390639264386 and parameters: {'objective': 'reg:squarederror', 'tree_method': 'gpu_hist', 'lambda': 0.01182635358617092, 'alpha': 0.025356189463434865, 'colsample_bytree': 0.6277776665280966, 'subsample': 0.8444866308580546, 'learning_rate': 0.018238963398163933, 'max_depth': 11, 'min_child_weight': 278, 'eval_metric': 'rmse'}. Best is trial 581 with value: 7.8118814731889445.
start listen on 192.168.1.101:39235
@tracker All of 4 nodes getting started
@tracker All nodes finishes job
Trial 790 finished with value: 7.815996275511732 and parameters: {'objective': 'reg:squarederror', 'tree_method': 'gpu_hist', 'lambda': 0.005938181316017962, 'alpha': 0.03171294093830642, 'colsample_bytree': 0.6712997313143643, 'subsample': 0.9078062549112652, 'learning_rate': 0.012086733695334041, 'max_depth': 13, 'min_child_weight': 170, 'eval_metric': 'rmse'}. Best is trial 581 with value: 7.8118814731889445.
start listen on 192.168.1.101:33033
@tracker All of 4 nodes getting started
@tracker All nodes finishes job
Trial 791 finished with value: 7.824082012157106 and parameters: {'objective': 'reg:squarederror', 'tree_method': 'gpu_hist', 'lambda': 0.06805247594253475, 'alpha': 0.01802692737837814, 'colsample_bytree': 0.6135200277885926, 'subsample': 0.930539630237809, 'learning_rate': 0.024112083962165333, 'max_depth': 11, 'min_child_weight': 264, 'eval_metric': 'rmse'}. Best is trial 581 with value: 7.8118814731889445.
start listen on 192.168.1.101:56147
@tracker All of 4 nodes getting started
@tracker All nodes finishes job
Trial 792 finished with value: 7.815614098336026 and parameters: {'objective': 'reg:squarederror', 'tree_method': 'gpu_hist', 'lambda': 0.009307913995023499, 'alpha': 0.7917396982036514, 'colsample_bytree': 0.6408706829651036, 'subsample': 0.8327570987684535, 'learning_rate': 0.014320973876320512, 'max_depth': 15, 'min_child_weight': 254, 'eval_metric': 'rmse'}. Best is trial 581 with value: 7.8118814731889445.
start listen on 192.168.1.101:39311
@tracker All of 4 nodes getting started
@tracker All nodes finishes job
Trial 793 finished with value: 7.819324676541363 and parameters: {'objective': 'reg:squarederror', 'tree_method': 'gpu_hist', 'lambda': 0.015116871923178541, 'alpha': 6.153365134436553, 'colsample_bytree': 0.659182167955853, 'subsample': 0.8986495440166837, 'learning_rate': 0.016585564290328602, 'max_depth': 11, 'min_child_weight': 248, 'eval_metric': 'rmse'}. Best is trial 581 with value: 7.8118814731889445.
start listen on 192.168.1.101:42427
@tracker All of 4 nodes getting started
@tracker All nodes finishes job
Trial 794 finished with value: 7.811990980806116 and parameters: {'objective': 'reg:squarederror', 'tree_method': 'gpu_hist', 'lambda': 0.008429855659919966, 'alpha': 0.13863978054299578, 'colsample_bytree': 0.6279237148791904, 'subsample': 0.8023563074882325, 'learning_rate': 0.010908115817280942, 'max_depth': 15, 'min_child_weight': 270, 'eval_metric': 'rmse'}. Best is trial 581 with value: 7.8118814731889445.
start listen on 192.168.1.101:43279
@tracker All of 4 nodes getting started
@tracker All nodes finishes job
Trial 795 finished with value: 7.815186452502012 and parameters: {'objective': 'reg:squarederror', 'tree_method': 'gpu_hist', 'lambda': 0.005326019275766971, 'alpha': 0.1588003641783318, 'colsample_bytree': 0.6477493803755372, 'subsample': 0.8154247911733277, 'learning_rate': 0.010298502053667438, 'max_depth': 15, 'min_child_weight': 278, 'eval_metric': 'rmse'}. Best is trial 581 with value: 7.8118814731889445.
start listen on 192.168.1.101:37623
@tracker All of 4 nodes getting started
@tracker All nodes finishes job
Trial 796 finished with value: 7.816374634839743 and parameters: {'objective': 'reg:squarederror', 'tree_method': 'gpu_hist', 'lambda': 0.0069742096203470015, 'alpha': 0.2132056508440365, 'colsample_bytree': 0.6036737571635974, 'subsample': 0.7661442670021481, 'learning_rate': 0.010663515241811639, 'max_depth': 15, 'min_child_weight': 270, 'eval_metric': 'rmse'}. Best is trial 581 with value: 7.8118814731889445.
start listen on 192.168.1.101:52765
@tracker All of 4 nodes getting started
@tracker All nodes finishes job
