number,value,params_alpha,params_colsample_bytree,params_eval_metric,params_lambda,params_learning_rate,params_max_depth,params_min_child_weight,params_objective,params_subsample,params_tree_method,state
256,7.814893060041971,0.008200109841038448,0.6504874733964698,rmse,0.0027827182817302194,0.014966539195761512,11,258,reg:squarederror,0.914618641222797,gpu_hist,COMPLETE
257,7.817876359649883,0.5404293680609156,0.6591735902704042,rmse,0.004900540283704046,0.016460417141547997,11,260,reg:squarederror,0.9399299348879148,gpu_hist,COMPLETE
258,7.81474882735474,7.081468915620467,0.6851744876312248,rmse,0.002409775065853153,0.014858884135840683,11,270,reg:squarederror,0.6288604797867106,gpu_hist,COMPLETE
259,7.815961424036061,0.19627568170895915,0.6701576424739287,rmse,0.004268951086347054,0.018675845191633025,11,255,reg:squarederror,0.928927969894077,gpu_hist,COMPLETE
260,7.818642965843859,0.073240622669427,0.6375065099611464,rmse,0.0011962953756552586,0.011926641950770547,9,266,reg:squarederror,0.9061904947576063,gpu_hist,COMPLETE
261,7.819222291439963,0.012215643761489975,0.6607292134621379,rmse,0.050269371768945796,0.01668176535751985,11,190,reg:squarederror,0.9515000673224312,gpu_hist,COMPLETE
262,7.815211921463938,0.005831064642132075,0.6293039409256511,rmse,0.07415087401212166,0.013923145068154634,11,251,reg:squarederror,0.9163619618248858,gpu_hist,COMPLETE
263,7.827543473229655,0.007186486716214583,0.6811661742428365,rmse,0.0031782751757694384,0.01585156643738326,5,260,reg:squarederror,0.9289338961965028,gpu_hist,COMPLETE
264,7.81798872941211,0.009814287606445512,0.6363079859881823,rmse,0.006634514070357626,0.017663979053182073,11,250,reg:squarederror,0.9031136491711343,gpu_hist,COMPLETE
265,7.8263113029171105,0.005325715358554544,0.6139060215078418,rmse,0.009540765109897395,0.021632489957888794,11,111,reg:squarederror,0.920534263368341,gpu_hist,COMPLETE
266,7.8145456081183235,0.004872443750530022,0.6512444317490408,rmse,0.001375399536918402,0.014766986955523333,11,263,reg:squarederror,0.93711679041064,gpu_hist,COMPLETE
267,7.816568203103291,0.006349801604520259,0.6592319745477593,rmse,0.0014301242581686029,0.012624755861637136,11,246,reg:squarederror,0.9364385865341507,gpu_hist,COMPLETE
268,7.814725012668826,1.8331220381175186,0.6256601426323917,rmse,0.0011259795564579128,0.011011538578016176,13,270,reg:squarederror,0.9581044649822333,gpu_hist,COMPLETE
269,7.822446266423758,0.007970164891629177,0.5922128085431655,rmse,0.0020356202069217815,0.019386109442204418,11,256,reg:squarederror,0.6890107676065345,gpu_hist,COMPLETE
270,7.816433460620122,0.0048952702019247766,0.6075093511726548,rmse,0.0016156712993141073,0.01371597676881987,11,263,reg:squarederror,0.9455029391237211,gpu_hist,COMPLETE
271,7.821756040094814,0.001030691555280053,0.6704046682632808,rmse,0.001227844189998643,0.016826611948991294,15,237,reg:squarederror,0.9452178296791152,gpu_hist,COMPLETE
272,7.816379850007195,0.023346210341490838,0.6963074548688881,rmse,0.0014644891872485312,0.01495071146883679,11,252,reg:squarederror,0.9271301683080851,gpu_hist,COMPLETE
273,7.812453417054991,0.005950027354584887,0.6188343393826082,rmse,0.0010968796412862724,0.01595125150345023,11,246,reg:squarederror,0.9180361530272114,gpu_hist,COMPLETE
274,7.826287102909808,0.3199408584709853,0.8874616511151088,rmse,0.001002527427969062,0.01853714680688309,17,235,reg:squarederror,0.9345007221767738,gpu_hist,COMPLETE
275,7.8185735258056495,0.005859845141753624,0.6455319251013879,rmse,0.0012262890668297665,0.013583232339835875,11,243,reg:squarederror,0.7462207471401126,gpu_hist,COMPLETE
276,7.814697588384072,0.007721572204019727,0.624711362892764,rmse,0.0014052388913428,0.01634259529793239,11,228,reg:squarederror,0.9122273150109693,gpu_hist,COMPLETE
277,7.815666825572813,0.04482101405785119,0.6365827833686815,rmse,0.0017622468803065276,0.021356452861436937,9,246,reg:squarederror,0.8871696799508837,gpu_hist,COMPLETE
278,7.816580102471305,0.12046413275178144,0.6117015948780801,rmse,0.001185480554095685,0.014849941310510496,11,238,reg:squarederror,0.9207073743199842,gpu_hist,COMPLETE
279,7.81792371139664,0.006413753486819679,0.6483701367372526,rmse,1.0411087642316443,0.012709350303148832,11,167,reg:squarederror,0.8991949262770664,gpu_hist,COMPLETE
280,7.818905908954135,0.009746484134461319,0.6201817997011563,rmse,0.0010405286044643722,0.01724219547112315,11,249,reg:squarederror,0.9452533251239527,gpu_hist,COMPLETE
281,7.816441082686974,0.005077180818176397,0.5979820395204435,rmse,0.0013684213589032852,0.011738836669668493,11,272,reg:squarederror,0.9295336174649396,gpu_hist,COMPLETE
282,7.822627605710925,0.001215329797205547,0.6575302700294414,rmse,0.021767519248940506,0.014292728354686384,20,230,reg:squarederror,0.9114660934612303,gpu_hist,COMPLETE
283,7.818385069118213,0.006570152380713791,0.5875228778554566,rmse,1.2762830495594433,0.019129202320718904,7,241,reg:squarederror,0.9702118379430965,gpu_hist,COMPLETE
284,7.8189157683392505,0.0036246413165487565,0.67727033598537,rmse,0.015457067363010307,0.016316031457273405,11,217,reg:squarederror,0.9564787330387909,gpu_hist,COMPLETE
285,7.82564972698648,0.008401930687811022,0.6331756756620258,rmse,0.0016755738503451366,0.015354716139358822,11,69,reg:squarederror,0.46912682430278646,gpu_hist,COMPLETE
286,7.817362329030533,0.0010047925168427535,0.6073181760335616,rmse,0.0021884437510186526,0.017534263174666612,11,263,reg:squarederror,0.8837256849099299,gpu_hist,COMPLETE
287,7.81682470791014,0.004948889521882243,0.5601986752228163,rmse,0.0011733833421471032,0.013806509476780193,11,256,reg:squarederror,0.8991725405970377,gpu_hist,COMPLETE
288,7.819839555957638,0.005912036861845756,0.5857016650364322,rmse,0.742192252198393,0.020449034398340598,11,248,reg:squarederror,0.9203962886987385,gpu_hist,COMPLETE
289,7.816428520429382,0.004221545391892064,0.6204684389961627,rmse,0.0048188050853545305,0.01254785907168165,11,203,reg:squarederror,0.9342299334324443,gpu_hist,COMPLETE
290,7.8169829874814685,0.001261057908502422,0.6047127436692679,rmse,0.0013868664454324531,0.015316483655459456,11,226,reg:squarederror,0.9085645186781242,gpu_hist,COMPLETE
291,7.813973646545803,0.007442979009381424,0.5768137384409623,rmse,0.0010093932792012653,0.017215619734173338,11,240,reg:squarederror,0.9229196300423194,gpu_hist,COMPLETE
292,7.820309771449442,0.009280604233090956,0.6640502158098838,rmse,0.0011676188787269886,0.01805496060946512,9,233,reg:squarederror,0.9376674947877964,gpu_hist,COMPLETE
293,7.857308312787049,0.015340814416776552,0.6389370542346905,rmse,0.0016732365847384324,0.01082517446665673,3,238,reg:squarederror,0.8903832416505629,gpu_hist,COMPLETE
294,7.8169357903746235,0.011399256297629985,0.5705948068559622,rmse,0.0010200071435324826,0.013945065485618432,11,243,reg:squarederror,0.8776361684937117,gpu_hist,COMPLETE
295,7.9613108944520175,0.007894522315597584,0.6245001589189615,rmse,0.00134132838043652,0.0015964831834122488,11,233,reg:squarederror,0.9071371929206827,gpu_hist,COMPLETE
296,7.819777653516558,0.00711759014230765,0.6506402731526427,rmse,0.001032062392904647,0.01935382259838378,11,221,reg:squarederror,0.9269082493665983,gpu_hist,COMPLETE
297,7.827383024937888,0.005585229321216945,0.59514759681402,rmse,0.0015499350099830065,0.01590182802510474,5,239,reg:squarederror,0.7197018608347683,gpu_hist,COMPLETE
298,7.819193854239328,0.006773981521641703,0.6935052052404902,rmse,0.24433779405609973,0.017889700970089094,11,246,reg:squarederror,0.9458625115350815,gpu_hist,COMPLETE
299,7.815649474491319,0.00451483934368497,0.5557178770510904,rmse,0.00197926948180407,0.014634669135461898,11,266,reg:squarederror,0.8974408174069638,gpu_hist,COMPLETE
300,7.816520263407166,0.003553572007718063,0.6119198353400174,rmse,0.0013656608645692056,0.013019772032863182,11,274,reg:squarederror,0.9195629583447045,gpu_hist,COMPLETE
301,7.817229382140665,0.0055048624051316705,0.6324900254071868,rmse,0.03211579057586428,0.016434722746467744,13,226,reg:squarederror,0.9109243240297029,gpu_hist,COMPLETE
302,7.822008147354317,0.006417305471739709,0.5837837324672019,rmse,0.6219193191024011,0.022810072445921425,11,259,reg:squarederror,0.8639459893673596,gpu_hist,COMPLETE
303,7.81743039547696,0.0012448975228021798,0.6774757463157448,rmse,0.0011348806095565272,0.011687787391126163,11,249,reg:squarederror,0.9563882856831617,gpu_hist,COMPLETE
304,7.91564659779376,0.008966993536282553,0.6035605367399167,rmse,0.001001865526145585,0.053067826669454435,15,237,reg:squarederror,0.9271634643550914,gpu_hist,COMPLETE
305,7.85923935580078,0.003184943329644837,0.5687597307263769,rmse,0.002564610322931019,0.002707419564010323,11,5,reg:squarederror,0.9389563476499438,gpu_hist,COMPLETE
306,7.820261118558395,0.004314831236855271,0.6533662969198274,rmse,0.4675151065490497,0.015277831560181174,17,243,reg:squarederror,0.8925110412916818,gpu_hist,COMPLETE
307,7.819643785900143,0.00511937017051161,0.619931056962211,rmse,0.0036686501469772557,0.020282752793916878,11,232,reg:squarederror,0.9047420578280807,gpu_hist,COMPLETE
308,7.815897235992236,0.0015235501840282827,0.7102602328852614,rmse,0.0131695440604185,0.017563856733381324,11,255,reg:squarederror,0.8748411383396969,gpu_hist,COMPLETE
309,7.818188163158414,0.007598961115409124,0.5948772653770994,rmse,0.0013041236722561758,0.013577197018322013,11,179,reg:squarederror,0.917348780725104,gpu_hist,COMPLETE
310,7.815618973380835,0.006087012514018294,0.6642360588947892,rmse,0.212638583340735,0.014842435646601695,9,248,reg:squarederror,0.9367700858921909,gpu_hist,COMPLETE
311,7.8178811127804275,0.0039928632080408095,0.5786354312979836,rmse,0.04043536371683705,0.0167760451317158,11,267,reg:squarederror,0.9278823236941015,gpu_hist,COMPLETE
312,7.817918713949838,0.004783104343565686,0.6325410714157085,rmse,0.0018366224439190016,0.012520232307850406,11,240,reg:squarederror,0.9034416551899879,gpu_hist,COMPLETE
313,7.818393590609177,0.0012012186770004847,0.5459223642265122,rmse,1.9884379626798354,0.01820136090680174,7,253,reg:squarederror,0.9157658267909374,gpu_hist,COMPLETE
314,7.822760277751566,0.009893078062370877,0.6127017056654976,rmse,0.006879427103598653,0.015713643302217365,20,261,reg:squarederror,0.8871156983813181,gpu_hist,COMPLETE
315,7.815797027718926,0.007462473191497484,0.8309094982825,rmse,0.0015141424784975565,0.014276502768700036,11,217,reg:squarederror,0.9470149101981211,gpu_hist,COMPLETE
316,7.819128622112188,0.0010088961273773036,0.6433489137652896,rmse,0.266528151205722,0.0164952405838889,11,234,reg:squarederror,0.921580774022015,gpu_hist,COMPLETE
317,7.815938598861781,0.003195749390698985,0.5947368962607736,rmse,0.8714883914429336,0.019367207775390662,11,155,reg:squarederror,0.8931058602476509,gpu_hist,COMPLETE
318,7.815868352951111,0.0016244377977276713,0.6223104845388054,rmse,0.0012296069805692415,0.01357960938975286,11,246,reg:squarederror,0.9084351035959111,gpu_hist,COMPLETE
319,7.816942361042852,0.00532231772944606,0.5627153553753205,rmse,0.09508478929015761,0.014946349372096823,11,276,reg:squarederror,0.965451272727496,gpu_hist,COMPLETE
320,7.816839898105193,0.006238741075179014,0.6881687634975429,rmse,0.17437388258726413,0.012107990398757961,11,228,reg:squarederror,0.9362590245461767,gpu_hist,COMPLETE
321,7.844136346603307,0.0039024783198451647,0.6047130174760943,rmse,0.4044950038390585,0.01723447660904252,3,253,reg:squarederror,0.9253573751391023,gpu_hist,COMPLETE
322,7.817396690219879,0.00222379380218073,0.5833263535514176,rmse,0.001000424110971919,0.021081416705028003,11,260,reg:squarederror,0.8970672786289778,gpu_hist,COMPLETE
323,7.816885962300931,0.001465021763191131,0.6441361615162786,rmse,0.010708510722794997,0.015580358784677688,11,243,reg:squarederror,0.8788143237156304,gpu_hist,COMPLETE
324,7.816192968831066,0.007188792381418823,0.6736384372804569,rmse,0.0039135850495467025,0.013416066517150226,11,268,reg:squarederror,0.9126382292245678,gpu_hist,COMPLETE
325,7.816870554017937,0.011850769264874269,0.6274426225770189,rmse,0.0016522428318672768,0.009997748177841917,11,235,reg:squarederror,0.9516415157034169,gpu_hist,COMPLETE
326,7.8169720458462475,0.004839648020209634,0.5729507275235339,rmse,0.31275555209250777,0.018648859102380982,9,250,reg:squarederror,0.9304700258648168,gpu_hist,COMPLETE
327,7.8299189947129,0.002965606265460078,0.6102714020489923,rmse,0.0013025013373552051,0.01456461879935752,5,241,reg:squarederror,0.9097126833808299,gpu_hist,COMPLETE
328,7.815843810238444,0.00890673526602842,0.6582021229948527,rmse,0.0074804498927522525,0.01671507608588899,11,257,reg:squarederror,0.9002963069137433,gpu_hist,COMPLETE
329,7.816090980433796,0.005562077893739021,0.5953275926981747,rmse,0.004348159656349013,0.011326059660708552,11,245,reg:squarederror,0.9422197609561271,gpu_hist,COMPLETE
330,7.815441581995802,0.001866508594101503,0.5580222056166585,rmse,0.0012027535255275102,0.01322225064809307,11,229,reg:squarederror,0.9142523398365019,gpu_hist,COMPLETE
331,7.818493627640962,0.003700306944131438,0.6347035899093305,rmse,0.0022403286032618547,0.015926888836323448,11,210,reg:squarederror,0.855663559387878,gpu_hist,COMPLETE
332,7.818799799503308,0.007161075624566966,0.5865842761579066,rmse,0.52383851744959,0.018145569464956247,11,264,reg:squarederror,0.9258353513256357,gpu_hist,COMPLETE
333,7.819608396615386,0.0013467163757470157,0.6163598381229969,rmse,0.0029189348444351106,0.013972051732717776,11,252,reg:squarederror,0.8833494252947511,gpu_hist,COMPLETE
334,7.822134169371218,0.0011861201651311778,0.5384158705513119,rmse,3.3153789164073393,0.01949947381164662,13,224,reg:squarederror,0.7862657765595139,gpu_hist,COMPLETE
335,7.817135903739043,0.004235473767913537,0.6527154319984212,rmse,0.005334629940983719,0.015171781627709713,11,237,reg:squarederror,0.8965013531788284,gpu_hist,COMPLETE
336,7.81950640058659,0.00548584079228589,0.6011908794272528,rmse,0.008813339720893687,0.012322565761200726,15,247,reg:squarederror,0.99462153742513,gpu_hist,COMPLETE
337,7.818882645116989,0.0066808903278573846,0.5739284598980662,rmse,0.0015341129962670428,0.01706454898411667,11,259,reg:squarederror,0.8685204125298744,gpu_hist,COMPLETE
338,7.821864904128664,0.004592599707248515,0.6333633219937911,rmse,0.0018923521757343556,0.02219598234083944,11,240,reg:squarederror,0.9205130757627986,gpu_hist,COMPLETE
339,7.8145239899959735,0.0017511822914415694,0.35084726189105125,rmse,0.25641270601671573,0.015719242215348855,11,269,reg:squarederror,0.9371030471924071,gpu_hist,COMPLETE
340,7.8227521752712414,0.0019531241364604218,0.4406047012489871,rmse,0.18954724804668746,0.017788296390121652,17,271,reg:squarederror,0.9594968215667956,gpu_hist,COMPLETE
341,7.816850350893106,0.0023786552666752473,0.792185095507532,rmse,0.23188442112467056,0.01609497366110227,11,278,reg:squarederror,0.9452054155862882,gpu_hist,COMPLETE
342,7.816525922055745,0.0027012328751246724,0.6686982902692535,rmse,0.27500324909723817,0.014229676627022006,11,274,reg:squarederror,0.9329635603530837,gpu_hist,COMPLETE
343,7.846545428311485,0.001476452229792573,0.36120368008315706,rmse,0.0011453163423094542,0.0036737571266230386,11,269,reg:squarederror,0.9365002749981409,gpu_hist,COMPLETE
344,7.81728405375707,0.001797957729422984,0.42578583617727644,rmse,0.00142778862139897,0.01936465018326424,9,262,reg:squarederror,0.9803636857771002,gpu_hist,COMPLETE
345,7.827170995489336,0.0010238708202959565,0.33506729569700044,rmse,0.0048995111003166635,0.01641937512264095,20,197,reg:squarederror,0.947217988525215,gpu_hist,COMPLETE
346,7.818262607005164,0.001322646740625556,0.3950454806450791,rmse,0.006319375877698477,0.015265761017946458,11,221,reg:squarederror,0.8025711937044223,gpu_hist,COMPLETE
347,7.821888998848022,0.001682669517741351,0.942663190309786,rmse,0.003324003531287809,0.01336577193129883,7,231,reg:squarederror,0.9288724084128416,gpu_hist,COMPLETE
348,7.8179972568756835,0.0020814254481119326,0.371643561342759,rmse,0.0010080918087852718,0.018009853837939106,11,274,reg:squarederror,0.916593903399875,gpu_hist,COMPLETE
349,7.818078044168406,0.0011689475467228138,0.6448048647373695,rmse,0.13901855920624226,0.02031519612830852,11,265,reg:squarederror,0.9552879932880968,gpu_hist,COMPLETE
350,7.819145730388577,0.0031561200490435285,0.6991090292530743,rmse,0.0012698084484958263,0.016705293941176227,11,256,reg:squarederror,0.9077934144850698,gpu_hist,COMPLETE
351,7.815748232608908,0.02793508498545057,0.7224580779663281,rmse,0.002597864953698999,0.012765327803739335,11,235,reg:squarederror,0.9236399848948791,gpu_hist,COMPLETE
352,7.817074493768833,0.008511797631661766,0.6856062210091093,rmse,0.2121289073184585,0.011194849093509845,11,243,reg:squarederror,0.933894737427472,gpu_hist,COMPLETE
353,7.816689257563927,0.001467174238739163,0.41218164738804686,rmse,0.0015815608544182212,0.014600047272341992,11,253,reg:squarederror,0.6549352103900166,gpu_hist,COMPLETE
354,7.815290109207619,0.0025810634400183522,0.6631346584720059,rmse,0.001971407154105988,0.01592250637922045,11,265,reg:squarederror,0.9128658615273285,gpu_hist,COMPLETE
355,7.843537701426029,0.013546821913659015,0.5845072811490435,rmse,0.00606202948344166,0.01774768186825664,3,134,reg:squarederror,0.96925610904809,gpu_hist,COMPLETE
356,7.818950132401841,0.003578107685245415,0.6227937727761023,rmse,0.003941758509236092,0.013681478182057743,11,226,reg:squarederror,0.9415645639882044,gpu_hist,COMPLETE
357,7.816883900243573,0.001000543161765185,0.32640728042986183,rmse,0.06543078599654864,0.014701160433516637,11,237,reg:squarederror,0.9229076783954342,gpu_hist,COMPLETE
358,7.819184217619244,0.006208149849353081,0.7438326508774872,rmse,0.0011833709644518428,0.021347267931663177,11,247,reg:squarederror,0.9056122784915109,gpu_hist,COMPLETE
359,7.8159346242729875,0.009721932224500462,0.5546034232076852,rmse,0.40655055210688523,0.01200280769471442,11,258,reg:squarederror,0.9368899599921208,gpu_hist,COMPLETE
360,7.818410993158558,0.008030788196703666,0.3172899793585364,rmse,1.3548127432381,0.015863713783875577,9,269,reg:squarederror,0.5827195433662317,gpu_hist,COMPLETE
361,7.818667403633581,0.00131953743685331,0.5962244526872557,rmse,0.2669177490702188,0.018416147306363772,11,280,reg:squarederror,0.9187932285923017,gpu_hist,COMPLETE
362,7.81736349000146,0.0016566076801944308,0.6432669950680527,rmse,0.001412155728794319,0.017360827143442212,11,241,reg:squarederror,0.9013338008637883,gpu_hist,COMPLETE
363,7.8159730205129945,0.0042950393080575695,0.5717376556167877,rmse,0.0048708091059747665,0.01299786778053604,11,251,reg:squarederror,0.9548511719778722,gpu_hist,COMPLETE
364,7.828259516930274,0.002198799463487923,0.4547747628746893,rmse,0.0010015433911570795,0.024136655890106388,11,231,reg:squarederror,0.8866665107957282,gpu_hist,COMPLETE
365,7.81536801830972,0.005913645093920824,0.6110159772134369,rmse,0.001795389316904098,0.014870947925432929,11,219,reg:squarederror,0.9270956993439119,gpu_hist,COMPLETE
366,7.819478492163143,0.004859350351524337,0.672757369029306,rmse,0.007911692168701752,0.01965868619161684,13,261,reg:squarederror,0.9108323128595303,gpu_hist,COMPLETE
367,7.829229576673258,0.0034399166718659204,0.30300304192738875,rmse,0.0012267330717854682,0.015970153999091293,5,245,reg:squarederror,0.9444993317721694,gpu_hist,COMPLETE
368,7.820434244836343,0.010913028611396447,0.6568350302877439,rmse,0.1627725495320078,0.010362714747899841,11,40,reg:squarederror,0.8974342991816774,gpu_hist,COMPLETE
369,7.814199986325899,0.0067628806177204405,0.6274533415739443,rmse,0.0023080535637785213,0.014060486768965255,15,253,reg:squarederror,0.9290988036425907,gpu_hist,COMPLETE
370,7.814368276719246,0.007359924936792818,0.6309790350144292,rmse,0.002085501003977049,0.012332391967733686,15,256,reg:squarederror,0.9175961849916809,gpu_hist,COMPLETE
371,7.8127025683491125,0.007260021466858002,0.6236210513617483,rmse,0.0026630839678100423,0.01219821256233576,15,255,reg:squarederror,0.9171079074874947,gpu_hist,COMPLETE
372,7.8140141796419185,0.007809247646471587,0.628502241849074,rmse,0.0025537512597318783,0.009808453186955158,15,255,reg:squarederror,0.9056707667781997,gpu_hist,COMPLETE
373,7.81510304168807,0.008363824759181517,0.6358124814916039,rmse,0.0025800475554500655,0.011538926086950034,15,252,reg:squarederror,0.9071383933433169,gpu_hist,COMPLETE
374,7.814423923855733,0.010348212275732085,0.6284047516813771,rmse,0.0028031056570782084,0.008662791285152321,15,256,reg:squarederror,0.9182485112617125,gpu_hist,COMPLETE
375,7.813983216122262,0.014430979722696328,0.6213388018462648,rmse,0.0030730629889200944,0.008508993158002612,15,256,reg:squarederror,0.913527172433172,gpu_hist,COMPLETE
376,7.8193401463068986,0.01589356942077462,0.6239973853589059,rmse,0.0027142591517126365,0.007405960593840029,15,255,reg:squarederror,0.8986311449999287,gpu_hist,COMPLETE
377,7.8183645636536125,0.012820319894947705,0.6182760348159152,rmse,0.0023448875945455555,0.008066736929835425,15,255,reg:squarederror,0.9142154655325995,gpu_hist,COMPLETE
378,7.816608133903694,0.009501819371508537,0.6331506624795721,rmse,0.003339237267473987,0.009329827670122835,15,248,reg:squarederror,0.8846590331490717,gpu_hist,COMPLETE
379,7.820299942656861,0.011549774961905374,0.6187255954045421,rmse,0.0031787454805396616,0.006993623468325841,15,257,reg:squarederror,0.9029680148922038,gpu_hist,COMPLETE
380,7.815909154180127,0.00994685872966738,0.6043746361351069,rmse,0.002211847570715572,0.00915344371790204,15,250,reg:squarederror,0.917884073253058,gpu_hist,COMPLETE
381,7.821643298891548,0.014079245547095567,0.6401163414294626,rmse,0.0031561924138568277,0.006255355381827378,15,243,reg:squarederror,0.8914409424235535,gpu_hist,COMPLETE
382,7.816394789320168,0.01121601986505374,0.5959211975386266,rmse,0.003875294042658942,0.009566450178620758,15,260,reg:squarederror,0.90564454327831,gpu_hist,COMPLETE
383,7.818355845755833,0.008375681095702726,0.6274365573668949,rmse,0.002155922652805273,0.008258284321709107,15,250,reg:squarederror,0.9236592156217692,gpu_hist,COMPLETE
